Using worker: worker-linux-docker-21e26f37.prod.travis-ci.org:travis-linux-4

travis_fold:start:system_info[0K[33;1mBuild system information[0m
Build language: java
Build group: stable
Build dist: precise
Build id: 169174884
Job id: 169174885
travis-build version: c29f71bde
[34m[1mBuild image provisioning date and time[0m
Thu Feb  5 15:09:33 UTC 2015
[34m[1mOperating System Details[0m
Distributor ID:	Ubuntu
Description:	Ubuntu 12.04.5 LTS
Release:	12.04
Codename:	precise
[34m[1mLinux Version[0m
3.13.0-29-generic
[34m[1mCookbooks Version[0m
a68419e https://github.com/travis-ci/travis-cookbooks/tree/a68419e
[34m[1mGCC version[0m
gcc (Ubuntu/Linaro 4.6.3-1ubuntu5) 4.6.3
Copyright (C) 2011 Free Software Foundation, Inc.
This is free software; see the source for copying conditions.  There is NO
warranty; not even for MERCHANTABILITY or FITNESS FOR A PARTICULAR PURPOSE.

[34m[1mLLVM version[0m
clang version 3.4 (tags/RELEASE_34/final)
Target: x86_64-unknown-linux-gnu
Thread model: posix
[34m[1mPre-installed Ruby versions[0m
ruby-1.9.3-p551
[34m[1mPre-installed Node.js versions[0m
v0.10.36
[34m[1mPre-installed Go versions[0m
1.4.1
[34m[1mRedis version[0m
redis-server 2.8.19
[34m[1mriak version[0m
2.0.2
[34m[1mMongoDB version[0m
MongoDB 2.4.12
[34m[1mCouchDB version[0m
couchdb 1.6.1
[34m[1mNeo4j version[0m
1.9.4
[34m[1mRabbitMQ Version[0m
3.4.3
[34m[1mElasticSearch version[0m
1.4.0
[34m[1mInstalled Sphinx versions[0m
2.0.10
2.1.9
2.2.6
[34m[1mDefault Sphinx version[0m
2.2.6
[34m[1mInstalled Firefox version[0m
firefox 31.0esr
[34m[1mPhantomJS version[0m
1.9.8
[34m[1mant -version[0m
Apache Ant(TM) version 1.8.2 compiled on December 3 2011
[34m[1mmvn -version[0m
Apache Maven 3.2.5 (12a6b3acb947671f09b81f49094c53f426d8cea1; 2014-12-14T17:29:23+00:00)
Maven home: /usr/local/maven
Java version: 1.7.0_76, vendor: Oracle Corporation
Java home: /usr/lib/jvm/java-7-oracle/jre
Default locale: en_US, platform encoding: ANSI_X3.4-1968
OS name: "linux", version: "3.13.0-29-generic", arch: "amd64", family: "unix"
travis_fold:end:system_info[0K
travis_fold:start:fix.CVE-2015-7547[0K$ export DEBIAN_FRONTEND=noninteractive
W: Size of file /var/lib/apt/lists/us.archive.ubuntu.com_ubuntu_dists_precise-backports_multiverse_source_Sources.gz is not what the server reported 5886 5888
W: Size of file /var/lib/apt/lists/ppa.launchpad.net_travis-ci_zero-mq_ubuntu_dists_precise_main_binary-amd64_Packages.gz is not what the server reported 832 1195
W: Size of file /var/lib/apt/lists/ppa.launchpad.net_ubuntugis_ppa_ubuntu_dists_precise_main_binary-amd64_Packages.gz is not what the server reported 33653 36677
W: Size of file /var/lib/apt/lists/ppa.launchpad.net_ubuntugis_ppa_ubuntu_dists_precise_main_binary-i386_Packages.gz is not what the server reported 33699 36733
Reading package lists...
Building dependency tree...
Reading state information...
The following extra packages will be installed:
  libc-bin libc-dev-bin libc6-dev
Suggested packages:
  glibc-doc
The following packages will be upgraded:
  libc-bin libc-dev-bin libc6 libc6-dev
4 upgraded, 0 newly installed, 0 to remove and 259 not upgraded.
Need to get 8,840 kB of archives.
After this operation, 14.3 kB disk space will be freed.
Get:1 http://us.archive.ubuntu.com/ubuntu/ precise-updates/main libc6-dev amd64 2.15-0ubuntu10.15 [2,943 kB]
Get:2 http://us.archive.ubuntu.com/ubuntu/ precise-updates/main libc-dev-bin amd64 2.15-0ubuntu10.15 [84.7 kB]
Get:3 http://us.archive.ubuntu.com/ubuntu/ precise-updates/main libc-bin amd64 2.15-0ubuntu10.15 [1,177 kB]
Get:4 http://us.archive.ubuntu.com/ubuntu/ precise-updates/main libc6 amd64 2.15-0ubuntu10.15 [4,636 kB]
Fetched 8,840 kB in 0s (36.5 MB/s)
Preconfiguring packages ...
(Reading database ... (Reading database ... 5%(Reading database ... 10%(Reading database ... 15%(Reading database ... 20%(Reading database ... 25%(Reading database ... 30%(Reading database ... 35%(Reading database ... 40%(Reading database ... 45%(Reading database ... 50%(Reading database ... 55%(Reading database ... 60%(Reading database ... 65%(Reading database ... 70%(Reading database ... 75%(Reading database ... 80%(Reading database ... 85%(Reading database ... 90%(Reading database ... 95%(Reading database ... 100%(Reading database ... 72019 files and directories currently installed.)
Preparing to replace libc6-dev 2.15-0ubuntu10.10 (using .../libc6-dev_2.15-0ubuntu10.15_amd64.deb) ...
Unpacking replacement libc6-dev ...
Preparing to replace libc-dev-bin 2.15-0ubuntu10.10 (using .../libc-dev-bin_2.15-0ubuntu10.15_amd64.deb) ...
Unpacking replacement libc-dev-bin ...
Preparing to replace libc-bin 2.15-0ubuntu10.10 (using .../libc-bin_2.15-0ubuntu10.15_amd64.deb) ...
Unpacking replacement libc-bin ...
Processing triggers for man-db ...
Setting up libc-bin (2.15-0ubuntu10.15) ...
(Reading database ... (Reading database ... 5%(Reading database ... 10%(Reading database ... 15%(Reading database ... 20%(Reading database ... 25%(Reading database ... 30%(Reading database ... 35%(Reading database ... 40%(Reading database ... 45%(Reading database ... 50%(Reading database ... 55%(Reading database ... 60%(Reading database ... 65%(Reading database ... 70%(Reading database ... 75%(Reading database ... 80%(Reading database ... 85%(Reading database ... 90%(Reading database ... 95%(Reading database ... 100%(Reading database ... 72018 files and directories currently installed.)
Preparing to replace libc6 2.15-0ubuntu10.10 (using .../libc6_2.15-0ubuntu10.15_amd64.deb) ...
Unpacking replacement libc6 ...
Setting up libc6 (2.15-0ubuntu10.15) ...
Setting up libc-dev-bin (2.15-0ubuntu10.15) ...
Setting up libc6-dev (2.15-0ubuntu10.15) ...
Processing triggers for libc-bin ...
ldconfig deferred processing now taking place
travis_fold:end:fix.CVE-2015-7547[0Ktravis_fold:start:git.checkout[0Ktravis_time:start:0f999c12[0K$ git clone --depth=50 --branch=master https://github.com/[secure]/teavm.git [secure]/teavm
Cloning into '[secure]/teavm'...
remote: Counting objects: 3505, done.[K
remote: Compressing objects:   0% (1/2131)   [Kremote: Compressing objects:   1% (22/2131)   [Kremote: Compressing objects:   2% (43/2131)   [Kremote: Compressing objects:   3% (64/2131)   [Kremote: Compressing objects:   4% (86/2131)   [Kremote: Compressing objects:   5% (107/2131)   [Kremote: Compressing objects:   6% (128/2131)   [Kremote: Compressing objects:   7% (150/2131)   [Kremote: Compressing objects:   8% (171/2131)   [Kremote: Compressing objects:   9% (192/2131)   [Kremote: Compressing objects:  10% (214/2131)   [Kremote: Compressing objects:  11% (235/2131)   [Kremote: Compressing objects:  12% (256/2131)   [Kremote: Compressing objects:  13% (278/2131)   [Kremote: Compressing objects:  14% (299/2131)   [Kremote: Compressing objects:  15% (320/2131)   [Kremote: Compressing objects:  16% (341/2131)   [Kremote: Compressing objects:  17% (363/2131)   [Kremote: Compressing objects:  18% (384/2131)   [Kremote: Compressing objects:  19% (405/2131)   [Kremote: Compressing objects:  20% (427/2131)   [Kremote: Compressing objects:  21% (448/2131)   [Kremote: Compressing objects:  22% (469/2131)   [Kremote: Compressing objects:  23% (491/2131)   [Kremote: Compressing objects:  24% (512/2131)   [Kremote: Compressing objects:  25% (533/2131)   [Kremote: Compressing objects:  26% (555/2131)   [Kremote: Compressing objects:  27% (576/2131)   [Kremote: Compressing objects:  28% (597/2131)   [Kremote: Compressing objects:  29% (618/2131)   [Kremote: Compressing objects:  30% (640/2131)   [Kremote: Compressing objects:  31% (661/2131)   [Kremote: Compressing objects:  32% (682/2131)   [Kremote: Compressing objects:  33% (704/2131)   [Kremote: Compressing objects:  34% (725/2131)   [Kremote: Compressing objects:  35% (746/2131)   [Kremote: Compressing objects:  36% (768/2131)   [Kremote: Compressing objects:  37% (789/2131)   [Kremote: Compressing objects:  38% (810/2131)   [Kremote: Compressing objects:  39% (832/2131)   [Kremote: Compressing objects:  40% (853/2131)   [Kremote: Compressing objects:  41% (874/2131)   [Kremote: Compressing objects:  42% (896/2131)   [Kremote: Compressing objects:  43% (917/2131)   [Kremote: Compressing objects:  44% (938/2131)   [Kremote: Compressing objects:  45% (959/2131)   [Kremote: Compressing objects:  46% (981/2131)   [Kremote: Compressing objects:  47% (1002/2131)   [Kremote: Compressing objects:  48% (1023/2131)   [Kremote: Compressing objects:  49% (1045/2131)   [Kremote: Compressing objects:  50% (1066/2131)   [Kremote: Compressing objects:  51% (1087/2131)   [Kremote: Compressing objects:  52% (1109/2131)   [Kremote: Compressing objects:  53% (1130/2131)   [Kremote: Compressing objects:  54% (1151/2131)   [Kremote: Compressing objects:  55% (1173/2131)   [Kremote: Compressing objects:  56% (1194/2131)   [Kremote: Compressing objects:  57% (1215/2131)   [Kremote: Compressing objects:  58% (1236/2131)   [Kremote: Compressing objects:  59% (1258/2131)   [Kremote: Compressing objects:  60% (1279/2131)   [Kremote: Compressing objects:  61% (1300/2131)   [Kremote: Compressing objects:  62% (1322/2131)   [Kremote: Compressing objects:  63% (1343/2131)   [Kremote: Compressing objects:  64% (1364/2131)   [Kremote: Compressing objects:  65% (1386/2131)   [Kremote: Compressing objects:  66% (1407/2131)   [Kremote: Compressing objects:  67% (1428/2131)   [Kremote: Compressing objects:  68% (1450/2131)   [Kremote: Compressing objects:  69% (1471/2131)   [Kremote: Compressing objects:  70% (1492/2131)   [Kremote: Compressing objects:  71% (1514/2131)   [Kremote: Compressing objects:  72% (1535/2131)   [Kremote: Compressing objects:  73% (1556/2131)   [Kremote: Compressing objects:  74% (1577/2131)   [Kremote: Compressing objects:  75% (1599/2131)   [Kremote: Compressing objects:  76% (1620/2131)   [Kremote: Compressing objects:  77% (1641/2131)   [Kremote: Compressing objects:  78% (1663/2131)   [Kremote: Compressing objects:  79% (1684/2131)   [Kremote: Compressing objects:  80% (1705/2131)   [Kremote: Compressing objects:  81% (1727/2131)   [Kremote: Compressing objects:  82% (1748/2131)   [Kremote: Compressing objects:  83% (1769/2131)   [Kremote: Compressing objects:  84% (1791/2131)   [Kremote: Compressing objects:  85% (1812/2131)   [Kremote: Compressing objects:  86% (1833/2131)   [Kremote: Compressing objects:  87% (1854/2131)   [Kremote: Compressing objects:  88% (1876/2131)   [Kremote: Compressing objects:  89% (1897/2131)   [Kremote: Compressing objects:  90% (1918/2131)   [Kremote: Compressing objects:  91% (1940/2131)   [Kremote: Compressing objects:  92% (1961/2131)   [Kremote: Compressing objects:  93% (1982/2131)   [Kremote: Compressing objects:  94% (2004/2131)   [Kremote: Compressing objects:  95% (2025/2131)   [Kremote: Compressing objects:  96% (2046/2131)   [Kremote: Compressing objects:  97% (2068/2131)   [Kremote: Compressing objects:  98% (2089/2131)   [Kremote: Compressing objects:  99% (2110/2131)   [Kremote: Compressing objects: 100% (2131/2131)   [Kremote: Compressing objects: 100% (2131/2131), done.[K
Receiving objects:   0% (1/3505)   Receiving objects:   1% (36/3505)   Receiving objects:   2% (71/3505)   Receiving objects:   3% (106/3505)   Receiving objects:   4% (141/3505)   Receiving objects:   5% (176/3505)   Receiving objects:   6% (211/3505)   Receiving objects:   7% (246/3505)   Receiving objects:   8% (281/3505)   Receiving objects:   9% (316/3505)   Receiving objects:  10% (351/3505)   Receiving objects:  11% (386/3505)   Receiving objects:  12% (421/3505)   Receiving objects:  13% (456/3505)   Receiving objects:  14% (491/3505)   Receiving objects:  15% (526/3505)   Receiving objects:  16% (561/3505)   Receiving objects:  17% (596/3505)   Receiving objects:  18% (631/3505)   Receiving objects:  19% (666/3505)   Receiving objects:  20% (701/3505)   Receiving objects:  21% (737/3505)   Receiving objects:  22% (772/3505)   Receiving objects:  23% (807/3505)   Receiving objects:  24% (842/3505)   Receiving objects:  25% (877/3505)   Receiving objects:  26% (912/3505)   Receiving objects:  27% (947/3505)   Receiving objects:  28% (982/3505)   Receiving objects:  29% (1017/3505)   Receiving objects:  30% (1052/3505)   Receiving objects:  31% (1087/3505)   Receiving objects:  32% (1122/3505)   Receiving objects:  33% (1157/3505)   Receiving objects:  34% (1192/3505)   Receiving objects:  35% (1227/3505)   Receiving objects:  36% (1262/3505)   Receiving objects:  37% (1297/3505)   Receiving objects:  38% (1332/3505)   Receiving objects:  39% (1367/3505)   Receiving objects:  40% (1402/3505)   Receiving objects:  41% (1438/3505)   Receiving objects:  42% (1473/3505)   Receiving objects:  43% (1508/3505)   Receiving objects:  44% (1543/3505)   Receiving objects:  45% (1578/3505)   Receiving objects:  46% (1613/3505)   Receiving objects:  47% (1648/3505)   Receiving objects:  48% (1683/3505)   Receiving objects:  49% (1718/3505)   Receiving objects:  50% (1753/3505)   Receiving objects:  51% (1788/3505)   Receiving objects:  52% (1823/3505)   Receiving objects:  53% (1858/3505)   Receiving objects:  54% (1893/3505)   Receiving objects:  55% (1928/3505)   Receiving objects:  56% (1963/3505)   Receiving objects:  57% (1998/3505)   Receiving objects:  58% (2033/3505)   Receiving objects:  59% (2068/3505)   Receiving objects:  60% (2103/3505)   Receiving objects:  61% (2139/3505)   Receiving objects:  62% (2174/3505)   Receiving objects:  63% (2209/3505)   Receiving objects:  64% (2244/3505)   Receiving objects:  65% (2279/3505)   Receiving objects:  66% (2314/3505)   Receiving objects:  67% (2349/3505)   Receiving objects:  68% (2384/3505)   Receiving objects:  69% (2419/3505)   Receiving objects:  70% (2454/3505)   Receiving objects:  71% (2489/3505)   Receiving objects:  72% (2524/3505)   Receiving objects:  73% (2559/3505)   Receiving objects:  74% (2594/3505)   Receiving objects:  75% (2629/3505)   Receiving objects:  76% (2664/3505)   Receiving objects:  77% (2699/3505)   Receiving objects:  78% (2734/3505)   Receiving objects:  79% (2769/3505)   Receiving objects:  80% (2804/3505)   Receiving objects:  81% (2840/3505)   Receiving objects:  82% (2875/3505)   Receiving objects:  83% (2910/3505)   Receiving objects:  84% (2945/3505)   remote: Total 3505 (delta 1709), reused 2087 (delta 901), pack-reused 0[K
Receiving objects:  85% (2980/3505)   Receiving objects:  86% (3015/3505)   Receiving objects:  87% (3050/3505)   Receiving objects:  88% (3085/3505)   Receiving objects:  89% (3120/3505)   Receiving objects:  90% (3155/3505)   Receiving objects:  91% (3190/3505)   Receiving objects:  92% (3225/3505)   Receiving objects:  93% (3260/3505)   Receiving objects:  94% (3295/3505)   Receiving objects:  95% (3330/3505)   Receiving objects:  96% (3365/3505)   Receiving objects:  97% (3400/3505)   Receiving objects:  98% (3435/3505)   Receiving objects:  99% (3470/3505)   Receiving objects: 100% (3505/3505)   Receiving objects: 100% (3505/3505), 4.87 MiB | 0 bytes/s, done.
Resolving deltas:   0% (0/1709)   Resolving deltas:   3% (52/1709)   Resolving deltas:   4% (69/1709)   Resolving deltas:   6% (114/1709)   Resolving deltas:   8% (149/1709)   Resolving deltas:  10% (179/1709)   Resolving deltas:  11% (188/1709)   Resolving deltas:  13% (229/1709)   Resolving deltas:  14% (243/1709)   Resolving deltas:  15% (261/1709)   Resolving deltas:  16% (284/1709)   Resolving deltas:  19% (341/1709)   Resolving deltas:  21% (359/1709)   Resolving deltas:  22% (376/1709)   Resolving deltas:  23% (398/1709)   Resolving deltas:  24% (412/1709)   Resolving deltas:  25% (429/1709)   Resolving deltas:  26% (452/1709)   Resolving deltas:  27% (463/1709)   Resolving deltas:  28% (486/1709)   Resolving deltas:  29% (502/1709)   Resolving deltas:  30% (519/1709)   Resolving deltas:  31% (537/1709)   Resolving deltas:  32% (555/1709)   Resolving deltas:  33% (564/1709)   Resolving deltas:  34% (582/1709)   Resolving deltas:  35% (602/1709)   Resolving deltas:  36% (627/1709)   Resolving deltas:  37% (633/1709)   Resolving deltas:  38% (651/1709)   Resolving deltas:  39% (671/1709)   Resolving deltas:  40% (689/1709)   Resolving deltas:  41% (714/1709)   Resolving deltas:  42% (724/1709)   Resolving deltas:  43% (735/1709)   Resolving deltas:  44% (752/1709)   Resolving deltas:  45% (780/1709)   Resolving deltas:  46% (790/1709)   Resolving deltas:  47% (807/1709)   Resolving deltas:  48% (832/1709)   Resolving deltas:  50% (858/1709)   Resolving deltas:  51% (872/1709)   Resolving deltas:  52% (895/1709)   Resolving deltas:  53% (915/1709)   Resolving deltas:  54% (937/1709)   Resolving deltas:  55% (942/1709)   Resolving deltas:  56% (960/1709)   Resolving deltas:  58% (994/1709)   Resolving deltas:  59% (1010/1709)   Resolving deltas:  60% (1030/1709)   Resolving deltas:  61% (1043/1709)   Resolving deltas:  62% (1062/1709)   Resolving deltas:  63% (1077/1709)   Resolving deltas:  64% (1099/1709)   Resolving deltas:  65% (1116/1709)   Resolving deltas:  66% (1144/1709)   Resolving deltas:  67% (1153/1709)   Resolving deltas:  69% (1195/1709)   Resolving deltas:  70% (1198/1709)   Resolving deltas:  71% (1214/1709)   Resolving deltas:  72% (1234/1709)   Resolving deltas:  73% (1253/1709)   Resolving deltas:  74% (1266/1709)   Resolving deltas:  75% (1288/1709)   Resolving deltas:  76% (1305/1709)   Resolving deltas:  77% (1318/1709)   Resolving deltas:  78% (1336/1709)   Resolving deltas:  79% (1352/1709)   Resolving deltas:  80% (1371/1709)   Resolving deltas:  81% (1386/1709)   Resolving deltas:  82% (1404/1709)   Resolving deltas:  83% (1423/1709)   Resolving deltas:  84% (1436/1709)   Resolving deltas:  85% (1453/1709)   Resolving deltas:  86% (1471/1709)   Resolving deltas:  87% (1487/1709)   Resolving deltas:  88% (1504/1709)   Resolving deltas:  89% (1522/1709)   Resolving deltas:  90% (1541/1709)   Resolving deltas:  91% (1556/1709)   Resolving deltas:  92% (1573/1709)   Resolving deltas:  93% (1604/1709)   Resolving deltas:  94% (1614/1709)   Resolving deltas:  95% (1639/1709)   Resolving deltas:  96% (1647/1709)   Resolving deltas:  97% (1663/1709)   Resolving deltas:  98% (1680/1709)   Resolving deltas:  99% (1701/1709)   Resolving deltas: 100% (1709/1709)   Resolving deltas: 100% (1709/1709), done.
Checking connectivity... done.

travis_time:end:0f999c12:start=1476955863346705563,finish=1476955864727781140,duration=1381075577[0K$ cd [secure]/teavm
$ git checkout -qf 9c33ef686b947b64a04d82a15ea33fb56723e735
travis_fold:end:git.checkout[0K
[33;1mThis job is running on container-based infrastructure, which does not allow use of 'sudo', setuid and setguid executables.[0m
[33;1mIf you require sudo, add 'sudo: required' to your .travis.yml[0m
[33;1mSee https://docs.travis-ci.com/user/workers/container-based-infrastructure/ for details.[0m

[33;1mSetting environment variables from repository settings[0m
$ export SAUCE_ACCESS_KEY=[secure]
$ export SAUCE_USER_NAME=[secure]

[33;1mSetting environment variables from .travis.yml[0m
$ export MAVEN_OPTS="-Xmx1024m -XX:MaxPermSize=256m"

$ jdk_switcher use oraclejdk8
Switching to Oracle JDK8 (java-8-oracle), JAVA_HOME will be set to /usr/lib/jvm/java-8-oracle
travis_fold:start:cache.1[0KSetting up build cache
$ export CASHER_DIR=$HOME/.casher
travis_time:start:00e62b8d[0K$ Installing caching utilities

travis_time:end:00e62b8d:start=1476955867543742848,finish=1476955867577083349,duration=33340501[0Ktravis_time:start:32df4044[0K
travis_time:end:32df4044:start=1476955867584102088,finish=1476955867588688509,duration=4586421[0Ktravis_time:start:03100308[0K[32;1mattempting to download cache archive[0m
[32;1mfetching master/cache-linux-precise-21bad06bd7ceaa1ba9d1427a695ec0f1d1aa583d54f1da7fcba67ffa54ead4c6--jdk-oraclejdk8.tgz[0m
[32;1mfound cache[0m

travis_time:end:03100308:start=1476955867593934207,finish=1476955877578690796,duration=9984756589[0Ktravis_time:start:02d0bc76[0K
travis_time:end:02d0bc76:start=1476955877585531771,finish=1476955877590293834,duration=4762063[0Ktravis_time:start:06bade06[0K[32;1madding /home/travis/.m2 to cache[0m

travis_time:end:06bade06:start=1476955877595459735,finish=1476955882908670316,duration=5313210581[0Ktravis_fold:end:cache.1[0K$ java -Xmx32m -version
java version "1.8.0_31"
Java(TM) SE Runtime Environment (build 1.8.0_31-b13)
Java HotSpot(TM) 64-Bit Server VM (build 25.31-b07, mixed mode)
$ javac -J-Xmx32m -version
javac 1.8.0_31
travis_fold:start:install[0Ktravis_time:start:12f39b13[0K$ mvn install -DskipTests=true -Dmaven.javadoc.skip=true -B -V
Java HotSpot(TM) 64-Bit Server VM warning: ignoring option MaxPermSize=192m; support was removed in 8.0
Apache Maven 3.2.5 (12a6b3acb947671f09b81f49094c53f426d8cea1; 2014-12-14T17:29:23+00:00)
Maven home: /usr/local/maven
Java version: 1.8.0_31, vendor: Oracle Corporation
Java home: /usr/lib/jvm/java-8-oracle/jre
Default locale: en_US, platform encoding: UTF-8
OS name: "linux", version: "3.13.0-40-generic", arch: "amd64", family: "unix"
[INFO] Scanning for projects...
[INFO] ------------------------------------------------------------------------
[INFO] Reactor Build Order:
[INFO] 
[INFO] TeaVM
[INFO] TeaVM metaprogramming API
[INFO] TeaVM interop API
[INFO] TeaVM core
[INFO] TeaVM JavaScript objects
[INFO] TeaVM JavaScript APIs
[INFO] TeaVM platform
[INFO] TeaVM JavaScript objects - implementation
[INFO] TeaVM Java class library
[INFO] TeaVM html4j support
[INFO] TeaVM samples
[INFO] TeaVM tooling core
[INFO] TeaVM maven
[INFO] TeaVM maven plugin
[INFO] TeaVM Hello world web application
[INFO] TeaVM performance benchmark
[INFO] TeaVM Web Storage web application
[INFO] TeaVM HTML5 video web application
[INFO] TeaVM CPS demo
[INFO] TeaVM Kotlin web application
[INFO] TeaVM Scala example
[INFO] TeaVM CLI
[INFO] TeaVM maven web application archetype
[INFO] TeaVM debugging backend for Google Chrome RDP
[INFO] teavm-junit
[INFO] TeaVM metaprogramming API implementation
[INFO] TeaVM tests
[INFO] TeaVM slf4j
[INFO]                                                                         
[INFO] ------------------------------------------------------------------------
[INFO] Building TeaVM 1.0.0-SNAPSHOT
[INFO] ------------------------------------------------------------------------
[INFO] 
[INFO] --- maven-install-plugin:2.4:install (default-install) @ teavm ---
[INFO] Installing /home/travis/build/[secure]/teavm/pom.xml to /home/travis/.m2/repository/org/teavm/teavm/1.0.0-SNAPSHOT/teavm-1.0.0-SNAPSHOT.pom
[INFO]                                                                         
[INFO] ------------------------------------------------------------------------
[INFO] Building TeaVM metaprogramming API 1.0.0-SNAPSHOT
[INFO] ------------------------------------------------------------------------
[INFO] 
[INFO] --- maven-checkstyle-plugin:2.16:check (validate) @ teavm-metaprogramming-api ---
[INFO] Starting audit...
Audit done.
[INFO] 
[INFO] --- maven-resources-plugin:3.0.1:resources (default-resources) @ teavm-metaprogramming-api ---
[INFO] Using 'UTF-8' encoding to copy filtered resources.
[INFO] skip non existing resourceDirectory /home/travis/build/[secure]/teavm/metaprogramming/api/src/main/resources
[INFO] 
[INFO] --- maven-compiler-plugin:2.5.1:compile (default-compile) @ teavm-metaprogramming-api ---
[INFO] Compiling 15 source files to /home/travis/build/[secure]/teavm/metaprogramming/api/target/classes
[INFO] 
[INFO] --- maven-resources-plugin:3.0.1:testResources (default-testResources) @ teavm-metaprogramming-api ---
[INFO] Using 'UTF-8' encoding to copy filtered resources.
[INFO] skip non existing resourceDirectory /home/travis/build/[secure]/teavm/metaprogramming/api/src/test/resources
[INFO] 
[INFO] --- maven-compiler-plugin:2.5.1:testCompile (default-testCompile) @ teavm-metaprogramming-api ---
[INFO] No sources to compile
[INFO] 
[INFO] --- maven-surefire-plugin:2.17:test (default-test) @ teavm-metaprogramming-api ---
[INFO] Tests are skipped.
[INFO] 
[INFO] --- maven-bundle-plugin:2.5.3:bundle (default-bundle) @ teavm-metaprogramming-api ---
[INFO] 
[INFO] --- maven-jar-plugin:2.6:test-jar (default) @ teavm-metaprogramming-api ---
[WARNING] JAR will be empty - no content was marked for inclusion!
[INFO] Building jar: /home/travis/build/[secure]/teavm/metaprogramming/api/target/teavm-metaprogramming-api-1.0.0-SNAPSHOT-tests.jar
[INFO] 
[INFO] --- maven-source-plugin:2.2.1:jar-no-fork (attach-sources) @ teavm-metaprogramming-api ---
[INFO] Building jar: /home/travis/build/[secure]/teavm/metaprogramming/api/target/teavm-metaprogramming-api-1.0.0-SNAPSHOT-sources.jar
[INFO] 
[INFO] --- maven-javadoc-plugin:2.9.1:jar (build-javadoc) @ teavm-metaprogramming-api ---
[INFO] Skipping javadoc generation
[INFO] 
[INFO] --- maven-install-plugin:2.5.2:install (default-install) @ teavm-metaprogramming-api ---
[INFO] Installing /home/travis/build/[secure]/teavm/metaprogramming/api/target/teavm-metaprogramming-api-1.0.0-SNAPSHOT.jar to /home/travis/.m2/repository/org/teavm/teavm-metaprogramming-api/1.0.0-SNAPSHOT/teavm-metaprogramming-api-1.0.0-SNAPSHOT.jar
[INFO] Installing /home/travis/build/[secure]/teavm/metaprogramming/api/pom.xml to /home/travis/.m2/repository/org/teavm/teavm-metaprogramming-api/1.0.0-SNAPSHOT/teavm-metaprogramming-api-1.0.0-SNAPSHOT.pom
[INFO] Installing /home/travis/build/[secure]/teavm/metaprogramming/api/target/teavm-metaprogramming-api-1.0.0-SNAPSHOT-tests.jar to /home/travis/.m2/repository/org/teavm/teavm-metaprogramming-api/1.0.0-SNAPSHOT/teavm-metaprogramming-api-1.0.0-SNAPSHOT-tests.jar
[INFO] Installing /home/travis/build/[secure]/teavm/metaprogramming/api/target/teavm-metaprogramming-api-1.0.0-SNAPSHOT-sources.jar to /home/travis/.m2/repository/org/teavm/teavm-metaprogramming-api/1.0.0-SNAPSHOT/teavm-metaprogramming-api-1.0.0-SNAPSHOT-sources.jar
[INFO] 
[INFO] --- maven-bundle-plugin:2.5.3:install (default-install) @ teavm-metaprogramming-api ---
[INFO] Installing org/teavm/teavm-metaprogramming-api/1.0.0-SNAPSHOT/teavm-metaprogramming-api-1.0.0-SNAPSHOT.jar
[INFO] Writing OBR metadata
[INFO]                                                                         
[INFO] ------------------------------------------------------------------------
[INFO] Building TeaVM interop API 1.0.0-SNAPSHOT
[INFO] ------------------------------------------------------------------------
[INFO] 
[INFO] --- maven-checkstyle-plugin:2.16:check (validate) @ teavm-interop ---
[INFO] Starting audit...
Audit done.
[INFO] 
[INFO] --- maven-resources-plugin:2.6:resources (default-resources) @ teavm-interop ---
[INFO] Using 'UTF-8' encoding to copy filtered resources.
[INFO] skip non existing resourceDirectory /home/travis/build/[secure]/teavm/interop/core/src/main/resources
[INFO] 
[INFO] --- maven-compiler-plugin:2.5.1:compile (default-compile) @ teavm-interop ---
[INFO] Compiling 13 source files to /home/travis/build/[secure]/teavm/interop/core/target/classes
[INFO] 
[INFO] --- maven-resources-plugin:2.6:testResources (default-testResources) @ teavm-interop ---
[INFO] Using 'UTF-8' encoding to copy filtered resources.
[INFO] skip non existing resourceDirectory /home/travis/build/[secure]/teavm/interop/core/src/test/resources
[INFO] 
[INFO] --- maven-compiler-plugin:2.5.1:testCompile (default-testCompile) @ teavm-interop ---
[INFO] No sources to compile
[INFO] 
[INFO] --- maven-surefire-plugin:2.17:test (default-test) @ teavm-interop ---
[INFO] Tests are skipped.
[INFO] 
[INFO] --- maven-jar-plugin:2.6:jar (default-jar) @ teavm-interop ---
[INFO] Building jar: /home/travis/build/[secure]/teavm/interop/core/target/teavm-interop-1.0.0-SNAPSHOT.jar
[INFO] 
[INFO] --- maven-jar-plugin:2.6:test-jar (default) @ teavm-interop ---
[WARNING] JAR will be empty - no content was marked for inclusion!
[INFO] Building jar: /home/travis/build/[secure]/teavm/interop/core/target/teavm-interop-1.0.0-SNAPSHOT-tests.jar
[INFO] 
[INFO] --- maven-source-plugin:2.2.1:jar-no-fork (attach-sources) @ teavm-interop ---
[INFO] Building jar: /home/travis/build/[secure]/teavm/interop/core/target/teavm-interop-1.0.0-SNAPSHOT-sources.jar
[INFO] 
[INFO] --- maven-javadoc-plugin:2.9.1:jar (build-javadoc) @ teavm-interop ---
[INFO] Skipping javadoc generation
[INFO] 
[INFO] --- maven-install-plugin:2.4:install (default-install) @ teavm-interop ---
[INFO] Installing /home/travis/build/[secure]/teavm/interop/core/target/teavm-interop-1.0.0-SNAPSHOT.jar to /home/travis/.m2/repository/org/teavm/teavm-interop/1.0.0-SNAPSHOT/teavm-interop-1.0.0-SNAPSHOT.jar
[INFO] Installing /home/travis/build/[secure]/teavm/interop/core/pom.xml to /home/travis/.m2/repository/org/teavm/teavm-interop/1.0.0-SNAPSHOT/teavm-interop-1.0.0-SNAPSHOT.pom
[INFO] Installing /home/travis/build/[secure]/teavm/interop/core/target/teavm-interop-1.0.0-SNAPSHOT-tests.jar to /home/travis/.m2/repository/org/teavm/teavm-interop/1.0.0-SNAPSHOT/teavm-interop-1.0.0-SNAPSHOT-tests.jar
[INFO] Installing /home/travis/build/[secure]/teavm/interop/core/target/teavm-interop-1.0.0-SNAPSHOT-sources.jar to /home/travis/.m2/repository/org/teavm/teavm-interop/1.0.0-SNAPSHOT/teavm-interop-1.0.0-SNAPSHOT-sources.jar
[INFO]                                                                         
[INFO] ------------------------------------------------------------------------
[INFO] Building TeaVM core 1.0.0-SNAPSHOT
[INFO] ------------------------------------------------------------------------
[INFO] 
[INFO] --- maven-checkstyle-plugin:2.16:check (validate) @ teavm-core ---
[INFO] Starting audit...
Audit done.
[INFO] 
[INFO] --- kotlin-maven-plugin:1.0.3:compile (compile) @ teavm-core ---
[INFO] Kotlin Compiler version 1.0.3
[WARNING] No sources found skipping Kotlin compile
[INFO] 
[INFO] --- maven-resources-plugin:3.0.1:resources (default-resources) @ teavm-core ---
[INFO] Using 'UTF-8' encoding to copy filtered resources.
[INFO] Copying 1 resource
[INFO] 
[INFO] --- maven-compiler-plugin:2.5.1:compile (default-compile) @ teavm-core ---
[INFO] Compiling 549 source files to /home/travis/build/[secure]/teavm/core/target/classes
[INFO] 
[INFO] --- maven-resources-plugin:3.0.1:testResources (default-testResources) @ teavm-core ---
[INFO] Using 'UTF-8' encoding to copy filtered resources.
[INFO] Copying 0 resource
[INFO] 
[INFO] --- maven-compiler-plugin:2.5.1:testCompile (default-testCompile) @ teavm-core ---
[INFO] Compiling 3 source files to /home/travis/build/[secure]/teavm/core/target/test-classes
[INFO] 
[INFO] --- maven-surefire-plugin:2.17:test (default-test) @ teavm-core ---
[INFO] Tests are skipped.
[INFO] 
[INFO] --- maven-bundle-plugin:2.5.3:bundle (default-bundle) @ teavm-core ---
[INFO] 
[INFO] --- maven-source-plugin:2.2.1:jar-no-fork (attach-sources) @ teavm-core ---
[INFO] Building jar: /home/travis/build/[secure]/teavm/core/target/teavm-core-1.0.0-SNAPSHOT-sources.jar
[INFO] 
[INFO] --- maven-javadoc-plugin:2.9.1:jar (build-javadoc) @ teavm-core ---
[INFO] Skipping javadoc generation
[INFO] 
[INFO] --- maven-install-plugin:2.5.2:install (default-install) @ teavm-core ---
[INFO] Installing /home/travis/build/[secure]/teavm/core/target/teavm-core-1.0.0-SNAPSHOT.jar to /home/travis/.m2/repository/org/teavm/teavm-core/1.0.0-SNAPSHOT/teavm-core-1.0.0-SNAPSHOT.jar
[INFO] Installing /home/travis/build/[secure]/teavm/core/pom.xml to /home/travis/.m2/repository/org/teavm/teavm-core/1.0.0-SNAPSHOT/teavm-core-1.0.0-SNAPSHOT.pom
[INFO] Installing /home/travis/build/[secure]/teavm/core/target/teavm-core-1.0.0-SNAPSHOT-sources.jar to /home/travis/.m2/repository/org/teavm/teavm-core/1.0.0-SNAPSHOT/teavm-core-1.0.0-SNAPSHOT-sources.jar
[INFO] 
[INFO] --- maven-bundle-plugin:2.5.3:install (default-install) @ teavm-core ---
[INFO] Installing org/teavm/teavm-core/1.0.0-SNAPSHOT/teavm-core-1.0.0-SNAPSHOT.jar
[INFO] Writing OBR metadata
[INFO]                                                                         
[INFO] ------------------------------------------------------------------------
[INFO] Building TeaVM JavaScript objects 1.0.0-SNAPSHOT
[INFO] ------------------------------------------------------------------------
[INFO] 
[INFO] --- maven-checkstyle-plugin:2.16:check (validate) @ teavm-jso ---
[INFO] Starting audit...
Audit done.
[INFO] 
[INFO] --- maven-resources-plugin:2.6:resources (default-resources) @ teavm-jso ---
[INFO] Using 'UTF-8' encoding to copy filtered resources.
[INFO] skip non existing resourceDirectory /home/travis/build/[secure]/teavm/jso/core/src/main/resources
[INFO] 
[INFO] --- maven-compiler-plugin:2.5.1:compile (default-compile) @ teavm-jso ---
[INFO] Compiling 7 source files to /home/travis/build/[secure]/teavm/jso/core/target/classes
[INFO] 
[INFO] --- maven-resources-plugin:2.6:testResources (default-testResources) @ teavm-jso ---
[INFO] Using 'UTF-8' encoding to copy filtered resources.
[INFO] skip non existing resourceDirectory /home/travis/build/[secure]/teavm/jso/core/src/test/resources
[INFO] 
[INFO] --- maven-compiler-plugin:2.5.1:testCompile (default-testCompile) @ teavm-jso ---
[INFO] No sources to compile
[INFO] 
[INFO] --- maven-surefire-plugin:2.17:test (default-test) @ teavm-jso ---
[INFO] Tests are skipped.
[INFO] 
[INFO] --- maven-jar-plugin:2.6:jar (default-jar) @ teavm-jso ---
[INFO] Building jar: /home/travis/build/[secure]/teavm/jso/core/target/teavm-jso-1.0.0-SNAPSHOT.jar
[INFO] 
[INFO] --- maven-jar-plugin:2.6:test-jar (default) @ teavm-jso ---
[WARNING] JAR will be empty - no content was marked for inclusion!
[INFO] Building jar: /home/travis/build/[secure]/teavm/jso/core/target/teavm-jso-1.0.0-SNAPSHOT-tests.jar
[INFO] 
[INFO] --- maven-source-plugin:2.2.1:jar-no-fork (attach-sources) @ teavm-jso ---
[INFO] Building jar: /home/travis/build/[secure]/teavm/jso/core/target/teavm-jso-1.0.0-SNAPSHOT-sources.jar
[INFO] 
[INFO] --- maven-javadoc-plugin:2.9.1:jar (build-javadoc) @ teavm-jso ---
[INFO] Skipping javadoc generation
[INFO] 
[INFO] --- maven-install-plugin:2.4:install (default-install) @ teavm-jso ---
[INFO] Installing /home/travis/build/[secure]/teavm/jso/core/target/teavm-jso-1.0.0-SNAPSHOT.jar to /home/travis/.m2/repository/org/teavm/teavm-jso/1.0.0-SNAPSHOT/teavm-jso-1.0.0-SNAPSHOT.jar
[INFO] Installing /home/travis/build/[secure]/teavm/jso/core/pom.xml to /home/travis/.m2/repository/org/teavm/teavm-jso/1.0.0-SNAPSHOT/teavm-jso-1.0.0-SNAPSHOT.pom
[INFO] Installing /home/travis/build/[secure]/teavm/jso/core/target/teavm-jso-1.0.0-SNAPSHOT-tests.jar to /home/travis/.m2/repository/org/teavm/teavm-jso/1.0.0-SNAPSHOT/teavm-jso-1.0.0-SNAPSHOT-tests.jar
[INFO] Installing /home/travis/build/[secure]/teavm/jso/core/target/teavm-jso-1.0.0-SNAPSHOT-sources.jar to /home/travis/.m2/repository/org/teavm/teavm-jso/1.0.0-SNAPSHOT/teavm-jso-1.0.0-SNAPSHOT-sources.jar
[INFO]                                                                         
[INFO] ------------------------------------------------------------------------
[INFO] Building TeaVM JavaScript APIs 1.0.0-SNAPSHOT
[INFO] ------------------------------------------------------------------------
[INFO] 
[INFO] --- maven-checkstyle-plugin:2.16:check (validate) @ teavm-jso-apis ---
[INFO] Starting audit...
Audit done.
[INFO] 
[INFO] --- maven-resources-plugin:2.6:resources (default-resources) @ teavm-jso-apis ---
[INFO] Using 'UTF-8' encoding to copy filtered resources.
[INFO] skip non existing resourceDirectory /home/travis/build/[secure]/teavm/jso/apis/src/main/resources
[INFO] 
[INFO] --- maven-compiler-plugin:2.5.1:compile (default-compile) @ teavm-jso-apis ---
[INFO] Compiling 181 source files to /home/travis/build/[secure]/teavm/jso/apis/target/classes
[INFO] 
[INFO] --- maven-resources-plugin:2.6:testResources (default-testResources) @ teavm-jso-apis ---
[INFO] Using 'UTF-8' encoding to copy filtered resources.
[INFO] skip non existing resourceDirectory /home/travis/build/[secure]/teavm/jso/apis/src/test/resources
[INFO] 
[INFO] --- maven-compiler-plugin:2.5.1:testCompile (default-testCompile) @ teavm-jso-apis ---
[INFO] No sources to compile
[INFO] 
[INFO] --- maven-surefire-plugin:2.17:test (default-test) @ teavm-jso-apis ---
[INFO] Tests are skipped.
[INFO] 
[INFO] --- maven-jar-plugin:2.6:jar (default-jar) @ teavm-jso-apis ---
[INFO] Building jar: /home/travis/build/[secure]/teavm/jso/apis/target/teavm-jso-apis-1.0.0-SNAPSHOT.jar
[INFO] 
[INFO] --- maven-jar-plugin:2.6:test-jar (default) @ teavm-jso-apis ---
[WARNING] JAR will be empty - no content was marked for inclusion!
[INFO] Building jar: /home/travis/build/[secure]/teavm/jso/apis/target/teavm-jso-apis-1.0.0-SNAPSHOT-tests.jar
[INFO] 
[INFO] --- maven-source-plugin:2.2.1:jar-no-fork (attach-sources) @ teavm-jso-apis ---
[INFO] Building jar: /home/travis/build/[secure]/teavm/jso/apis/target/teavm-jso-apis-1.0.0-SNAPSHOT-sources.jar
[INFO] 
[INFO] --- maven-javadoc-plugin:2.9.1:jar (build-javadoc) @ teavm-jso-apis ---
[INFO] Skipping javadoc generation
[INFO] 
[INFO] --- maven-install-plugin:2.4:install (default-install) @ teavm-jso-apis ---
[INFO] Installing /home/travis/build/[secure]/teavm/jso/apis/target/teavm-jso-apis-1.0.0-SNAPSHOT.jar to /home/travis/.m2/repository/org/teavm/teavm-jso-apis/1.0.0-SNAPSHOT/teavm-jso-apis-1.0.0-SNAPSHOT.jar
[INFO] Installing /home/travis/build/[secure]/teavm/jso/apis/pom.xml to /home/travis/.m2/repository/org/teavm/teavm-jso-apis/1.0.0-SNAPSHOT/teavm-jso-apis-1.0.0-SNAPSHOT.pom
[INFO] Installing /home/travis/build/[secure]/teavm/jso/apis/target/teavm-jso-apis-1.0.0-SNAPSHOT-tests.jar to /home/travis/.m2/repository/org/teavm/teavm-jso-apis/1.0.0-SNAPSHOT/teavm-jso-apis-1.0.0-SNAPSHOT-tests.jar
[INFO] Installing /home/travis/build/[secure]/teavm/jso/apis/target/teavm-jso-apis-1.0.0-SNAPSHOT-sources.jar to /home/travis/.m2/repository/org/teavm/teavm-jso-apis/1.0.0-SNAPSHOT/teavm-jso-apis-1.0.0-SNAPSHOT-sources.jar
[INFO]                                                                         
[INFO] ------------------------------------------------------------------------
[INFO] Building TeaVM platform 1.0.0-SNAPSHOT
[INFO] ------------------------------------------------------------------------
[INFO] 
[INFO] --- maven-checkstyle-plugin:2.16:check (validate) @ teavm-platform ---
[INFO] Starting audit...
Audit done.
[INFO] 
[INFO] --- maven-resources-plugin:3.0.1:resources (default-resources) @ teavm-platform ---
[INFO] Using 'UTF-8' encoding to copy filtered resources.
[INFO] Copying 1 resource
[INFO] 
[INFO] --- maven-compiler-plugin:2.5.1:compile (default-compile) @ teavm-platform ---
[INFO] Compiling 66 source files to /home/travis/build/[secure]/teavm/platform/target/classes
[INFO] 
[INFO] --- maven-resources-plugin:3.0.1:testResources (default-testResources) @ teavm-platform ---
[INFO] Using 'UTF-8' encoding to copy filtered resources.
[INFO] skip non existing resourceDirectory /home/travis/build/[secure]/teavm/platform/src/test/resources
[INFO] 
[INFO] --- maven-compiler-plugin:2.5.1:testCompile (default-testCompile) @ teavm-platform ---
[INFO] No sources to compile
[INFO] 
[INFO] --- maven-surefire-plugin:2.17:test (default-test) @ teavm-platform ---
[INFO] Tests are skipped.
[INFO] 
[INFO] --- maven-bundle-plugin:2.5.3:bundle (default-bundle) @ teavm-platform ---
[INFO] 
[INFO] --- maven-source-plugin:2.2.1:jar-no-fork (attach-sources) @ teavm-platform ---
[INFO] Building jar: /home/travis/build/[secure]/teavm/platform/target/teavm-platform-1.0.0-SNAPSHOT-sources.jar
[INFO] 
[INFO] --- maven-javadoc-plugin:2.9.1:jar (build-javadoc) @ teavm-platform ---
[INFO] Skipping javadoc generation
[INFO] 
[INFO] --- maven-install-plugin:2.5.2:install (default-install) @ teavm-platform ---
[INFO] Installing /home/travis/build/[secure]/teavm/platform/target/teavm-platform-1.0.0-SNAPSHOT.jar to /home/travis/.m2/repository/org/teavm/teavm-platform/1.0.0-SNAPSHOT/teavm-platform-1.0.0-SNAPSHOT.jar
[INFO] Installing /home/travis/build/[secure]/teavm/platform/pom.xml to /home/travis/.m2/repository/org/teavm/teavm-platform/1.0.0-SNAPSHOT/teavm-platform-1.0.0-SNAPSHOT.pom
[INFO] Installing /home/travis/build/[secure]/teavm/platform/target/teavm-platform-1.0.0-SNAPSHOT-sources.jar to /home/travis/.m2/repository/org/teavm/teavm-platform/1.0.0-SNAPSHOT/teavm-platform-1.0.0-SNAPSHOT-sources.jar
[INFO] 
[INFO] --- maven-bundle-plugin:2.5.3:install (default-install) @ teavm-platform ---
[INFO] Installing org/teavm/teavm-platform/1.0.0-SNAPSHOT/teavm-platform-1.0.0-SNAPSHOT.jar
[INFO] Writing OBR metadata
[INFO]                                                                         
[INFO] ------------------------------------------------------------------------
[INFO] Building TeaVM JavaScript objects - implementation 1.0.0-SNAPSHOT
[INFO] ------------------------------------------------------------------------
[INFO] 
[INFO] --- maven-checkstyle-plugin:2.16:check (validate) @ teavm-jso-impl ---
[INFO] Starting audit...
Audit done.
[INFO] 
[INFO] --- maven-resources-plugin:2.6:resources (default-resources) @ teavm-jso-impl ---
[INFO] Using 'UTF-8' encoding to copy filtered resources.
[INFO] Copying 1 resource
[INFO] 
[INFO] --- maven-compiler-plugin:2.5.1:compile (default-compile) @ teavm-jso-impl ---
[INFO] Compiling 21 source files to /home/travis/build/[secure]/teavm/jso/impl/target/classes
[INFO] 
[INFO] --- maven-resources-plugin:2.6:testResources (default-testResources) @ teavm-jso-impl ---
[INFO] Using 'UTF-8' encoding to copy filtered resources.
[INFO] skip non existing resourceDirectory /home/travis/build/[secure]/teavm/jso/impl/src/test/resources
[INFO] 
[INFO] --- maven-compiler-plugin:2.5.1:testCompile (default-testCompile) @ teavm-jso-impl ---
[INFO] Compiling 1 source file to /home/travis/build/[secure]/teavm/jso/impl/target/test-classes
[INFO] 
[INFO] --- maven-surefire-plugin:2.17:test (default-test) @ teavm-jso-impl ---
[INFO] Tests are skipped.
[INFO] 
[INFO] --- maven-jar-plugin:2.6:jar (default-jar) @ teavm-jso-impl ---
[INFO] Building jar: /home/travis/build/[secure]/teavm/jso/impl/target/teavm-jso-impl-1.0.0-SNAPSHOT.jar
[INFO] 
[INFO] --- maven-source-plugin:2.2.1:jar-no-fork (attach-sources) @ teavm-jso-impl ---
[INFO] Building jar: /home/travis/build/[secure]/teavm/jso/impl/target/teavm-jso-impl-1.0.0-SNAPSHOT-sources.jar
[INFO] 
[INFO] --- maven-javadoc-plugin:2.9.1:jar (build-javadoc) @ teavm-jso-impl ---
[INFO] Skipping javadoc generation
[INFO] 
[INFO] --- maven-install-plugin:2.4:install (default-install) @ teavm-jso-impl ---
[INFO] Installing /home/travis/build/[secure]/teavm/jso/impl/target/teavm-jso-impl-1.0.0-SNAPSHOT.jar to /home/travis/.m2/repository/org/teavm/teavm-jso-impl/1.0.0-SNAPSHOT/teavm-jso-impl-1.0.0-SNAPSHOT.jar
[INFO] Installing /home/travis/build/[secure]/teavm/jso/impl/pom.xml to /home/travis/.m2/repository/org/teavm/teavm-jso-impl/1.0.0-SNAPSHOT/teavm-jso-impl-1.0.0-SNAPSHOT.pom
[INFO] Installing /home/travis/build/[secure]/teavm/jso/impl/target/teavm-jso-impl-1.0.0-SNAPSHOT-sources.jar to /home/travis/.m2/repository/org/teavm/teavm-jso-impl/1.0.0-SNAPSHOT/teavm-jso-impl-1.0.0-SNAPSHOT-sources.jar
[INFO]                                                                         
[INFO] ------------------------------------------------------------------------
[INFO] Building TeaVM Java class library 1.0.0-SNAPSHOT
[INFO] ------------------------------------------------------------------------
[INFO] 
[INFO] --- maven-resources-plugin:3.0.1:resources (default-resources) @ teavm-classlib ---
[INFO] Using 'UTF-8' encoding to copy filtered resources.
[INFO] Copying 19 resources
[INFO] 
[INFO] --- maven-compiler-plugin:2.5.1:compile (default-compile) @ teavm-classlib ---
[INFO] Compiling 467 source files to /home/travis/build/[secure]/teavm/classlib/target/classes
[INFO] 
[INFO] >>> exec-maven-plugin:1.2.1:java (generate-tz-cache) > validate @ teavm-classlib >>>
[INFO] 
[INFO] <<< exec-maven-plugin:1.2.1:java (generate-tz-cache) < validate @ teavm-classlib <<<
[INFO] 
[INFO] --- exec-maven-plugin:1.2.1:java (generate-tz-cache) @ teavm-classlib ---
[INFO] 
[INFO] --- maven-resources-plugin:3.0.1:testResources (default-testResources) @ teavm-classlib ---
[INFO] Using 'UTF-8' encoding to copy filtered resources.
[INFO] skip non existing resourceDirectory /home/travis/build/[secure]/teavm/classlib/src/test/resources
[INFO] 
[INFO] --- maven-compiler-plugin:2.5.1:testCompile (default-testCompile) @ teavm-classlib ---
[INFO] Compiling 3 source files to /home/travis/build/[secure]/teavm/classlib/target/test-classes
[INFO] 
[INFO] >>> exec-maven-plugin:1.2.1:java (generate-classlib-doc) > validate @ teavm-classlib >>>
[INFO] 
[INFO] <<< exec-maven-plugin:1.2.1:java (generate-classlib-doc) < validate @ teavm-classlib <<<
[INFO] 
[INFO] --- exec-maven-plugin:1.2.1:java (generate-classlib-doc) @ teavm-classlib ---
[INFO] 
[INFO] --- maven-surefire-plugin:2.17:test (default-test) @ teavm-classlib ---
[INFO] Tests are skipped.
[INFO] 
[INFO] --- maven-bundle-plugin:2.5.3:bundle (default-bundle) @ teavm-classlib ---
[INFO] 
[INFO] --- maven-source-plugin:2.2.1:jar-no-fork (attach-sources) @ teavm-classlib ---
[INFO] Building jar: /home/travis/build/[secure]/teavm/classlib/target/teavm-classlib-1.0.0-SNAPSHOT-sources.jar
[INFO] 
[INFO] --- maven-javadoc-plugin:2.9.1:jar (build-javadoc) @ teavm-classlib ---
[INFO] Skipping javadoc generation
[INFO] 
[INFO] --- maven-install-plugin:2.5.2:install (default-install) @ teavm-classlib ---
[INFO] Installing /home/travis/build/[secure]/teavm/classlib/target/teavm-classlib-1.0.0-SNAPSHOT.jar to /home/travis/.m2/repository/org/teavm/teavm-classlib/1.0.0-SNAPSHOT/teavm-classlib-1.0.0-SNAPSHOT.jar
[INFO] Installing /home/travis/build/[secure]/teavm/classlib/pom.xml to /home/travis/.m2/repository/org/teavm/teavm-classlib/1.0.0-SNAPSHOT/teavm-classlib-1.0.0-SNAPSHOT.pom
[INFO] Installing /home/travis/build/[secure]/teavm/classlib/target/teavm-classlib-1.0.0-SNAPSHOT-sources.jar to /home/travis/.m2/repository/org/teavm/teavm-classlib/1.0.0-SNAPSHOT/teavm-classlib-1.0.0-SNAPSHOT-sources.jar
[INFO] 
[INFO] --- maven-bundle-plugin:2.5.3:install (default-install) @ teavm-classlib ---
[INFO] Installing org/teavm/teavm-classlib/1.0.0-SNAPSHOT/teavm-classlib-1.0.0-SNAPSHOT.jar
[INFO] Writing OBR metadata
[INFO]                                                                         
[INFO] ------------------------------------------------------------------------
[INFO] Building TeaVM html4j support 1.0.0-SNAPSHOT
[INFO] ------------------------------------------------------------------------
[INFO] 
[INFO] --- maven-checkstyle-plugin:2.16:check (validate) @ teavm-html4j ---
[INFO] Starting audit...
Audit done.
[INFO] 
[INFO] --- maven-resources-plugin:2.6:resources (default-resources) @ teavm-html4j ---
[INFO] Using 'UTF-8' encoding to copy filtered resources.
[INFO] Copying 2 resources
[INFO] 
[INFO] --- maven-compiler-plugin:2.5.1:compile (default-compile) @ teavm-html4j ---
[INFO] Compiling 13 source files to /home/travis/build/[secure]/teavm/html4j/target/classes
[INFO] 
[INFO] --- maven-resources-plugin:2.6:testResources (default-testResources) @ teavm-html4j ---
[INFO] Using 'UTF-8' encoding to copy filtered resources.
[INFO] Copying 2 resources
[INFO] 
[INFO] --- maven-compiler-plugin:2.5.1:testCompile (default-testCompile) @ teavm-html4j ---
[INFO] Compiling 7 source files to /home/travis/build/[secure]/teavm/html4j/target/test-classes
[INFO] 
[INFO] --- maven-surefire-plugin:2.16:test (default-test) @ teavm-html4j ---
[INFO] Tests are skipped.
[INFO] 
[INFO] --- maven-jar-plugin:2.6:jar (default-jar) @ teavm-html4j ---
[INFO] Building jar: /home/travis/build/[secure]/teavm/html4j/target/teavm-html4j-1.0.0-SNAPSHOT.jar
[INFO] 
[INFO] --- maven-source-plugin:2.2.1:jar-no-fork (attach-sources) @ teavm-html4j ---
[INFO] Building jar: /home/travis/build/[secure]/teavm/html4j/target/teavm-html4j-1.0.0-SNAPSHOT-sources.jar
[INFO] 
[INFO] --- maven-javadoc-plugin:2.9.1:jar (build-javadoc) @ teavm-html4j ---
[INFO] Skipping javadoc generation
[INFO] 
[INFO] --- maven-install-plugin:2.4:install (default-install) @ teavm-html4j ---
[INFO] Installing /home/travis/build/[secure]/teavm/html4j/target/teavm-html4j-1.0.0-SNAPSHOT.jar to /home/travis/.m2/repository/org/teavm/teavm-html4j/1.0.0-SNAPSHOT/teavm-html4j-1.0.0-SNAPSHOT.jar
[INFO] Installing /home/travis/build/[secure]/teavm/html4j/pom.xml to /home/travis/.m2/repository/org/teavm/teavm-html4j/1.0.0-SNAPSHOT/teavm-html4j-1.0.0-SNAPSHOT.pom
[INFO] Installing /home/travis/build/[secure]/teavm/html4j/target/teavm-html4j-1.0.0-SNAPSHOT-sources.jar to /home/travis/.m2/repository/org/teavm/teavm-html4j/1.0.0-SNAPSHOT/teavm-html4j-1.0.0-SNAPSHOT-sources.jar
[INFO]                                                                         
[INFO] ------------------------------------------------------------------------
[INFO] Building TeaVM samples 1.0.0-SNAPSHOT
[INFO] ------------------------------------------------------------------------
[INFO] 
[INFO] --- maven-install-plugin:2.4:install (default-install) @ teavm-samples ---
[INFO] Installing /home/travis/build/[secure]/teavm/samples/pom.xml to /home/travis/.m2/repository/org/teavm/teavm-samples/1.0.0-SNAPSHOT/teavm-samples-1.0.0-SNAPSHOT.pom
[INFO]                                                                         
[INFO] ------------------------------------------------------------------------
[INFO] Building TeaVM tooling core 1.0.0-SNAPSHOT
[INFO] ------------------------------------------------------------------------
[INFO] 
[INFO] --- maven-checkstyle-plugin:2.16:check (validate) @ teavm-tooling ---
[INFO] Starting audit...
Audit done.
[INFO] 
[INFO] --- maven-resources-plugin:3.0.1:resources (default-resources) @ teavm-tooling ---
[INFO] Using 'UTF-8' encoding to copy filtered resources.
[INFO] Copying 14 resources
[INFO] 
[INFO] --- maven-compiler-plugin:2.5.1:compile (default-compile) @ teavm-tooling ---
[INFO] Compiling 16 source files to /home/travis/build/[secure]/teavm/tools/core/target/classes
[INFO] 
[INFO] --- maven-resources-plugin:3.0.1:testResources (default-testResources) @ teavm-tooling ---
[INFO] Using 'UTF-8' encoding to copy filtered resources.
[INFO] skip non existing resourceDirectory /home/travis/build/[secure]/teavm/tools/core/src/test/resources
[INFO] 
[INFO] --- maven-compiler-plugin:2.5.1:testCompile (default-testCompile) @ teavm-tooling ---
[INFO] No sources to compile
[INFO] 
[INFO] --- maven-surefire-plugin:2.17:test (default-test) @ teavm-tooling ---
[INFO] Tests are skipped.
[INFO] 
[INFO] --- maven-bundle-plugin:2.5.3:bundle (default-bundle) @ teavm-tooling ---
[WARNING] Bundle org.teavm:teavm-tooling:bundle:1.0.0-SNAPSHOT : Split package, multiple jars provide the same package:org/teavm/interop
Use Import/Export Package directive -split-package:=(merge-first|merge-last|error|first) to get rid of this warning
Package found in   [Jar:teavm-core, Jar:teavm-interop]
Class path         [Jar:., Jar:teavm-core, Jar:teavm-interop, Jar:commons-io, Jar:asm-debug-all, Jar:hppc, Jar:objenesis, Jar:kotlin-stdlib, Jar:kotlin-runtime, Jar:jackson-annotations]
[INFO] 
[INFO] --- maven-source-plugin:2.2.1:jar-no-fork (attach-sources) @ teavm-tooling ---
[INFO] Building jar: /home/travis/build/[secure]/teavm/tools/core/target/teavm-tooling-1.0.0-SNAPSHOT-sources.jar
[INFO] 
[INFO] --- maven-javadoc-plugin:2.9.1:jar (build-javadoc) @ teavm-tooling ---
[INFO] Skipping javadoc generation
[INFO] 
[INFO] --- maven-install-plugin:2.5.2:install (default-install) @ teavm-tooling ---
[INFO] Installing /home/travis/build/[secure]/teavm/tools/core/target/teavm-tooling-1.0.0-SNAPSHOT.jar to /home/travis/.m2/repository/org/teavm/teavm-tooling/1.0.0-SNAPSHOT/teavm-tooling-1.0.0-SNAPSHOT.jar
[INFO] Installing /home/travis/build/[secure]/teavm/tools/core/pom.xml to /home/travis/.m2/repository/org/teavm/teavm-tooling/1.0.0-SNAPSHOT/teavm-tooling-1.0.0-SNAPSHOT.pom
[INFO] Installing /home/travis/build/[secure]/teavm/tools/core/target/teavm-tooling-1.0.0-SNAPSHOT-sources.jar to /home/travis/.m2/repository/org/teavm/teavm-tooling/1.0.0-SNAPSHOT/teavm-tooling-1.0.0-SNAPSHOT-sources.jar
[INFO] 
[INFO] --- maven-bundle-plugin:2.5.3:install (default-install) @ teavm-tooling ---
[INFO] Installing org/teavm/teavm-tooling/1.0.0-SNAPSHOT/teavm-tooling-1.0.0-SNAPSHOT.jar
[INFO] Writing OBR metadata
[INFO]                                                                         
[INFO] ------------------------------------------------------------------------
[INFO] Building TeaVM maven 1.0.0-SNAPSHOT
[INFO] ------------------------------------------------------------------------
[INFO] 
[INFO] --- maven-install-plugin:2.4:install (default-install) @ teavm-maven ---
[INFO] Installing /home/travis/build/[secure]/teavm/tools/maven/pom.xml to /home/travis/.m2/repository/org/teavm/teavm-maven/1.0.0-SNAPSHOT/teavm-maven-1.0.0-SNAPSHOT.pom
[INFO]                                                                         
[INFO] ------------------------------------------------------------------------
[INFO] Building TeaVM maven plugin 1.0.0-SNAPSHOT
[INFO] ------------------------------------------------------------------------
[INFO] 
[INFO] --- maven-checkstyle-plugin:2.16:check (validate) @ teavm-maven-plugin ---
[INFO] Starting audit...
Audit done.
[INFO] 
[INFO] --- maven-resources-plugin:2.6:resources (default-resources) @ teavm-maven-plugin ---
[INFO] Using 'UTF-8' encoding to copy filtered resources.
[INFO] skip non existing resourceDirectory /home/travis/build/[secure]/teavm/tools/maven/plugin/src/main/resources
[INFO] 
[INFO] --- maven-compiler-plugin:2.5.1:compile (default-compile) @ teavm-maven-plugin ---
[INFO] Compiling 5 source files to /home/travis/build/[secure]/teavm/tools/maven/plugin/target/classes
[INFO] 
[INFO] --- maven-plugin-plugin:3.3:descriptor (default-descriptor) @ teavm-maven-plugin ---
[INFO] Using 'UTF-8' encoding to read mojo metadata.
[INFO] Applying mojo extractor for language: java
[INFO] Mojo extractor for language: java found 0 mojo descriptors.
[INFO] Applying mojo extractor for language: bsh
[INFO] Mojo extractor for language: bsh found 0 mojo descriptors.
[INFO] Applying mojo extractor for language: java-annotations
[WARNING] Deprecated @component for project field in org.teavm.maven.TeaVMCompileMojo.: replace with @parameter name="${project}" @readonly
[INFO] Mojo extractor for language: java-annotations found 1 mojo descriptors.
[INFO] 
[INFO] --- maven-resources-plugin:2.6:testResources (default-testResources) @ teavm-maven-plugin ---
[INFO] Using 'UTF-8' encoding to copy filtered resources.
[INFO] Copying 1 resource
[INFO] 
[INFO] --- maven-compiler-plugin:2.5.1:testCompile (default-testCompile) @ teavm-maven-plugin ---
[INFO] Nothing to compile - all classes are up to date
[INFO] 
[INFO] --- maven-surefire-plugin:2.17:test (default-test) @ teavm-maven-plugin ---
[INFO] Tests are skipped.
[INFO] 
[INFO] --- maven-jar-plugin:2.6:jar (default-jar) @ teavm-maven-plugin ---
[INFO] Building jar: /home/travis/build/[secure]/teavm/tools/maven/plugin/target/teavm-maven-plugin-1.0.0-SNAPSHOT.jar
[INFO] 
[INFO] --- maven-plugin-plugin:3.3:addPluginArtifactMetadata (default-addPluginArtifactMetadata) @ teavm-maven-plugin ---
[INFO] 
[INFO] --- maven-source-plugin:2.2.1:jar-no-fork (attach-sources) @ teavm-maven-plugin ---
[INFO] Building jar: /home/travis/build/[secure]/teavm/tools/maven/plugin/target/teavm-maven-plugin-1.0.0-SNAPSHOT-sources.jar
[INFO] 
[INFO] --- maven-javadoc-plugin:2.9.1:jar (build-javadoc) @ teavm-maven-plugin ---
[INFO] Skipping javadoc generation
[INFO] 
[INFO] --- maven-install-plugin:2.4:install (default-install) @ teavm-maven-plugin ---
[INFO] Installing /home/travis/build/[secure]/teavm/tools/maven/plugin/target/teavm-maven-plugin-1.0.0-SNAPSHOT.jar to /home/travis/.m2/repository/org/teavm/teavm-maven-plugin/1.0.0-SNAPSHOT/teavm-maven-plugin-1.0.0-SNAPSHOT.jar
[INFO] Installing /home/travis/build/[secure]/teavm/tools/maven/plugin/pom.xml to /home/travis/.m2/repository/org/teavm/teavm-maven-plugin/1.0.0-SNAPSHOT/teavm-maven-plugin-1.0.0-SNAPSHOT.pom
[INFO] Installing /home/travis/build/[secure]/teavm/tools/maven/plugin/target/teavm-maven-plugin-1.0.0-SNAPSHOT-sources.jar to /home/travis/.m2/repository/org/teavm/teavm-maven-plugin/1.0.0-SNAPSHOT/teavm-maven-plugin-1.0.0-SNAPSHOT-sources.jar
[INFO]                                                                         
[INFO] ------------------------------------------------------------------------
[INFO] Building TeaVM Hello world web application 1.0.0-SNAPSHOT
[INFO] ------------------------------------------------------------------------
[INFO] 
[INFO] --- maven-checkstyle-plugin:2.16:check (validate) @ teavm-samples-hello ---
[INFO] Starting audit...
Audit done.
[INFO] 
[INFO] --- maven-resources-plugin:2.6:resources (default-resources) @ teavm-samples-hello ---
[INFO] Using 'UTF-8' encoding to copy filtered resources.
[INFO] skip non existing resourceDirectory /home/travis/build/[secure]/teavm/samples/hello/src/main/resources
[INFO] 
[INFO] --- maven-compiler-plugin:2.5.1:compile (default-compile) @ teavm-samples-hello ---
[INFO] Compiling 2 source files to /home/travis/build/[secure]/teavm/samples/hello/target/classes
[INFO] 
[INFO] --- teavm-maven-plugin:1.0.0-SNAPSHOT:compile (web-client) @ teavm-samples-hello ---
[INFO] Preparing classpath for JavaScript generation
[INFO] Using the following classpath for JavaScript generation: /home/travis/build/[secure]/teavm/classlib/target/teavm-classlib-1.0.0-SNAPSHOT.jar:/home/travis/build/[secure]/teavm/platform/target/teavm-platform-1.0.0-SNAPSHOT.jar:/home/travis/build/[secure]/teavm/core/target/teavm-core-1.0.0-SNAPSHOT.jar:/home/travis/build/[secure]/teavm/interop/core/target/teavm-interop-1.0.0-SNAPSHOT.jar:/home/travis/.m2/repository/commons-io/commons-io/2.4/commons-io-2.4.jar:/home/travis/.m2/repository/com/carrotsearch/hppc/0.6.1/hppc-0.6.1.jar:/home/travis/.m2/repository/org/objenesis/objenesis/2.4/objenesis-2.4.jar:/home/travis/.m2/repository/org/jetbrains/kotlin/kotlin-stdlib/1.0.3/kotlin-stdlib-1.0.3.jar:/home/travis/.m2/repository/org/jetbrains/kotlin/kotlin-runtime/1.0.3/kotlin-runtime-1.0.3.jar:/home/travis/build/[secure]/teavm/jso/apis/target/teavm-jso-apis-1.0.0-SNAPSHOT.jar:/home/travis/build/[secure]/teavm/jso/impl/target/teavm-jso-impl-1.0.0-SNAPSHOT.jar:/home/travis/.m2/repository/org/mozilla/rhino/1.7.7/rhino-1.7.7.jar:/home/travis/.m2/repository/org/ow2/asm/asm-debug-all/5.0.4/asm-debug-all-5.0.4.jar:/home/travis/.m2/repository/com/google/code/gson/gson/2.2.4/gson-2.2.4.jar:/home/travis/.m2/repository/com/jcraft/jzlib/1.1.3/jzlib-1.1.3.jar:/home/travis/.m2/repository/joda-time/joda-time/2.7/joda-time-2.7.jar:/home/travis/build/[secure]/teavm/jso/core/target/teavm-jso-1.0.0-SNAPSHOT.jar:/home/travis/.m2/repository/javax/servlet/javax.servlet-api/3.1.0/javax.servlet-api-3.1.0.jar:/home/travis/build/[secure]/teavm/samples/hello/target/classes
[INFO] Downloading: http://repo.maven.apache.org/maven2/org/seleniumhq/selenium/selenium-java/2.47.2/selenium-java-2.47.2-sources.jar
[INFO] Downloading: https://oss.sonatype.org/content/repositories/releases/org/seleniumhq/selenium/selenium-java/2.47.2/selenium-java-2.47.2-sources.jar
[INFO] Downloading: https://repository.apache.org/releases/org/seleniumhq/selenium/selenium-java/2.47.2/selenium-java-2.47.2-sources.jar
[INFO] Building JavaScript file
[INFO] Output file successfully built
[INFO] Debug information successfully written
[INFO] Source maps successfully written
[INFO] Source files successfully written
[INFO] 
[INFO] --- maven-resources-plugin:2.6:testResources (default-testResources) @ teavm-samples-hello ---
[INFO] Using 'UTF-8' encoding to copy filtered resources.
[INFO] skip non existing resourceDirectory /home/travis/build/[secure]/teavm/samples/hello/src/test/resources
[INFO] 
[INFO] --- maven-compiler-plugin:2.5.1:testCompile (default-testCompile) @ teavm-samples-hello ---
[INFO] No sources to compile
[INFO] 
[INFO] --- maven-surefire-plugin:2.17:test (default-test) @ teavm-samples-hello ---
[INFO] Tests are skipped.
[INFO] 
[INFO] --- maven-war-plugin:2.4:war (default-war) @ teavm-samples-hello ---
[INFO] Packaging webapp
[INFO] Assembling webapp [teavm-samples-hello] in [/home/travis/build/[secure]/teavm/samples/hello/target/teavm-samples-hello-1.0.0-SNAPSHOT]
[INFO] Processing war project
[INFO] Copying webapp webResources [/home/travis/build/[secure]/teavm/samples/hello/target/generated/js] to [/home/travis/build/[secure]/teavm/samples/hello/target/teavm-samples-hello-1.0.0-SNAPSHOT]
[INFO] Copying webapp resources [/home/travis/build/[secure]/teavm/samples/hello/src/main/webapp]
[INFO] Webapp assembled in [294 msecs]
[INFO] Building war: /home/travis/build/[secure]/teavm/samples/hello/target/teavm-samples-hello-1.0.0-SNAPSHOT.war
[INFO] 
[INFO] --- maven-source-plugin:2.2.1:jar-no-fork (attach-sources) @ teavm-samples-hello ---
[INFO] Building jar: /home/travis/build/[secure]/teavm/samples/hello/target/teavm-samples-hello-1.0.0-SNAPSHOT-sources.jar
[INFO] 
[INFO] --- maven-javadoc-plugin:2.9.1:jar (build-javadoc) @ teavm-samples-hello ---
[INFO] Skipping javadoc generation
[INFO] 
[INFO] --- maven-install-plugin:2.4:install (default-install) @ teavm-samples-hello ---
[INFO] Installing /home/travis/build/[secure]/teavm/samples/hello/target/teavm-samples-hello-1.0.0-SNAPSHOT.war to /home/travis/.m2/repository/org/teavm/teavm-samples-hello/1.0.0-SNAPSHOT/teavm-samples-hello-1.0.0-SNAPSHOT.war
[INFO] Installing /home/travis/build/[secure]/teavm/samples/hello/pom.xml to /home/travis/.m2/repository/org/teavm/teavm-samples-hello/1.0.0-SNAPSHOT/teavm-samples-hello-1.0.0-SNAPSHOT.pom
[INFO] Installing /home/travis/build/[secure]/teavm/samples/hello/target/teavm-samples-hello-1.0.0-SNAPSHOT-sources.jar to /home/travis/.m2/repository/org/teavm/teavm-samples-hello/1.0.0-SNAPSHOT/teavm-samples-hello-1.0.0-SNAPSHOT-sources.jar
[INFO]                                                                         
[INFO] ------------------------------------------------------------------------
[INFO] Building TeaVM performance benchmark 1.0.0-SNAPSHOT
[INFO] ------------------------------------------------------------------------
[INFO] 
[INFO] --- maven-checkstyle-plugin:2.16:check (validate) @ teavm-samples-benchmark ---
[INFO] Starting audit...
Audit done.
[INFO] 
[INFO] --- maven-resources-plugin:2.6:resources (default-resources) @ teavm-samples-benchmark ---
[INFO] Using 'UTF-8' encoding to copy filtered resources.
[INFO] Copying 2 resources
[INFO] 
[INFO] --- maven-compiler-plugin:2.5.1:compile (default-compile) @ teavm-samples-benchmark ---
[INFO] Compiling 9 source files to /home/travis/build/[secure]/teavm/samples/benchmark/target/classes
[INFO] 
[INFO] --- teavm-maven-plugin:1.0.0-SNAPSHOT:compile (web-client) @ teavm-samples-benchmark ---
[INFO] Preparing classpath for JavaScript generation
[INFO] Using the following classpath for JavaScript generation: /home/travis/build/[secure]/teavm/classlib/target/teavm-classlib-1.0.0-SNAPSHOT.jar:/home/travis/build/[secure]/teavm/platform/target/teavm-platform-1.0.0-SNAPSHOT.jar:/home/travis/build/[secure]/teavm/core/target/teavm-core-1.0.0-SNAPSHOT.jar:/home/travis/.m2/repository/commons-io/commons-io/2.4/commons-io-2.4.jar:/home/travis/.m2/repository/com/carrotsearch/hppc/0.6.1/hppc-0.6.1.jar:/home/travis/.m2/repository/org/objenesis/objenesis/2.4/objenesis-2.4.jar:/home/travis/.m2/repository/org/jetbrains/kotlin/kotlin-stdlib/1.0.3/kotlin-stdlib-1.0.3.jar:/home/travis/.m2/repository/org/jetbrains/kotlin/kotlin-runtime/1.0.3/kotlin-runtime-1.0.3.jar:/home/travis/build/[secure]/teavm/jso/core/target/teavm-jso-1.0.0-SNAPSHOT.jar:/home/travis/build/[secure]/teavm/jso/impl/target/teavm-jso-impl-1.0.0-SNAPSHOT.jar:/home/travis/.m2/repository/org/mozilla/rhino/1.7.7/rhino-1.7.7.jar:/home/travis/.m2/repository/org/ow2/asm/asm-debug-all/5.0.4/asm-debug-all-5.0.4.jar:/home/travis/.m2/repository/com/google/code/gson/gson/2.2.4/gson-2.2.4.jar:/home/travis/.m2/repository/com/jcraft/jzlib/1.1.3/jzlib-1.1.3.jar:/home/travis/.m2/repository/joda-time/joda-time/2.7/joda-time-2.7.jar:/home/travis/build/[secure]/teavm/jso/apis/target/teavm-jso-apis-1.0.0-SNAPSHOT.jar:/home/travis/build/[secure]/teavm/interop/core/target/teavm-interop-1.0.0-SNAPSHOT.jar:/home/travis/.m2/repository/org/jbox2d/jbox2d-library/2.2.1.1/jbox2d-library-2.2.1.1.jar:/home/travis/.m2/repository/org/jbox2d/jbox2d-library/2.2.1.1/jbox2d-library-2.2.1.1-sources.jar:/home/travis/.m2/repository/org/apidesign/bck2brwsr/emul/0.17/emul-0.17-rt.jar:/home/travis/.m2/repository/com/google/gwt/gwt-user/2.7.0/gwt-user-2.7.0.jar:/home/travis/.m2/repository/javax/validation/validation-api/1.0.0.GA/validation-api-1.0.0.GA.jar:/home/travis/.m2/repository/javax/validation/validation-api/1.0.0.GA/validation-api-1.0.0.GA-sources.jar:/home/travis/.m2/repository/com/dukescript/canvas/html5-canvas/0.7.2/html5-canvas-0.7.2.jar:/home/travis/.m2/repository/com/dukescript/canvas/canvas-api/0.7.2/canvas-api-0.7.2.jar:/home/travis/.m2/repository/org/apidesign/bck2brwsr/ko-bck2brwsr/0.17/ko-bck2brwsr-0.17-bck2brwsr.jar:/home/travis/.m2/repository/org/netbeans/html/net.java.html.json/1.2.3/net.java.html.json-1.2.3.jar:/home/travis/.m2/repository/org/netbeans/html/ko4j/1.2.3/ko4j-1.2.3.jar:/home/travis/.m2/repository/org/netbeans/html/net.java.html.geo/1.2.3/net.java.html.geo-1.2.3.jar:/home/travis/.m2/repository/org/netbeans/html/net.java.html.sound/1.2.3/net.java.html.sound-1.2.3.jar:/home/travis/.m2/repository/org/netbeans/html/net.java.html.boot/1.2.3/net.java.html.boot-1.2.3.jar:/home/travis/.m2/repository/org/netbeans/html/net.java.html/1.2.3/net.java.html-1.2.3.jar:/home/travis/build/[secure]/teavm/samples/benchmark/target/classes
[INFO] Building JavaScript file
[INFO] Output file successfully built
[INFO] Debug information successfully written
[INFO] 
[INFO] --- teavm-maven-plugin:1.0.0-SNAPSHOT:compile (wasm-client) @ teavm-samples-benchmark ---
[INFO] Preparing classpath for JavaScript generation
[INFO] Using the following classpath for JavaScript generation: /home/travis/build/[secure]/teavm/classlib/target/teavm-classlib-1.0.0-SNAPSHOT.jar:/home/travis/build/[secure]/teavm/platform/target/teavm-platform-1.0.0-SNAPSHOT.jar:/home/travis/build/[secure]/teavm/core/target/teavm-core-1.0.0-SNAPSHOT.jar:/home/travis/.m2/repository/commons-io/commons-io/2.4/commons-io-2.4.jar:/home/travis/.m2/repository/com/carrotsearch/hppc/0.6.1/hppc-0.6.1.jar:/home/travis/.m2/repository/org/objenesis/objenesis/2.4/objenesis-2.4.jar:/home/travis/.m2/repository/org/jetbrains/kotlin/kotlin-stdlib/1.0.3/kotlin-stdlib-1.0.3.jar:/home/travis/.m2/repository/org/jetbrains/kotlin/kotlin-runtime/1.0.3/kotlin-runtime-1.0.3.jar:/home/travis/build/[secure]/teavm/jso/core/target/teavm-jso-1.0.0-SNAPSHOT.jar:/home/travis/build/[secure]/teavm/jso/impl/target/teavm-jso-impl-1.0.0-SNAPSHOT.jar:/home/travis/.m2/repository/org/mozilla/rhino/1.7.7/rhino-1.7.7.jar:/home/travis/.m2/repository/org/ow2/asm/asm-debug-all/5.0.4/asm-debug-all-5.0.4.jar:/home/travis/.m2/repository/com/google/code/gson/gson/2.2.4/gson-2.2.4.jar:/home/travis/.m2/repository/com/jcraft/jzlib/1.1.3/jzlib-1.1.3.jar:/home/travis/.m2/repository/joda-time/joda-time/2.7/joda-time-2.7.jar:/home/travis/build/[secure]/teavm/jso/apis/target/teavm-jso-apis-1.0.0-SNAPSHOT.jar:/home/travis/build/[secure]/teavm/interop/core/target/teavm-interop-1.0.0-SNAPSHOT.jar:/home/travis/.m2/repository/org/jbox2d/jbox2d-library/2.2.1.1/jbox2d-library-2.2.1.1.jar:/home/travis/.m2/repository/org/jbox2d/jbox2d-library/2.2.1.1/jbox2d-library-2.2.1.1-sources.jar:/home/travis/.m2/repository/org/apidesign/bck2brwsr/emul/0.17/emul-0.17-rt.jar:/home/travis/.m2/repository/com/google/gwt/gwt-user/2.7.0/gwt-user-2.7.0.jar:/home/travis/.m2/repository/javax/validation/validation-api/1.0.0.GA/validation-api-1.0.0.GA.jar:/home/travis/.m2/repository/javax/validation/validation-api/1.0.0.GA/validation-api-1.0.0.GA-sources.jar:/home/travis/.m2/repository/com/dukescript/canvas/html5-canvas/0.7.2/html5-canvas-0.7.2.jar:/home/travis/.m2/repository/com/dukescript/canvas/canvas-api/0.7.2/canvas-api-0.7.2.jar:/home/travis/.m2/repository/org/apidesign/bck2brwsr/ko-bck2brwsr/0.17/ko-bck2brwsr-0.17-bck2brwsr.jar:/home/travis/.m2/repository/org/netbeans/html/net.java.html.json/1.2.3/net.java.html.json-1.2.3.jar:/home/travis/.m2/repository/org/netbeans/html/ko4j/1.2.3/ko4j-1.2.3.jar:/home/travis/.m2/repository/org/netbeans/html/net.java.html.geo/1.2.3/net.java.html.geo-1.2.3.jar:/home/travis/.m2/repository/org/netbeans/html/net.java.html.sound/1.2.3/net.java.html.sound-1.2.3.jar:/home/travis/.m2/repository/org/netbeans/html/net.java.html.boot/1.2.3/net.java.html.boot-1.2.3.jar:/home/travis/.m2/repository/org/netbeans/html/net.java.html/1.2.3/net.java.html-1.2.3.jar:/home/travis/build/[secure]/teavm/samples/benchmark/target/classes
[INFO] Building JavaScript file
[INFO] ------------------------------------------------------------------------
[INFO] Reactor Summary:
[INFO] 
[INFO] TeaVM .............................................. SUCCESS [  0.319 s]
[INFO] TeaVM metaprogramming API .......................... SUCCESS [ 18.510 s]
[INFO] TeaVM interop API .................................. SUCCESS [  6.386 s]
[INFO] TeaVM core ......................................... SUCCESS [ 30.624 s]
[INFO] TeaVM JavaScript objects ........................... SUCCESS [  0.993 s]
[INFO] TeaVM JavaScript APIs .............................. SUCCESS [  6.142 s]
[INFO] TeaVM platform ..................................... SUCCESS [  2.471 s]
[INFO] TeaVM JavaScript objects - implementation .......... SUCCESS [  4.948 s]
[INFO] TeaVM Java class library ........................... SUCCESS [ 22.361 s]
[INFO] TeaVM html4j support ............................... SUCCESS [  5.898 s]
[INFO] TeaVM samples ...................................... SUCCESS [  0.023 s]
[INFO] TeaVM tooling core ................................. SUCCESS [  2.085 s]
[INFO] TeaVM maven ........................................ SUCCESS [  0.008 s]
[INFO] TeaVM maven plugin ................................. SUCCESS [  5.720 s]
[INFO] TeaVM Hello world web application .................. SUCCESS [  8.319 s]
[INFO] TeaVM performance benchmark ........................ FAILURE [ 36.291 s]
[INFO] TeaVM Web Storage web application .................. SKIPPED
[INFO] TeaVM HTML5 video web application .................. SKIPPED
[INFO] TeaVM CPS demo ..................................... SKIPPED
[INFO] TeaVM Kotlin web application ....................... SKIPPED
[INFO] TeaVM Scala example ................................ SKIPPED
[INFO] TeaVM CLI .......................................... SKIPPED
[INFO] TeaVM maven web application archetype .............. SKIPPED
[INFO] TeaVM debugging backend for Google Chrome RDP ...... SKIPPED
[INFO] teavm-junit ........................................ SKIPPED
[INFO] TeaVM metaprogramming API implementation ........... SKIPPED
[INFO] TeaVM tests ........................................ SKIPPED
[INFO] TeaVM slf4j ........................................ SKIPPED
[INFO] ------------------------------------------------------------------------
[INFO] BUILD FAILURE
[INFO] ------------------------------------------------------------------------
[INFO] Total time: 02:33 min
[INFO] Finished at: 2016-10-20T09:33:59+00:00
[INFO] Final Memory: 68M/492M
[INFO] ------------------------------------------------------------------------
[ERROR] Failed to execute goal org.teavm:teavm-maven-plugin:1.0.0-SNAPSHOT:compile (wasm-client) on project teavm-samples-benchmark: Unexpected error occured: NullPointerException -> [Help 1]
[ERROR] 
[ERROR] To see the full stack trace of the errors, re-run Maven with the -e switch.
[ERROR] Re-run Maven using the -X switch to enable full debug logging.
[ERROR] 
[ERROR] For more information about the errors and possible solutions, please read the following articles:
[ERROR] [Help 1] http://cwiki.apache.org/confluence/display/MAVEN/MojoExecutionException
[ERROR] 
[ERROR] After correcting the problems, you can resume the build with the command
[ERROR]   mvn <goals> -rf :teavm-samples-benchmark

[31;1mThe command "eval mvn install -DskipTests=true -Dmaven.javadoc.skip=true -B -V" failed. Retrying, 2 of 3.[0m

Java HotSpot(TM) 64-Bit Server VM warning: ignoring option MaxPermSize=192m; support was removed in 8.0
Apache Maven 3.2.5 (12a6b3acb947671f09b81f49094c53f426d8cea1; 2014-12-14T17:29:23+00:00)
Maven home: /usr/local/maven
Java version: 1.8.0_31, vendor: Oracle Corporation
Java home: /usr/lib/jvm/java-8-oracle/jre
Default locale: en_US, platform encoding: UTF-8
OS name: "linux", version: "3.13.0-40-generic", arch: "amd64", family: "unix"
[INFO] Scanning for projects...
[INFO] ------------------------------------------------------------------------
[INFO] Reactor Build Order:
[INFO] 
[INFO] TeaVM
[INFO] TeaVM metaprogramming API
[INFO] TeaVM interop API
[INFO] TeaVM core
[INFO] TeaVM JavaScript objects
[INFO] TeaVM JavaScript APIs
[INFO] TeaVM platform
[INFO] TeaVM JavaScript objects - implementation
[INFO] TeaVM Java class library
[INFO] TeaVM html4j support
[INFO] TeaVM samples
[INFO] TeaVM tooling core
[INFO] TeaVM maven
[INFO] TeaVM maven plugin
[INFO] TeaVM Hello world web application
[INFO] TeaVM performance benchmark
[INFO] TeaVM Web Storage web application
[INFO] TeaVM HTML5 video web application
[INFO] TeaVM CPS demo
[INFO] TeaVM Kotlin web application
[INFO] TeaVM Scala example
[INFO] TeaVM CLI
[INFO] TeaVM maven web application archetype
[INFO] TeaVM debugging backend for Google Chrome RDP
[INFO] teavm-junit
[INFO] TeaVM metaprogramming API implementation
[INFO] TeaVM tests
[INFO] TeaVM slf4j
[INFO]                                                                         
[INFO] ------------------------------------------------------------------------
[INFO] Building TeaVM 1.0.0-SNAPSHOT
[INFO] ------------------------------------------------------------------------
[INFO] 
[INFO] --- maven-install-plugin:2.4:install (default-install) @ teavm ---
[INFO] Installing /home/travis/build/[secure]/teavm/pom.xml to /home/travis/.m2/repository/org/teavm/teavm/1.0.0-SNAPSHOT/teavm-1.0.0-SNAPSHOT.pom
[INFO]                                                                         
[INFO] ------------------------------------------------------------------------
[INFO] Building TeaVM metaprogramming API 1.0.0-SNAPSHOT
[INFO] ------------------------------------------------------------------------
[INFO] 
[INFO] --- maven-checkstyle-plugin:2.16:check (validate) @ teavm-metaprogramming-api ---
[INFO] Starting audit...
Audit done.
[INFO] 
[INFO] --- maven-resources-plugin:3.0.1:resources (default-resources) @ teavm-metaprogramming-api ---
[INFO] Using 'UTF-8' encoding to copy filtered resources.
[INFO] skip non existing resourceDirectory /home/travis/build/[secure]/teavm/metaprogramming/api/src/main/resources
[INFO] 
[INFO] --- maven-compiler-plugin:2.5.1:compile (default-compile) @ teavm-metaprogramming-api ---
[INFO] Nothing to compile - all classes are up to date
[INFO] 
[INFO] --- maven-resources-plugin:3.0.1:testResources (default-testResources) @ teavm-metaprogramming-api ---
[INFO] Using 'UTF-8' encoding to copy filtered resources.
[INFO] skip non existing resourceDirectory /home/travis/build/[secure]/teavm/metaprogramming/api/src/test/resources
[INFO] 
[INFO] --- maven-compiler-plugin:2.5.1:testCompile (default-testCompile) @ teavm-metaprogramming-api ---
[INFO] No sources to compile
[INFO] 
[INFO] --- maven-surefire-plugin:2.17:test (default-test) @ teavm-metaprogramming-api ---
[INFO] Tests are skipped.
[INFO] 
[INFO] --- maven-bundle-plugin:2.5.3:bundle (default-bundle) @ teavm-metaprogramming-api ---
[INFO] 
[INFO] --- maven-jar-plugin:2.6:test-jar (default) @ teavm-metaprogramming-api ---
[WARNING] JAR will be empty - no content was marked for inclusion!
[INFO] 
[INFO] --- maven-source-plugin:2.2.1:jar-no-fork (attach-sources) @ teavm-metaprogramming-api ---
[INFO] 
[INFO] --- maven-javadoc-plugin:2.9.1:jar (build-javadoc) @ teavm-metaprogramming-api ---
[INFO] Skipping javadoc generation
[INFO] 
[INFO] --- maven-install-plugin:2.5.2:install (default-install) @ teavm-metaprogramming-api ---
[INFO] Installing /home/travis/build/[secure]/teavm/metaprogramming/api/target/teavm-metaprogramming-api-1.0.0-SNAPSHOT.jar to /home/travis/.m2/repository/org/teavm/teavm-metaprogramming-api/1.0.0-SNAPSHOT/teavm-metaprogramming-api-1.0.0-SNAPSHOT.jar
[INFO] Installing /home/travis/build/[secure]/teavm/metaprogramming/api/pom.xml to /home/travis/.m2/repository/org/teavm/teavm-metaprogramming-api/1.0.0-SNAPSHOT/teavm-metaprogramming-api-1.0.0-SNAPSHOT.pom
[INFO] Installing /home/travis/build/[secure]/teavm/metaprogramming/api/target/teavm-metaprogramming-api-1.0.0-SNAPSHOT-tests.jar to /home/travis/.m2/repository/org/teavm/teavm-metaprogramming-api/1.0.0-SNAPSHOT/teavm-metaprogramming-api-1.0.0-SNAPSHOT-tests.jar
[INFO] Installing /home/travis/build/[secure]/teavm/metaprogramming/api/target/teavm-metaprogramming-api-1.0.0-SNAPSHOT-sources.jar to /home/travis/.m2/repository/org/teavm/teavm-metaprogramming-api/1.0.0-SNAPSHOT/teavm-metaprogramming-api-1.0.0-SNAPSHOT-sources.jar
[INFO] 
[INFO] --- maven-bundle-plugin:2.5.3:install (default-install) @ teavm-metaprogramming-api ---
[INFO] Installing org/teavm/teavm-metaprogramming-api/1.0.0-SNAPSHOT/teavm-metaprogramming-api-1.0.0-SNAPSHOT.jar
[INFO] Writing OBR metadata
[INFO]                                                                         
[INFO] ------------------------------------------------------------------------
[INFO] Building TeaVM interop API 1.0.0-SNAPSHOT
[INFO] ------------------------------------------------------------------------
[INFO] 
[INFO] --- maven-checkstyle-plugin:2.16:check (validate) @ teavm-interop ---
[INFO] Starting audit...
Audit done.
[INFO] 
[INFO] --- maven-resources-plugin:2.6:resources (default-resources) @ teavm-interop ---
[INFO] Using 'UTF-8' encoding to copy filtered resources.
[INFO] skip non existing resourceDirectory /home/travis/build/[secure]/teavm/interop/core/src/main/resources
[INFO] 
[INFO] --- maven-compiler-plugin:2.5.1:compile (default-compile) @ teavm-interop ---
[INFO] Nothing to compile - all classes are up to date
[INFO] 
[INFO] --- maven-resources-plugin:2.6:testResources (default-testResources) @ teavm-interop ---
[INFO] Using 'UTF-8' encoding to copy filtered resources.
[INFO] skip non existing resourceDirectory /home/travis/build/[secure]/teavm/interop/core/src/test/resources
[INFO] 
[INFO] --- maven-compiler-plugin:2.5.1:testCompile (default-testCompile) @ teavm-interop ---
[INFO] No sources to compile
[INFO] 
[INFO] --- maven-surefire-plugin:2.17:test (default-test) @ teavm-interop ---
[INFO] Tests are skipped.
[INFO] 
[INFO] --- maven-jar-plugin:2.6:jar (default-jar) @ teavm-interop ---
[INFO] 
[INFO] --- maven-jar-plugin:2.6:test-jar (default) @ teavm-interop ---
[WARNING] JAR will be empty - no content was marked for inclusion!
[INFO] 
[INFO] --- maven-source-plugin:2.2.1:jar-no-fork (attach-sources) @ teavm-interop ---
[INFO] 
[INFO] --- maven-javadoc-plugin:2.9.1:jar (build-javadoc) @ teavm-interop ---
[INFO] Skipping javadoc generation
[INFO] 
[INFO] --- maven-install-plugin:2.4:install (default-install) @ teavm-interop ---
[INFO] Installing /home/travis/build/[secure]/teavm/interop/core/target/teavm-interop-1.0.0-SNAPSHOT.jar to /home/travis/.m2/repository/org/teavm/teavm-interop/1.0.0-SNAPSHOT/teavm-interop-1.0.0-SNAPSHOT.jar
[INFO] Installing /home/travis/build/[secure]/teavm/interop/core/pom.xml to /home/travis/.m2/repository/org/teavm/teavm-interop/1.0.0-SNAPSHOT/teavm-interop-1.0.0-SNAPSHOT.pom
[INFO] Installing /home/travis/build/[secure]/teavm/interop/core/target/teavm-interop-1.0.0-SNAPSHOT-tests.jar to /home/travis/.m2/repository/org/teavm/teavm-interop/1.0.0-SNAPSHOT/teavm-interop-1.0.0-SNAPSHOT-tests.jar
[INFO] Installing /home/travis/build/[secure]/teavm/interop/core/target/teavm-interop-1.0.0-SNAPSHOT-sources.jar to /home/travis/.m2/repository/org/teavm/teavm-interop/1.0.0-SNAPSHOT/teavm-interop-1.0.0-SNAPSHOT-sources.jar
[INFO]                                                                         
[INFO] ------------------------------------------------------------------------
[INFO] Building TeaVM core 1.0.0-SNAPSHOT
[INFO] ------------------------------------------------------------------------
[INFO] 
[INFO] --- maven-checkstyle-plugin:2.16:check (validate) @ teavm-core ---
[INFO] Starting audit...
Audit done.
[INFO] 
[INFO] --- kotlin-maven-plugin:1.0.3:compile (compile) @ teavm-core ---
[INFO] Kotlin Compiler version 1.0.3
[WARNING] No sources found skipping Kotlin compile
[INFO] 
[INFO] --- maven-resources-plugin:3.0.1:resources (default-resources) @ teavm-core ---
[INFO] Using 'UTF-8' encoding to copy filtered resources.
[INFO] Copying 1 resource
[INFO] 
[INFO] --- maven-compiler-plugin:2.5.1:compile (default-compile) @ teavm-core ---
[INFO] Compiling 1 source file to /home/travis/build/[secure]/teavm/core/target/classes
[INFO] 
[INFO] --- maven-resources-plugin:3.0.1:testResources (default-testResources) @ teavm-core ---
[INFO] Using 'UTF-8' encoding to copy filtered resources.
[INFO] Copying 0 resource
[INFO] 
[INFO] --- maven-compiler-plugin:2.5.1:testCompile (default-testCompile) @ teavm-core ---
[INFO] Nothing to compile - all classes are up to date
[INFO] 
[INFO] --- maven-surefire-plugin:2.17:test (default-test) @ teavm-core ---
[INFO] Tests are skipped.
[INFO] 
[INFO] --- maven-bundle-plugin:2.5.3:bundle (default-bundle) @ teavm-core ---
[INFO] 
[INFO] --- maven-source-plugin:2.2.1:jar-no-fork (attach-sources) @ teavm-core ---
[INFO] 
[INFO] --- maven-javadoc-plugin:2.9.1:jar (build-javadoc) @ teavm-core ---
[INFO] Skipping javadoc generation
[INFO] 
[INFO] --- maven-install-plugin:2.5.2:install (default-install) @ teavm-core ---
[INFO] Installing /home/travis/build/[secure]/teavm/core/target/teavm-core-1.0.0-SNAPSHOT.jar to /home/travis/.m2/repository/org/teavm/teavm-core/1.0.0-SNAPSHOT/teavm-core-1.0.0-SNAPSHOT.jar
[INFO] Installing /home/travis/build/[secure]/teavm/core/pom.xml to /home/travis/.m2/repository/org/teavm/teavm-core/1.0.0-SNAPSHOT/teavm-core-1.0.0-SNAPSHOT.pom
[INFO] Installing /home/travis/build/[secure]/teavm/core/target/teavm-core-1.0.0-SNAPSHOT-sources.jar to /home/travis/.m2/repository/org/teavm/teavm-core/1.0.0-SNAPSHOT/teavm-core-1.0.0-SNAPSHOT-sources.jar
[INFO] 
[INFO] --- maven-bundle-plugin:2.5.3:install (default-install) @ teavm-core ---
[INFO] Installing org/teavm/teavm-core/1.0.0-SNAPSHOT/teavm-core-1.0.0-SNAPSHOT.jar
[INFO] Writing OBR metadata
[INFO]                                                                         
[INFO] ------------------------------------------------------------------------
[INFO] Building TeaVM JavaScript objects 1.0.0-SNAPSHOT
[INFO] ------------------------------------------------------------------------
[INFO] 
[INFO] --- maven-checkstyle-plugin:2.16:check (validate) @ teavm-jso ---
[INFO] Starting audit...
Audit done.
[INFO] 
[INFO] --- maven-resources-plugin:2.6:resources (default-resources) @ teavm-jso ---
[INFO] Using 'UTF-8' encoding to copy filtered resources.
[INFO] skip non existing resourceDirectory /home/travis/build/[secure]/teavm/jso/core/src/main/resources
[INFO] 
[INFO] --- maven-compiler-plugin:2.5.1:compile (default-compile) @ teavm-jso ---
[INFO] Compiling 1 source file to /home/travis/build/[secure]/teavm/jso/core/target/classes
[INFO] 
[INFO] --- maven-resources-plugin:2.6:testResources (default-testResources) @ teavm-jso ---
[INFO] Using 'UTF-8' encoding to copy filtered resources.
[INFO] skip non existing resourceDirectory /home/travis/build/[secure]/teavm/jso/core/src/test/resources
[INFO] 
[INFO] --- maven-compiler-plugin:2.5.1:testCompile (default-testCompile) @ teavm-jso ---
[INFO] No sources to compile
[INFO] 
[INFO] --- maven-surefire-plugin:2.17:test (default-test) @ teavm-jso ---
[INFO] Tests are skipped.
[INFO] 
[INFO] --- maven-jar-plugin:2.6:jar (default-jar) @ teavm-jso ---
[INFO] 
[INFO] --- maven-jar-plugin:2.6:test-jar (default) @ teavm-jso ---
[WARNING] JAR will be empty - no content was marked for inclusion!
[INFO] 
[INFO] --- maven-source-plugin:2.2.1:jar-no-fork (attach-sources) @ teavm-jso ---
[INFO] 
[INFO] --- maven-javadoc-plugin:2.9.1:jar (build-javadoc) @ teavm-jso ---
[INFO] Skipping javadoc generation
[INFO] 
[INFO] --- maven-install-plugin:2.4:install (default-install) @ teavm-jso ---
[INFO] Installing /home/travis/build/[secure]/teavm/jso/core/target/teavm-jso-1.0.0-SNAPSHOT.jar to /home/travis/.m2/repository/org/teavm/teavm-jso/1.0.0-SNAPSHOT/teavm-jso-1.0.0-SNAPSHOT.jar
[INFO] Installing /home/travis/build/[secure]/teavm/jso/core/pom.xml to /home/travis/.m2/repository/org/teavm/teavm-jso/1.0.0-SNAPSHOT/teavm-jso-1.0.0-SNAPSHOT.pom
[INFO] Installing /home/travis/build/[secure]/teavm/jso/core/target/teavm-jso-1.0.0-SNAPSHOT-tests.jar to /home/travis/.m2/repository/org/teavm/teavm-jso/1.0.0-SNAPSHOT/teavm-jso-1.0.0-SNAPSHOT-tests.jar
[INFO] Installing /home/travis/build/[secure]/teavm/jso/core/target/teavm-jso-1.0.0-SNAPSHOT-sources.jar to /home/travis/.m2/repository/org/teavm/teavm-jso/1.0.0-SNAPSHOT/teavm-jso-1.0.0-SNAPSHOT-sources.jar
[INFO]                                                                         
[INFO] ------------------------------------------------------------------------
[INFO] Building TeaVM JavaScript APIs 1.0.0-SNAPSHOT
[INFO] ------------------------------------------------------------------------
[INFO] 
[INFO] --- maven-checkstyle-plugin:2.16:check (validate) @ teavm-jso-apis ---
[INFO] Starting audit...
Audit done.
[INFO] 
[INFO] --- maven-resources-plugin:2.6:resources (default-resources) @ teavm-jso-apis ---
[INFO] Using 'UTF-8' encoding to copy filtered resources.
[INFO] skip non existing resourceDirectory /home/travis/build/[secure]/teavm/jso/apis/src/main/resources
[INFO] 
[INFO] --- maven-compiler-plugin:2.5.1:compile (default-compile) @ teavm-jso-apis ---
[INFO] Nothing to compile - all classes are up to date
[INFO] 
[INFO] --- maven-resources-plugin:2.6:testResources (default-testResources) @ teavm-jso-apis ---
[INFO] Using 'UTF-8' encoding to copy filtered resources.
[INFO] skip non existing resourceDirectory /home/travis/build/[secure]/teavm/jso/apis/src/test/resources
[INFO] 
[INFO] --- maven-compiler-plugin:2.5.1:testCompile (default-testCompile) @ teavm-jso-apis ---
[INFO] No sources to compile
[INFO] 
[INFO] --- maven-surefire-plugin:2.17:test (default-test) @ teavm-jso-apis ---
[INFO] Tests are skipped.
[INFO] 
[INFO] --- maven-jar-plugin:2.6:jar (default-jar) @ teavm-jso-apis ---
[INFO] 
[INFO] --- maven-jar-plugin:2.6:test-jar (default) @ teavm-jso-apis ---
[WARNING] JAR will be empty - no content was marked for inclusion!
[INFO] 
[INFO] --- maven-source-plugin:2.2.1:jar-no-fork (attach-sources) @ teavm-jso-apis ---
[INFO] 
[INFO] --- maven-javadoc-plugin:2.9.1:jar (build-javadoc) @ teavm-jso-apis ---
[INFO] Skipping javadoc generation
[INFO] 
[INFO] --- maven-install-plugin:2.4:install (default-install) @ teavm-jso-apis ---
[INFO] Installing /home/travis/build/[secure]/teavm/jso/apis/target/teavm-jso-apis-1.0.0-SNAPSHOT.jar to /home/travis/.m2/repository/org/teavm/teavm-jso-apis/1.0.0-SNAPSHOT/teavm-jso-apis-1.0.0-SNAPSHOT.jar
[INFO] Installing /home/travis/build/[secure]/teavm/jso/apis/pom.xml to /home/travis/.m2/repository/org/teavm/teavm-jso-apis/1.0.0-SNAPSHOT/teavm-jso-apis-1.0.0-SNAPSHOT.pom
[INFO] Installing /home/travis/build/[secure]/teavm/jso/apis/target/teavm-jso-apis-1.0.0-SNAPSHOT-tests.jar to /home/travis/.m2/repository/org/teavm/teavm-jso-apis/1.0.0-SNAPSHOT/teavm-jso-apis-1.0.0-SNAPSHOT-tests.jar
[INFO] Installing /home/travis/build/[secure]/teavm/jso/apis/target/teavm-jso-apis-1.0.0-SNAPSHOT-sources.jar to /home/travis/.m2/repository/org/teavm/teavm-jso-apis/1.0.0-SNAPSHOT/teavm-jso-apis-1.0.0-SNAPSHOT-sources.jar
[INFO]                                                                         
[INFO] ------------------------------------------------------------------------
[INFO] Building TeaVM platform 1.0.0-SNAPSHOT
[INFO] ------------------------------------------------------------------------
[INFO] 
[INFO] --- maven-checkstyle-plugin:2.16:check (validate) @ teavm-platform ---
[INFO] Starting audit...
Audit done.
[INFO] 
[INFO] --- maven-resources-plugin:3.0.1:resources (default-resources) @ teavm-platform ---
[INFO] Using 'UTF-8' encoding to copy filtered resources.
[INFO] Copying 1 resource
[INFO] 
[INFO] --- maven-compiler-plugin:2.5.1:compile (default-compile) @ teavm-platform ---
[INFO] Nothing to compile - all classes are up to date
[INFO] 
[INFO] --- maven-resources-plugin:3.0.1:testResources (default-testResources) @ teavm-platform ---
[INFO] Using 'UTF-8' encoding to copy filtered resources.
[INFO] skip non existing resourceDirectory /home/travis/build/[secure]/teavm/platform/src/test/resources
[INFO] 
[INFO] --- maven-compiler-plugin:2.5.1:testCompile (default-testCompile) @ teavm-platform ---
[INFO] No sources to compile
[INFO] 
[INFO] --- maven-surefire-plugin:2.17:test (default-test) @ teavm-platform ---
[INFO] Tests are skipped.
[INFO] 
[INFO] --- maven-bundle-plugin:2.5.3:bundle (default-bundle) @ teavm-platform ---
[INFO] 
[INFO] --- maven-source-plugin:2.2.1:jar-no-fork (attach-sources) @ teavm-platform ---
[INFO] 
[INFO] --- maven-javadoc-plugin:2.9.1:jar (build-javadoc) @ teavm-platform ---
[INFO] Skipping javadoc generation
[INFO] 
[INFO] --- maven-install-plugin:2.5.2:install (default-install) @ teavm-platform ---
[INFO] Installing /home/travis/build/[secure]/teavm/platform/target/teavm-platform-1.0.0-SNAPSHOT.jar to /home/travis/.m2/repository/org/teavm/teavm-platform/1.0.0-SNAPSHOT/teavm-platform-1.0.0-SNAPSHOT.jar
[INFO] Installing /home/travis/build/[secure]/teavm/platform/pom.xml to /home/travis/.m2/repository/org/teavm/teavm-platform/1.0.0-SNAPSHOT/teavm-platform-1.0.0-SNAPSHOT.pom
[INFO] Installing /home/travis/build/[secure]/teavm/platform/target/teavm-platform-1.0.0-SNAPSHOT-sources.jar to /home/travis/.m2/repository/org/teavm/teavm-platform/1.0.0-SNAPSHOT/teavm-platform-1.0.0-SNAPSHOT-sources.jar
[INFO] 
[INFO] --- maven-bundle-plugin:2.5.3:install (default-install) @ teavm-platform ---
[INFO] Installing org/teavm/teavm-platform/1.0.0-SNAPSHOT/teavm-platform-1.0.0-SNAPSHOT.jar
[INFO] Writing OBR metadata
[INFO]                                                                         
[INFO] ------------------------------------------------------------------------
[INFO] Building TeaVM JavaScript objects - implementation 1.0.0-SNAPSHOT
[INFO] ------------------------------------------------------------------------
[INFO] 
[INFO] --- maven-checkstyle-plugin:2.16:check (validate) @ teavm-jso-impl ---
[INFO] Starting audit...
Audit done.
[INFO] 
[INFO] --- maven-resources-plugin:2.6:resources (default-resources) @ teavm-jso-impl ---
[INFO] Using 'UTF-8' encoding to copy filtered resources.
[INFO] Copying 1 resource
[INFO] 
[INFO] --- maven-compiler-plugin:2.5.1:compile (default-compile) @ teavm-jso-impl ---
[INFO] Nothing to compile - all classes are up to date
[INFO] 
[INFO] --- maven-resources-plugin:2.6:testResources (default-testResources) @ teavm-jso-impl ---
[INFO] Using 'UTF-8' encoding to copy filtered resources.
[INFO] skip non existing resourceDirectory /home/travis/build/[secure]/teavm/jso/impl/src/test/resources
[INFO] 
[INFO] --- maven-compiler-plugin:2.5.1:testCompile (default-testCompile) @ teavm-jso-impl ---
[INFO] Nothing to compile - all classes are up to date
[INFO] 
[INFO] --- maven-surefire-plugin:2.17:test (default-test) @ teavm-jso-impl ---
[INFO] Tests are skipped.
[INFO] 
[INFO] --- maven-jar-plugin:2.6:jar (default-jar) @ teavm-jso-impl ---
[INFO] 
[INFO] --- maven-source-plugin:2.2.1:jar-no-fork (attach-sources) @ teavm-jso-impl ---
[INFO] 
[INFO] --- maven-javadoc-plugin:2.9.1:jar (build-javadoc) @ teavm-jso-impl ---
[INFO] Skipping javadoc generation
[INFO] 
[INFO] --- maven-install-plugin:2.4:install (default-install) @ teavm-jso-impl ---
[INFO] Installing /home/travis/build/[secure]/teavm/jso/impl/target/teavm-jso-impl-1.0.0-SNAPSHOT.jar to /home/travis/.m2/repository/org/teavm/teavm-jso-impl/1.0.0-SNAPSHOT/teavm-jso-impl-1.0.0-SNAPSHOT.jar
[INFO] Installing /home/travis/build/[secure]/teavm/jso/impl/pom.xml to /home/travis/.m2/repository/org/teavm/teavm-jso-impl/1.0.0-SNAPSHOT/teavm-jso-impl-1.0.0-SNAPSHOT.pom
[INFO] Installing /home/travis/build/[secure]/teavm/jso/impl/target/teavm-jso-impl-1.0.0-SNAPSHOT-sources.jar to /home/travis/.m2/repository/org/teavm/teavm-jso-impl/1.0.0-SNAPSHOT/teavm-jso-impl-1.0.0-SNAPSHOT-sources.jar
[INFO]                                                                         
[INFO] ------------------------------------------------------------------------
[INFO] Building TeaVM Java class library 1.0.0-SNAPSHOT
[INFO] ------------------------------------------------------------------------
[INFO] 
[INFO] --- maven-resources-plugin:3.0.1:resources (default-resources) @ teavm-classlib ---
[INFO] Using 'UTF-8' encoding to copy filtered resources.
[INFO] Copying 19 resources
[INFO] 
[INFO] --- maven-compiler-plugin:2.5.1:compile (default-compile) @ teavm-classlib ---
[INFO] Nothing to compile - all classes are up to date
[INFO] 
[INFO] >>> exec-maven-plugin:1.2.1:java (generate-tz-cache) > validate @ teavm-classlib >>>
[INFO] 
[INFO] <<< exec-maven-plugin:1.2.1:java (generate-tz-cache) < validate @ teavm-classlib <<<
[INFO] 
[INFO] --- exec-maven-plugin:1.2.1:java (generate-tz-cache) @ teavm-classlib ---
[INFO] 
[INFO] --- maven-resources-plugin:3.0.1:testResources (default-testResources) @ teavm-classlib ---
[INFO] Using 'UTF-8' encoding to copy filtered resources.
[INFO] skip non existing resourceDirectory /home/travis/build/[secure]/teavm/classlib/src/test/resources
[INFO] 
[INFO] --- maven-compiler-plugin:2.5.1:testCompile (default-testCompile) @ teavm-classlib ---
[INFO] Nothing to compile - all classes are up to date
[INFO] 
[INFO] >>> exec-maven-plugin:1.2.1:java (generate-classlib-doc) > validate @ teavm-classlib >>>
[INFO] 
[INFO] <<< exec-maven-plugin:1.2.1:java (generate-classlib-doc) < validate @ teavm-classlib <<<
[INFO] 
[INFO] --- exec-maven-plugin:1.2.1:java (generate-classlib-doc) @ teavm-classlib ---
[INFO] 
[INFO] --- maven-surefire-plugin:2.17:test (default-test) @ teavm-classlib ---
[INFO] Tests are skipped.
[INFO] 
[INFO] --- maven-bundle-plugin:2.5.3:bundle (default-bundle) @ teavm-classlib ---
[INFO] 
[INFO] --- maven-source-plugin:2.2.1:jar-no-fork (attach-sources) @ teavm-classlib ---
[INFO] 
[INFO] --- maven-javadoc-plugin:2.9.1:jar (build-javadoc) @ teavm-classlib ---
[INFO] Skipping javadoc generation
[INFO] 
[INFO] --- maven-install-plugin:2.5.2:install (default-install) @ teavm-classlib ---
[INFO] Installing /home/travis/build/[secure]/teavm/classlib/target/teavm-classlib-1.0.0-SNAPSHOT.jar to /home/travis/.m2/repository/org/teavm/teavm-classlib/1.0.0-SNAPSHOT/teavm-classlib-1.0.0-SNAPSHOT.jar
[INFO] Installing /home/travis/build/[secure]/teavm/classlib/pom.xml to /home/travis/.m2/repository/org/teavm/teavm-classlib/1.0.0-SNAPSHOT/teavm-classlib-1.0.0-SNAPSHOT.pom
[INFO] Installing /home/travis/build/[secure]/teavm/classlib/target/teavm-classlib-1.0.0-SNAPSHOT-sources.jar to /home/travis/.m2/repository/org/teavm/teavm-classlib/1.0.0-SNAPSHOT/teavm-classlib-1.0.0-SNAPSHOT-sources.jar
[INFO] 
[INFO] --- maven-bundle-plugin:2.5.3:install (default-install) @ teavm-classlib ---
[INFO] Installing org/teavm/teavm-classlib/1.0.0-SNAPSHOT/teavm-classlib-1.0.0-SNAPSHOT.jar
[INFO] Writing OBR metadata
[INFO]                                                                         
[INFO] ------------------------------------------------------------------------
[INFO] Building TeaVM html4j support 1.0.0-SNAPSHOT
[INFO] ------------------------------------------------------------------------
[INFO] 
[INFO] --- maven-checkstyle-plugin:2.16:check (validate) @ teavm-html4j ---
[INFO] Starting audit...
Audit done.
[INFO] 
[INFO] --- maven-resources-plugin:2.6:resources (default-resources) @ teavm-html4j ---
[INFO] Using 'UTF-8' encoding to copy filtered resources.
[INFO] Copying 2 resources
[INFO] 
[INFO] --- maven-compiler-plugin:2.5.1:compile (default-compile) @ teavm-html4j ---
[INFO] Nothing to compile - all classes are up to date
[INFO] 
[INFO] --- maven-resources-plugin:2.6:testResources (default-testResources) @ teavm-html4j ---
[INFO] Using 'UTF-8' encoding to copy filtered resources.
[INFO] Copying 2 resources
[INFO] 
[INFO] --- maven-compiler-plugin:2.5.1:testCompile (default-testCompile) @ teavm-html4j ---
[INFO] Nothing to compile - all classes are up to date
[INFO] 
[INFO] --- maven-surefire-plugin:2.16:test (default-test) @ teavm-html4j ---
[INFO] Tests are skipped.
[INFO] 
[INFO] --- maven-jar-plugin:2.6:jar (default-jar) @ teavm-html4j ---
[INFO] 
[INFO] --- maven-source-plugin:2.2.1:jar-no-fork (attach-sources) @ teavm-html4j ---
[INFO] 
[INFO] --- maven-javadoc-plugin:2.9.1:jar (build-javadoc) @ teavm-html4j ---
[INFO] Skipping javadoc generation
[INFO] 
[INFO] --- maven-install-plugin:2.4:install (default-install) @ teavm-html4j ---
[INFO] Installing /home/travis/build/[secure]/teavm/html4j/target/teavm-html4j-1.0.0-SNAPSHOT.jar to /home/travis/.m2/repository/org/teavm/teavm-html4j/1.0.0-SNAPSHOT/teavm-html4j-1.0.0-SNAPSHOT.jar
[INFO] Installing /home/travis/build/[secure]/teavm/html4j/pom.xml to /home/travis/.m2/repository/org/teavm/teavm-html4j/1.0.0-SNAPSHOT/teavm-html4j-1.0.0-SNAPSHOT.pom
[INFO] Installing /home/travis/build/[secure]/teavm/html4j/target/teavm-html4j-1.0.0-SNAPSHOT-sources.jar to /home/travis/.m2/repository/org/teavm/teavm-html4j/1.0.0-SNAPSHOT/teavm-html4j-1.0.0-SNAPSHOT-sources.jar
[INFO]                                                                         
[INFO] ------------------------------------------------------------------------
[INFO] Building TeaVM samples 1.0.0-SNAPSHOT
[INFO] ------------------------------------------------------------------------
[INFO] 
[INFO] --- maven-install-plugin:2.4:install (default-install) @ teavm-samples ---
[INFO] Installing /home/travis/build/[secure]/teavm/samples/pom.xml to /home/travis/.m2/repository/org/teavm/teavm-samples/1.0.0-SNAPSHOT/teavm-samples-1.0.0-SNAPSHOT.pom
[INFO]                                                                         
[INFO] ------------------------------------------------------------------------
[INFO] Building TeaVM tooling core 1.0.0-SNAPSHOT
[INFO] ------------------------------------------------------------------------
[INFO] 
[INFO] --- maven-checkstyle-plugin:2.16:check (validate) @ teavm-tooling ---
[INFO] Starting audit...
Audit done.
[INFO] 
[INFO] --- maven-resources-plugin:3.0.1:resources (default-resources) @ teavm-tooling ---
[INFO] Using 'UTF-8' encoding to copy filtered resources.
[INFO] Copying 14 resources
[INFO] 
[INFO] --- maven-compiler-plugin:2.5.1:compile (default-compile) @ teavm-tooling ---
[INFO] Nothing to compile - all classes are up to date
[INFO] 
[INFO] --- maven-resources-plugin:3.0.1:testResources (default-testResources) @ teavm-tooling ---
[INFO] Using 'UTF-8' encoding to copy filtered resources.
[INFO] skip non existing resourceDirectory /home/travis/build/[secure]/teavm/tools/core/src/test/resources
[INFO] 
[INFO] --- maven-compiler-plugin:2.5.1:testCompile (default-testCompile) @ teavm-tooling ---
[INFO] No sources to compile
[INFO] 
[INFO] --- maven-surefire-plugin:2.17:test (default-test) @ teavm-tooling ---
[INFO] Tests are skipped.
[INFO] 
[INFO] --- maven-bundle-plugin:2.5.3:bundle (default-bundle) @ teavm-tooling ---
[WARNING] Bundle org.teavm:teavm-tooling:bundle:1.0.0-SNAPSHOT : Split package, multiple jars provide the same package:org/teavm/interop
Use Import/Export Package directive -split-package:=(merge-first|merge-last|error|first) to get rid of this warning
Package found in   [Jar:teavm-core, Jar:teavm-interop]
Class path         [Jar:., Jar:teavm-core, Jar:teavm-interop, Jar:commons-io, Jar:asm-debug-all, Jar:hppc, Jar:objenesis, Jar:kotlin-stdlib, Jar:kotlin-runtime, Jar:jackson-annotations]
[INFO] 
[INFO] --- maven-source-plugin:2.2.1:jar-no-fork (attach-sources) @ teavm-tooling ---
[INFO] 
[INFO] --- maven-javadoc-plugin:2.9.1:jar (build-javadoc) @ teavm-tooling ---
[INFO] Skipping javadoc generation
[INFO] 
[INFO] --- maven-install-plugin:2.5.2:install (default-install) @ teavm-tooling ---
[INFO] Installing /home/travis/build/[secure]/teavm/tools/core/target/teavm-tooling-1.0.0-SNAPSHOT.jar to /home/travis/.m2/repository/org/teavm/teavm-tooling/1.0.0-SNAPSHOT/teavm-tooling-1.0.0-SNAPSHOT.jar
[INFO] Installing /home/travis/build/[secure]/teavm/tools/core/pom.xml to /home/travis/.m2/repository/org/teavm/teavm-tooling/1.0.0-SNAPSHOT/teavm-tooling-1.0.0-SNAPSHOT.pom
[INFO] Installing /home/travis/build/[secure]/teavm/tools/core/target/teavm-tooling-1.0.0-SNAPSHOT-sources.jar to /home/travis/.m2/repository/org/teavm/teavm-tooling/1.0.0-SNAPSHOT/teavm-tooling-1.0.0-SNAPSHOT-sources.jar
[INFO] 
[INFO] --- maven-bundle-plugin:2.5.3:install (default-install) @ teavm-tooling ---
[INFO] Installing org/teavm/teavm-tooling/1.0.0-SNAPSHOT/teavm-tooling-1.0.0-SNAPSHOT.jar
[INFO] Writing OBR metadata
[INFO]                                                                         
[INFO] ------------------------------------------------------------------------
[INFO] Building TeaVM maven 1.0.0-SNAPSHOT
[INFO] ------------------------------------------------------------------------
[INFO] 
[INFO] --- maven-install-plugin:2.4:install (default-install) @ teavm-maven ---
[INFO] Installing /home/travis/build/[secure]/teavm/tools/maven/pom.xml to /home/travis/.m2/repository/org/teavm/teavm-maven/1.0.0-SNAPSHOT/teavm-maven-1.0.0-SNAPSHOT.pom
[INFO]                                                                         
[INFO] ------------------------------------------------------------------------
[INFO] Building TeaVM maven plugin 1.0.0-SNAPSHOT
[INFO] ------------------------------------------------------------------------
[INFO] 
[INFO] --- maven-checkstyle-plugin:2.16:check (validate) @ teavm-maven-plugin ---
[INFO] Starting audit...
Audit done.
[INFO] 
[INFO] --- maven-resources-plugin:2.6:resources (default-resources) @ teavm-maven-plugin ---
[INFO] Using 'UTF-8' encoding to copy filtered resources.
[INFO] skip non existing resourceDirectory /home/travis/build/[secure]/teavm/tools/maven/plugin/src/main/resources
[INFO] 
[INFO] --- maven-compiler-plugin:2.5.1:compile (default-compile) @ teavm-maven-plugin ---
[INFO] Nothing to compile - all classes are up to date
[INFO] 
[INFO] --- maven-plugin-plugin:3.3:descriptor (default-descriptor) @ teavm-maven-plugin ---
[INFO] Using 'UTF-8' encoding to read mojo metadata.
[INFO] Applying mojo extractor for language: java
[INFO] Mojo extractor for language: java found 0 mojo descriptors.
[INFO] Applying mojo extractor for language: bsh
[INFO] Mojo extractor for language: bsh found 0 mojo descriptors.
[INFO] Applying mojo extractor for language: java-annotations
[WARNING] Deprecated @component for project field in org.teavm.maven.TeaVMCompileMojo.: replace with @parameter name="${project}" @readonly
[INFO] Mojo extractor for language: java-annotations found 1 mojo descriptors.
[INFO] 
[INFO] --- maven-resources-plugin:2.6:testResources (default-testResources) @ teavm-maven-plugin ---
[INFO] Using 'UTF-8' encoding to copy filtered resources.
[INFO] Copying 1 resource
[INFO] 
[INFO] --- maven-compiler-plugin:2.5.1:testCompile (default-testCompile) @ teavm-maven-plugin ---
[INFO] Nothing to compile - all classes are up to date
[INFO] 
[INFO] --- maven-surefire-plugin:2.17:test (default-test) @ teavm-maven-plugin ---
[INFO] Tests are skipped.
[INFO] 
[INFO] --- maven-jar-plugin:2.6:jar (default-jar) @ teavm-maven-plugin ---
[INFO] Building jar: /home/travis/build/[secure]/teavm/tools/maven/plugin/target/teavm-maven-plugin-1.0.0-SNAPSHOT.jar
[INFO] 
[INFO] --- maven-plugin-plugin:3.3:addPluginArtifactMetadata (default-addPluginArtifactMetadata) @ teavm-maven-plugin ---
[INFO] 
[INFO] --- maven-source-plugin:2.2.1:jar-no-fork (attach-sources) @ teavm-maven-plugin ---
[INFO] 
[INFO] --- maven-javadoc-plugin:2.9.1:jar (build-javadoc) @ teavm-maven-plugin ---
[INFO] Skipping javadoc generation
[INFO] 
[INFO] --- maven-install-plugin:2.4:install (default-install) @ teavm-maven-plugin ---
[INFO] Installing /home/travis/build/[secure]/teavm/tools/maven/plugin/target/teavm-maven-plugin-1.0.0-SNAPSHOT.jar to /home/travis/.m2/repository/org/teavm/teavm-maven-plugin/1.0.0-SNAPSHOT/teavm-maven-plugin-1.0.0-SNAPSHOT.jar
[INFO] Installing /home/travis/build/[secure]/teavm/tools/maven/plugin/pom.xml to /home/travis/.m2/repository/org/teavm/teavm-maven-plugin/1.0.0-SNAPSHOT/teavm-maven-plugin-1.0.0-SNAPSHOT.pom
[INFO] Installing /home/travis/build/[secure]/teavm/tools/maven/plugin/target/teavm-maven-plugin-1.0.0-SNAPSHOT-sources.jar to /home/travis/.m2/repository/org/teavm/teavm-maven-plugin/1.0.0-SNAPSHOT/teavm-maven-plugin-1.0.0-SNAPSHOT-sources.jar
[INFO]                                                                         
[INFO] ------------------------------------------------------------------------
[INFO] Building TeaVM Hello world web application 1.0.0-SNAPSHOT
[INFO] ------------------------------------------------------------------------
[INFO] 
[INFO] --- maven-checkstyle-plugin:2.16:check (validate) @ teavm-samples-hello ---
[INFO] Starting audit...
Audit done.
[INFO] 
[INFO] --- maven-resources-plugin:2.6:resources (default-resources) @ teavm-samples-hello ---
[INFO] Using 'UTF-8' encoding to copy filtered resources.
[INFO] skip non existing resourceDirectory /home/travis/build/[secure]/teavm/samples/hello/src/main/resources
[INFO] 
[INFO] --- maven-compiler-plugin:2.5.1:compile (default-compile) @ teavm-samples-hello ---
[INFO] Nothing to compile - all classes are up to date
[INFO] 
[INFO] --- teavm-maven-plugin:1.0.0-SNAPSHOT:compile (web-client) @ teavm-samples-hello ---
[INFO] Preparing classpath for JavaScript generation
[INFO] Using the following classpath for JavaScript generation: /home/travis/build/[secure]/teavm/classlib/target/teavm-classlib-1.0.0-SNAPSHOT.jar:/home/travis/build/[secure]/teavm/platform/target/teavm-platform-1.0.0-SNAPSHOT.jar:/home/travis/build/[secure]/teavm/core/target/teavm-core-1.0.0-SNAPSHOT.jar:/home/travis/build/[secure]/teavm/interop/core/target/teavm-interop-1.0.0-SNAPSHOT.jar:/home/travis/.m2/repository/commons-io/commons-io/2.4/commons-io-2.4.jar:/home/travis/.m2/repository/com/carrotsearch/hppc/0.6.1/hppc-0.6.1.jar:/home/travis/.m2/repository/org/objenesis/objenesis/2.4/objenesis-2.4.jar:/home/travis/.m2/repository/org/jetbrains/kotlin/kotlin-stdlib/1.0.3/kotlin-stdlib-1.0.3.jar:/home/travis/.m2/repository/org/jetbrains/kotlin/kotlin-runtime/1.0.3/kotlin-runtime-1.0.3.jar:/home/travis/build/[secure]/teavm/jso/apis/target/teavm-jso-apis-1.0.0-SNAPSHOT.jar:/home/travis/build/[secure]/teavm/jso/impl/target/teavm-jso-impl-1.0.0-SNAPSHOT.jar:/home/travis/.m2/repository/org/mozilla/rhino/1.7.7/rhino-1.7.7.jar:/home/travis/.m2/repository/org/ow2/asm/asm-debug-all/5.0.4/asm-debug-all-5.0.4.jar:/home/travis/.m2/repository/com/google/code/gson/gson/2.2.4/gson-2.2.4.jar:/home/travis/.m2/repository/com/jcraft/jzlib/1.1.3/jzlib-1.1.3.jar:/home/travis/.m2/repository/joda-time/joda-time/2.7/joda-time-2.7.jar:/home/travis/build/[secure]/teavm/jso/core/target/teavm-jso-1.0.0-SNAPSHOT.jar:/home/travis/.m2/repository/javax/servlet/javax.servlet-api/3.1.0/javax.servlet-api-3.1.0.jar:/home/travis/build/[secure]/teavm/samples/hello/target/classes
[INFO] Downloading: https://oss.sonatype.org/content/repositories/releases/org/seleniumhq/selenium/selenium-java/2.47.2/selenium-java-2.47.2-sources.jar
[INFO] Downloading: https://repository.apache.org/releases/org/seleniumhq/selenium/selenium-java/2.47.2/selenium-java-2.47.2-sources.jar
[INFO] Building JavaScript file
[INFO] Output file successfully built
[INFO] Debug information successfully written
[INFO] Source maps successfully written
[INFO] Source files successfully written
[INFO] 
[INFO] --- maven-resources-plugin:2.6:testResources (default-testResources) @ teavm-samples-hello ---
[INFO] Using 'UTF-8' encoding to copy filtered resources.
[INFO] skip non existing resourceDirectory /home/travis/build/[secure]/teavm/samples/hello/src/test/resources
[INFO] 
[INFO] --- maven-compiler-plugin:2.5.1:testCompile (default-testCompile) @ teavm-samples-hello ---
[INFO] No sources to compile
[INFO] 
[INFO] --- maven-surefire-plugin:2.17:test (default-test) @ teavm-samples-hello ---
[INFO] Tests are skipped.
[INFO] 
[INFO] --- maven-war-plugin:2.4:war (default-war) @ teavm-samples-hello ---
[INFO] Packaging webapp
[INFO] Assembling webapp [teavm-samples-hello] in [/home/travis/build/[secure]/teavm/samples/hello/target/teavm-samples-hello-1.0.0-SNAPSHOT]
[INFO] Processing war project
[INFO] Copying webapp webResources [/home/travis/build/[secure]/teavm/samples/hello/target/generated/js] to [/home/travis/build/[secure]/teavm/samples/hello/target/teavm-samples-hello-1.0.0-SNAPSHOT]
[INFO] Copying webapp resources [/home/travis/build/[secure]/teavm/samples/hello/src/main/webapp]
[INFO] Webapp assembled in [180 msecs]
[INFO] Building war: /home/travis/build/[secure]/teavm/samples/hello/target/teavm-samples-hello-1.0.0-SNAPSHOT.war
[INFO] 
[INFO] --- maven-source-plugin:2.2.1:jar-no-fork (attach-sources) @ teavm-samples-hello ---
[INFO] 
[INFO] --- maven-javadoc-plugin:2.9.1:jar (build-javadoc) @ teavm-samples-hello ---
[INFO] Skipping javadoc generation
[INFO] 
[INFO] --- maven-install-plugin:2.4:install (default-install) @ teavm-samples-hello ---
[INFO] Installing /home/travis/build/[secure]/teavm/samples/hello/target/teavm-samples-hello-1.0.0-SNAPSHOT.war to /home/travis/.m2/repository/org/teavm/teavm-samples-hello/1.0.0-SNAPSHOT/teavm-samples-hello-1.0.0-SNAPSHOT.war
[INFO] Installing /home/travis/build/[secure]/teavm/samples/hello/pom.xml to /home/travis/.m2/repository/org/teavm/teavm-samples-hello/1.0.0-SNAPSHOT/teavm-samples-hello-1.0.0-SNAPSHOT.pom
[INFO] Installing /home/travis/build/[secure]/teavm/samples/hello/target/teavm-samples-hello-1.0.0-SNAPSHOT-sources.jar to /home/travis/.m2/repository/org/teavm/teavm-samples-hello/1.0.0-SNAPSHOT/teavm-samples-hello-1.0.0-SNAPSHOT-sources.jar
[INFO]                                                                         
[INFO] ------------------------------------------------------------------------
[INFO] Building TeaVM performance benchmark 1.0.0-SNAPSHOT
[INFO] ------------------------------------------------------------------------
[INFO] 
[INFO] --- maven-checkstyle-plugin:2.16:check (validate) @ teavm-samples-benchmark ---
[INFO] Starting audit...
Audit done.
[INFO] 
[INFO] --- maven-resources-plugin:2.6:resources (default-resources) @ teavm-samples-benchmark ---
[INFO] Using 'UTF-8' encoding to copy filtered resources.
[INFO] Copying 2 resources
[INFO] 
[INFO] --- maven-compiler-plugin:2.5.1:compile (default-compile) @ teavm-samples-benchmark ---
[INFO] Nothing to compile - all classes are up to date
[INFO] 
[INFO] --- teavm-maven-plugin:1.0.0-SNAPSHOT:compile (web-client) @ teavm-samples-benchmark ---
[INFO] Preparing classpath for JavaScript generation
[INFO] Using the following classpath for JavaScript generation: /home/travis/build/[secure]/teavm/classlib/target/teavm-classlib-1.0.0-SNAPSHOT.jar:/home/travis/build/[secure]/teavm/platform/target/teavm-platform-1.0.0-SNAPSHOT.jar:/home/travis/build/[secure]/teavm/core/target/teavm-core-1.0.0-SNAPSHOT.jar:/home/travis/.m2/repository/commons-io/commons-io/2.4/commons-io-2.4.jar:/home/travis/.m2/repository/com/carrotsearch/hppc/0.6.1/hppc-0.6.1.jar:/home/travis/.m2/repository/org/objenesis/objenesis/2.4/objenesis-2.4.jar:/home/travis/.m2/repository/org/jetbrains/kotlin/kotlin-stdlib/1.0.3/kotlin-stdlib-1.0.3.jar:/home/travis/.m2/repository/org/jetbrains/kotlin/kotlin-runtime/1.0.3/kotlin-runtime-1.0.3.jar:/home/travis/build/[secure]/teavm/jso/core/target/teavm-jso-1.0.0-SNAPSHOT.jar:/home/travis/build/[secure]/teavm/jso/impl/target/teavm-jso-impl-1.0.0-SNAPSHOT.jar:/home/travis/.m2/repository/org/mozilla/rhino/1.7.7/rhino-1.7.7.jar:/home/travis/.m2/repository/org/ow2/asm/asm-debug-all/5.0.4/asm-debug-all-5.0.4.jar:/home/travis/.m2/repository/com/google/code/gson/gson/2.2.4/gson-2.2.4.jar:/home/travis/.m2/repository/com/jcraft/jzlib/1.1.3/jzlib-1.1.3.jar:/home/travis/.m2/repository/joda-time/joda-time/2.7/joda-time-2.7.jar:/home/travis/build/[secure]/teavm/jso/apis/target/teavm-jso-apis-1.0.0-SNAPSHOT.jar:/home/travis/build/[secure]/teavm/interop/core/target/teavm-interop-1.0.0-SNAPSHOT.jar:/home/travis/.m2/repository/org/jbox2d/jbox2d-library/2.2.1.1/jbox2d-library-2.2.1.1.jar:/home/travis/.m2/repository/org/jbox2d/jbox2d-library/2.2.1.1/jbox2d-library-2.2.1.1-sources.jar:/home/travis/.m2/repository/org/apidesign/bck2brwsr/emul/0.17/emul-0.17-rt.jar:/home/travis/.m2/repository/com/google/gwt/gwt-user/2.7.0/gwt-user-2.7.0.jar:/home/travis/.m2/repository/javax/validation/validation-api/1.0.0.GA/validation-api-1.0.0.GA.jar:/home/travis/.m2/repository/javax/validation/validation-api/1.0.0.GA/validation-api-1.0.0.GA-sources.jar:/home/travis/.m2/repository/com/dukescript/canvas/html5-canvas/0.7.2/html5-canvas-0.7.2.jar:/home/travis/.m2/repository/com/dukescript/canvas/canvas-api/0.7.2/canvas-api-0.7.2.jar:/home/travis/.m2/repository/org/apidesign/bck2brwsr/ko-bck2brwsr/0.17/ko-bck2brwsr-0.17-bck2brwsr.jar:/home/travis/.m2/repository/org/netbeans/html/net.java.html.json/1.2.3/net.java.html.json-1.2.3.jar:/home/travis/.m2/repository/org/netbeans/html/ko4j/1.2.3/ko4j-1.2.3.jar:/home/travis/.m2/repository/org/netbeans/html/net.java.html.geo/1.2.3/net.java.html.geo-1.2.3.jar:/home/travis/.m2/repository/org/netbeans/html/net.java.html.sound/1.2.3/net.java.html.sound-1.2.3.jar:/home/travis/.m2/repository/org/netbeans/html/net.java.html.boot/1.2.3/net.java.html.boot-1.2.3.jar:/home/travis/.m2/repository/org/netbeans/html/net.java.html/1.2.3/net.java.html-1.2.3.jar:/home/travis/build/[secure]/teavm/samples/benchmark/target/classes
[INFO] Building JavaScript file
[INFO] Output file successfully built
[INFO] Debug information successfully written
[INFO] 
[INFO] --- teavm-maven-plugin:1.0.0-SNAPSHOT:compile (wasm-client) @ teavm-samples-benchmark ---
[INFO] Preparing classpath for JavaScript generation
[INFO] Using the following classpath for JavaScript generation: /home/travis/build/[secure]/teavm/classlib/target/teavm-classlib-1.0.0-SNAPSHOT.jar:/home/travis/build/[secure]/teavm/platform/target/teavm-platform-1.0.0-SNAPSHOT.jar:/home/travis/build/[secure]/teavm/core/target/teavm-core-1.0.0-SNAPSHOT.jar:/home/travis/.m2/repository/commons-io/commons-io/2.4/commons-io-2.4.jar:/home/travis/.m2/repository/com/carrotsearch/hppc/0.6.1/hppc-0.6.1.jar:/home/travis/.m2/repository/org/objenesis/objenesis/2.4/objenesis-2.4.jar:/home/travis/.m2/repository/org/jetbrains/kotlin/kotlin-stdlib/1.0.3/kotlin-stdlib-1.0.3.jar:/home/travis/.m2/repository/org/jetbrains/kotlin/kotlin-runtime/1.0.3/kotlin-runtime-1.0.3.jar:/home/travis/build/[secure]/teavm/jso/core/target/teavm-jso-1.0.0-SNAPSHOT.jar:/home/travis/build/[secure]/teavm/jso/impl/target/teavm-jso-impl-1.0.0-SNAPSHOT.jar:/home/travis/.m2/repository/org/mozilla/rhino/1.7.7/rhino-1.7.7.jar:/home/travis/.m2/repository/org/ow2/asm/asm-debug-all/5.0.4/asm-debug-all-5.0.4.jar:/home/travis/.m2/repository/com/google/code/gson/gson/2.2.4/gson-2.2.4.jar:/home/travis/.m2/repository/com/jcraft/jzlib/1.1.3/jzlib-1.1.3.jar:/home/travis/.m2/repository/joda-time/joda-time/2.7/joda-time-2.7.jar:/home/travis/build/[secure]/teavm/jso/apis/target/teavm-jso-apis-1.0.0-SNAPSHOT.jar:/home/travis/build/[secure]/teavm/interop/core/target/teavm-interop-1.0.0-SNAPSHOT.jar:/home/travis/.m2/repository/org/jbox2d/jbox2d-library/2.2.1.1/jbox2d-library-2.2.1.1.jar:/home/travis/.m2/repository/org/jbox2d/jbox2d-library/2.2.1.1/jbox2d-library-2.2.1.1-sources.jar:/home/travis/.m2/repository/org/apidesign/bck2brwsr/emul/0.17/emul-0.17-rt.jar:/home/travis/.m2/repository/com/google/gwt/gwt-user/2.7.0/gwt-user-2.7.0.jar:/home/travis/.m2/repository/javax/validation/validation-api/1.0.0.GA/validation-api-1.0.0.GA.jar:/home/travis/.m2/repository/javax/validation/validation-api/1.0.0.GA/validation-api-1.0.0.GA-sources.jar:/home/travis/.m2/repository/com/dukescript/canvas/html5-canvas/0.7.2/html5-canvas-0.7.2.jar:/home/travis/.m2/repository/com/dukescript/canvas/canvas-api/0.7.2/canvas-api-0.7.2.jar:/home/travis/.m2/repository/org/apidesign/bck2brwsr/ko-bck2brwsr/0.17/ko-bck2brwsr-0.17-bck2brwsr.jar:/home/travis/.m2/repository/org/netbeans/html/net.java.html.json/1.2.3/net.java.html.json-1.2.3.jar:/home/travis/.m2/repository/org/netbeans/html/ko4j/1.2.3/ko4j-1.2.3.jar:/home/travis/.m2/repository/org/netbeans/html/net.java.html.geo/1.2.3/net.java.html.geo-1.2.3.jar:/home/travis/.m2/repository/org/netbeans/html/net.java.html.sound/1.2.3/net.java.html.sound-1.2.3.jar:/home/travis/.m2/repository/org/netbeans/html/net.java.html.boot/1.2.3/net.java.html.boot-1.2.3.jar:/home/travis/.m2/repository/org/netbeans/html/net.java.html/1.2.3/net.java.html-1.2.3.jar:/home/travis/build/[secure]/teavm/samples/benchmark/target/classes
[INFO] Building JavaScript file
[INFO] ------------------------------------------------------------------------
[INFO] Reactor Summary:
[INFO] 
[INFO] TeaVM .............................................. SUCCESS [  0.253 s]
[INFO] TeaVM metaprogramming API .......................... SUCCESS [ 11.421 s]
[INFO] TeaVM interop API .................................. SUCCESS [  5.946 s]
[INFO] TeaVM core ......................................... SUCCESS [  6.536 s]
[INFO] TeaVM JavaScript objects ........................... SUCCESS [  2.359 s]
[INFO] TeaVM JavaScript APIs .............................. SUCCESS [  1.535 s]
[INFO] TeaVM platform ..................................... SUCCESS [  1.497 s]
[INFO] TeaVM JavaScript objects - implementation .......... SUCCESS [  0.727 s]
[INFO] TeaVM Java class library ........................... SUCCESS [ 16.895 s]
[INFO] TeaVM html4j support ............................... SUCCESS [  0.957 s]
[INFO] TeaVM samples ...................................... SUCCESS [  0.006 s]
[INFO] TeaVM tooling core ................................. SUCCESS [  1.599 s]
[INFO] TeaVM maven ........................................ SUCCESS [  0.005 s]
[INFO] TeaVM maven plugin ................................. SUCCESS [  4.723 s]
[INFO] TeaVM Hello world web application .................. SUCCESS [  8.125 s]
[INFO] TeaVM performance benchmark ........................ FAILURE [ 27.203 s]
[INFO] TeaVM Web Storage web application .................. SKIPPED
[INFO] TeaVM HTML5 video web application .................. SKIPPED
[INFO] TeaVM CPS demo ..................................... SKIPPED
[INFO] TeaVM Kotlin web application ....................... SKIPPED
[INFO] TeaVM Scala example ................................ SKIPPED
[INFO] TeaVM CLI .......................................... SKIPPED
[INFO] TeaVM maven web application archetype .............. SKIPPED
[INFO] TeaVM debugging backend for Google Chrome RDP ...... SKIPPED
[INFO] teavm-junit ........................................ SKIPPED
[INFO] TeaVM metaprogramming API implementation ........... SKIPPED
[INFO] TeaVM tests ........................................ SKIPPED
[INFO] TeaVM slf4j ........................................ SKIPPED
[INFO] ------------------------------------------------------------------------
[INFO] BUILD FAILURE
[INFO] ------------------------------------------------------------------------
[INFO] Total time: 01:32 min
[INFO] Finished at: 2016-10-20T09:35:41+00:00
[INFO] Final Memory: 50M/492M
[INFO] ------------------------------------------------------------------------
[ERROR] Failed to execute goal org.teavm:teavm-maven-plugin:1.0.0-SNAPSHOT:compile (wasm-client) on project teavm-samples-benchmark: Unexpected error occured: NullPointerException -> [Help 1]
[ERROR] 
[ERROR] To see the full stack trace of the errors, re-run Maven with the -e switch.
[ERROR] Re-run Maven using the -X switch to enable full debug logging.
[ERROR] 
[ERROR] For more information about the errors and possible solutions, please read the following articles:
[ERROR] [Help 1] http://cwiki.apache.org/confluence/display/MAVEN/MojoExecutionException
[ERROR] 
[ERROR] After correcting the problems, you can resume the build with the command
[ERROR]   mvn <goals> -rf :teavm-samples-benchmark

[31;1mThe command "eval mvn install -DskipTests=true -Dmaven.javadoc.skip=true -B -V" failed. Retrying, 3 of 3.[0m

Java HotSpot(TM) 64-Bit Server VM warning: ignoring option MaxPermSize=192m; support was removed in 8.0
Apache Maven 3.2.5 (12a6b3acb947671f09b81f49094c53f426d8cea1; 2014-12-14T17:29:23+00:00)
Maven home: /usr/local/maven
Java version: 1.8.0_31, vendor: Oracle Corporation
Java home: /usr/lib/jvm/java-8-oracle/jre
Default locale: en_US, platform encoding: UTF-8
OS name: "linux", version: "3.13.0-40-generic", arch: "amd64", family: "unix"
[INFO] Scanning for projects...
[INFO] ------------------------------------------------------------------------
[INFO] Reactor Build Order:
[INFO] 
[INFO] TeaVM
[INFO] TeaVM metaprogramming API
[INFO] TeaVM interop API
[INFO] TeaVM core
[INFO] TeaVM JavaScript objects
[INFO] TeaVM JavaScript APIs
[INFO] TeaVM platform
[INFO] TeaVM JavaScript objects - implementation
[INFO] TeaVM Java class library
[INFO] TeaVM html4j support
[INFO] TeaVM samples
[INFO] TeaVM tooling core
[INFO] TeaVM maven
[INFO] TeaVM maven plugin
[INFO] TeaVM Hello world web application
[INFO] TeaVM performance benchmark
[INFO] TeaVM Web Storage web application
[INFO] TeaVM HTML5 video web application
[INFO] TeaVM CPS demo
[INFO] TeaVM Kotlin web application
[INFO] TeaVM Scala example
[INFO] TeaVM CLI
[INFO] TeaVM maven web application archetype
[INFO] TeaVM debugging backend for Google Chrome RDP
[INFO] teavm-junit
[INFO] TeaVM metaprogramming API implementation
[INFO] TeaVM tests
[INFO] TeaVM slf4j
[INFO]                                                                         
[INFO] ------------------------------------------------------------------------
[INFO] Building TeaVM 1.0.0-SNAPSHOT
[INFO] ------------------------------------------------------------------------
[INFO] 
[INFO] --- maven-install-plugin:2.4:install (default-install) @ teavm ---
[INFO] Installing /home/travis/build/[secure]/teavm/pom.xml to /home/travis/.m2/repository/org/teavm/teavm/1.0.0-SNAPSHOT/teavm-1.0.0-SNAPSHOT.pom
[INFO]                                                                         
[INFO] ------------------------------------------------------------------------
[INFO] Building TeaVM metaprogramming API 1.0.0-SNAPSHOT
[INFO] ------------------------------------------------------------------------
[INFO] 
[INFO] --- maven-checkstyle-plugin:2.16:check (validate) @ teavm-metaprogramming-api ---
[INFO] Starting audit...
Audit done.
[INFO] 
[INFO] --- maven-resources-plugin:3.0.1:resources (default-resources) @ teavm-metaprogramming-api ---
[INFO] Using 'UTF-8' encoding to copy filtered resources.
[INFO] skip non existing resourceDirectory /home/travis/build/[secure]/teavm/metaprogramming/api/src/main/resources
[INFO] 
[INFO] --- maven-compiler-plugin:2.5.1:compile (default-compile) @ teavm-metaprogramming-api ---
[INFO] Nothing to compile - all classes are up to date
[INFO] 
[INFO] --- maven-resources-plugin:3.0.1:testResources (default-testResources) @ teavm-metaprogramming-api ---
[INFO] Using 'UTF-8' encoding to copy filtered resources.
[INFO] skip non existing resourceDirectory /home/travis/build/[secure]/teavm/metaprogramming/api/src/test/resources
[INFO] 
[INFO] --- maven-compiler-plugin:2.5.1:testCompile (default-testCompile) @ teavm-metaprogramming-api ---
[INFO] No sources to compile
[INFO] 
[INFO] --- maven-surefire-plugin:2.17:test (default-test) @ teavm-metaprogramming-api ---
[INFO] Tests are skipped.
[INFO] 
[INFO] --- maven-bundle-plugin:2.5.3:bundle (default-bundle) @ teavm-metaprogramming-api ---
[INFO] 
[INFO] --- maven-jar-plugin:2.6:test-jar (default) @ teavm-metaprogramming-api ---
[WARNING] JAR will be empty - no content was marked for inclusion!
[INFO] 
[INFO] --- maven-source-plugin:2.2.1:jar-no-fork (attach-sources) @ teavm-metaprogramming-api ---
[INFO] 
[INFO] --- maven-javadoc-plugin:2.9.1:jar (build-javadoc) @ teavm-metaprogramming-api ---
[INFO] Skipping javadoc generation
[INFO] 
[INFO] --- maven-install-plugin:2.5.2:install (default-install) @ teavm-metaprogramming-api ---
[INFO] Installing /home/travis/build/[secure]/teavm/metaprogramming/api/target/teavm-metaprogramming-api-1.0.0-SNAPSHOT.jar to /home/travis/.m2/repository/org/teavm/teavm-metaprogramming-api/1.0.0-SNAPSHOT/teavm-metaprogramming-api-1.0.0-SNAPSHOT.jar
[INFO] Installing /home/travis/build/[secure]/teavm/metaprogramming/api/pom.xml to /home/travis/.m2/repository/org/teavm/teavm-metaprogramming-api/1.0.0-SNAPSHOT/teavm-metaprogramming-api-1.0.0-SNAPSHOT.pom
[INFO] Installing /home/travis/build/[secure]/teavm/metaprogramming/api/target/teavm-metaprogramming-api-1.0.0-SNAPSHOT-tests.jar to /home/travis/.m2/repository/org/teavm/teavm-metaprogramming-api/1.0.0-SNAPSHOT/teavm-metaprogramming-api-1.0.0-SNAPSHOT-tests.jar
[INFO] Installing /home/travis/build/[secure]/teavm/metaprogramming/api/target/teavm-metaprogramming-api-1.0.0-SNAPSHOT-sources.jar to /home/travis/.m2/repository/org/teavm/teavm-metaprogramming-api/1.0.0-SNAPSHOT/teavm-metaprogramming-api-1.0.0-SNAPSHOT-sources.jar
[INFO] 
[INFO] --- maven-bundle-plugin:2.5.3:install (default-install) @ teavm-metaprogramming-api ---
[INFO] Installing org/teavm/teavm-metaprogramming-api/1.0.0-SNAPSHOT/teavm-metaprogramming-api-1.0.0-SNAPSHOT.jar
[INFO] Writing OBR metadata
[INFO]                                                                         
[INFO] ------------------------------------------------------------------------
[INFO] Building TeaVM interop API 1.0.0-SNAPSHOT
[INFO] ------------------------------------------------------------------------
[INFO] 
[INFO] --- maven-checkstyle-plugin:2.16:check (validate) @ teavm-interop ---
[INFO] Starting audit...
Audit done.
[INFO] 
[INFO] --- maven-resources-plugin:2.6:resources (default-resources) @ teavm-interop ---
[INFO] Using 'UTF-8' encoding to copy filtered resources.
[INFO] skip non existing resourceDirectory /home/travis/build/[secure]/teavm/interop/core/src/main/resources
[INFO] 
[INFO] --- maven-compiler-plugin:2.5.1:compile (default-compile) @ teavm-interop ---
[INFO] Nothing to compile - all classes are up to date
[INFO] 
[INFO] --- maven-resources-plugin:2.6:testResources (default-testResources) @ teavm-interop ---
[INFO] Using 'UTF-8' encoding to copy filtered resources.
[INFO] skip non existing resourceDirectory /home/travis/build/[secure]/teavm/interop/core/src/test/resources
[INFO] 
[INFO] --- maven-compiler-plugin:2.5.1:testCompile (default-testCompile) @ teavm-interop ---
[INFO] No sources to compile
[INFO] 
[INFO] --- maven-surefire-plugin:2.17:test (default-test) @ teavm-interop ---
[INFO] Tests are skipped.
[INFO] 
[INFO] --- maven-jar-plugin:2.6:jar (default-jar) @ teavm-interop ---
[INFO] 
[INFO] --- maven-jar-plugin:2.6:test-jar (default) @ teavm-interop ---
[WARNING] JAR will be empty - no content was marked for inclusion!
[INFO] 
[INFO] --- maven-source-plugin:2.2.1:jar-no-fork (attach-sources) @ teavm-interop ---
[INFO] 
[INFO] --- maven-javadoc-plugin:2.9.1:jar (build-javadoc) @ teavm-interop ---
[INFO] Skipping javadoc generation
[INFO] 
[INFO] --- maven-install-plugin:2.4:install (default-install) @ teavm-interop ---
[INFO] Installing /home/travis/build/[secure]/teavm/interop/core/target/teavm-interop-1.0.0-SNAPSHOT.jar to /home/travis/.m2/repository/org/teavm/teavm-interop/1.0.0-SNAPSHOT/teavm-interop-1.0.0-SNAPSHOT.jar
[INFO] Installing /home/travis/build/[secure]/teavm/interop/core/pom.xml to /home/travis/.m2/repository/org/teavm/teavm-interop/1.0.0-SNAPSHOT/teavm-interop-1.0.0-SNAPSHOT.pom
[INFO] Installing /home/travis/build/[secure]/teavm/interop/core/target/teavm-interop-1.0.0-SNAPSHOT-tests.jar to /home/travis/.m2/repository/org/teavm/teavm-interop/1.0.0-SNAPSHOT/teavm-interop-1.0.0-SNAPSHOT-tests.jar
[INFO] Installing /home/travis/build/[secure]/teavm/interop/core/target/teavm-interop-1.0.0-SNAPSHOT-sources.jar to /home/travis/.m2/repository/org/teavm/teavm-interop/1.0.0-SNAPSHOT/teavm-interop-1.0.0-SNAPSHOT-sources.jar
[INFO]                                                                         
[INFO] ------------------------------------------------------------------------
[INFO] Building TeaVM core 1.0.0-SNAPSHOT
[INFO] ------------------------------------------------------------------------
[INFO] 
[INFO] --- maven-checkstyle-plugin:2.16:check (validate) @ teavm-core ---
[INFO] Starting audit...
Audit done.
[INFO] 
[INFO] --- kotlin-maven-plugin:1.0.3:compile (compile) @ teavm-core ---
[INFO] Kotlin Compiler version 1.0.3
[WARNING] No sources found skipping Kotlin compile
[INFO] 
[INFO] --- maven-resources-plugin:3.0.1:resources (default-resources) @ teavm-core ---
[INFO] Using 'UTF-8' encoding to copy filtered resources.
[INFO] Copying 1 resource
[INFO] 
[INFO] --- maven-compiler-plugin:2.5.1:compile (default-compile) @ teavm-core ---
[INFO] Compiling 1 source file to /home/travis/build/[secure]/teavm/core/target/classes
[INFO] 
[INFO] --- maven-resources-plugin:3.0.1:testResources (default-testResources) @ teavm-core ---
[INFO] Using 'UTF-8' encoding to copy filtered resources.
[INFO] Copying 0 resource
[INFO] 
[INFO] --- maven-compiler-plugin:2.5.1:testCompile (default-testCompile) @ teavm-core ---
[INFO] Nothing to compile - all classes are up to date
[INFO] 
[INFO] --- maven-surefire-plugin:2.17:test (default-test) @ teavm-core ---
[INFO] Tests are skipped.
[INFO] 
[INFO] --- maven-bundle-plugin:2.5.3:bundle (default-bundle) @ teavm-core ---
[INFO] 
[INFO] --- maven-source-plugin:2.2.1:jar-no-fork (attach-sources) @ teavm-core ---
[INFO] 
[INFO] --- maven-javadoc-plugin:2.9.1:jar (build-javadoc) @ teavm-core ---
[INFO] Skipping javadoc generation
[INFO] 
[INFO] --- maven-install-plugin:2.5.2:install (default-install) @ teavm-core ---
[INFO] Installing /home/travis/build/[secure]/teavm/core/target/teavm-core-1.0.0-SNAPSHOT.jar to /home/travis/.m2/repository/org/teavm/teavm-core/1.0.0-SNAPSHOT/teavm-core-1.0.0-SNAPSHOT.jar
[INFO] Installing /home/travis/build/[secure]/teavm/core/pom.xml to /home/travis/.m2/repository/org/teavm/teavm-core/1.0.0-SNAPSHOT/teavm-core-1.0.0-SNAPSHOT.pom
[INFO] Installing /home/travis/build/[secure]/teavm/core/target/teavm-core-1.0.0-SNAPSHOT-sources.jar to /home/travis/.m2/repository/org/teavm/teavm-core/1.0.0-SNAPSHOT/teavm-core-1.0.0-SNAPSHOT-sources.jar
[INFO] 
[INFO] --- maven-bundle-plugin:2.5.3:install (default-install) @ teavm-core ---
[INFO] Installing org/teavm/teavm-core/1.0.0-SNAPSHOT/teavm-core-1.0.0-SNAPSHOT.jar
[INFO] Writing OBR metadata
[INFO]                                                                         
[INFO] ------------------------------------------------------------------------
[INFO] Building TeaVM JavaScript objects 1.0.0-SNAPSHOT
[INFO] ------------------------------------------------------------------------
[INFO] 
[INFO] --- maven-checkstyle-plugin:2.16:check (validate) @ teavm-jso ---
[INFO] Starting audit...
Audit done.
[INFO] 
[INFO] --- maven-resources-plugin:2.6:resources (default-resources) @ teavm-jso ---
[INFO] Using 'UTF-8' encoding to copy filtered resources.
[INFO] skip non existing resourceDirectory /home/travis/build/[secure]/teavm/jso/core/src/main/resources
[INFO] 
[INFO] --- maven-compiler-plugin:2.5.1:compile (default-compile) @ teavm-jso ---
[INFO] Compiling 1 source file to /home/travis/build/[secure]/teavm/jso/core/target/classes
[INFO] 
[INFO] --- maven-resources-plugin:2.6:testResources (default-testResources) @ teavm-jso ---
[INFO] Using 'UTF-8' encoding to copy filtered resources.
[INFO] skip non existing resourceDirectory /home/travis/build/[secure]/teavm/jso/core/src/test/resources
[INFO] 
[INFO] --- maven-compiler-plugin:2.5.1:testCompile (default-testCompile) @ teavm-jso ---
[INFO] No sources to compile
[INFO] 
[INFO] --- maven-surefire-plugin:2.17:test (default-test) @ teavm-jso ---
[INFO] Tests are skipped.
[INFO] 
[INFO] --- maven-jar-plugin:2.6:jar (default-jar) @ teavm-jso ---
[INFO] 
[INFO] --- maven-jar-plugin:2.6:test-jar (default) @ teavm-jso ---
[WARNING] JAR will be empty - no content was marked for inclusion!
[INFO] 
[INFO] --- maven-source-plugin:2.2.1:jar-no-fork (attach-sources) @ teavm-jso ---
[INFO] 
[INFO] --- maven-javadoc-plugin:2.9.1:jar (build-javadoc) @ teavm-jso ---
[INFO] Skipping javadoc generation
[INFO] 
[INFO] --- maven-install-plugin:2.4:install (default-install) @ teavm-jso ---
[INFO] Installing /home/travis/build/[secure]/teavm/jso/core/target/teavm-jso-1.0.0-SNAPSHOT.jar to /home/travis/.m2/repository/org/teavm/teavm-jso/1.0.0-SNAPSHOT/teavm-jso-1.0.0-SNAPSHOT.jar
[INFO] Installing /home/travis/build/[secure]/teavm/jso/core/pom.xml to /home/travis/.m2/repository/org/teavm/teavm-jso/1.0.0-SNAPSHOT/teavm-jso-1.0.0-SNAPSHOT.pom
[INFO] Installing /home/travis/build/[secure]/teavm/jso/core/target/teavm-jso-1.0.0-SNAPSHOT-tests.jar to /home/travis/.m2/repository/org/teavm/teavm-jso/1.0.0-SNAPSHOT/teavm-jso-1.0.0-SNAPSHOT-tests.jar
[INFO] Installing /home/travis/build/[secure]/teavm/jso/core/target/teavm-jso-1.0.0-SNAPSHOT-sources.jar to /home/travis/.m2/repository/org/teavm/teavm-jso/1.0.0-SNAPSHOT/teavm-jso-1.0.0-SNAPSHOT-sources.jar
[INFO]                                                                         
[INFO] ------------------------------------------------------------------------
[INFO] Building TeaVM JavaScript APIs 1.0.0-SNAPSHOT
[INFO] ------------------------------------------------------------------------
[INFO] 
[INFO] --- maven-checkstyle-plugin:2.16:check (validate) @ teavm-jso-apis ---
[INFO] Starting audit...
Audit done.
[INFO] 
[INFO] --- maven-resources-plugin:2.6:resources (default-resources) @ teavm-jso-apis ---
[INFO] Using 'UTF-8' encoding to copy filtered resources.
[INFO] skip non existing resourceDirectory /home/travis/build/[secure]/teavm/jso/apis/src/main/resources
[INFO] 
[INFO] --- maven-compiler-plugin:2.5.1:compile (default-compile) @ teavm-jso-apis ---
[INFO] Nothing to compile - all classes are up to date
[INFO] 
[INFO] --- maven-resources-plugin:2.6:testResources (default-testResources) @ teavm-jso-apis ---
[INFO] Using 'UTF-8' encoding to copy filtered resources.
[INFO] skip non existing resourceDirectory /home/travis/build/[secure]/teavm/jso/apis/src/test/resources
[INFO] 
[INFO] --- maven-compiler-plugin:2.5.1:testCompile (default-testCompile) @ teavm-jso-apis ---
[INFO] No sources to compile
[INFO] 
[INFO] --- maven-surefire-plugin:2.17:test (default-test) @ teavm-jso-apis ---
[INFO] Tests are skipped.
[INFO] 
[INFO] --- maven-jar-plugin:2.6:jar (default-jar) @ teavm-jso-apis ---
[INFO] 
[INFO] --- maven-jar-plugin:2.6:test-jar (default) @ teavm-jso-apis ---
[WARNING] JAR will be empty - no content was marked for inclusion!
[INFO] 
[INFO] --- maven-source-plugin:2.2.1:jar-no-fork (attach-sources) @ teavm-jso-apis ---
[INFO] 
[INFO] --- maven-javadoc-plugin:2.9.1:jar (build-javadoc) @ teavm-jso-apis ---
[INFO] Skipping javadoc generation
[INFO] 
[INFO] --- maven-install-plugin:2.4:install (default-install) @ teavm-jso-apis ---
[INFO] Installing /home/travis/build/[secure]/teavm/jso/apis/target/teavm-jso-apis-1.0.0-SNAPSHOT.jar to /home/travis/.m2/repository/org/teavm/teavm-jso-apis/1.0.0-SNAPSHOT/teavm-jso-apis-1.0.0-SNAPSHOT.jar
[INFO] Installing /home/travis/build/[secure]/teavm/jso/apis/pom.xml to /home/travis/.m2/repository/org/teavm/teavm-jso-apis/1.0.0-SNAPSHOT/teavm-jso-apis-1.0.0-SNAPSHOT.pom
[INFO] Installing /home/travis/build/[secure]/teavm/jso/apis/target/teavm-jso-apis-1.0.0-SNAPSHOT-tests.jar to /home/travis/.m2/repository/org/teavm/teavm-jso-apis/1.0.0-SNAPSHOT/teavm-jso-apis-1.0.0-SNAPSHOT-tests.jar
[INFO] Installing /home/travis/build/[secure]/teavm/jso/apis/target/teavm-jso-apis-1.0.0-SNAPSHOT-sources.jar to /home/travis/.m2/repository/org/teavm/teavm-jso-apis/1.0.0-SNAPSHOT/teavm-jso-apis-1.0.0-SNAPSHOT-sources.jar
[INFO]                                                                         
[INFO] ------------------------------------------------------------------------
[INFO] Building TeaVM platform 1.0.0-SNAPSHOT
[INFO] ------------------------------------------------------------------------
[INFO] 
[INFO] --- maven-checkstyle-plugin:2.16:check (validate) @ teavm-platform ---
[INFO] Starting audit...
Audit done.
[INFO] 
[INFO] --- maven-resources-plugin:3.0.1:resources (default-resources) @ teavm-platform ---
[INFO] Using 'UTF-8' encoding to copy filtered resources.
[INFO] Copying 1 resource
[INFO] 
[INFO] --- maven-compiler-plugin:2.5.1:compile (default-compile) @ teavm-platform ---
[INFO] Nothing to compile - all classes are up to date
[INFO] 
[INFO] --- maven-resources-plugin:3.0.1:testResources (default-testResources) @ teavm-platform ---
[INFO] Using 'UTF-8' encoding to copy filtered resources.
[INFO] skip non existing resourceDirectory /home/travis/build/[secure]/teavm/platform/src/test/resources
[INFO] 
[INFO] --- maven-compiler-plugin:2.5.1:testCompile (default-testCompile) @ teavm-platform ---
[INFO] No sources to compile
[INFO] 
[INFO] --- maven-surefire-plugin:2.17:test (default-test) @ teavm-platform ---
[INFO] Tests are skipped.
[INFO] 
[INFO] --- maven-bundle-plugin:2.5.3:bundle (default-bundle) @ teavm-platform ---
[INFO] 
[INFO] --- maven-source-plugin:2.2.1:jar-no-fork (attach-sources) @ teavm-platform ---
[INFO] 
[INFO] --- maven-javadoc-plugin:2.9.1:jar (build-javadoc) @ teavm-platform ---
[INFO] Skipping javadoc generation
[INFO] 
[INFO] --- maven-install-plugin:2.5.2:install (default-install) @ teavm-platform ---
[INFO] Installing /home/travis/build/[secure]/teavm/platform/target/teavm-platform-1.0.0-SNAPSHOT.jar to /home/travis/.m2/repository/org/teavm/teavm-platform/1.0.0-SNAPSHOT/teavm-platform-1.0.0-SNAPSHOT.jar
[INFO] Installing /home/travis/build/[secure]/teavm/platform/pom.xml to /home/travis/.m2/repository/org/teavm/teavm-platform/1.0.0-SNAPSHOT/teavm-platform-1.0.0-SNAPSHOT.pom
[INFO] Installing /home/travis/build/[secure]/teavm/platform/target/teavm-platform-1.0.0-SNAPSHOT-sources.jar to /home/travis/.m2/repository/org/teavm/teavm-platform/1.0.0-SNAPSHOT/teavm-platform-1.0.0-SNAPSHOT-sources.jar
[INFO] 
[INFO] --- maven-bundle-plugin:2.5.3:install (default-install) @ teavm-platform ---
[INFO] Installing org/teavm/teavm-platform/1.0.0-SNAPSHOT/teavm-platform-1.0.0-SNAPSHOT.jar
[INFO] Writing OBR metadata
[INFO]                                                                         
[INFO] ------------------------------------------------------------------------
[INFO] Building TeaVM JavaScript objects - implementation 1.0.0-SNAPSHOT
[INFO] ------------------------------------------------------------------------
[INFO] 
[INFO] --- maven-checkstyle-plugin:2.16:check (validate) @ teavm-jso-impl ---
[INFO] Starting audit...
Audit done.
[INFO] 
[INFO] --- maven-resources-plugin:2.6:resources (default-resources) @ teavm-jso-impl ---
[INFO] Using 'UTF-8' encoding to copy filtered resources.
[INFO] Copying 1 resource
[INFO] 
[INFO] --- maven-compiler-plugin:2.5.1:compile (default-compile) @ teavm-jso-impl ---
[INFO] Nothing to compile - all classes are up to date
[INFO] 
[INFO] --- maven-resources-plugin:2.6:testResources (default-testResources) @ teavm-jso-impl ---
[INFO] Using 'UTF-8' encoding to copy filtered resources.
[INFO] skip non existing resourceDirectory /home/travis/build/[secure]/teavm/jso/impl/src/test/resources
[INFO] 
[INFO] --- maven-compiler-plugin:2.5.1:testCompile (default-testCompile) @ teavm-jso-impl ---
[INFO] Nothing to compile - all classes are up to date
[INFO] 
[INFO] --- maven-surefire-plugin:2.17:test (default-test) @ teavm-jso-impl ---
[INFO] Tests are skipped.
[INFO] 
[INFO] --- maven-jar-plugin:2.6:jar (default-jar) @ teavm-jso-impl ---
[INFO] 
[INFO] --- maven-source-plugin:2.2.1:jar-no-fork (attach-sources) @ teavm-jso-impl ---
[INFO] 
[INFO] --- maven-javadoc-plugin:2.9.1:jar (build-javadoc) @ teavm-jso-impl ---
[INFO] Skipping javadoc generation
[INFO] 
[INFO] --- maven-install-plugin:2.4:install (default-install) @ teavm-jso-impl ---
[INFO] Installing /home/travis/build/[secure]/teavm/jso/impl/target/teavm-jso-impl-1.0.0-SNAPSHOT.jar to /home/travis/.m2/repository/org/teavm/teavm-jso-impl/1.0.0-SNAPSHOT/teavm-jso-impl-1.0.0-SNAPSHOT.jar
[INFO] Installing /home/travis/build/[secure]/teavm/jso/impl/pom.xml to /home/travis/.m2/repository/org/teavm/teavm-jso-impl/1.0.0-SNAPSHOT/teavm-jso-impl-1.0.0-SNAPSHOT.pom
[INFO] Installing /home/travis/build/[secure]/teavm/jso/impl/target/teavm-jso-impl-1.0.0-SNAPSHOT-sources.jar to /home/travis/.m2/repository/org/teavm/teavm-jso-impl/1.0.0-SNAPSHOT/teavm-jso-impl-1.0.0-SNAPSHOT-sources.jar
[INFO]                                                                         
[INFO] ------------------------------------------------------------------------
[INFO] Building TeaVM Java class library 1.0.0-SNAPSHOT
[INFO] ------------------------------------------------------------------------
[INFO] 
[INFO] --- maven-resources-plugin:3.0.1:resources (default-resources) @ teavm-classlib ---
[INFO] Using 'UTF-8' encoding to copy filtered resources.
[INFO] Copying 19 resources
[INFO] 
[INFO] --- maven-compiler-plugin:2.5.1:compile (default-compile) @ teavm-classlib ---
[INFO] Nothing to compile - all classes are up to date
[INFO] 
[INFO] >>> exec-maven-plugin:1.2.1:java (generate-tz-cache) > validate @ teavm-classlib >>>
[INFO] 
[INFO] <<< exec-maven-plugin:1.2.1:java (generate-tz-cache) < validate @ teavm-classlib <<<
[INFO] 
[INFO] --- exec-maven-plugin:1.2.1:java (generate-tz-cache) @ teavm-classlib ---
[INFO] 
[INFO] --- maven-resources-plugin:3.0.1:testResources (default-testResources) @ teavm-classlib ---
[INFO] Using 'UTF-8' encoding to copy filtered resources.
[INFO] skip non existing resourceDirectory /home/travis/build/[secure]/teavm/classlib/src/test/resources
[INFO] 
[INFO] --- maven-compiler-plugin:2.5.1:testCompile (default-testCompile) @ teavm-classlib ---
[INFO] Nothing to compile - all classes are up to date
[INFO] 
[INFO] >>> exec-maven-plugin:1.2.1:java (generate-classlib-doc) > validate @ teavm-classlib >>>
[INFO] 
[INFO] <<< exec-maven-plugin:1.2.1:java (generate-classlib-doc) < validate @ teavm-classlib <<<
[INFO] 
[INFO] --- exec-maven-plugin:1.2.1:java (generate-classlib-doc) @ teavm-classlib ---
[INFO] 
[INFO] --- maven-surefire-plugin:2.17:test (default-test) @ teavm-classlib ---
[INFO] Tests are skipped.
[INFO] 
[INFO] --- maven-bundle-plugin:2.5.3:bundle (default-bundle) @ teavm-classlib ---
[INFO] 
[INFO] --- maven-source-plugin:2.2.1:jar-no-fork (attach-sources) @ teavm-classlib ---
[INFO] 
[INFO] --- maven-javadoc-plugin:2.9.1:jar (build-javadoc) @ teavm-classlib ---
[INFO] Skipping javadoc generation
[INFO] 
[INFO] --- maven-install-plugin:2.5.2:install (default-install) @ teavm-classlib ---
[INFO] Installing /home/travis/build/[secure]/teavm/classlib/target/teavm-classlib-1.0.0-SNAPSHOT.jar to /home/travis/.m2/repository/org/teavm/teavm-classlib/1.0.0-SNAPSHOT/teavm-classlib-1.0.0-SNAPSHOT.jar
[INFO] Installing /home/travis/build/[secure]/teavm/classlib/pom.xml to /home/travis/.m2/repository/org/teavm/teavm-classlib/1.0.0-SNAPSHOT/teavm-classlib-1.0.0-SNAPSHOT.pom
[INFO] Installing /home/travis/build/[secure]/teavm/classlib/target/teavm-classlib-1.0.0-SNAPSHOT-sources.jar to /home/travis/.m2/repository/org/teavm/teavm-classlib/1.0.0-SNAPSHOT/teavm-classlib-1.0.0-SNAPSHOT-sources.jar
[INFO] 
[INFO] --- maven-bundle-plugin:2.5.3:install (default-install) @ teavm-classlib ---
[INFO] Installing org/teavm/teavm-classlib/1.0.0-SNAPSHOT/teavm-classlib-1.0.0-SNAPSHOT.jar
[INFO] Writing OBR metadata
[INFO]                                                                         
[INFO] ------------------------------------------------------------------------
[INFO] Building TeaVM html4j support 1.0.0-SNAPSHOT
[INFO] ------------------------------------------------------------------------
[INFO] 
[INFO] --- maven-checkstyle-plugin:2.16:check (validate) @ teavm-html4j ---
[INFO] Starting audit...
Audit done.
[INFO] 
[INFO] --- maven-resources-plugin:2.6:resources (default-resources) @ teavm-html4j ---
[INFO] Using 'UTF-8' encoding to copy filtered resources.
[INFO] Copying 2 resources
[INFO] 
[INFO] --- maven-compiler-plugin:2.5.1:compile (default-compile) @ teavm-html4j ---
[INFO] Nothing to compile - all classes are up to date
[INFO] 
[INFO] --- maven-resources-plugin:2.6:testResources (default-testResources) @ teavm-html4j ---
[INFO] Using 'UTF-8' encoding to copy filtered resources.
[INFO] Copying 2 resources
[INFO] 
[INFO] --- maven-compiler-plugin:2.5.1:testCompile (default-testCompile) @ teavm-html4j ---
[INFO] Nothing to compile - all classes are up to date
[INFO] 
[INFO] --- maven-surefire-plugin:2.16:test (default-test) @ teavm-html4j ---
[INFO] Tests are skipped.
[INFO] 
[INFO] --- maven-jar-plugin:2.6:jar (default-jar) @ teavm-html4j ---
[INFO] 
[INFO] --- maven-source-plugin:2.2.1:jar-no-fork (attach-sources) @ teavm-html4j ---
[INFO] 
[INFO] --- maven-javadoc-plugin:2.9.1:jar (build-javadoc) @ teavm-html4j ---
[INFO] Skipping javadoc generation
[INFO] 
[INFO] --- maven-install-plugin:2.4:install (default-install) @ teavm-html4j ---
[INFO] Installing /home/travis/build/[secure]/teavm/html4j/target/teavm-html4j-1.0.0-SNAPSHOT.jar to /home/travis/.m2/repository/org/teavm/teavm-html4j/1.0.0-SNAPSHOT/teavm-html4j-1.0.0-SNAPSHOT.jar
[INFO] Installing /home/travis/build/[secure]/teavm/html4j/pom.xml to /home/travis/.m2/repository/org/teavm/teavm-html4j/1.0.0-SNAPSHOT/teavm-html4j-1.0.0-SNAPSHOT.pom
[INFO] Installing /home/travis/build/[secure]/teavm/html4j/target/teavm-html4j-1.0.0-SNAPSHOT-sources.jar to /home/travis/.m2/repository/org/teavm/teavm-html4j/1.0.0-SNAPSHOT/teavm-html4j-1.0.0-SNAPSHOT-sources.jar
[INFO]                                                                         
[INFO] ------------------------------------------------------------------------
[INFO] Building TeaVM samples 1.0.0-SNAPSHOT
[INFO] ------------------------------------------------------------------------
[INFO] 
[INFO] --- maven-install-plugin:2.4:install (default-install) @ teavm-samples ---
[INFO] Installing /home/travis/build/[secure]/teavm/samples/pom.xml to /home/travis/.m2/repository/org/teavm/teavm-samples/1.0.0-SNAPSHOT/teavm-samples-1.0.0-SNAPSHOT.pom
[INFO]                                                                         
[INFO] ------------------------------------------------------------------------
[INFO] Building TeaVM tooling core 1.0.0-SNAPSHOT
[INFO] ------------------------------------------------------------------------
[INFO] 
[INFO] --- maven-checkstyle-plugin:2.16:check (validate) @ teavm-tooling ---
[INFO] Starting audit...
Audit done.
[INFO] 
[INFO] --- maven-resources-plugin:3.0.1:resources (default-resources) @ teavm-tooling ---
[INFO] Using 'UTF-8' encoding to copy filtered resources.
[INFO] Copying 14 resources
[INFO] 
[INFO] --- maven-compiler-plugin:2.5.1:compile (default-compile) @ teavm-tooling ---
[INFO] Nothing to compile - all classes are up to date
[INFO] 
[INFO] --- maven-resources-plugin:3.0.1:testResources (default-testResources) @ teavm-tooling ---
[INFO] Using 'UTF-8' encoding to copy filtered resources.
[INFO] skip non existing resourceDirectory /home/travis/build/[secure]/teavm/tools/core/src/test/resources
[INFO] 
[INFO] --- maven-compiler-plugin:2.5.1:testCompile (default-testCompile) @ teavm-tooling ---
[INFO] No sources to compile
[INFO] 
[INFO] --- maven-surefire-plugin:2.17:test (default-test) @ teavm-tooling ---
[INFO] Tests are skipped.
[INFO] 
[INFO] --- maven-bundle-plugin:2.5.3:bundle (default-bundle) @ teavm-tooling ---
[WARNING] Bundle org.teavm:teavm-tooling:bundle:1.0.0-SNAPSHOT : Split package, multiple jars provide the same package:org/teavm/interop
Use Import/Export Package directive -split-package:=(merge-first|merge-last|error|first) to get rid of this warning
Package found in   [Jar:teavm-core, Jar:teavm-interop]
Class path         [Jar:., Jar:teavm-core, Jar:teavm-interop, Jar:commons-io, Jar:asm-debug-all, Jar:hppc, Jar:objenesis, Jar:kotlin-stdlib, Jar:kotlin-runtime, Jar:jackson-annotations]
[INFO] 
[INFO] --- maven-source-plugin:2.2.1:jar-no-fork (attach-sources) @ teavm-tooling ---
[INFO] 
[INFO] --- maven-javadoc-plugin:2.9.1:jar (build-javadoc) @ teavm-tooling ---
[INFO] Skipping javadoc generation
[INFO] 
[INFO] --- maven-install-plugin:2.5.2:install (default-install) @ teavm-tooling ---
[INFO] Installing /home/travis/build/[secure]/teavm/tools/core/target/teavm-tooling-1.0.0-SNAPSHOT.jar to /home/travis/.m2/repository/org/teavm/teavm-tooling/1.0.0-SNAPSHOT/teavm-tooling-1.0.0-SNAPSHOT.jar
[INFO] Installing /home/travis/build/[secure]/teavm/tools/core/pom.xml to /home/travis/.m2/repository/org/teavm/teavm-tooling/1.0.0-SNAPSHOT/teavm-tooling-1.0.0-SNAPSHOT.pom
[INFO] Installing /home/travis/build/[secure]/teavm/tools/core/target/teavm-tooling-1.0.0-SNAPSHOT-sources.jar to /home/travis/.m2/repository/org/teavm/teavm-tooling/1.0.0-SNAPSHOT/teavm-tooling-1.0.0-SNAPSHOT-sources.jar
[INFO] 
[INFO] --- maven-bundle-plugin:2.5.3:install (default-install) @ teavm-tooling ---
[INFO] Installing org/teavm/teavm-tooling/1.0.0-SNAPSHOT/teavm-tooling-1.0.0-SNAPSHOT.jar
[INFO] Writing OBR metadata
[INFO]                                                                         
[INFO] ------------------------------------------------------------------------
[INFO] Building TeaVM maven 1.0.0-SNAPSHOT
[INFO] ------------------------------------------------------------------------
[INFO] 
[INFO] --- maven-install-plugin:2.4:install (default-install) @ teavm-maven ---
[INFO] Installing /home/travis/build/[secure]/teavm/tools/maven/pom.xml to /home/travis/.m2/repository/org/teavm/teavm-maven/1.0.0-SNAPSHOT/teavm-maven-1.0.0-SNAPSHOT.pom
[INFO]                                                                         
[INFO] ------------------------------------------------------------------------
[INFO] Building TeaVM maven plugin 1.0.0-SNAPSHOT
[INFO] ------------------------------------------------------------------------
[INFO] 
[INFO] --- maven-checkstyle-plugin:2.16:check (validate) @ teavm-maven-plugin ---
[INFO] Starting audit...
Audit done.
[INFO] 
[INFO] --- maven-resources-plugin:2.6:resources (default-resources) @ teavm-maven-plugin ---
[INFO] Using 'UTF-8' encoding to copy filtered resources.
[INFO] skip non existing resourceDirectory /home/travis/build/[secure]/teavm/tools/maven/plugin/src/main/resources
[INFO] 
[INFO] --- maven-compiler-plugin:2.5.1:compile (default-compile) @ teavm-maven-plugin ---
[INFO] Nothing to compile - all classes are up to date
[INFO] 
[INFO] --- maven-plugin-plugin:3.3:descriptor (default-descriptor) @ teavm-maven-plugin ---
[INFO] Using 'UTF-8' encoding to read mojo metadata.
[INFO] Applying mojo extractor for language: java
[INFO] Mojo extractor for language: java found 0 mojo descriptors.
[INFO] Applying mojo extractor for language: bsh
[INFO] Mojo extractor for language: bsh found 0 mojo descriptors.
[INFO] Applying mojo extractor for language: java-annotations
[WARNING] Deprecated @component for project field in org.teavm.maven.TeaVMCompileMojo.: replace with @parameter name="${project}" @readonly
[INFO] Mojo extractor for language: java-annotations found 1 mojo descriptors.
[INFO] 
[INFO] --- maven-resources-plugin:2.6:testResources (default-testResources) @ teavm-maven-plugin ---
[INFO] Using 'UTF-8' encoding to copy filtered resources.
[INFO] Copying 1 resource
[INFO] 
[INFO] --- maven-compiler-plugin:2.5.1:testCompile (default-testCompile) @ teavm-maven-plugin ---
[INFO] Nothing to compile - all classes are up to date
[INFO] 
[INFO] --- maven-surefire-plugin:2.17:test (default-test) @ teavm-maven-plugin ---
[INFO] Tests are skipped.
[INFO] 
[INFO] --- maven-jar-plugin:2.6:jar (default-jar) @ teavm-maven-plugin ---
[INFO] Building jar: /home/travis/build/[secure]/teavm/tools/maven/plugin/target/teavm-maven-plugin-1.0.0-SNAPSHOT.jar
[INFO] 
[INFO] --- maven-plugin-plugin:3.3:addPluginArtifactMetadata (default-addPluginArtifactMetadata) @ teavm-maven-plugin ---
[INFO] 
[INFO] --- maven-source-plugin:2.2.1:jar-no-fork (attach-sources) @ teavm-maven-plugin ---
[INFO] 
[INFO] --- maven-javadoc-plugin:2.9.1:jar (build-javadoc) @ teavm-maven-plugin ---
[INFO] Skipping javadoc generation
[INFO] 
[INFO] --- maven-install-plugin:2.4:install (default-install) @ teavm-maven-plugin ---
[INFO] Installing /home/travis/build/[secure]/teavm/tools/maven/plugin/target/teavm-maven-plugin-1.0.0-SNAPSHOT.jar to /home/travis/.m2/repository/org/teavm/teavm-maven-plugin/1.0.0-SNAPSHOT/teavm-maven-plugin-1.0.0-SNAPSHOT.jar
[INFO] Installing /home/travis/build/[secure]/teavm/tools/maven/plugin/pom.xml to /home/travis/.m2/repository/org/teavm/teavm-maven-plugin/1.0.0-SNAPSHOT/teavm-maven-plugin-1.0.0-SNAPSHOT.pom
[INFO] Installing /home/travis/build/[secure]/teavm/tools/maven/plugin/target/teavm-maven-plugin-1.0.0-SNAPSHOT-sources.jar to /home/travis/.m2/repository/org/teavm/teavm-maven-plugin/1.0.0-SNAPSHOT/teavm-maven-plugin-1.0.0-SNAPSHOT-sources.jar
[INFO]                                                                         
[INFO] ------------------------------------------------------------------------
[INFO] Building TeaVM Hello world web application 1.0.0-SNAPSHOT
[INFO] ------------------------------------------------------------------------
[INFO] 
[INFO] --- maven-checkstyle-plugin:2.16:check (validate) @ teavm-samples-hello ---
[INFO] Starting audit...
Audit done.
[INFO] 
[INFO] --- maven-resources-plugin:2.6:resources (default-resources) @ teavm-samples-hello ---
[INFO] Using 'UTF-8' encoding to copy filtered resources.
[INFO] skip non existing resourceDirectory /home/travis/build/[secure]/teavm/samples/hello/src/main/resources
[INFO] 
[INFO] --- maven-compiler-plugin:2.5.1:compile (default-compile) @ teavm-samples-hello ---
[INFO] Nothing to compile - all classes are up to date
[INFO] 
[INFO] --- teavm-maven-plugin:1.0.0-SNAPSHOT:compile (web-client) @ teavm-samples-hello ---
[INFO] Preparing classpath for JavaScript generation
[INFO] Using the following classpath for JavaScript generation: /home/travis/build/[secure]/teavm/classlib/target/teavm-classlib-1.0.0-SNAPSHOT.jar:/home/travis/build/[secure]/teavm/platform/target/teavm-platform-1.0.0-SNAPSHOT.jar:/home/travis/build/[secure]/teavm/core/target/teavm-core-1.0.0-SNAPSHOT.jar:/home/travis/build/[secure]/teavm/interop/core/target/teavm-interop-1.0.0-SNAPSHOT.jar:/home/travis/.m2/repository/commons-io/commons-io/2.4/commons-io-2.4.jar:/home/travis/.m2/repository/com/carrotsearch/hppc/0.6.1/hppc-0.6.1.jar:/home/travis/.m2/repository/org/objenesis/objenesis/2.4/objenesis-2.4.jar:/home/travis/.m2/repository/org/jetbrains/kotlin/kotlin-stdlib/1.0.3/kotlin-stdlib-1.0.3.jar:/home/travis/.m2/repository/org/jetbrains/kotlin/kotlin-runtime/1.0.3/kotlin-runtime-1.0.3.jar:/home/travis/build/[secure]/teavm/jso/apis/target/teavm-jso-apis-1.0.0-SNAPSHOT.jar:/home/travis/build/[secure]/teavm/jso/impl/target/teavm-jso-impl-1.0.0-SNAPSHOT.jar:/home/travis/.m2/repository/org/mozilla/rhino/1.7.7/rhino-1.7.7.jar:/home/travis/.m2/repository/org/ow2/asm/asm-debug-all/5.0.4/asm-debug-all-5.0.4.jar:/home/travis/.m2/repository/com/google/code/gson/gson/2.2.4/gson-2.2.4.jar:/home/travis/.m2/repository/com/jcraft/jzlib/1.1.3/jzlib-1.1.3.jar:/home/travis/.m2/repository/joda-time/joda-time/2.7/joda-time-2.7.jar:/home/travis/build/[secure]/teavm/jso/core/target/teavm-jso-1.0.0-SNAPSHOT.jar:/home/travis/.m2/repository/javax/servlet/javax.servlet-api/3.1.0/javax.servlet-api-3.1.0.jar:/home/travis/build/[secure]/teavm/samples/hello/target/classes
[INFO] Downloading: https://oss.sonatype.org/content/repositories/releases/org/seleniumhq/selenium/selenium-java/2.47.2/selenium-java-2.47.2-sources.jar
[INFO] Downloading: https://repository.apache.org/releases/org/seleniumhq/selenium/selenium-java/2.47.2/selenium-java-2.47.2-sources.jar
[INFO] Building JavaScript file
[INFO] Output file successfully built
[INFO] Debug information successfully written
[INFO] Source maps successfully written
[INFO] Source files successfully written
[INFO] 
[INFO] --- maven-resources-plugin:2.6:testResources (default-testResources) @ teavm-samples-hello ---
[INFO] Using 'UTF-8' encoding to copy filtered resources.
[INFO] skip non existing resourceDirectory /home/travis/build/[secure]/teavm/samples/hello/src/test/resources
[INFO] 
[INFO] --- maven-compiler-plugin:2.5.1:testCompile (default-testCompile) @ teavm-samples-hello ---
[INFO] No sources to compile
[INFO] 
[INFO] --- maven-surefire-plugin:2.17:test (default-test) @ teavm-samples-hello ---
[INFO] Tests are skipped.
[INFO] 
[INFO] --- maven-war-plugin:2.4:war (default-war) @ teavm-samples-hello ---
[INFO] Packaging webapp
[INFO] Assembling webapp [teavm-samples-hello] in [/home/travis/build/[secure]/teavm/samples/hello/target/teavm-samples-hello-1.0.0-SNAPSHOT]
[INFO] Processing war project
[INFO] Copying webapp webResources [/home/travis/build/[secure]/teavm/samples/hello/target/generated/js] to [/home/travis/build/[secure]/teavm/samples/hello/target/teavm-samples-hello-1.0.0-SNAPSHOT]
[INFO] Copying webapp resources [/home/travis/build/[secure]/teavm/samples/hello/src/main/webapp]
[INFO] Webapp assembled in [239 msecs]
[INFO] Building war: /home/travis/build/[secure]/teavm/samples/hello/target/teavm-samples-hello-1.0.0-SNAPSHOT.war
[INFO] 
[INFO] --- maven-source-plugin:2.2.1:jar-no-fork (attach-sources) @ teavm-samples-hello ---
[INFO] 
[INFO] --- maven-javadoc-plugin:2.9.1:jar (build-javadoc) @ teavm-samples-hello ---
[INFO] Skipping javadoc generation
[INFO] 
[INFO] --- maven-install-plugin:2.4:install (default-install) @ teavm-samples-hello ---
[INFO] Installing /home/travis/build/[secure]/teavm/samples/hello/target/teavm-samples-hello-1.0.0-SNAPSHOT.war to /home/travis/.m2/repository/org/teavm/teavm-samples-hello/1.0.0-SNAPSHOT/teavm-samples-hello-1.0.0-SNAPSHOT.war
[INFO] Installing /home/travis/build/[secure]/teavm/samples/hello/pom.xml to /home/travis/.m2/repository/org/teavm/teavm-samples-hello/1.0.0-SNAPSHOT/teavm-samples-hello-1.0.0-SNAPSHOT.pom
[INFO] Installing /home/travis/build/[secure]/teavm/samples/hello/target/teavm-samples-hello-1.0.0-SNAPSHOT-sources.jar to /home/travis/.m2/repository/org/teavm/teavm-samples-hello/1.0.0-SNAPSHOT/teavm-samples-hello-1.0.0-SNAPSHOT-sources.jar
[INFO]                                                                         
[INFO] ------------------------------------------------------------------------
[INFO] Building TeaVM performance benchmark 1.0.0-SNAPSHOT
[INFO] ------------------------------------------------------------------------
[INFO] 
[INFO] --- maven-checkstyle-plugin:2.16:check (validate) @ teavm-samples-benchmark ---
[INFO] Starting audit...
Audit done.
[INFO] 
[INFO] --- maven-resources-plugin:2.6:resources (default-resources) @ teavm-samples-benchmark ---
[INFO] Using 'UTF-8' encoding to copy filtered resources.
[INFO] Copying 2 resources
[INFO] 
[INFO] --- maven-compiler-plugin:2.5.1:compile (default-compile) @ teavm-samples-benchmark ---
[INFO] Nothing to compile - all classes are up to date
[INFO] 
[INFO] --- teavm-maven-plugin:1.0.0-SNAPSHOT:compile (web-client) @ teavm-samples-benchmark ---
[INFO] Preparing classpath for JavaScript generation
[INFO] Using the following classpath for JavaScript generation: /home/travis/build/[secure]/teavm/classlib/target/teavm-classlib-1.0.0-SNAPSHOT.jar:/home/travis/build/[secure]/teavm/platform/target/teavm-platform-1.0.0-SNAPSHOT.jar:/home/travis/build/[secure]/teavm/core/target/teavm-core-1.0.0-SNAPSHOT.jar:/home/travis/.m2/repository/commons-io/commons-io/2.4/commons-io-2.4.jar:/home/travis/.m2/repository/com/carrotsearch/hppc/0.6.1/hppc-0.6.1.jar:/home/travis/.m2/repository/org/objenesis/objenesis/2.4/objenesis-2.4.jar:/home/travis/.m2/repository/org/jetbrains/kotlin/kotlin-stdlib/1.0.3/kotlin-stdlib-1.0.3.jar:/home/travis/.m2/repository/org/jetbrains/kotlin/kotlin-runtime/1.0.3/kotlin-runtime-1.0.3.jar:/home/travis/build/[secure]/teavm/jso/core/target/teavm-jso-1.0.0-SNAPSHOT.jar:/home/travis/build/[secure]/teavm/jso/impl/target/teavm-jso-impl-1.0.0-SNAPSHOT.jar:/home/travis/.m2/repository/org/mozilla/rhino/1.7.7/rhino-1.7.7.jar:/home/travis/.m2/repository/org/ow2/asm/asm-debug-all/5.0.4/asm-debug-all-5.0.4.jar:/home/travis/.m2/repository/com/google/code/gson/gson/2.2.4/gson-2.2.4.jar:/home/travis/.m2/repository/com/jcraft/jzlib/1.1.3/jzlib-1.1.3.jar:/home/travis/.m2/repository/joda-time/joda-time/2.7/joda-time-2.7.jar:/home/travis/build/[secure]/teavm/jso/apis/target/teavm-jso-apis-1.0.0-SNAPSHOT.jar:/home/travis/build/[secure]/teavm/interop/core/target/teavm-interop-1.0.0-SNAPSHOT.jar:/home/travis/.m2/repository/org/jbox2d/jbox2d-library/2.2.1.1/jbox2d-library-2.2.1.1.jar:/home/travis/.m2/repository/org/jbox2d/jbox2d-library/2.2.1.1/jbox2d-library-2.2.1.1-sources.jar:/home/travis/.m2/repository/org/apidesign/bck2brwsr/emul/0.17/emul-0.17-rt.jar:/home/travis/.m2/repository/com/google/gwt/gwt-user/2.7.0/gwt-user-2.7.0.jar:/home/travis/.m2/repository/javax/validation/validation-api/1.0.0.GA/validation-api-1.0.0.GA.jar:/home/travis/.m2/repository/javax/validation/validation-api/1.0.0.GA/validation-api-1.0.0.GA-sources.jar:/home/travis/.m2/repository/com/dukescript/canvas/html5-canvas/0.7.2/html5-canvas-0.7.2.jar:/home/travis/.m2/repository/com/dukescript/canvas/canvas-api/0.7.2/canvas-api-0.7.2.jar:/home/travis/.m2/repository/org/apidesign/bck2brwsr/ko-bck2brwsr/0.17/ko-bck2brwsr-0.17-bck2brwsr.jar:/home/travis/.m2/repository/org/netbeans/html/net.java.html.json/1.2.3/net.java.html.json-1.2.3.jar:/home/travis/.m2/repository/org/netbeans/html/ko4j/1.2.3/ko4j-1.2.3.jar:/home/travis/.m2/repository/org/netbeans/html/net.java.html.geo/1.2.3/net.java.html.geo-1.2.3.jar:/home/travis/.m2/repository/org/netbeans/html/net.java.html.sound/1.2.3/net.java.html.sound-1.2.3.jar:/home/travis/.m2/repository/org/netbeans/html/net.java.html.boot/1.2.3/net.java.html.boot-1.2.3.jar:/home/travis/.m2/repository/org/netbeans/html/net.java.html/1.2.3/net.java.html-1.2.3.jar:/home/travis/build/[secure]/teavm/samples/benchmark/target/classes
[INFO] Building JavaScript file
[INFO] Output file successfully built
[INFO] Debug information successfully written
[INFO] 
[INFO] --- teavm-maven-plugin:1.0.0-SNAPSHOT:compile (wasm-client) @ teavm-samples-benchmark ---
[INFO] Preparing classpath for JavaScript generation
[INFO] Using the following classpath for JavaScript generation: /home/travis/build/[secure]/teavm/classlib/target/teavm-classlib-1.0.0-SNAPSHOT.jar:/home/travis/build/[secure]/teavm/platform/target/teavm-platform-1.0.0-SNAPSHOT.jar:/home/travis/build/[secure]/teavm/core/target/teavm-core-1.0.0-SNAPSHOT.jar:/home/travis/.m2/repository/commons-io/commons-io/2.4/commons-io-2.4.jar:/home/travis/.m2/repository/com/carrotsearch/hppc/0.6.1/hppc-0.6.1.jar:/home/travis/.m2/repository/org/objenesis/objenesis/2.4/objenesis-2.4.jar:/home/travis/.m2/repository/org/jetbrains/kotlin/kotlin-stdlib/1.0.3/kotlin-stdlib-1.0.3.jar:/home/travis/.m2/repository/org/jetbrains/kotlin/kotlin-runtime/1.0.3/kotlin-runtime-1.0.3.jar:/home/travis/build/[secure]/teavm/jso/core/target/teavm-jso-1.0.0-SNAPSHOT.jar:/home/travis/build/[secure]/teavm/jso/impl/target/teavm-jso-impl-1.0.0-SNAPSHOT.jar:/home/travis/.m2/repository/org/mozilla/rhino/1.7.7/rhino-1.7.7.jar:/home/travis/.m2/repository/org/ow2/asm/asm-debug-all/5.0.4/asm-debug-all-5.0.4.jar:/home/travis/.m2/repository/com/google/code/gson/gson/2.2.4/gson-2.2.4.jar:/home/travis/.m2/repository/com/jcraft/jzlib/1.1.3/jzlib-1.1.3.jar:/home/travis/.m2/repository/joda-time/joda-time/2.7/joda-time-2.7.jar:/home/travis/build/[secure]/teavm/jso/apis/target/teavm-jso-apis-1.0.0-SNAPSHOT.jar:/home/travis/build/[secure]/teavm/interop/core/target/teavm-interop-1.0.0-SNAPSHOT.jar:/home/travis/.m2/repository/org/jbox2d/jbox2d-library/2.2.1.1/jbox2d-library-2.2.1.1.jar:/home/travis/.m2/repository/org/jbox2d/jbox2d-library/2.2.1.1/jbox2d-library-2.2.1.1-sources.jar:/home/travis/.m2/repository/org/apidesign/bck2brwsr/emul/0.17/emul-0.17-rt.jar:/home/travis/.m2/repository/com/google/gwt/gwt-user/2.7.0/gwt-user-2.7.0.jar:/home/travis/.m2/repository/javax/validation/validation-api/1.0.0.GA/validation-api-1.0.0.GA.jar:/home/travis/.m2/repository/javax/validation/validation-api/1.0.0.GA/validation-api-1.0.0.GA-sources.jar:/home/travis/.m2/repository/com/dukescript/canvas/html5-canvas/0.7.2/html5-canvas-0.7.2.jar:/home/travis/.m2/repository/com/dukescript/canvas/canvas-api/0.7.2/canvas-api-0.7.2.jar:/home/travis/.m2/repository/org/apidesign/bck2brwsr/ko-bck2brwsr/0.17/ko-bck2brwsr-0.17-bck2brwsr.jar:/home/travis/.m2/repository/org/netbeans/html/net.java.html.json/1.2.3/net.java.html.json-1.2.3.jar:/home/travis/.m2/repository/org/netbeans/html/ko4j/1.2.3/ko4j-1.2.3.jar:/home/travis/.m2/repository/org/netbeans/html/net.java.html.geo/1.2.3/net.java.html.geo-1.2.3.jar:/home/travis/.m2/repository/org/netbeans/html/net.java.html.sound/1.2.3/net.java.html.sound-1.2.3.jar:/home/travis/.m2/repository/org/netbeans/html/net.java.html.boot/1.2.3/net.java.html.boot-1.2.3.jar:/home/travis/.m2/repository/org/netbeans/html/net.java.html/1.2.3/net.java.html-1.2.3.jar:/home/travis/build/[secure]/teavm/samples/benchmark/target/classes
[INFO] Building JavaScript file
[INFO] ------------------------------------------------------------------------
[INFO] Reactor Summary:
[INFO] 
[INFO] TeaVM .............................................. SUCCESS [  0.276 s]
[INFO] TeaVM metaprogramming API .......................... SUCCESS [ 11.492 s]
[INFO] TeaVM interop API .................................. SUCCESS [  5.419 s]
[INFO] TeaVM core ......................................... SUCCESS [  5.561 s]
[INFO] TeaVM JavaScript objects ........................... SUCCESS [  0.810 s]
[INFO] TeaVM JavaScript APIs .............................. SUCCESS [  1.212 s]
[INFO] TeaVM platform ..................................... SUCCESS [  1.183 s]
[INFO] TeaVM JavaScript objects - implementation .......... SUCCESS [  0.408 s]
[INFO] TeaVM Java class library ........................... SUCCESS [ 11.565 s]
[INFO] TeaVM html4j support ............................... SUCCESS [  1.296 s]
[INFO] TeaVM samples ...................................... SUCCESS [  0.004 s]
[INFO] TeaVM tooling core ................................. SUCCESS [  2.196 s]
[INFO] TeaVM maven ........................................ SUCCESS [  0.005 s]
[INFO] TeaVM maven plugin ................................. SUCCESS [  3.432 s]
[INFO] TeaVM Hello world web application .................. SUCCESS [02:18 min]
[INFO] TeaVM performance benchmark ........................ FAILURE [ 33.416 s]
[INFO] TeaVM Web Storage web application .................. SKIPPED
[INFO] TeaVM HTML5 video web application .................. SKIPPED
[INFO] TeaVM CPS demo ..................................... SKIPPED
[INFO] TeaVM Kotlin web application ....................... SKIPPED
[INFO] TeaVM Scala example ................................ SKIPPED
[INFO] TeaVM CLI .......................................... SKIPPED
[INFO] TeaVM maven web application archetype .............. SKIPPED
[INFO] TeaVM debugging backend for Google Chrome RDP ...... SKIPPED
[INFO] teavm-junit ........................................ SKIPPED
[INFO] TeaVM metaprogramming API implementation ........... SKIPPED
[INFO] TeaVM tests ........................................ SKIPPED
[INFO] TeaVM slf4j ........................................ SKIPPED
[INFO] ------------------------------------------------------------------------
[INFO] BUILD FAILURE
[INFO] ------------------------------------------------------------------------
[INFO] Total time: 03:39 min
[INFO] Finished at: 2016-10-20T09:39:30+00:00
[INFO] Final Memory: 49M/492M
[INFO] ------------------------------------------------------------------------
[ERROR] Failed to execute goal org.teavm:teavm-maven-plugin:1.0.0-SNAPSHOT:compile (wasm-client) on project teavm-samples-benchmark: Unexpected error occured: NullPointerException -> [Help 1]
[ERROR] 
[ERROR] To see the full stack trace of the errors, re-run Maven with the -e switch.
[ERROR] Re-run Maven using the -X switch to enable full debug logging.
[ERROR] 
[ERROR] For more information about the errors and possible solutions, please read the following articles:
[ERROR] [Help 1] http://cwiki.apache.org/confluence/display/MAVEN/MojoExecutionException
[ERROR] 
[ERROR] After correcting the problems, you can resume the build with the command
[ERROR]   mvn <goals> -rf :teavm-samples-benchmark

[31;1mThe command "eval mvn install -DskipTests=true -Dmaven.javadoc.skip=true -B -V" failed 3 times.[0m


travis_time:end:12f39b13:start=1476955883770111182,finish=1476956380238944177,duration=496468832995[0K
[31;1mThe command "mvn install -DskipTests=true -Dmaven.javadoc.skip=true -B -V" failed and exited with 1 during .[0m

Your build has been stopped.
