Using worker: worker-linux-docker-384968c0.prod.travis-ci.org:travis-linux-4

travis_fold:start:system_info[0K[33;1mBuild system information[0m
Build language: java
Build group: stable
Build dist: precise
Build id: 169180305
Job id: 169180306
travis-build version: c29f71bde
[34m[1mBuild image provisioning date and time[0m
Thu Feb  5 15:09:33 UTC 2015
[34m[1mOperating System Details[0m
Distributor ID:	Ubuntu
Description:	Ubuntu 12.04.5 LTS
Release:	12.04
Codename:	precise
[34m[1mLinux Version[0m
3.13.0-29-generic
[34m[1mCookbooks Version[0m
a68419e https://github.com/travis-ci/travis-cookbooks/tree/a68419e
[34m[1mGCC version[0m
gcc (Ubuntu/Linaro 4.6.3-1ubuntu5) 4.6.3
Copyright (C) 2011 Free Software Foundation, Inc.
This is free software; see the source for copying conditions.  There is NO
warranty; not even for MERCHANTABILITY or FITNESS FOR A PARTICULAR PURPOSE.

[34m[1mLLVM version[0m
clang version 3.4 (tags/RELEASE_34/final)
Target: x86_64-unknown-linux-gnu
Thread model: posix
[34m[1mPre-installed Ruby versions[0m
ruby-1.9.3-p551
[34m[1mPre-installed Node.js versions[0m
v0.10.36
[34m[1mPre-installed Go versions[0m
1.4.1
[34m[1mRedis version[0m
redis-server 2.8.19
[34m[1mriak version[0m
2.0.2
[34m[1mMongoDB version[0m
MongoDB 2.4.12
[34m[1mCouchDB version[0m
couchdb 1.6.1
[34m[1mNeo4j version[0m
1.9.4
[34m[1mRabbitMQ Version[0m
3.4.3
[34m[1mElasticSearch version[0m
1.4.0
[34m[1mInstalled Sphinx versions[0m
2.0.10
2.1.9
2.2.6
[34m[1mDefault Sphinx version[0m
2.2.6
[34m[1mInstalled Firefox version[0m
firefox 31.0esr
[34m[1mPhantomJS version[0m
1.9.8
[34m[1mant -version[0m
Apache Ant(TM) version 1.8.2 compiled on December 3 2011
[34m[1mmvn -version[0m
Apache Maven 3.2.5 (12a6b3acb947671f09b81f49094c53f426d8cea1; 2014-12-14T17:29:23+00:00)
Maven home: /usr/local/maven
Java version: 1.7.0_76, vendor: Oracle Corporation
Java home: /usr/lib/jvm/java-7-oracle/jre
Default locale: en_US, platform encoding: ANSI_X3.4-1968
OS name: "linux", version: "3.13.0-29-generic", arch: "amd64", family: "unix"
travis_fold:end:system_info[0K
travis_fold:start:fix.CVE-2015-7547[0K$ export DEBIAN_FRONTEND=noninteractive
W: Size of file /var/lib/apt/lists/us.archive.ubuntu.com_ubuntu_dists_precise-backports_multiverse_source_Sources.gz is not what the server reported 5886 5888
W: Size of file /var/lib/apt/lists/ppa.launchpad.net_travis-ci_zero-mq_ubuntu_dists_precise_main_binary-amd64_Packages.gz is not what the server reported 832 1195
W: Size of file /var/lib/apt/lists/ppa.launchpad.net_ubuntugis_ppa_ubuntu_dists_precise_main_binary-amd64_Packages.gz is not what the server reported 33653 36677
W: Size of file /var/lib/apt/lists/ppa.launchpad.net_ubuntugis_ppa_ubuntu_dists_precise_main_binary-i386_Packages.gz is not what the server reported 33699 36733
Reading package lists...
Building dependency tree...
Reading state information...
The following extra packages will be installed:
  libc-bin libc-dev-bin libc6-dev
Suggested packages:
  glibc-doc
The following packages will be upgraded:
  libc-bin libc-dev-bin libc6 libc6-dev
4 upgraded, 0 newly installed, 0 to remove and 259 not upgraded.
Need to get 8,840 kB of archives.
After this operation, 14.3 kB disk space will be freed.
Get:1 http://us.archive.ubuntu.com/ubuntu/ precise-updates/main libc6-dev amd64 2.15-0ubuntu10.15 [2,943 kB]
Get:2 http://us.archive.ubuntu.com/ubuntu/ precise-updates/main libc-dev-bin amd64 2.15-0ubuntu10.15 [84.7 kB]
Get:3 http://us.archive.ubuntu.com/ubuntu/ precise-updates/main libc-bin amd64 2.15-0ubuntu10.15 [1,177 kB]
Get:4 http://us.archive.ubuntu.com/ubuntu/ precise-updates/main libc6 amd64 2.15-0ubuntu10.15 [4,636 kB]
Fetched 8,840 kB in 0s (35.2 MB/s)
Preconfiguring packages ...
(Reading database ... (Reading database ... 5%(Reading database ... 10%(Reading database ... 15%(Reading database ... 20%(Reading database ... 25%(Reading database ... 30%(Reading database ... 35%(Reading database ... 40%(Reading database ... 45%(Reading database ... 50%(Reading database ... 55%(Reading database ... 60%(Reading database ... 65%(Reading database ... 70%(Reading database ... 75%(Reading database ... 80%(Reading database ... 85%(Reading database ... 90%(Reading database ... 95%(Reading database ... 100%(Reading database ... 72019 files and directories currently installed.)
Preparing to replace libc6-dev 2.15-0ubuntu10.10 (using .../libc6-dev_2.15-0ubuntu10.15_amd64.deb) ...
Unpacking replacement libc6-dev ...
Preparing to replace libc-dev-bin 2.15-0ubuntu10.10 (using .../libc-dev-bin_2.15-0ubuntu10.15_amd64.deb) ...
Unpacking replacement libc-dev-bin ...
Preparing to replace libc-bin 2.15-0ubuntu10.10 (using .../libc-bin_2.15-0ubuntu10.15_amd64.deb) ...
Unpacking replacement libc-bin ...
Processing triggers for man-db ...
Setting up libc-bin (2.15-0ubuntu10.15) ...
(Reading database ... (Reading database ... 5%(Reading database ... 10%(Reading database ... 15%(Reading database ... 20%(Reading database ... 25%(Reading database ... 30%(Reading database ... 35%(Reading database ... 40%(Reading database ... 45%(Reading database ... 50%(Reading database ... 55%(Reading database ... 60%(Reading database ... 65%(Reading database ... 70%(Reading database ... 75%(Reading database ... 80%(Reading database ... 85%(Reading database ... 90%(Reading database ... 95%(Reading database ... 100%(Reading database ... 72018 files and directories currently installed.)
Preparing to replace libc6 2.15-0ubuntu10.10 (using .../libc6_2.15-0ubuntu10.15_amd64.deb) ...
Unpacking replacement libc6 ...
Setting up libc6 (2.15-0ubuntu10.15) ...
Setting up libc-dev-bin (2.15-0ubuntu10.15) ...
Setting up libc6-dev (2.15-0ubuntu10.15) ...
Processing triggers for libc-bin ...
ldconfig deferred processing now taking place
travis_fold:end:fix.CVE-2015-7547[0Ktravis_fold:start:git.checkout[0Ktravis_time:start:059c04b4[0K$ git clone --depth=50 --branch=master https://github.com/[secure]/teavm.git [secure]/teavm
Cloning into '[secure]/teavm'...
remote: Counting objects: 3500, done.[K
remote: Compressing objects:   0% (1/2134)   [Kremote: Compressing objects:   1% (22/2134)   [Kremote: Compressing objects:   2% (43/2134)   [Kremote: Compressing objects:   3% (65/2134)   [Kremote: Compressing objects:   4% (86/2134)   [Kremote: Compressing objects:   5% (107/2134)   [Kremote: Compressing objects:   6% (129/2134)   [Kremote: Compressing objects:   7% (150/2134)   [Kremote: Compressing objects:   8% (171/2134)   [Kremote: Compressing objects:   9% (193/2134)   [Kremote: Compressing objects:  10% (214/2134)   [Kremote: Compressing objects:  11% (235/2134)   [Kremote: Compressing objects:  12% (257/2134)   [Kremote: Compressing objects:  13% (278/2134)   [Kremote: Compressing objects:  14% (299/2134)   [Kremote: Compressing objects:  15% (321/2134)   [Kremote: Compressing objects:  16% (342/2134)   [Kremote: Compressing objects:  17% (363/2134)   [Kremote: Compressing objects:  18% (385/2134)   [Kremote: Compressing objects:  19% (406/2134)   [Kremote: Compressing objects:  20% (427/2134)   [Kremote: Compressing objects:  21% (449/2134)   [Kremote: Compressing objects:  22% (470/2134)   [Kremote: Compressing objects:  23% (491/2134)   [Kremote: Compressing objects:  24% (513/2134)   [Kremote: Compressing objects:  25% (534/2134)   [Kremote: Compressing objects:  26% (555/2134)   [Kremote: Compressing objects:  27% (577/2134)   [Kremote: Compressing objects:  28% (598/2134)   [Kremote: Compressing objects:  29% (619/2134)   [Kremote: Compressing objects:  30% (641/2134)   [Kremote: Compressing objects:  31% (662/2134)   [Kremote: Compressing objects:  32% (683/2134)   [Kremote: Compressing objects:  33% (705/2134)   [Kremote: Compressing objects:  34% (726/2134)   [Kremote: Compressing objects:  35% (747/2134)   [Kremote: Compressing objects:  36% (769/2134)   [Kremote: Compressing objects:  37% (790/2134)   [Kremote: Compressing objects:  38% (811/2134)   [Kremote: Compressing objects:  39% (833/2134)   [Kremote: Compressing objects:  40% (854/2134)   [Kremote: Compressing objects:  41% (875/2134)   [Kremote: Compressing objects:  42% (897/2134)   [Kremote: Compressing objects:  43% (918/2134)   [Kremote: Compressing objects:  44% (939/2134)   [Kremote: Compressing objects:  45% (961/2134)   [Kremote: Compressing objects:  46% (982/2134)   [Kremote: Compressing objects:  47% (1003/2134)   [Kremote: Compressing objects:  48% (1025/2134)   [Kremote: Compressing objects:  49% (1046/2134)   [Kremote: Compressing objects:  50% (1067/2134)   [Kremote: Compressing objects:  51% (1089/2134)   [Kremote: Compressing objects:  52% (1110/2134)   [Kremote: Compressing objects:  53% (1132/2134)   [Kremote: Compressing objects:  54% (1153/2134)   [Kremote: Compressing objects:  55% (1174/2134)   [Kremote: Compressing objects:  56% (1196/2134)   [Kremote: Compressing objects:  57% (1217/2134)   [Kremote: Compressing objects:  58% (1238/2134)   [Kremote: Compressing objects:  59% (1260/2134)   [Kremote: Compressing objects:  60% (1281/2134)   [Kremote: Compressing objects:  61% (1302/2134)   [Kremote: Compressing objects:  62% (1324/2134)   [Kremote: Compressing objects:  63% (1345/2134)   [Kremote: Compressing objects:  64% (1366/2134)   [Kremote: Compressing objects:  65% (1388/2134)   [Kremote: Compressing objects:  66% (1409/2134)   [Kremote: Compressing objects:  67% (1430/2134)   [Kremote: Compressing objects:  68% (1452/2134)   [Kremote: Compressing objects:  69% (1473/2134)   [Kremote: Compressing objects:  70% (1494/2134)   [Kremote: Compressing objects:  71% (1516/2134)   [Kremote: Compressing objects:  72% (1537/2134)   [Kremote: Compressing objects:  73% (1558/2134)   [Kremote: Compressing objects:  74% (1580/2134)   [Kremote: Compressing objects:  75% (1601/2134)   [Kremote: Compressing objects:  76% (1622/2134)   [Kremote: Compressing objects:  77% (1644/2134)   [Kremote: Compressing objects:  78% (1665/2134)   [Kremote: Compressing objects:  79% (1686/2134)   [Kremote: Compressing objects:  80% (1708/2134)   [Kremote: Compressing objects:  81% (1729/2134)   [Kremote: Compressing objects:  82% (1750/2134)   [Kremote: Compressing objects:  83% (1772/2134)   [Kremote: Compressing objects:  84% (1793/2134)   [Kremote: Compressing objects:  85% (1814/2134)   [Kremote: Compressing objects:  86% (1836/2134)   [Kremote: Compressing objects:  87% (1857/2134)   [Kremote: Compressing objects:  88% (1878/2134)   [Kremote: Compressing objects:  89% (1900/2134)   [Kremote: Compressing objects:  90% (1921/2134)   [Kremote: Compressing objects:  91% (1942/2134)   [Kremote: Compressing objects:  92% (1964/2134)   [Kremote: Compressing objects:  93% (1985/2134)   [Kremote: Compressing objects:  94% (2006/2134)   [Kremote: Compressing objects:  95% (2028/2134)   [Kremote: Compressing objects:  96% (2049/2134)   [Kremote: Compressing objects:  97% (2070/2134)   [Kremote: Compressing objects:  98% (2092/2134)   [Kremote: Compressing objects:  99% (2113/2134)   [Kremote: Compressing objects: 100% (2134/2134)   [Kremote: Compressing objects: 100% (2134/2134), done.[K
Receiving objects:   0% (1/3500)   Receiving objects:   1% (35/3500)   Receiving objects:   2% (70/3500)   Receiving objects:   3% (105/3500)   Receiving objects:   4% (140/3500)   Receiving objects:   5% (175/3500)   Receiving objects:   6% (210/3500)   Receiving objects:   7% (245/3500)   Receiving objects:   8% (280/3500)   Receiving objects:   9% (315/3500)   Receiving objects:  10% (350/3500)   Receiving objects:  11% (385/3500)   Receiving objects:  12% (420/3500)   Receiving objects:  13% (455/3500)   Receiving objects:  14% (490/3500)   Receiving objects:  15% (525/3500)   Receiving objects:  16% (560/3500)   Receiving objects:  17% (595/3500)   Receiving objects:  18% (630/3500)   Receiving objects:  19% (665/3500)   Receiving objects:  20% (700/3500)   Receiving objects:  21% (735/3500)   Receiving objects:  22% (770/3500)   Receiving objects:  23% (805/3500)   Receiving objects:  24% (840/3500)   Receiving objects:  25% (875/3500)   Receiving objects:  26% (910/3500)   Receiving objects:  27% (945/3500)   Receiving objects:  28% (980/3500)   Receiving objects:  29% (1015/3500)   Receiving objects:  30% (1050/3500)   Receiving objects:  31% (1085/3500)   Receiving objects:  32% (1120/3500)   Receiving objects:  33% (1155/3500)   Receiving objects:  34% (1190/3500)   Receiving objects:  35% (1225/3500)   Receiving objects:  36% (1260/3500)   Receiving objects:  37% (1295/3500)   Receiving objects:  38% (1330/3500)   Receiving objects:  39% (1365/3500)   Receiving objects:  40% (1400/3500)   Receiving objects:  41% (1435/3500)   Receiving objects:  42% (1470/3500)   Receiving objects:  43% (1505/3500)   Receiving objects:  44% (1540/3500)   Receiving objects:  45% (1575/3500)   Receiving objects:  46% (1610/3500)   Receiving objects:  47% (1645/3500)   Receiving objects:  48% (1680/3500)   Receiving objects:  49% (1715/3500)   Receiving objects:  50% (1750/3500)   Receiving objects:  51% (1785/3500)   Receiving objects:  52% (1820/3500)   Receiving objects:  53% (1855/3500)   Receiving objects:  54% (1890/3500)   Receiving objects:  55% (1925/3500)   Receiving objects:  56% (1960/3500)   Receiving objects:  57% (1995/3500)   Receiving objects:  58% (2030/3500)   Receiving objects:  59% (2065/3500)   Receiving objects:  60% (2100/3500)   Receiving objects:  61% (2135/3500)   Receiving objects:  62% (2170/3500)   Receiving objects:  63% (2205/3500)   Receiving objects:  64% (2240/3500)   Receiving objects:  65% (2275/3500)   Receiving objects:  66% (2310/3500)   Receiving objects:  67% (2345/3500)   Receiving objects:  68% (2380/3500)   Receiving objects:  69% (2415/3500)   Receiving objects:  70% (2450/3500)   Receiving objects:  71% (2485/3500)   Receiving objects:  72% (2520/3500)   Receiving objects:  73% (2555/3500)   Receiving objects:  74% (2590/3500)   Receiving objects:  75% (2625/3500)   Receiving objects:  76% (2660/3500)   Receiving objects:  77% (2695/3500)   Receiving objects:  78% (2730/3500)   Receiving objects:  79% (2765/3500)   Receiving objects:  80% (2800/3500)   Receiving objects:  81% (2835/3500)   Receiving objects:  82% (2870/3500)   Receiving objects:  83% (2905/3500)   Receiving objects:  84% (2940/3500)   Receiving objects:  85% (2975/3500)   Receiving objects:  86% (3010/3500)   Receiving objects:  87% (3045/3500)   Receiving objects:  88% (3080/3500)   Receiving objects:  89% (3115/3500)   Receiving objects:  90% (3150/3500)   Receiving objects:  91% (3185/3500)   Receiving objects:  92% (3220/3500)   Receiving objects:  93% (3255/3500)   Receiving objects:  94% (3290/3500)   Receiving objects:  95% (3325/3500)   Receiving objects:  96% (3360/3500)   Receiving objects:  97% (3395/3500)   Receiving objects:  98% (3430/3500)   Receiving objects:  99% (3465/3500)   Receiving objects: 100% (3500/3500)   Receiving objects: 100% (3500/3500), 4.87 MiB | 0 bytes/s, done.
remote: Total 3500 (delta 1703), reused 2077 (delta 891), pack-reused 0[K
Resolving deltas:   0% (0/1703)   Resolving deltas:   3% (52/1703)   Resolving deltas:   4% (69/1703)   Resolving deltas:   6% (114/1703)   Resolving deltas:   8% (149/1703)   Resolving deltas:  10% (179/1703)   Resolving deltas:  11% (188/1703)   Resolving deltas:  13% (229/1703)   Resolving deltas:  14% (243/1703)   Resolving deltas:  15% (261/1703)   Resolving deltas:  16% (284/1703)   Resolving deltas:  20% (341/1703)   Resolving deltas:  21% (362/1703)   Resolving deltas:  22% (378/1703)   Resolving deltas:  23% (401/1703)   Resolving deltas:  24% (413/1703)   Resolving deltas:  25% (426/1703)   Resolving deltas:  26% (444/1703)   Resolving deltas:  27% (463/1703)   Resolving deltas:  28% (481/1703)   Resolving deltas:  29% (494/1703)   Resolving deltas:  30% (514/1703)   Resolving deltas:  31% (531/1703)   Resolving deltas:  32% (545/1703)   Resolving deltas:  33% (563/1703)   Resolving deltas:  34% (581/1703)   Resolving deltas:  35% (601/1703)   Resolving deltas:  36% (616/1703)   Resolving deltas:  37% (636/1703)   Resolving deltas:  38% (649/1703)   Resolving deltas:  39% (667/1703)   Resolving deltas:  40% (698/1703)   Resolving deltas:  41% (705/1703)   Resolving deltas:  42% (723/1703)   Resolving deltas:  43% (733/1703)   Resolving deltas:  44% (750/1703)   Resolving deltas:  45% (778/1703)   Resolving deltas:  46% (787/1703)   Resolving deltas:  47% (804/1703)   Resolving deltas:  48% (819/1703)   Resolving deltas:  50% (856/1703)   Resolving deltas:  51% (870/1703)   Resolving deltas:  52% (900/1703)   Resolving deltas:  53% (907/1703)   Resolving deltas:  55% (939/1703)   Resolving deltas:  56% (957/1703)   Resolving deltas:  57% (974/1703)   Resolving deltas:  58% (1000/1703)   Resolving deltas:  59% (1011/1703)   Resolving deltas:  60% (1022/1703)   Resolving deltas:  61% (1041/1703)   Resolving deltas:  62% (1058/1703)   Resolving deltas:  63% (1077/1703)   Resolving deltas:  64% (1093/1703)   Resolving deltas:  65% (1108/1703)   Resolving deltas:  66% (1125/1703)   Resolving deltas:  67% (1144/1703)   Resolving deltas:  68% (1159/1703)   Resolving deltas:  70% (1195/1703)   Resolving deltas:  71% (1210/1703)   Resolving deltas:  72% (1227/1703)   Resolving deltas:  73% (1247/1703)   Resolving deltas:  74% (1261/1703)   Resolving deltas:  75% (1281/1703)   Resolving deltas:  76% (1299/1703)   Resolving deltas:  77% (1317/1703)   Resolving deltas:  78% (1329/1703)   Resolving deltas:  79% (1350/1703)   Resolving deltas:  80% (1363/1703)   Resolving deltas:  81% (1389/1703)   Resolving deltas:  82% (1397/1703)   Resolving deltas:  83% (1414/1703)   Resolving deltas:  84% (1431/1703)   Resolving deltas:  85% (1448/1703)   Resolving deltas:  86% (1470/1703)   Resolving deltas:  87% (1482/1703)   Resolving deltas:  88% (1500/1703)   Resolving deltas:  89% (1518/1703)   Resolving deltas:  90% (1535/1703)   Resolving deltas:  91% (1550/1703)   Resolving deltas:  92% (1567/1703)   Resolving deltas:  94% (1602/1703)   Resolving deltas:  96% (1636/1703)   Resolving deltas:  97% (1660/1703)   Resolving deltas:  98% (1670/1703)   Resolving deltas:  99% (1695/1703)   Resolving deltas: 100% (1703/1703)   Resolving deltas: 100% (1703/1703), done.
Checking connectivity... done.

travis_time:end:059c04b4:start=1476957183997187037,finish=1476957185147498965,duration=1150311928[0K$ cd [secure]/teavm
$ git checkout -qf a30ac3cd838fec562113d65a1ba2d6d110cb32c7
travis_fold:end:git.checkout[0K
[33;1mThis job is running on container-based infrastructure, which does not allow use of 'sudo', setuid and setguid executables.[0m
[33;1mIf you require sudo, add 'sudo: required' to your .travis.yml[0m
[33;1mSee https://docs.travis-ci.com/user/workers/container-based-infrastructure/ for details.[0m

[33;1mSetting environment variables from repository settings[0m
$ export SAUCE_ACCESS_KEY=[secure]
$ export SAUCE_USER_NAME=[secure]

[33;1mSetting environment variables from .travis.yml[0m
$ export MAVEN_OPTS="-Xmx1024m -XX:MaxPermSize=256m"

$ jdk_switcher use oraclejdk8
Switching to Oracle JDK8 (java-8-oracle), JAVA_HOME will be set to /usr/lib/jvm/java-8-oracle
travis_fold:start:cache.1[0KSetting up build cache
$ export CASHER_DIR=$HOME/.casher
travis_time:start:2901cf0b[0K$ Installing caching utilities

travis_time:end:2901cf0b:start=1476957187033117414,finish=1476957187056468704,duration=23351290[0Ktravis_time:start:0a31c634[0K
travis_time:end:0a31c634:start=1476957187061585490,finish=1476957187064982762,duration=3397272[0Ktravis_time:start:05ea628c[0K[32;1mattempting to download cache archive[0m
[32;1mfetching master/cache-linux-precise-21bad06bd7ceaa1ba9d1427a695ec0f1d1aa583d54f1da7fcba67ffa54ead4c6--jdk-oraclejdk8.tgz[0m
[32;1mfound cache[0m

travis_time:end:05ea628c:start=1476957187069003463,finish=1476957193632186373,duration=6563182910[0Ktravis_time:start:1a165e80[0K
travis_time:end:1a165e80:start=1476957193636224896,finish=1476957193639729599,duration=3504703[0Ktravis_time:start:03731700[0K[32;1madding /home/travis/.m2 to cache[0m

travis_time:end:03731700:start=1476957193643778356,finish=1476957197773548831,duration=4129770475[0Ktravis_fold:end:cache.1[0K$ java -Xmx32m -version
java version "1.8.0_31"
Java(TM) SE Runtime Environment (build 1.8.0_31-b13)
Java HotSpot(TM) 64-Bit Server VM (build 25.31-b07, mixed mode)
$ javac -J-Xmx32m -version
javac 1.8.0_31
travis_fold:start:install[0Ktravis_time:start:00f72362[0K$ mvn install -DskipTests=true -Dmaven.javadoc.skip=true -B -V
Java HotSpot(TM) 64-Bit Server VM warning: ignoring option MaxPermSize=192m; support was removed in 8.0
Apache Maven 3.2.5 (12a6b3acb947671f09b81f49094c53f426d8cea1; 2014-12-14T17:29:23+00:00)
Maven home: /usr/local/maven
Java version: 1.8.0_31, vendor: Oracle Corporation
Java home: /usr/lib/jvm/java-8-oracle/jre
Default locale: en_US, platform encoding: UTF-8
OS name: "linux", version: "3.13.0-40-generic", arch: "amd64", family: "unix"
[INFO] Scanning for projects...
[INFO] ------------------------------------------------------------------------
[INFO] Reactor Build Order:
[INFO] 
[INFO] TeaVM
[INFO] TeaVM metaprogramming API
[INFO] TeaVM interop API
[INFO] TeaVM core
[INFO] TeaVM JavaScript objects
[INFO] TeaVM JavaScript APIs
[INFO] TeaVM platform
[INFO] TeaVM JavaScript objects - implementation
[INFO] TeaVM Java class library
[INFO] TeaVM html4j support
[INFO] TeaVM samples
[INFO] TeaVM tooling core
[INFO] TeaVM maven
[INFO] TeaVM maven plugin
[INFO] TeaVM Hello world web application
[INFO] TeaVM performance benchmark
[INFO] TeaVM Web Storage web application
[INFO] TeaVM HTML5 video web application
[INFO] TeaVM CPS demo
[INFO] TeaVM Kotlin web application
[INFO] TeaVM Scala example
[INFO] TeaVM CLI
[INFO] TeaVM maven web application archetype
[INFO] TeaVM debugging backend for Google Chrome RDP
[INFO] teavm-junit
[INFO] TeaVM metaprogramming API implementation
[INFO] TeaVM tests
[INFO] TeaVM slf4j
[INFO]                                                                         
[INFO] ------------------------------------------------------------------------
[INFO] Building TeaVM 1.0.0-SNAPSHOT
[INFO] ------------------------------------------------------------------------
[INFO] 
[INFO] --- maven-install-plugin:2.4:install (default-install) @ teavm ---
[INFO] Installing /home/travis/build/[secure]/teavm/pom.xml to /home/travis/.m2/repository/org/teavm/teavm/1.0.0-SNAPSHOT/teavm-1.0.0-SNAPSHOT.pom
[INFO]                                                                         
[INFO] ------------------------------------------------------------------------
[INFO] Building TeaVM metaprogramming API 1.0.0-SNAPSHOT
[INFO] ------------------------------------------------------------------------
[INFO] 
[INFO] --- maven-checkstyle-plugin:2.16:check (validate) @ teavm-metaprogramming-api ---
[INFO] Starting audit...
Audit done.
[INFO] 
[INFO] --- maven-resources-plugin:3.0.1:resources (default-resources) @ teavm-metaprogramming-api ---
[INFO] Using 'UTF-8' encoding to copy filtered resources.
[INFO] skip non existing resourceDirectory /home/travis/build/[secure]/teavm/metaprogramming/api/src/main/resources
[INFO] 
[INFO] --- maven-compiler-plugin:2.5.1:compile (default-compile) @ teavm-metaprogramming-api ---
[INFO] Compiling 15 source files to /home/travis/build/[secure]/teavm/metaprogramming/api/target/classes
[INFO] 
[INFO] --- maven-resources-plugin:3.0.1:testResources (default-testResources) @ teavm-metaprogramming-api ---
[INFO] Using 'UTF-8' encoding to copy filtered resources.
[INFO] skip non existing resourceDirectory /home/travis/build/[secure]/teavm/metaprogramming/api/src/test/resources
[INFO] 
[INFO] --- maven-compiler-plugin:2.5.1:testCompile (default-testCompile) @ teavm-metaprogramming-api ---
[INFO] No sources to compile
[INFO] 
[INFO] --- maven-surefire-plugin:2.17:test (default-test) @ teavm-metaprogramming-api ---
[INFO] Tests are skipped.
[INFO] 
[INFO] --- maven-bundle-plugin:2.5.3:bundle (default-bundle) @ teavm-metaprogramming-api ---
[INFO] 
[INFO] --- maven-jar-plugin:2.6:test-jar (default) @ teavm-metaprogramming-api ---
[WARNING] JAR will be empty - no content was marked for inclusion!
[INFO] Building jar: /home/travis/build/[secure]/teavm/metaprogramming/api/target/teavm-metaprogramming-api-1.0.0-SNAPSHOT-tests.jar
[INFO] 
[INFO] --- maven-source-plugin:2.2.1:jar-no-fork (attach-sources) @ teavm-metaprogramming-api ---
[INFO] Building jar: /home/travis/build/[secure]/teavm/metaprogramming/api/target/teavm-metaprogramming-api-1.0.0-SNAPSHOT-sources.jar
[INFO] 
[INFO] --- maven-javadoc-plugin:2.9.1:jar (build-javadoc) @ teavm-metaprogramming-api ---
[INFO] Skipping javadoc generation
[INFO] 
[INFO] --- maven-install-plugin:2.5.2:install (default-install) @ teavm-metaprogramming-api ---
[INFO] Installing /home/travis/build/[secure]/teavm/metaprogramming/api/target/teavm-metaprogramming-api-1.0.0-SNAPSHOT.jar to /home/travis/.m2/repository/org/teavm/teavm-metaprogramming-api/1.0.0-SNAPSHOT/teavm-metaprogramming-api-1.0.0-SNAPSHOT.jar
[INFO] Installing /home/travis/build/[secure]/teavm/metaprogramming/api/pom.xml to /home/travis/.m2/repository/org/teavm/teavm-metaprogramming-api/1.0.0-SNAPSHOT/teavm-metaprogramming-api-1.0.0-SNAPSHOT.pom
[INFO] Installing /home/travis/build/[secure]/teavm/metaprogramming/api/target/teavm-metaprogramming-api-1.0.0-SNAPSHOT-tests.jar to /home/travis/.m2/repository/org/teavm/teavm-metaprogramming-api/1.0.0-SNAPSHOT/teavm-metaprogramming-api-1.0.0-SNAPSHOT-tests.jar
[INFO] Installing /home/travis/build/[secure]/teavm/metaprogramming/api/target/teavm-metaprogramming-api-1.0.0-SNAPSHOT-sources.jar to /home/travis/.m2/repository/org/teavm/teavm-metaprogramming-api/1.0.0-SNAPSHOT/teavm-metaprogramming-api-1.0.0-SNAPSHOT-sources.jar
[INFO] 
[INFO] --- maven-bundle-plugin:2.5.3:install (default-install) @ teavm-metaprogramming-api ---
[INFO] Installing org/teavm/teavm-metaprogramming-api/1.0.0-SNAPSHOT/teavm-metaprogramming-api-1.0.0-SNAPSHOT.jar
[INFO] Writing OBR metadata
[INFO]                                                                         
[INFO] ------------------------------------------------------------------------
[INFO] Building TeaVM interop API 1.0.0-SNAPSHOT
[INFO] ------------------------------------------------------------------------
[INFO] 
[INFO] --- maven-checkstyle-plugin:2.16:check (validate) @ teavm-interop ---
[INFO] Starting audit...
Audit done.
[INFO] 
[INFO] --- maven-resources-plugin:2.6:resources (default-resources) @ teavm-interop ---
[INFO] Using 'UTF-8' encoding to copy filtered resources.
[INFO] skip non existing resourceDirectory /home/travis/build/[secure]/teavm/interop/core/src/main/resources
[INFO] 
[INFO] --- maven-compiler-plugin:2.5.1:compile (default-compile) @ teavm-interop ---
[INFO] Compiling 13 source files to /home/travis/build/[secure]/teavm/interop/core/target/classes
[INFO] 
[INFO] --- maven-resources-plugin:2.6:testResources (default-testResources) @ teavm-interop ---
[INFO] Using 'UTF-8' encoding to copy filtered resources.
[INFO] skip non existing resourceDirectory /home/travis/build/[secure]/teavm/interop/core/src/test/resources
[INFO] 
[INFO] --- maven-compiler-plugin:2.5.1:testCompile (default-testCompile) @ teavm-interop ---
[INFO] No sources to compile
[INFO] 
[INFO] --- maven-surefire-plugin:2.17:test (default-test) @ teavm-interop ---
[INFO] Tests are skipped.
[INFO] 
[INFO] --- maven-jar-plugin:2.6:jar (default-jar) @ teavm-interop ---
[INFO] Building jar: /home/travis/build/[secure]/teavm/interop/core/target/teavm-interop-1.0.0-SNAPSHOT.jar
[INFO] 
[INFO] --- maven-jar-plugin:2.6:test-jar (default) @ teavm-interop ---
[WARNING] JAR will be empty - no content was marked for inclusion!
[INFO] Building jar: /home/travis/build/[secure]/teavm/interop/core/target/teavm-interop-1.0.0-SNAPSHOT-tests.jar
[INFO] 
[INFO] --- maven-source-plugin:2.2.1:jar-no-fork (attach-sources) @ teavm-interop ---
[INFO] Building jar: /home/travis/build/[secure]/teavm/interop/core/target/teavm-interop-1.0.0-SNAPSHOT-sources.jar
[INFO] 
[INFO] --- maven-javadoc-plugin:2.9.1:jar (build-javadoc) @ teavm-interop ---
[INFO] Skipping javadoc generation
[INFO] 
[INFO] --- maven-install-plugin:2.4:install (default-install) @ teavm-interop ---
[INFO] Installing /home/travis/build/[secure]/teavm/interop/core/target/teavm-interop-1.0.0-SNAPSHOT.jar to /home/travis/.m2/repository/org/teavm/teavm-interop/1.0.0-SNAPSHOT/teavm-interop-1.0.0-SNAPSHOT.jar
[INFO] Installing /home/travis/build/[secure]/teavm/interop/core/pom.xml to /home/travis/.m2/repository/org/teavm/teavm-interop/1.0.0-SNAPSHOT/teavm-interop-1.0.0-SNAPSHOT.pom
[INFO] Installing /home/travis/build/[secure]/teavm/interop/core/target/teavm-interop-1.0.0-SNAPSHOT-tests.jar to /home/travis/.m2/repository/org/teavm/teavm-interop/1.0.0-SNAPSHOT/teavm-interop-1.0.0-SNAPSHOT-tests.jar
[INFO] Installing /home/travis/build/[secure]/teavm/interop/core/target/teavm-interop-1.0.0-SNAPSHOT-sources.jar to /home/travis/.m2/repository/org/teavm/teavm-interop/1.0.0-SNAPSHOT/teavm-interop-1.0.0-SNAPSHOT-sources.jar
[INFO]                                                                         
[INFO] ------------------------------------------------------------------------
[INFO] Building TeaVM core 1.0.0-SNAPSHOT
[INFO] ------------------------------------------------------------------------
[INFO] 
[INFO] --- maven-checkstyle-plugin:2.16:check (validate) @ teavm-core ---
[INFO] Starting audit...
Audit done.
[INFO] 
[INFO] --- kotlin-maven-plugin:1.0.3:compile (compile) @ teavm-core ---
[INFO] Kotlin Compiler version 1.0.3
[WARNING] No sources found skipping Kotlin compile
[INFO] 
[INFO] --- maven-resources-plugin:3.0.1:resources (default-resources) @ teavm-core ---
[INFO] Using 'UTF-8' encoding to copy filtered resources.
[INFO] Copying 1 resource
[INFO] 
[INFO] --- maven-compiler-plugin:2.5.1:compile (default-compile) @ teavm-core ---
[INFO] Compiling 549 source files to /home/travis/build/[secure]/teavm/core/target/classes
[INFO] 
[INFO] --- maven-resources-plugin:3.0.1:testResources (default-testResources) @ teavm-core ---
[INFO] Using 'UTF-8' encoding to copy filtered resources.
[INFO] Copying 0 resource
[INFO] 
[INFO] --- maven-compiler-plugin:2.5.1:testCompile (default-testCompile) @ teavm-core ---
[INFO] Compiling 3 source files to /home/travis/build/[secure]/teavm/core/target/test-classes
[INFO] 
[INFO] --- maven-surefire-plugin:2.17:test (default-test) @ teavm-core ---
[INFO] Tests are skipped.
[INFO] 
[INFO] --- maven-bundle-plugin:2.5.3:bundle (default-bundle) @ teavm-core ---
[INFO] 
[INFO] --- maven-source-plugin:2.2.1:jar-no-fork (attach-sources) @ teavm-core ---
[INFO] Building jar: /home/travis/build/[secure]/teavm/core/target/teavm-core-1.0.0-SNAPSHOT-sources.jar
[INFO] 
[INFO] --- maven-javadoc-plugin:2.9.1:jar (build-javadoc) @ teavm-core ---
[INFO] Skipping javadoc generation
[INFO] 
[INFO] --- maven-install-plugin:2.5.2:install (default-install) @ teavm-core ---
[INFO] Installing /home/travis/build/[secure]/teavm/core/target/teavm-core-1.0.0-SNAPSHOT.jar to /home/travis/.m2/repository/org/teavm/teavm-core/1.0.0-SNAPSHOT/teavm-core-1.0.0-SNAPSHOT.jar
[INFO] Installing /home/travis/build/[secure]/teavm/core/pom.xml to /home/travis/.m2/repository/org/teavm/teavm-core/1.0.0-SNAPSHOT/teavm-core-1.0.0-SNAPSHOT.pom
[INFO] Installing /home/travis/build/[secure]/teavm/core/target/teavm-core-1.0.0-SNAPSHOT-sources.jar to /home/travis/.m2/repository/org/teavm/teavm-core/1.0.0-SNAPSHOT/teavm-core-1.0.0-SNAPSHOT-sources.jar
[INFO] 
[INFO] --- maven-bundle-plugin:2.5.3:install (default-install) @ teavm-core ---
[INFO] Installing org/teavm/teavm-core/1.0.0-SNAPSHOT/teavm-core-1.0.0-SNAPSHOT.jar
[INFO] Writing OBR metadata
[INFO]                                                                         
[INFO] ------------------------------------------------------------------------
[INFO] Building TeaVM JavaScript objects 1.0.0-SNAPSHOT
[INFO] ------------------------------------------------------------------------
[INFO] 
[INFO] --- maven-checkstyle-plugin:2.16:check (validate) @ teavm-jso ---
[INFO] Starting audit...
Audit done.
[INFO] 
[INFO] --- maven-resources-plugin:2.6:resources (default-resources) @ teavm-jso ---
[INFO] Using 'UTF-8' encoding to copy filtered resources.
[INFO] skip non existing resourceDirectory /home/travis/build/[secure]/teavm/jso/core/src/main/resources
[INFO] 
[INFO] --- maven-compiler-plugin:2.5.1:compile (default-compile) @ teavm-jso ---
[INFO] Compiling 7 source files to /home/travis/build/[secure]/teavm/jso/core/target/classes
[INFO] 
[INFO] --- maven-resources-plugin:2.6:testResources (default-testResources) @ teavm-jso ---
[INFO] Using 'UTF-8' encoding to copy filtered resources.
[INFO] skip non existing resourceDirectory /home/travis/build/[secure]/teavm/jso/core/src/test/resources
[INFO] 
[INFO] --- maven-compiler-plugin:2.5.1:testCompile (default-testCompile) @ teavm-jso ---
[INFO] No sources to compile
[INFO] 
[INFO] --- maven-surefire-plugin:2.17:test (default-test) @ teavm-jso ---
[INFO] Tests are skipped.
[INFO] 
[INFO] --- maven-jar-plugin:2.6:jar (default-jar) @ teavm-jso ---
[INFO] Building jar: /home/travis/build/[secure]/teavm/jso/core/target/teavm-jso-1.0.0-SNAPSHOT.jar
[INFO] 
[INFO] --- maven-jar-plugin:2.6:test-jar (default) @ teavm-jso ---
[WARNING] JAR will be empty - no content was marked for inclusion!
[INFO] Building jar: /home/travis/build/[secure]/teavm/jso/core/target/teavm-jso-1.0.0-SNAPSHOT-tests.jar
[INFO] 
[INFO] --- maven-source-plugin:2.2.1:jar-no-fork (attach-sources) @ teavm-jso ---
[INFO] Building jar: /home/travis/build/[secure]/teavm/jso/core/target/teavm-jso-1.0.0-SNAPSHOT-sources.jar
[INFO] 
[INFO] --- maven-javadoc-plugin:2.9.1:jar (build-javadoc) @ teavm-jso ---
[INFO] Skipping javadoc generation
[INFO] 
[INFO] --- maven-install-plugin:2.4:install (default-install) @ teavm-jso ---
[INFO] Installing /home/travis/build/[secure]/teavm/jso/core/target/teavm-jso-1.0.0-SNAPSHOT.jar to /home/travis/.m2/repository/org/teavm/teavm-jso/1.0.0-SNAPSHOT/teavm-jso-1.0.0-SNAPSHOT.jar
[INFO] Installing /home/travis/build/[secure]/teavm/jso/core/pom.xml to /home/travis/.m2/repository/org/teavm/teavm-jso/1.0.0-SNAPSHOT/teavm-jso-1.0.0-SNAPSHOT.pom
[INFO] Installing /home/travis/build/[secure]/teavm/jso/core/target/teavm-jso-1.0.0-SNAPSHOT-tests.jar to /home/travis/.m2/repository/org/teavm/teavm-jso/1.0.0-SNAPSHOT/teavm-jso-1.0.0-SNAPSHOT-tests.jar
[INFO] Installing /home/travis/build/[secure]/teavm/jso/core/target/teavm-jso-1.0.0-SNAPSHOT-sources.jar to /home/travis/.m2/repository/org/teavm/teavm-jso/1.0.0-SNAPSHOT/teavm-jso-1.0.0-SNAPSHOT-sources.jar
[INFO]                                                                         
[INFO] ------------------------------------------------------------------------
[INFO] Building TeaVM JavaScript APIs 1.0.0-SNAPSHOT
[INFO] ------------------------------------------------------------------------
[INFO] 
[INFO] --- maven-checkstyle-plugin:2.16:check (validate) @ teavm-jso-apis ---
[INFO] Starting audit...
Audit done.
[INFO] 
[INFO] --- maven-resources-plugin:2.6:resources (default-resources) @ teavm-jso-apis ---
[INFO] Using 'UTF-8' encoding to copy filtered resources.
[INFO] skip non existing resourceDirectory /home/travis/build/[secure]/teavm/jso/apis/src/main/resources
[INFO] 
[INFO] --- maven-compiler-plugin:2.5.1:compile (default-compile) @ teavm-jso-apis ---
[INFO] Compiling 181 source files to /home/travis/build/[secure]/teavm/jso/apis/target/classes
[INFO] 
[INFO] --- maven-resources-plugin:2.6:testResources (default-testResources) @ teavm-jso-apis ---
[INFO] Using 'UTF-8' encoding to copy filtered resources.
[INFO] skip non existing resourceDirectory /home/travis/build/[secure]/teavm/jso/apis/src/test/resources
[INFO] 
[INFO] --- maven-compiler-plugin:2.5.1:testCompile (default-testCompile) @ teavm-jso-apis ---
[INFO] No sources to compile
[INFO] 
[INFO] --- maven-surefire-plugin:2.17:test (default-test) @ teavm-jso-apis ---
[INFO] Tests are skipped.
[INFO] 
[INFO] --- maven-jar-plugin:2.6:jar (default-jar) @ teavm-jso-apis ---
[INFO] Building jar: /home/travis/build/[secure]/teavm/jso/apis/target/teavm-jso-apis-1.0.0-SNAPSHOT.jar
[INFO] 
[INFO] --- maven-jar-plugin:2.6:test-jar (default) @ teavm-jso-apis ---
[WARNING] JAR will be empty - no content was marked for inclusion!
[INFO] Building jar: /home/travis/build/[secure]/teavm/jso/apis/target/teavm-jso-apis-1.0.0-SNAPSHOT-tests.jar
[INFO] 
[INFO] --- maven-source-plugin:2.2.1:jar-no-fork (attach-sources) @ teavm-jso-apis ---
[INFO] Building jar: /home/travis/build/[secure]/teavm/jso/apis/target/teavm-jso-apis-1.0.0-SNAPSHOT-sources.jar
[INFO] 
[INFO] --- maven-javadoc-plugin:2.9.1:jar (build-javadoc) @ teavm-jso-apis ---
[INFO] Skipping javadoc generation
[INFO] 
[INFO] --- maven-install-plugin:2.4:install (default-install) @ teavm-jso-apis ---
[INFO] Installing /home/travis/build/[secure]/teavm/jso/apis/target/teavm-jso-apis-1.0.0-SNAPSHOT.jar to /home/travis/.m2/repository/org/teavm/teavm-jso-apis/1.0.0-SNAPSHOT/teavm-jso-apis-1.0.0-SNAPSHOT.jar
[INFO] Installing /home/travis/build/[secure]/teavm/jso/apis/pom.xml to /home/travis/.m2/repository/org/teavm/teavm-jso-apis/1.0.0-SNAPSHOT/teavm-jso-apis-1.0.0-SNAPSHOT.pom
[INFO] Installing /home/travis/build/[secure]/teavm/jso/apis/target/teavm-jso-apis-1.0.0-SNAPSHOT-tests.jar to /home/travis/.m2/repository/org/teavm/teavm-jso-apis/1.0.0-SNAPSHOT/teavm-jso-apis-1.0.0-SNAPSHOT-tests.jar
[INFO] Installing /home/travis/build/[secure]/teavm/jso/apis/target/teavm-jso-apis-1.0.0-SNAPSHOT-sources.jar to /home/travis/.m2/repository/org/teavm/teavm-jso-apis/1.0.0-SNAPSHOT/teavm-jso-apis-1.0.0-SNAPSHOT-sources.jar
[INFO]                                                                         
[INFO] ------------------------------------------------------------------------
[INFO] Building TeaVM platform 1.0.0-SNAPSHOT
[INFO] ------------------------------------------------------------------------
[INFO] 
[INFO] --- maven-checkstyle-plugin:2.16:check (validate) @ teavm-platform ---
[INFO] Starting audit...
Audit done.
[INFO] 
[INFO] --- maven-resources-plugin:3.0.1:resources (default-resources) @ teavm-platform ---
[INFO] Using 'UTF-8' encoding to copy filtered resources.
[INFO] Copying 1 resource
[INFO] 
[INFO] --- maven-compiler-plugin:2.5.1:compile (default-compile) @ teavm-platform ---
[INFO] Compiling 66 source files to /home/travis/build/[secure]/teavm/platform/target/classes
[INFO] 
[INFO] --- maven-resources-plugin:3.0.1:testResources (default-testResources) @ teavm-platform ---
[INFO] Using 'UTF-8' encoding to copy filtered resources.
[INFO] skip non existing resourceDirectory /home/travis/build/[secure]/teavm/platform/src/test/resources
[INFO] 
[INFO] --- maven-compiler-plugin:2.5.1:testCompile (default-testCompile) @ teavm-platform ---
[INFO] No sources to compile
[INFO] 
[INFO] --- maven-surefire-plugin:2.17:test (default-test) @ teavm-platform ---
[INFO] Tests are skipped.
[INFO] 
[INFO] --- maven-bundle-plugin:2.5.3:bundle (default-bundle) @ teavm-platform ---
[INFO] 
[INFO] --- maven-source-plugin:2.2.1:jar-no-fork (attach-sources) @ teavm-platform ---
[INFO] Building jar: /home/travis/build/[secure]/teavm/platform/target/teavm-platform-1.0.0-SNAPSHOT-sources.jar
[INFO] 
[INFO] --- maven-javadoc-plugin:2.9.1:jar (build-javadoc) @ teavm-platform ---
[INFO] Skipping javadoc generation
[INFO] 
[INFO] --- maven-install-plugin:2.5.2:install (default-install) @ teavm-platform ---
[INFO] Installing /home/travis/build/[secure]/teavm/platform/target/teavm-platform-1.0.0-SNAPSHOT.jar to /home/travis/.m2/repository/org/teavm/teavm-platform/1.0.0-SNAPSHOT/teavm-platform-1.0.0-SNAPSHOT.jar
[INFO] Installing /home/travis/build/[secure]/teavm/platform/pom.xml to /home/travis/.m2/repository/org/teavm/teavm-platform/1.0.0-SNAPSHOT/teavm-platform-1.0.0-SNAPSHOT.pom
[INFO] Installing /home/travis/build/[secure]/teavm/platform/target/teavm-platform-1.0.0-SNAPSHOT-sources.jar to /home/travis/.m2/repository/org/teavm/teavm-platform/1.0.0-SNAPSHOT/teavm-platform-1.0.0-SNAPSHOT-sources.jar
[INFO] 
[INFO] --- maven-bundle-plugin:2.5.3:install (default-install) @ teavm-platform ---
[INFO] Installing org/teavm/teavm-platform/1.0.0-SNAPSHOT/teavm-platform-1.0.0-SNAPSHOT.jar
[INFO] Writing OBR metadata
[INFO]                                                                         
[INFO] ------------------------------------------------------------------------
[INFO] Building TeaVM JavaScript objects - implementation 1.0.0-SNAPSHOT
[INFO] ------------------------------------------------------------------------
[INFO] 
[INFO] --- maven-checkstyle-plugin:2.16:check (validate) @ teavm-jso-impl ---
[INFO] Starting audit...
Audit done.
[INFO] 
[INFO] --- maven-resources-plugin:2.6:resources (default-resources) @ teavm-jso-impl ---
[INFO] Using 'UTF-8' encoding to copy filtered resources.
[INFO] Copying 1 resource
[INFO] 
[INFO] --- maven-compiler-plugin:2.5.1:compile (default-compile) @ teavm-jso-impl ---
[INFO] Compiling 21 source files to /home/travis/build/[secure]/teavm/jso/impl/target/classes
[INFO] 
[INFO] --- maven-resources-plugin:2.6:testResources (default-testResources) @ teavm-jso-impl ---
[INFO] Using 'UTF-8' encoding to copy filtered resources.
[INFO] skip non existing resourceDirectory /home/travis/build/[secure]/teavm/jso/impl/src/test/resources
[INFO] 
[INFO] --- maven-compiler-plugin:2.5.1:testCompile (default-testCompile) @ teavm-jso-impl ---
[INFO] Compiling 1 source file to /home/travis/build/[secure]/teavm/jso/impl/target/test-classes
[INFO] 
[INFO] --- maven-surefire-plugin:2.17:test (default-test) @ teavm-jso-impl ---
[INFO] Tests are skipped.
[INFO] 
[INFO] --- maven-jar-plugin:2.6:jar (default-jar) @ teavm-jso-impl ---
[INFO] Building jar: /home/travis/build/[secure]/teavm/jso/impl/target/teavm-jso-impl-1.0.0-SNAPSHOT.jar
[INFO] 
[INFO] --- maven-source-plugin:2.2.1:jar-no-fork (attach-sources) @ teavm-jso-impl ---
[INFO] Building jar: /home/travis/build/[secure]/teavm/jso/impl/target/teavm-jso-impl-1.0.0-SNAPSHOT-sources.jar
[INFO] 
[INFO] --- maven-javadoc-plugin:2.9.1:jar (build-javadoc) @ teavm-jso-impl ---
[INFO] Skipping javadoc generation
[INFO] 
[INFO] --- maven-install-plugin:2.4:install (default-install) @ teavm-jso-impl ---
[INFO] Installing /home/travis/build/[secure]/teavm/jso/impl/target/teavm-jso-impl-1.0.0-SNAPSHOT.jar to /home/travis/.m2/repository/org/teavm/teavm-jso-impl/1.0.0-SNAPSHOT/teavm-jso-impl-1.0.0-SNAPSHOT.jar
[INFO] Installing /home/travis/build/[secure]/teavm/jso/impl/pom.xml to /home/travis/.m2/repository/org/teavm/teavm-jso-impl/1.0.0-SNAPSHOT/teavm-jso-impl-1.0.0-SNAPSHOT.pom
[INFO] Installing /home/travis/build/[secure]/teavm/jso/impl/target/teavm-jso-impl-1.0.0-SNAPSHOT-sources.jar to /home/travis/.m2/repository/org/teavm/teavm-jso-impl/1.0.0-SNAPSHOT/teavm-jso-impl-1.0.0-SNAPSHOT-sources.jar
[INFO]                                                                         
[INFO] ------------------------------------------------------------------------
[INFO] Building TeaVM Java class library 1.0.0-SNAPSHOT
[INFO] ------------------------------------------------------------------------
[INFO] 
[INFO] --- maven-resources-plugin:3.0.1:resources (default-resources) @ teavm-classlib ---
[INFO] Using 'UTF-8' encoding to copy filtered resources.
[INFO] Copying 19 resources
[INFO] 
[INFO] --- maven-compiler-plugin:2.5.1:compile (default-compile) @ teavm-classlib ---
[INFO] Compiling 467 source files to /home/travis/build/[secure]/teavm/classlib/target/classes
[INFO] 
[INFO] >>> exec-maven-plugin:1.2.1:java (generate-tz-cache) > validate @ teavm-classlib >>>
[INFO] 
[INFO] <<< exec-maven-plugin:1.2.1:java (generate-tz-cache) < validate @ teavm-classlib <<<
[INFO] 
[INFO] --- exec-maven-plugin:1.2.1:java (generate-tz-cache) @ teavm-classlib ---
[INFO] 
[INFO] --- maven-resources-plugin:3.0.1:testResources (default-testResources) @ teavm-classlib ---
[INFO] Using 'UTF-8' encoding to copy filtered resources.
[INFO] skip non existing resourceDirectory /home/travis/build/[secure]/teavm/classlib/src/test/resources
[INFO] 
[INFO] --- maven-compiler-plugin:2.5.1:testCompile (default-testCompile) @ teavm-classlib ---
[INFO] Compiling 3 source files to /home/travis/build/[secure]/teavm/classlib/target/test-classes
[INFO] 
[INFO] >>> exec-maven-plugin:1.2.1:java (generate-classlib-doc) > validate @ teavm-classlib >>>
[INFO] 
[INFO] <<< exec-maven-plugin:1.2.1:java (generate-classlib-doc) < validate @ teavm-classlib <<<
[INFO] 
[INFO] --- exec-maven-plugin:1.2.1:java (generate-classlib-doc) @ teavm-classlib ---
[INFO] 
[INFO] --- maven-surefire-plugin:2.17:test (default-test) @ teavm-classlib ---
[INFO] Tests are skipped.
[INFO] 
[INFO] --- maven-bundle-plugin:2.5.3:bundle (default-bundle) @ teavm-classlib ---
[INFO] 
[INFO] --- maven-source-plugin:2.2.1:jar-no-fork (attach-sources) @ teavm-classlib ---
[INFO] Building jar: /home/travis/build/[secure]/teavm/classlib/target/teavm-classlib-1.0.0-SNAPSHOT-sources.jar
[INFO] 
[INFO] --- maven-javadoc-plugin:2.9.1:jar (build-javadoc) @ teavm-classlib ---
[INFO] Skipping javadoc generation
[INFO] 
[INFO] --- maven-install-plugin:2.5.2:install (default-install) @ teavm-classlib ---
[INFO] Installing /home/travis/build/[secure]/teavm/classlib/target/teavm-classlib-1.0.0-SNAPSHOT.jar to /home/travis/.m2/repository/org/teavm/teavm-classlib/1.0.0-SNAPSHOT/teavm-classlib-1.0.0-SNAPSHOT.jar
[INFO] Installing /home/travis/build/[secure]/teavm/classlib/pom.xml to /home/travis/.m2/repository/org/teavm/teavm-classlib/1.0.0-SNAPSHOT/teavm-classlib-1.0.0-SNAPSHOT.pom
[INFO] Installing /home/travis/build/[secure]/teavm/classlib/target/teavm-classlib-1.0.0-SNAPSHOT-sources.jar to /home/travis/.m2/repository/org/teavm/teavm-classlib/1.0.0-SNAPSHOT/teavm-classlib-1.0.0-SNAPSHOT-sources.jar
[INFO] 
[INFO] --- maven-bundle-plugin:2.5.3:install (default-install) @ teavm-classlib ---
[INFO] Installing org/teavm/teavm-classlib/1.0.0-SNAPSHOT/teavm-classlib-1.0.0-SNAPSHOT.jar
[INFO] Writing OBR metadata
[INFO]                                                                         
[INFO] ------------------------------------------------------------------------
[INFO] Building TeaVM html4j support 1.0.0-SNAPSHOT
[INFO] ------------------------------------------------------------------------
[INFO] 
[INFO] --- maven-checkstyle-plugin:2.16:check (validate) @ teavm-html4j ---
[INFO] Starting audit...
Audit done.
[INFO] 
[INFO] --- maven-resources-plugin:2.6:resources (default-resources) @ teavm-html4j ---
[INFO] Using 'UTF-8' encoding to copy filtered resources.
[INFO] Copying 2 resources
[INFO] 
[INFO] --- maven-compiler-plugin:2.5.1:compile (default-compile) @ teavm-html4j ---
[INFO] Compiling 13 source files to /home/travis/build/[secure]/teavm/html4j/target/classes
[INFO] 
[INFO] --- maven-resources-plugin:2.6:testResources (default-testResources) @ teavm-html4j ---
[INFO] Using 'UTF-8' encoding to copy filtered resources.
[INFO] Copying 2 resources
[INFO] 
[INFO] --- maven-compiler-plugin:2.5.1:testCompile (default-testCompile) @ teavm-html4j ---
[INFO] Compiling 7 source files to /home/travis/build/[secure]/teavm/html4j/target/test-classes
[INFO] 
[INFO] --- maven-surefire-plugin:2.16:test (default-test) @ teavm-html4j ---
[INFO] Tests are skipped.
[INFO] 
[INFO] --- maven-jar-plugin:2.6:jar (default-jar) @ teavm-html4j ---
[INFO] Building jar: /home/travis/build/[secure]/teavm/html4j/target/teavm-html4j-1.0.0-SNAPSHOT.jar
[INFO] 
[INFO] --- maven-source-plugin:2.2.1:jar-no-fork (attach-sources) @ teavm-html4j ---
[INFO] Building jar: /home/travis/build/[secure]/teavm/html4j/target/teavm-html4j-1.0.0-SNAPSHOT-sources.jar
[INFO] 
[INFO] --- maven-javadoc-plugin:2.9.1:jar (build-javadoc) @ teavm-html4j ---
[INFO] Skipping javadoc generation
[INFO] 
[INFO] --- maven-install-plugin:2.4:install (default-install) @ teavm-html4j ---
[INFO] Installing /home/travis/build/[secure]/teavm/html4j/target/teavm-html4j-1.0.0-SNAPSHOT.jar to /home/travis/.m2/repository/org/teavm/teavm-html4j/1.0.0-SNAPSHOT/teavm-html4j-1.0.0-SNAPSHOT.jar
[INFO] Installing /home/travis/build/[secure]/teavm/html4j/pom.xml to /home/travis/.m2/repository/org/teavm/teavm-html4j/1.0.0-SNAPSHOT/teavm-html4j-1.0.0-SNAPSHOT.pom
[INFO] Installing /home/travis/build/[secure]/teavm/html4j/target/teavm-html4j-1.0.0-SNAPSHOT-sources.jar to /home/travis/.m2/repository/org/teavm/teavm-html4j/1.0.0-SNAPSHOT/teavm-html4j-1.0.0-SNAPSHOT-sources.jar
[INFO]                                                                         
[INFO] ------------------------------------------------------------------------
[INFO] Building TeaVM samples 1.0.0-SNAPSHOT
[INFO] ------------------------------------------------------------------------
[INFO] 
[INFO] --- maven-install-plugin:2.4:install (default-install) @ teavm-samples ---
[INFO] Installing /home/travis/build/[secure]/teavm/samples/pom.xml to /home/travis/.m2/repository/org/teavm/teavm-samples/1.0.0-SNAPSHOT/teavm-samples-1.0.0-SNAPSHOT.pom
[INFO]                                                                         
[INFO] ------------------------------------------------------------------------
[INFO] Building TeaVM tooling core 1.0.0-SNAPSHOT
[INFO] ------------------------------------------------------------------------
[INFO] 
[INFO] --- maven-checkstyle-plugin:2.16:check (validate) @ teavm-tooling ---
[INFO] Starting audit...
Audit done.
[INFO] 
[INFO] --- maven-resources-plugin:3.0.1:resources (default-resources) @ teavm-tooling ---
[INFO] Using 'UTF-8' encoding to copy filtered resources.
[INFO] Copying 14 resources
[INFO] 
[INFO] --- maven-compiler-plugin:2.5.1:compile (default-compile) @ teavm-tooling ---
[INFO] Compiling 16 source files to /home/travis/build/[secure]/teavm/tools/core/target/classes
[INFO] 
[INFO] --- maven-resources-plugin:3.0.1:testResources (default-testResources) @ teavm-tooling ---
[INFO] Using 'UTF-8' encoding to copy filtered resources.
[INFO] skip non existing resourceDirectory /home/travis/build/[secure]/teavm/tools/core/src/test/resources
[INFO] 
[INFO] --- maven-compiler-plugin:2.5.1:testCompile (default-testCompile) @ teavm-tooling ---
[INFO] No sources to compile
[INFO] 
[INFO] --- maven-surefire-plugin:2.17:test (default-test) @ teavm-tooling ---
[INFO] Tests are skipped.
[INFO] 
[INFO] --- maven-bundle-plugin:2.5.3:bundle (default-bundle) @ teavm-tooling ---
[WARNING] Bundle org.teavm:teavm-tooling:bundle:1.0.0-SNAPSHOT : Split package, multiple jars provide the same package:org/teavm/interop
Use Import/Export Package directive -split-package:=(merge-first|merge-last|error|first) to get rid of this warning
Package found in   [Jar:teavm-core, Jar:teavm-interop]
Class path         [Jar:., Jar:teavm-core, Jar:teavm-interop, Jar:commons-io, Jar:asm-debug-all, Jar:hppc, Jar:objenesis, Jar:kotlin-stdlib, Jar:kotlin-runtime, Jar:jackson-annotations]
[INFO] 
[INFO] --- maven-source-plugin:2.2.1:jar-no-fork (attach-sources) @ teavm-tooling ---
[INFO] Building jar: /home/travis/build/[secure]/teavm/tools/core/target/teavm-tooling-1.0.0-SNAPSHOT-sources.jar
[INFO] 
[INFO] --- maven-javadoc-plugin:2.9.1:jar (build-javadoc) @ teavm-tooling ---
[INFO] Skipping javadoc generation
[INFO] 
[INFO] --- maven-install-plugin:2.5.2:install (default-install) @ teavm-tooling ---
[INFO] Installing /home/travis/build/[secure]/teavm/tools/core/target/teavm-tooling-1.0.0-SNAPSHOT.jar to /home/travis/.m2/repository/org/teavm/teavm-tooling/1.0.0-SNAPSHOT/teavm-tooling-1.0.0-SNAPSHOT.jar
[INFO] Installing /home/travis/build/[secure]/teavm/tools/core/pom.xml to /home/travis/.m2/repository/org/teavm/teavm-tooling/1.0.0-SNAPSHOT/teavm-tooling-1.0.0-SNAPSHOT.pom
[INFO] Installing /home/travis/build/[secure]/teavm/tools/core/target/teavm-tooling-1.0.0-SNAPSHOT-sources.jar to /home/travis/.m2/repository/org/teavm/teavm-tooling/1.0.0-SNAPSHOT/teavm-tooling-1.0.0-SNAPSHOT-sources.jar
[INFO] 
[INFO] --- maven-bundle-plugin:2.5.3:install (default-install) @ teavm-tooling ---
[INFO] Installing org/teavm/teavm-tooling/1.0.0-SNAPSHOT/teavm-tooling-1.0.0-SNAPSHOT.jar
[INFO] Writing OBR metadata
[INFO]                                                                         
[INFO] ------------------------------------------------------------------------
[INFO] Building TeaVM maven 1.0.0-SNAPSHOT
[INFO] ------------------------------------------------------------------------
[INFO] 
[INFO] --- maven-install-plugin:2.4:install (default-install) @ teavm-maven ---
[INFO] Installing /home/travis/build/[secure]/teavm/tools/maven/pom.xml to /home/travis/.m2/repository/org/teavm/teavm-maven/1.0.0-SNAPSHOT/teavm-maven-1.0.0-SNAPSHOT.pom
[INFO]                                                                         
[INFO] ------------------------------------------------------------------------
[INFO] Building TeaVM maven plugin 1.0.0-SNAPSHOT
[INFO] ------------------------------------------------------------------------
[INFO] 
[INFO] --- maven-checkstyle-plugin:2.16:check (validate) @ teavm-maven-plugin ---
[INFO] Starting audit...
Audit done.
[INFO] 
[INFO] --- maven-resources-plugin:2.6:resources (default-resources) @ teavm-maven-plugin ---
[INFO] Using 'UTF-8' encoding to copy filtered resources.
[INFO] skip non existing resourceDirectory /home/travis/build/[secure]/teavm/tools/maven/plugin/src/main/resources
[INFO] 
[INFO] --- maven-compiler-plugin:2.5.1:compile (default-compile) @ teavm-maven-plugin ---
[INFO] Compiling 5 source files to /home/travis/build/[secure]/teavm/tools/maven/plugin/target/classes
[INFO] 
[INFO] --- maven-plugin-plugin:3.3:descriptor (default-descriptor) @ teavm-maven-plugin ---
[INFO] Using 'UTF-8' encoding to read mojo metadata.
[INFO] Applying mojo extractor for language: java
[INFO] Mojo extractor for language: java found 0 mojo descriptors.
[INFO] Applying mojo extractor for language: bsh
[INFO] Mojo extractor for language: bsh found 0 mojo descriptors.
[INFO] Applying mojo extractor for language: java-annotations
[WARNING] Deprecated @component for project field in org.teavm.maven.TeaVMCompileMojo.: replace with @parameter name="${project}" @readonly
[INFO] Mojo extractor for language: java-annotations found 1 mojo descriptors.
[INFO] 
[INFO] --- maven-resources-plugin:2.6:testResources (default-testResources) @ teavm-maven-plugin ---
[INFO] Using 'UTF-8' encoding to copy filtered resources.
[INFO] Copying 1 resource
[INFO] 
[INFO] --- maven-compiler-plugin:2.5.1:testCompile (default-testCompile) @ teavm-maven-plugin ---
[INFO] Nothing to compile - all classes are up to date
[INFO] 
[INFO] --- maven-surefire-plugin:2.17:test (default-test) @ teavm-maven-plugin ---
[INFO] Tests are skipped.
[INFO] 
[INFO] --- maven-jar-plugin:2.6:jar (default-jar) @ teavm-maven-plugin ---
[INFO] Building jar: /home/travis/build/[secure]/teavm/tools/maven/plugin/target/teavm-maven-plugin-1.0.0-SNAPSHOT.jar
[INFO] 
[INFO] --- maven-plugin-plugin:3.3:addPluginArtifactMetadata (default-addPluginArtifactMetadata) @ teavm-maven-plugin ---
[INFO] 
[INFO] --- maven-source-plugin:2.2.1:jar-no-fork (attach-sources) @ teavm-maven-plugin ---
[INFO] Building jar: /home/travis/build/[secure]/teavm/tools/maven/plugin/target/teavm-maven-plugin-1.0.0-SNAPSHOT-sources.jar
[INFO] 
[INFO] --- maven-javadoc-plugin:2.9.1:jar (build-javadoc) @ teavm-maven-plugin ---
[INFO] Skipping javadoc generation
[INFO] 
[INFO] --- maven-install-plugin:2.4:install (default-install) @ teavm-maven-plugin ---
[INFO] Installing /home/travis/build/[secure]/teavm/tools/maven/plugin/target/teavm-maven-plugin-1.0.0-SNAPSHOT.jar to /home/travis/.m2/repository/org/teavm/teavm-maven-plugin/1.0.0-SNAPSHOT/teavm-maven-plugin-1.0.0-SNAPSHOT.jar
[INFO] Installing /home/travis/build/[secure]/teavm/tools/maven/plugin/pom.xml to /home/travis/.m2/repository/org/teavm/teavm-maven-plugin/1.0.0-SNAPSHOT/teavm-maven-plugin-1.0.0-SNAPSHOT.pom
[INFO] Installing /home/travis/build/[secure]/teavm/tools/maven/plugin/target/teavm-maven-plugin-1.0.0-SNAPSHOT-sources.jar to /home/travis/.m2/repository/org/teavm/teavm-maven-plugin/1.0.0-SNAPSHOT/teavm-maven-plugin-1.0.0-SNAPSHOT-sources.jar
[INFO]                                                                         
[INFO] ------------------------------------------------------------------------
[INFO] Building TeaVM Hello world web application 1.0.0-SNAPSHOT
[INFO] ------------------------------------------------------------------------
[INFO] 
[INFO] --- maven-checkstyle-plugin:2.16:check (validate) @ teavm-samples-hello ---
[INFO] Starting audit...
Audit done.
[INFO] 
[INFO] --- maven-resources-plugin:2.6:resources (default-resources) @ teavm-samples-hello ---
[INFO] Using 'UTF-8' encoding to copy filtered resources.
[INFO] skip non existing resourceDirectory /home/travis/build/[secure]/teavm/samples/hello/src/main/resources
[INFO] 
[INFO] --- maven-compiler-plugin:2.5.1:compile (default-compile) @ teavm-samples-hello ---
[INFO] Compiling 2 source files to /home/travis/build/[secure]/teavm/samples/hello/target/classes
[INFO] 
[INFO] --- teavm-maven-plugin:1.0.0-SNAPSHOT:compile (web-client) @ teavm-samples-hello ---
[INFO] Preparing classpath for JavaScript generation
[INFO] Using the following classpath for JavaScript generation: /home/travis/build/[secure]/teavm/classlib/target/teavm-classlib-1.0.0-SNAPSHOT.jar:/home/travis/build/[secure]/teavm/platform/target/teavm-platform-1.0.0-SNAPSHOT.jar:/home/travis/build/[secure]/teavm/core/target/teavm-core-1.0.0-SNAPSHOT.jar:/home/travis/build/[secure]/teavm/interop/core/target/teavm-interop-1.0.0-SNAPSHOT.jar:/home/travis/.m2/repository/commons-io/commons-io/2.4/commons-io-2.4.jar:/home/travis/.m2/repository/com/carrotsearch/hppc/0.6.1/hppc-0.6.1.jar:/home/travis/.m2/repository/org/objenesis/objenesis/2.4/objenesis-2.4.jar:/home/travis/.m2/repository/org/jetbrains/kotlin/kotlin-stdlib/1.0.3/kotlin-stdlib-1.0.3.jar:/home/travis/.m2/repository/org/jetbrains/kotlin/kotlin-runtime/1.0.3/kotlin-runtime-1.0.3.jar:/home/travis/build/[secure]/teavm/jso/apis/target/teavm-jso-apis-1.0.0-SNAPSHOT.jar:/home/travis/build/[secure]/teavm/jso/impl/target/teavm-jso-impl-1.0.0-SNAPSHOT.jar:/home/travis/.m2/repository/org/mozilla/rhino/1.7.7/rhino-1.7.7.jar:/home/travis/.m2/repository/org/ow2/asm/asm-debug-all/5.0.4/asm-debug-all-5.0.4.jar:/home/travis/.m2/repository/com/google/code/gson/gson/2.2.4/gson-2.2.4.jar:/home/travis/.m2/repository/com/jcraft/jzlib/1.1.3/jzlib-1.1.3.jar:/home/travis/.m2/repository/joda-time/joda-time/2.7/joda-time-2.7.jar:/home/travis/build/[secure]/teavm/jso/core/target/teavm-jso-1.0.0-SNAPSHOT.jar:/home/travis/.m2/repository/javax/servlet/javax.servlet-api/3.1.0/javax.servlet-api-3.1.0.jar:/home/travis/build/[secure]/teavm/samples/hello/target/classes
[INFO] Downloading: http://repo.maven.apache.org/maven2/org/seleniumhq/selenium/selenium-java/2.47.2/selenium-java-2.47.2-sources.jar
[INFO] Downloading: https://oss.sonatype.org/content/repositories/releases/org/seleniumhq/selenium/selenium-java/2.47.2/selenium-java-2.47.2-sources.jar
[INFO] Downloading: https://repository.apache.org/releases/org/seleniumhq/selenium/selenium-java/2.47.2/selenium-java-2.47.2-sources.jar
[INFO] Building JavaScript file
[INFO] Output file successfully built
[INFO] Debug information successfully written
[INFO] Source maps successfully written
[INFO] Source files successfully written
[INFO] 
[INFO] --- maven-resources-plugin:2.6:testResources (default-testResources) @ teavm-samples-hello ---
[INFO] Using 'UTF-8' encoding to copy filtered resources.
[INFO] skip non existing resourceDirectory /home/travis/build/[secure]/teavm/samples/hello/src/test/resources
[INFO] 
[INFO] --- maven-compiler-plugin:2.5.1:testCompile (default-testCompile) @ teavm-samples-hello ---
[INFO] No sources to compile
[INFO] 
[INFO] --- maven-surefire-plugin:2.17:test (default-test) @ teavm-samples-hello ---
[INFO] Tests are skipped.
[INFO] 
[INFO] --- maven-war-plugin:2.4:war (default-war) @ teavm-samples-hello ---
[INFO] Packaging webapp
[INFO] Assembling webapp [teavm-samples-hello] in [/home/travis/build/[secure]/teavm/samples/hello/target/teavm-samples-hello-1.0.0-SNAPSHOT]
[INFO] Processing war project
[INFO] Copying webapp webResources [/home/travis/build/[secure]/teavm/samples/hello/target/generated/js] to [/home/travis/build/[secure]/teavm/samples/hello/target/teavm-samples-hello-1.0.0-SNAPSHOT]
[INFO] Copying webapp resources [/home/travis/build/[secure]/teavm/samples/hello/src/main/webapp]
[INFO] Webapp assembled in [197 msecs]
[INFO] Building war: /home/travis/build/[secure]/teavm/samples/hello/target/teavm-samples-hello-1.0.0-SNAPSHOT.war
[INFO] 
[INFO] --- maven-source-plugin:2.2.1:jar-no-fork (attach-sources) @ teavm-samples-hello ---
[INFO] Building jar: /home/travis/build/[secure]/teavm/samples/hello/target/teavm-samples-hello-1.0.0-SNAPSHOT-sources.jar
[INFO] 
[INFO] --- maven-javadoc-plugin:2.9.1:jar (build-javadoc) @ teavm-samples-hello ---
[INFO] Skipping javadoc generation
[INFO] 
[INFO] --- maven-install-plugin:2.4:install (default-install) @ teavm-samples-hello ---
[INFO] Installing /home/travis/build/[secure]/teavm/samples/hello/target/teavm-samples-hello-1.0.0-SNAPSHOT.war to /home/travis/.m2/repository/org/teavm/teavm-samples-hello/1.0.0-SNAPSHOT/teavm-samples-hello-1.0.0-SNAPSHOT.war
[INFO] Installing /home/travis/build/[secure]/teavm/samples/hello/pom.xml to /home/travis/.m2/repository/org/teavm/teavm-samples-hello/1.0.0-SNAPSHOT/teavm-samples-hello-1.0.0-SNAPSHOT.pom
[INFO] Installing /home/travis/build/[secure]/teavm/samples/hello/target/teavm-samples-hello-1.0.0-SNAPSHOT-sources.jar to /home/travis/.m2/repository/org/teavm/teavm-samples-hello/1.0.0-SNAPSHOT/teavm-samples-hello-1.0.0-SNAPSHOT-sources.jar
[INFO]                                                                         
[INFO] ------------------------------------------------------------------------
[INFO] Building TeaVM performance benchmark 1.0.0-SNAPSHOT
[INFO] ------------------------------------------------------------------------
[INFO] 
[INFO] --- maven-checkstyle-plugin:2.16:check (validate) @ teavm-samples-benchmark ---
[INFO] Starting audit...
Audit done.
[INFO] 
[INFO] --- maven-resources-plugin:2.6:resources (default-resources) @ teavm-samples-benchmark ---
[INFO] Using 'UTF-8' encoding to copy filtered resources.
[INFO] Copying 2 resources
[INFO] 
[INFO] --- maven-compiler-plugin:2.5.1:compile (default-compile) @ teavm-samples-benchmark ---
[INFO] Compiling 9 source files to /home/travis/build/[secure]/teavm/samples/benchmark/target/classes
[INFO] 
[INFO] --- teavm-maven-plugin:1.0.0-SNAPSHOT:compile (web-client) @ teavm-samples-benchmark ---
[INFO] Preparing classpath for JavaScript generation
[INFO] Using the following classpath for JavaScript generation: /home/travis/build/[secure]/teavm/classlib/target/teavm-classlib-1.0.0-SNAPSHOT.jar:/home/travis/build/[secure]/teavm/platform/target/teavm-platform-1.0.0-SNAPSHOT.jar:/home/travis/build/[secure]/teavm/core/target/teavm-core-1.0.0-SNAPSHOT.jar:/home/travis/.m2/repository/commons-io/commons-io/2.4/commons-io-2.4.jar:/home/travis/.m2/repository/com/carrotsearch/hppc/0.6.1/hppc-0.6.1.jar:/home/travis/.m2/repository/org/objenesis/objenesis/2.4/objenesis-2.4.jar:/home/travis/.m2/repository/org/jetbrains/kotlin/kotlin-stdlib/1.0.3/kotlin-stdlib-1.0.3.jar:/home/travis/.m2/repository/org/jetbrains/kotlin/kotlin-runtime/1.0.3/kotlin-runtime-1.0.3.jar:/home/travis/build/[secure]/teavm/jso/core/target/teavm-jso-1.0.0-SNAPSHOT.jar:/home/travis/build/[secure]/teavm/jso/impl/target/teavm-jso-impl-1.0.0-SNAPSHOT.jar:/home/travis/.m2/repository/org/mozilla/rhino/1.7.7/rhino-1.7.7.jar:/home/travis/.m2/repository/org/ow2/asm/asm-debug-all/5.0.4/asm-debug-all-5.0.4.jar:/home/travis/.m2/repository/com/google/code/gson/gson/2.2.4/gson-2.2.4.jar:/home/travis/.m2/repository/com/jcraft/jzlib/1.1.3/jzlib-1.1.3.jar:/home/travis/.m2/repository/joda-time/joda-time/2.7/joda-time-2.7.jar:/home/travis/build/[secure]/teavm/jso/apis/target/teavm-jso-apis-1.0.0-SNAPSHOT.jar:/home/travis/build/[secure]/teavm/interop/core/target/teavm-interop-1.0.0-SNAPSHOT.jar:/home/travis/.m2/repository/org/jbox2d/jbox2d-library/2.2.1.1/jbox2d-library-2.2.1.1.jar:/home/travis/.m2/repository/org/jbox2d/jbox2d-library/2.2.1.1/jbox2d-library-2.2.1.1-sources.jar:/home/travis/.m2/repository/org/apidesign/bck2brwsr/emul/0.17/emul-0.17-rt.jar:/home/travis/.m2/repository/com/google/gwt/gwt-user/2.7.0/gwt-user-2.7.0.jar:/home/travis/.m2/repository/javax/validation/validation-api/1.0.0.GA/validation-api-1.0.0.GA.jar:/home/travis/.m2/repository/javax/validation/validation-api/1.0.0.GA/validation-api-1.0.0.GA-sources.jar:/home/travis/.m2/repository/com/dukescript/canvas/html5-canvas/0.7.2/html5-canvas-0.7.2.jar:/home/travis/.m2/repository/com/dukescript/canvas/canvas-api/0.7.2/canvas-api-0.7.2.jar:/home/travis/.m2/repository/org/apidesign/bck2brwsr/ko-bck2brwsr/0.17/ko-bck2brwsr-0.17-bck2brwsr.jar:/home/travis/.m2/repository/org/netbeans/html/net.java.html.json/1.2.3/net.java.html.json-1.2.3.jar:/home/travis/.m2/repository/org/netbeans/html/ko4j/1.2.3/ko4j-1.2.3.jar:/home/travis/.m2/repository/org/netbeans/html/net.java.html.geo/1.2.3/net.java.html.geo-1.2.3.jar:/home/travis/.m2/repository/org/netbeans/html/net.java.html.sound/1.2.3/net.java.html.sound-1.2.3.jar:/home/travis/.m2/repository/org/netbeans/html/net.java.html.boot/1.2.3/net.java.html.boot-1.2.3.jar:/home/travis/.m2/repository/org/netbeans/html/net.java.html/1.2.3/net.java.html-1.2.3.jar:/home/travis/build/[secure]/teavm/samples/benchmark/target/classes
[INFO] Building JavaScript file
[INFO] Output file successfully built
[INFO] Debug information successfully written
[INFO] 
[INFO] --- teavm-maven-plugin:1.0.0-SNAPSHOT:compile (wasm-client) @ teavm-samples-benchmark ---
[INFO] Preparing classpath for JavaScript generation
[INFO] Using the following classpath for JavaScript generation: /home/travis/build/[secure]/teavm/classlib/target/teavm-classlib-1.0.0-SNAPSHOT.jar:/home/travis/build/[secure]/teavm/platform/target/teavm-platform-1.0.0-SNAPSHOT.jar:/home/travis/build/[secure]/teavm/core/target/teavm-core-1.0.0-SNAPSHOT.jar:/home/travis/.m2/repository/commons-io/commons-io/2.4/commons-io-2.4.jar:/home/travis/.m2/repository/com/carrotsearch/hppc/0.6.1/hppc-0.6.1.jar:/home/travis/.m2/repository/org/objenesis/objenesis/2.4/objenesis-2.4.jar:/home/travis/.m2/repository/org/jetbrains/kotlin/kotlin-stdlib/1.0.3/kotlin-stdlib-1.0.3.jar:/home/travis/.m2/repository/org/jetbrains/kotlin/kotlin-runtime/1.0.3/kotlin-runtime-1.0.3.jar:/home/travis/build/[secure]/teavm/jso/core/target/teavm-jso-1.0.0-SNAPSHOT.jar:/home/travis/build/[secure]/teavm/jso/impl/target/teavm-jso-impl-1.0.0-SNAPSHOT.jar:/home/travis/.m2/repository/org/mozilla/rhino/1.7.7/rhino-1.7.7.jar:/home/travis/.m2/repository/org/ow2/asm/asm-debug-all/5.0.4/asm-debug-all-5.0.4.jar:/home/travis/.m2/repository/com/google/code/gson/gson/2.2.4/gson-2.2.4.jar:/home/travis/.m2/repository/com/jcraft/jzlib/1.1.3/jzlib-1.1.3.jar:/home/travis/.m2/repository/joda-time/joda-time/2.7/joda-time-2.7.jar:/home/travis/build/[secure]/teavm/jso/apis/target/teavm-jso-apis-1.0.0-SNAPSHOT.jar:/home/travis/build/[secure]/teavm/interop/core/target/teavm-interop-1.0.0-SNAPSHOT.jar:/home/travis/.m2/repository/org/jbox2d/jbox2d-library/2.2.1.1/jbox2d-library-2.2.1.1.jar:/home/travis/.m2/repository/org/jbox2d/jbox2d-library/2.2.1.1/jbox2d-library-2.2.1.1-sources.jar:/home/travis/.m2/repository/org/apidesign/bck2brwsr/emul/0.17/emul-0.17-rt.jar:/home/travis/.m2/repository/com/google/gwt/gwt-user/2.7.0/gwt-user-2.7.0.jar:/home/travis/.m2/repository/javax/validation/validation-api/1.0.0.GA/validation-api-1.0.0.GA.jar:/home/travis/.m2/repository/javax/validation/validation-api/1.0.0.GA/validation-api-1.0.0.GA-sources.jar:/home/travis/.m2/repository/com/dukescript/canvas/html5-canvas/0.7.2/html5-canvas-0.7.2.jar:/home/travis/.m2/repository/com/dukescript/canvas/canvas-api/0.7.2/canvas-api-0.7.2.jar:/home/travis/.m2/repository/org/apidesign/bck2brwsr/ko-bck2brwsr/0.17/ko-bck2brwsr-0.17-bck2brwsr.jar:/home/travis/.m2/repository/org/netbeans/html/net.java.html.json/1.2.3/net.java.html.json-1.2.3.jar:/home/travis/.m2/repository/org/netbeans/html/ko4j/1.2.3/ko4j-1.2.3.jar:/home/travis/.m2/repository/org/netbeans/html/net.java.html.geo/1.2.3/net.java.html.geo-1.2.3.jar:/home/travis/.m2/repository/org/netbeans/html/net.java.html.sound/1.2.3/net.java.html.sound-1.2.3.jar:/home/travis/.m2/repository/org/netbeans/html/net.java.html.boot/1.2.3/net.java.html.boot-1.2.3.jar:/home/travis/.m2/repository/org/netbeans/html/net.java.html/1.2.3/net.java.html-1.2.3.jar:/home/travis/build/[secure]/teavm/samples/benchmark/target/classes
[INFO] Building JavaScript file
[INFO] Output file successfully built
[INFO] 
[INFO] --- html4j-maven-plugin:1.1:process-js-annotations (default) @ teavm-samples-benchmark ---
[INFO] Processing /home/travis/build/[secure]/teavm/samples/benchmark/target/classes/org/teavm/samples/benchmark/htmljava/BenchmarkStarter.class
[INFO] 
[INFO] --- maven-resources-plugin:2.6:testResources (default-testResources) @ teavm-samples-benchmark ---
[INFO] Using 'UTF-8' encoding to copy filtered resources.
[INFO] skip non existing resourceDirectory /home/travis/build/[secure]/teavm/samples/benchmark/src/test/resources
[INFO] 
[INFO] --- maven-compiler-plugin:2.5.1:testCompile (default-testCompile) @ teavm-samples-benchmark ---
[INFO] No sources to compile
[INFO] 
[INFO] --- maven-surefire-plugin:2.17:test (default-test) @ teavm-samples-benchmark ---
[INFO] Tests are skipped.
[INFO] 
[INFO] --- maven-jar-plugin:2.6:jar (default) @ teavm-samples-benchmark ---
[INFO] Building jar: /home/travis/build/[secure]/teavm/samples/benchmark/target/teavm-samples-benchmark-1.0.0-SNAPSHOT.jar
[INFO] 
[INFO] --- gwt-maven-plugin:2.7.0:compile (default) @ teavm-samples-benchmark ---
[INFO] auto discovered modules [org.teavm.samples.benchmark.benchmark]
[ERROR] Oct 20, 2016 9:56:14 AM java.util.prefs.FileSystemPreferences$1 run
[ERROR] INFO: Created user preferences directory.
[INFO] Compiling module org.teavm.samples.benchmark.benchmark
[INFO]    Compiling 5 permutations
[INFO]       Compiling permutation 0...
[INFO]       Process output
[INFO]          Compiling
[INFO]             Compiling permutation 2...
[INFO]       Process output
[INFO]          Compiling
[INFO]             Compiling permutation 1...
[INFO]       Process output
[INFO]          Compiling
[INFO]             Compiling permutation 4...
[INFO]       Process output
[INFO]          Compiling
[INFO]             Compiling permutation 3...
[INFO]    Compile of permutations succeeded
[INFO]    Compilation succeeded -- 79.237s
[INFO] Linking into /home/travis/build/[secure]/teavm/samples/benchmark/target/teavm-samples-benchmark-1.0.0-SNAPSHOT/benchmark
[INFO]    Link succeeded
[INFO]    Linking succeeded -- 0.875s
[INFO] 
[INFO] --- bck2brwsr-maven-plugin:0.17:aot (default) @ teavm-samples-benchmark ---
[INFO] Generating /home/travis/build/[secure]/teavm/samples/benchmark/target/generated/js/lib/jbox2d-library-2.2.1.1.js
Oct 20, 2016 9:57:39 AM org.apidesign.bck2brwsr.aot.Bck2BrwsrJars$EmulationResources get
WARNING: No bootdelegation for java/lang/StrictMath.class
Oct 20, 2016 9:57:39 AM org.apidesign.bck2brwsr.aot.Bck2BrwsrJars$EmulationResources get
WARNING: No bootdelegation for java/lang/StrictMath.class
[INFO] Generating /home/travis/build/[secure]/teavm/samples/benchmark/target/generated/js/lib/emul-0.17-rt.js
[INFO] Generating /home/travis/build/[secure]/teavm/samples/benchmark/target/generated/js/lib/html5-canvas-0.7.2.js
[INFO] Generating /home/travis/build/[secure]/teavm/samples/benchmark/target/generated/js/lib/canvas-api-0.7.2.js
[INFO] Extracting /home/travis/build/[secure]/teavm/samples/benchmark/target/generated/js/lib/net.java.html.boot-1.2.3.js from /home/travis/.m2/repository/org/apidesign/bck2brwsr/ko-bck2brwsr/0.17/ko-bck2brwsr-0.17-bck2brwsr.jar
[INFO] Extracting /home/travis/build/[secure]/teavm/samples/benchmark/target/generated/js/lib/net.java.html-1.2.3.js from /home/travis/.m2/repository/org/apidesign/bck2brwsr/ko-bck2brwsr/0.17/ko-bck2brwsr-0.17-bck2brwsr.jar
[INFO] Generating /home/travis/build/[secure]/teavm/samples/benchmark/target/generated/js/b2b-benchmark.js
[INFO] 
[INFO] --- maven-war-plugin:2.4:war (default-war) @ teavm-samples-benchmark ---
[INFO] Packaging webapp
[INFO] Assembling webapp [teavm-samples-benchmark] in [/home/travis/build/[secure]/teavm/samples/benchmark/target/teavm-samples-benchmark-1.0.0-SNAPSHOT]
[INFO] Processing war project
[INFO] Copying webapp webResources [/home/travis/build/[secure]/teavm/samples/benchmark/target/generated/js] to [/home/travis/build/[secure]/teavm/samples/benchmark/target/teavm-samples-benchmark-1.0.0-SNAPSHOT]
[INFO] Copying webapp webResources [/home/travis/build/[secure]/teavm/samples/benchmark/target/generated/wasm] to [/home/travis/build/[secure]/teavm/samples/benchmark/target/teavm-samples-benchmark-1.0.0-SNAPSHOT]
[INFO] Copying webapp resources [/home/travis/build/[secure]/teavm/samples/benchmark/src/main/webapp]
[INFO] Webapp assembled in [49 msecs]
[INFO] Building war: /home/travis/build/[secure]/teavm/samples/benchmark/target/teavm-samples-benchmark-1.0.0-SNAPSHOT.war
[INFO] 
[INFO] --- maven-source-plugin:2.2.1:jar-no-fork (attach-sources) @ teavm-samples-benchmark ---
[INFO] Building jar: /home/travis/build/[secure]/teavm/samples/benchmark/target/teavm-samples-benchmark-1.0.0-SNAPSHOT-sources.jar
[INFO] 
[INFO] --- maven-javadoc-plugin:2.9.1:jar (build-javadoc) @ teavm-samples-benchmark ---
[INFO] Skipping javadoc generation
[INFO] 
[INFO] --- maven-install-plugin:2.4:install (default-install) @ teavm-samples-benchmark ---
[INFO] Installing /home/travis/build/[secure]/teavm/samples/benchmark/target/teavm-samples-benchmark-1.0.0-SNAPSHOT.war to /home/travis/.m2/repository/org/teavm/teavm-samples-benchmark/1.0.0-SNAPSHOT/teavm-samples-benchmark-1.0.0-SNAPSHOT.war
[INFO] Installing /home/travis/build/[secure]/teavm/samples/benchmark/pom.xml to /home/travis/.m2/repository/org/teavm/teavm-samples-benchmark/1.0.0-SNAPSHOT/teavm-samples-benchmark-1.0.0-SNAPSHOT.pom
[INFO] Installing /home/travis/build/[secure]/teavm/samples/benchmark/target/teavm-samples-benchmark-1.0.0-SNAPSHOT-sources.jar to /home/travis/.m2/repository/org/teavm/teavm-samples-benchmark/1.0.0-SNAPSHOT/teavm-samples-benchmark-1.0.0-SNAPSHOT-sources.jar
[INFO]                                                                         
[INFO] ------------------------------------------------------------------------
[INFO] Building TeaVM Web Storage web application 1.0.0-SNAPSHOT
[INFO] ------------------------------------------------------------------------
[INFO] 
[INFO] --- maven-checkstyle-plugin:2.16:check (validate) @ teavm-samples-storage ---
[INFO] Starting audit...
Audit done.
[INFO] 
[INFO] --- maven-resources-plugin:2.6:resources (default-resources) @ teavm-samples-storage ---
[INFO] Using 'UTF-8' encoding to copy filtered resources.
[INFO] skip non existing resourceDirectory /home/travis/build/[secure]/teavm/samples/storage/src/main/resources
[INFO] 
[INFO] --- maven-compiler-plugin:2.5.1:compile (default-compile) @ teavm-samples-storage ---
[INFO] Compiling 1 source file to /home/travis/build/[secure]/teavm/samples/storage/target/classes
[INFO] 
[INFO] --- maven-resources-plugin:2.6:testResources (default-testResources) @ teavm-samples-storage ---
[INFO] Using 'UTF-8' encoding to copy filtered resources.
[INFO] skip non existing resourceDirectory /home/travis/build/[secure]/teavm/samples/storage/src/test/resources
[INFO] 
[INFO] --- maven-compiler-plugin:2.5.1:testCompile (default-testCompile) @ teavm-samples-storage ---
[INFO] No sources to compile
[INFO] 
[INFO] --- maven-surefire-plugin:2.17:test (default-test) @ teavm-samples-storage ---
[INFO] Tests are skipped.
[INFO] 
[INFO] --- teavm-maven-plugin:1.0.0-SNAPSHOT:compile (web-client) @ teavm-samples-storage ---
[INFO] Preparing classpath for JavaScript generation
[INFO] Using the following classpath for JavaScript generation: /home/travis/build/[secure]/teavm/classlib/target/teavm-classlib-1.0.0-SNAPSHOT.jar:/home/travis/build/[secure]/teavm/platform/target/teavm-platform-1.0.0-SNAPSHOT.jar:/home/travis/build/[secure]/teavm/core/target/teavm-core-1.0.0-SNAPSHOT.jar:/home/travis/build/[secure]/teavm/interop/core/target/teavm-interop-1.0.0-SNAPSHOT.jar:/home/travis/.m2/repository/commons-io/commons-io/2.4/commons-io-2.4.jar:/home/travis/.m2/repository/com/carrotsearch/hppc/0.6.1/hppc-0.6.1.jar:/home/travis/.m2/repository/org/objenesis/objenesis/2.4/objenesis-2.4.jar:/home/travis/.m2/repository/org/jetbrains/kotlin/kotlin-stdlib/1.0.3/kotlin-stdlib-1.0.3.jar:/home/travis/.m2/repository/org/jetbrains/kotlin/kotlin-runtime/1.0.3/kotlin-runtime-1.0.3.jar:/home/travis/build/[secure]/teavm/jso/core/target/teavm-jso-1.0.0-SNAPSHOT.jar:/home/travis/build/[secure]/teavm/jso/impl/target/teavm-jso-impl-1.0.0-SNAPSHOT.jar:/home/travis/.m2/repository/org/mozilla/rhino/1.7.7/rhino-1.7.7.jar:/home/travis/.m2/repository/org/ow2/asm/asm-debug-all/5.0.4/asm-debug-all-5.0.4.jar:/home/travis/.m2/repository/com/google/code/gson/gson/2.2.4/gson-2.2.4.jar:/home/travis/.m2/repository/com/jcraft/jzlib/1.1.3/jzlib-1.1.3.jar:/home/travis/.m2/repository/joda-time/joda-time/2.7/joda-time-2.7.jar:/home/travis/build/[secure]/teavm/jso/apis/target/teavm-jso-apis-1.0.0-SNAPSHOT.jar:/home/travis/.m2/repository/javax/servlet/javax.servlet-api/3.1.0/javax.servlet-api-3.1.0.jar:/home/travis/build/[secure]/teavm/samples/storage/target/classes
[INFO] Building JavaScript file
[INFO] Output file successfully built
[INFO] Debug information successfully written
[INFO] Source maps successfully written
[INFO] Source files successfully written
[INFO] 
[INFO] --- maven-war-plugin:2.4:war (default-war) @ teavm-samples-storage ---
[INFO] Packaging webapp
[INFO] Assembling webapp [teavm-samples-storage] in [/home/travis/build/[secure]/teavm/samples/storage/target/teavm-samples-storage-1.0.0-SNAPSHOT]
[INFO] Processing war project
[INFO] Copying webapp webResources [/home/travis/build/[secure]/teavm/samples/storage/target/generated/js] to [/home/travis/build/[secure]/teavm/samples/storage/target/teavm-samples-storage-1.0.0-SNAPSHOT]
[INFO] Copying webapp resources [/home/travis/build/[secure]/teavm/samples/storage/src/main/webapp]
[INFO] Webapp assembled in [31 msecs]
[INFO] Building war: /home/travis/build/[secure]/teavm/samples/storage/target/teavm-samples-storage-1.0.0-SNAPSHOT.war
[INFO] 
[INFO] --- maven-source-plugin:2.2.1:jar-no-fork (attach-sources) @ teavm-samples-storage ---
[INFO] Building jar: /home/travis/build/[secure]/teavm/samples/storage/target/teavm-samples-storage-1.0.0-SNAPSHOT-sources.jar
[INFO] 
[INFO] --- maven-javadoc-plugin:2.9.1:jar (build-javadoc) @ teavm-samples-storage ---
[INFO] Skipping javadoc generation
[INFO] 
[INFO] --- maven-install-plugin:2.4:install (default-install) @ teavm-samples-storage ---
[INFO] Installing /home/travis/build/[secure]/teavm/samples/storage/target/teavm-samples-storage-1.0.0-SNAPSHOT.war to /home/travis/.m2/repository/org/teavm/teavm-samples-storage/1.0.0-SNAPSHOT/teavm-samples-storage-1.0.0-SNAPSHOT.war
[INFO] Installing /home/travis/build/[secure]/teavm/samples/storage/pom.xml to /home/travis/.m2/repository/org/teavm/teavm-samples-storage/1.0.0-SNAPSHOT/teavm-samples-storage-1.0.0-SNAPSHOT.pom
[INFO] Installing /home/travis/build/[secure]/teavm/samples/storage/target/teavm-samples-storage-1.0.0-SNAPSHOT-sources.jar to /home/travis/.m2/repository/org/teavm/teavm-samples-storage/1.0.0-SNAPSHOT/teavm-samples-storage-1.0.0-SNAPSHOT-sources.jar
[INFO]                                                                         
[INFO] ------------------------------------------------------------------------
[INFO] Building TeaVM HTML5 video web application 1.0.0-SNAPSHOT
[INFO] ------------------------------------------------------------------------
[INFO] 
[INFO] --- maven-checkstyle-plugin:2.16:check (validate) @ teavm-samples-video ---
[INFO] Starting audit...
Audit done.
[INFO] 
[INFO] --- maven-resources-plugin:2.6:resources (default-resources) @ teavm-samples-video ---
[INFO] Using 'UTF-8' encoding to copy filtered resources.
[INFO] skip non existing resourceDirectory /home/travis/build/[secure]/teavm/samples/video/src/main/resources
[INFO] 
[INFO] --- maven-compiler-plugin:2.5.1:compile (default-compile) @ teavm-samples-video ---
[INFO] Compiling 1 source file to /home/travis/build/[secure]/teavm/samples/video/target/classes
[INFO] 
[INFO] --- teavm-maven-plugin:1.0.0-SNAPSHOT:compile (web-client) @ teavm-samples-video ---
[INFO] Preparing classpath for JavaScript generation
[INFO] Using the following classpath for JavaScript generation: /home/travis/build/[secure]/teavm/classlib/target/teavm-classlib-1.0.0-SNAPSHOT.jar:/home/travis/build/[secure]/teavm/platform/target/teavm-platform-1.0.0-SNAPSHOT.jar:/home/travis/build/[secure]/teavm/core/target/teavm-core-1.0.0-SNAPSHOT.jar:/home/travis/build/[secure]/teavm/interop/core/target/teavm-interop-1.0.0-SNAPSHOT.jar:/home/travis/.m2/repository/commons-io/commons-io/2.4/commons-io-2.4.jar:/home/travis/.m2/repository/com/carrotsearch/hppc/0.6.1/hppc-0.6.1.jar:/home/travis/.m2/repository/org/objenesis/objenesis/2.4/objenesis-2.4.jar:/home/travis/.m2/repository/org/jetbrains/kotlin/kotlin-stdlib/1.0.3/kotlin-stdlib-1.0.3.jar:/home/travis/.m2/repository/org/jetbrains/kotlin/kotlin-runtime/1.0.3/kotlin-runtime-1.0.3.jar:/home/travis/build/[secure]/teavm/jso/core/target/teavm-jso-1.0.0-SNAPSHOT.jar:/home/travis/build/[secure]/teavm/jso/impl/target/teavm-jso-impl-1.0.0-SNAPSHOT.jar:/home/travis/.m2/repository/org/mozilla/rhino/1.7.7/rhino-1.7.7.jar:/home/travis/.m2/repository/org/ow2/asm/asm-debug-all/5.0.4/asm-debug-all-5.0.4.jar:/home/travis/.m2/repository/com/google/code/gson/gson/2.2.4/gson-2.2.4.jar:/home/travis/.m2/repository/com/jcraft/jzlib/1.1.3/jzlib-1.1.3.jar:/home/travis/.m2/repository/joda-time/joda-time/2.7/joda-time-2.7.jar:/home/travis/build/[secure]/teavm/jso/apis/target/teavm-jso-apis-1.0.0-SNAPSHOT.jar:/home/travis/.m2/repository/javax/servlet/javax.servlet-api/3.1.0/javax.servlet-api-3.1.0.jar:/home/travis/build/[secure]/teavm/samples/video/target/classes
[INFO] Building JavaScript file
[INFO] Output file successfully built
[INFO] Debug information successfully written
[INFO] Source maps successfully written
[INFO] Source files successfully written
[INFO] 
[INFO] --- maven-resources-plugin:2.6:testResources (default-testResources) @ teavm-samples-video ---
[INFO] Using 'UTF-8' encoding to copy filtered resources.
[INFO] skip non existing resourceDirectory /home/travis/build/[secure]/teavm/samples/video/src/test/resources
[INFO] 
[INFO] --- maven-compiler-plugin:2.5.1:testCompile (default-testCompile) @ teavm-samples-video ---
[INFO] No sources to compile
[INFO] 
[INFO] --- maven-surefire-plugin:2.17:test (default-test) @ teavm-samples-video ---
[INFO] Tests are skipped.
[INFO] 
[INFO] --- maven-war-plugin:2.4:war (default-war) @ teavm-samples-video ---
[INFO] Packaging webapp
[INFO] Assembling webapp [teavm-samples-video] in [/home/travis/build/[secure]/teavm/samples/video/target/teavm-samples-video-1.0.0-SNAPSHOT]
[INFO] Processing war project
[INFO] Copying webapp webResources [/home/travis/build/[secure]/teavm/samples/video/target/generated/js] to [/home/travis/build/[secure]/teavm/samples/video/target/teavm-samples-video-1.0.0-SNAPSHOT]
[INFO] Copying webapp resources [/home/travis/build/[secure]/teavm/samples/video/src/main/webapp]
[INFO] Webapp assembled in [31 msecs]
[INFO] Building war: /home/travis/build/[secure]/teavm/samples/video/target/teavm-samples-video-1.0.0-SNAPSHOT.war
[INFO] 
[INFO] --- maven-source-plugin:2.2.1:jar-no-fork (attach-sources) @ teavm-samples-video ---
[INFO] Building jar: /home/travis/build/[secure]/teavm/samples/video/target/teavm-samples-video-1.0.0-SNAPSHOT-sources.jar
[INFO] 
[INFO] --- maven-javadoc-plugin:2.9.1:jar (build-javadoc) @ teavm-samples-video ---
[INFO] Skipping javadoc generation
[INFO] 
[INFO] --- maven-install-plugin:2.4:install (default-install) @ teavm-samples-video ---
[INFO] Installing /home/travis/build/[secure]/teavm/samples/video/target/teavm-samples-video-1.0.0-SNAPSHOT.war to /home/travis/.m2/repository/org/teavm/teavm-samples-video/1.0.0-SNAPSHOT/teavm-samples-video-1.0.0-SNAPSHOT.war
[INFO] Installing /home/travis/build/[secure]/teavm/samples/video/pom.xml to /home/travis/.m2/repository/org/teavm/teavm-samples-video/1.0.0-SNAPSHOT/teavm-samples-video-1.0.0-SNAPSHOT.pom
[INFO] Installing /home/travis/build/[secure]/teavm/samples/video/target/teavm-samples-video-1.0.0-SNAPSHOT-sources.jar to /home/travis/.m2/repository/org/teavm/teavm-samples-video/1.0.0-SNAPSHOT/teavm-samples-video-1.0.0-SNAPSHOT-sources.jar
[INFO]                                                                         
[INFO] ------------------------------------------------------------------------
[INFO] Building TeaVM CPS demo 1.0.0-SNAPSHOT
[INFO] ------------------------------------------------------------------------
[INFO] 
[INFO] --- maven-checkstyle-plugin:2.16:check (validate) @ teavm-samples-async ---
[INFO] Starting audit...
Audit done.
[INFO] 
[INFO] --- maven-resources-plugin:2.6:resources (default-resources) @ teavm-samples-async ---
[INFO] Using 'UTF-8' encoding to copy filtered resources.
[INFO] skip non existing resourceDirectory /home/travis/build/[secure]/teavm/samples/async/src/main/resources
[INFO] 
[INFO] --- maven-compiler-plugin:2.5.1:compile (default-compile) @ teavm-samples-async ---
[INFO] Compiling 1 source file to /home/travis/build/[secure]/teavm/samples/async/target/classes
[INFO] 
[INFO] --- teavm-maven-plugin:1.0.0-SNAPSHOT:compile (web-client) @ teavm-samples-async ---
[INFO] Preparing classpath for JavaScript generation
[INFO] Using the following classpath for JavaScript generation: /home/travis/build/[secure]/teavm/classlib/target/teavm-classlib-1.0.0-SNAPSHOT.jar:/home/travis/build/[secure]/teavm/platform/target/teavm-platform-1.0.0-SNAPSHOT.jar:/home/travis/build/[secure]/teavm/core/target/teavm-core-1.0.0-SNAPSHOT.jar:/home/travis/build/[secure]/teavm/interop/core/target/teavm-interop-1.0.0-SNAPSHOT.jar:/home/travis/.m2/repository/commons-io/commons-io/2.4/commons-io-2.4.jar:/home/travis/.m2/repository/com/carrotsearch/hppc/0.6.1/hppc-0.6.1.jar:/home/travis/.m2/repository/org/objenesis/objenesis/2.4/objenesis-2.4.jar:/home/travis/.m2/repository/org/jetbrains/kotlin/kotlin-stdlib/1.0.3/kotlin-stdlib-1.0.3.jar:/home/travis/.m2/repository/org/jetbrains/kotlin/kotlin-runtime/1.0.3/kotlin-runtime-1.0.3.jar:/home/travis/build/[secure]/teavm/jso/core/target/teavm-jso-1.0.0-SNAPSHOT.jar:/home/travis/build/[secure]/teavm/jso/apis/target/teavm-jso-apis-1.0.0-SNAPSHOT.jar:/home/travis/build/[secure]/teavm/jso/impl/target/teavm-jso-impl-1.0.0-SNAPSHOT.jar:/home/travis/.m2/repository/org/mozilla/rhino/1.7.7/rhino-1.7.7.jar:/home/travis/.m2/repository/org/ow2/asm/asm-debug-all/5.0.4/asm-debug-all-5.0.4.jar:/home/travis/.m2/repository/com/google/code/gson/gson/2.2.4/gson-2.2.4.jar:/home/travis/.m2/repository/com/jcraft/jzlib/1.1.3/jzlib-1.1.3.jar:/home/travis/.m2/repository/joda-time/joda-time/2.7/joda-time-2.7.jar:/home/travis/build/[secure]/teavm/samples/async/target/classes
[INFO] Building JavaScript file
[INFO] Output file successfully built
[INFO] Debug information successfully written
[INFO] Source maps successfully written
[INFO] Source files successfully written
[INFO] 
[INFO] --- maven-resources-plugin:2.6:testResources (default-testResources) @ teavm-samples-async ---
[INFO] Using 'UTF-8' encoding to copy filtered resources.
[INFO] skip non existing resourceDirectory /home/travis/build/[secure]/teavm/samples/async/src/test/resources
[INFO] 
[INFO] --- maven-compiler-plugin:2.5.1:testCompile (default-testCompile) @ teavm-samples-async ---
[INFO] No sources to compile
[INFO] 
[INFO] --- maven-surefire-plugin:2.17:test (default-test) @ teavm-samples-async ---
[INFO] Tests are skipped.
[INFO] 
[INFO] --- maven-war-plugin:2.4:war (default-war) @ teavm-samples-async ---
[INFO] Packaging webapp
[INFO] Assembling webapp [teavm-samples-async] in [/home/travis/build/[secure]/teavm/samples/async/target/teavm-samples-async-1.0.0-SNAPSHOT]
[INFO] Processing war project
[INFO] Copying webapp webResources [/home/travis/build/[secure]/teavm/samples/async/target/generated/js] to [/home/travis/build/[secure]/teavm/samples/async/target/teavm-samples-async-1.0.0-SNAPSHOT]
[INFO] Copying webapp resources [/home/travis/build/[secure]/teavm/samples/async/src/main/webapp]
[INFO] Webapp assembled in [47 msecs]
[INFO] Building war: /home/travis/build/[secure]/teavm/samples/async/target/teavm-samples-async-1.0.0-SNAPSHOT.war
[INFO] 
[INFO] --- maven-source-plugin:2.2.1:jar-no-fork (attach-sources) @ teavm-samples-async ---
[INFO] Building jar: /home/travis/build/[secure]/teavm/samples/async/target/teavm-samples-async-1.0.0-SNAPSHOT-sources.jar
[INFO] 
[INFO] --- maven-javadoc-plugin:2.9.1:jar (build-javadoc) @ teavm-samples-async ---
[INFO] Skipping javadoc generation
[INFO] 
[INFO] --- maven-install-plugin:2.4:install (default-install) @ teavm-samples-async ---
[INFO] Installing /home/travis/build/[secure]/teavm/samples/async/target/teavm-samples-async-1.0.0-SNAPSHOT.war to /home/travis/.m2/repository/org/teavm/teavm-samples-async/1.0.0-SNAPSHOT/teavm-samples-async-1.0.0-SNAPSHOT.war
[INFO] Installing /home/travis/build/[secure]/teavm/samples/async/pom.xml to /home/travis/.m2/repository/org/teavm/teavm-samples-async/1.0.0-SNAPSHOT/teavm-samples-async-1.0.0-SNAPSHOT.pom
[INFO] Installing /home/travis/build/[secure]/teavm/samples/async/target/teavm-samples-async-1.0.0-SNAPSHOT-sources.jar to /home/travis/.m2/repository/org/teavm/teavm-samples-async/1.0.0-SNAPSHOT/teavm-samples-async-1.0.0-SNAPSHOT-sources.jar
[INFO]                                                                         
[INFO] ------------------------------------------------------------------------
[INFO] Building TeaVM Kotlin web application 1.0.0-SNAPSHOT
[INFO] ------------------------------------------------------------------------
[INFO] 
[INFO] --- maven-resources-plugin:2.6:resources (default-resources) @ teavm-samples-kotlin ---
[INFO] Using 'UTF-8' encoding to copy filtered resources.
[INFO] skip non existing resourceDirectory /home/travis/build/[secure]/teavm/samples/kotlin/src/main/resources
[INFO] 
[INFO] --- maven-compiler-plugin:2.5.1:compile (default-compile) @ teavm-samples-kotlin ---
[INFO] Nothing to compile - all classes are up to date
[INFO] 
[INFO] --- kotlin-maven-plugin:1.0.3:compile (compile) @ teavm-samples-kotlin ---
[INFO] Kotlin Compiler version 1.0.3
[INFO] Compiling Kotlin sources from [/home/travis/build/[secure]/teavm/samples/kotlin/src/main/kotlin]
[INFO] Module name is teavm-samples-kotlin
[INFO] 
[INFO] --- teavm-maven-plugin:1.0.0-SNAPSHOT:compile (web-client) @ teavm-samples-kotlin ---
[INFO] Preparing classpath for JavaScript generation
[INFO] Using the following classpath for JavaScript generation: /home/travis/.m2/repository/org/jetbrains/kotlin/kotlin-stdlib/1.0.3/kotlin-stdlib-1.0.3.jar:/home/travis/.m2/repository/org/jetbrains/kotlin/kotlin-runtime/1.0.3/kotlin-runtime-1.0.3.jar:/home/travis/build/[secure]/teavm/classlib/target/teavm-classlib-1.0.0-SNAPSHOT.jar:/home/travis/build/[secure]/teavm/platform/target/teavm-platform-1.0.0-SNAPSHOT.jar:/home/travis/build/[secure]/teavm/core/target/teavm-core-1.0.0-SNAPSHOT.jar:/home/travis/build/[secure]/teavm/interop/core/target/teavm-interop-1.0.0-SNAPSHOT.jar:/home/travis/.m2/repository/commons-io/commons-io/2.4/commons-io-2.4.jar:/home/travis/.m2/repository/com/carrotsearch/hppc/0.6.1/hppc-0.6.1.jar:/home/travis/.m2/repository/org/objenesis/objenesis/2.4/objenesis-2.4.jar:/home/travis/build/[secure]/teavm/jso/core/target/teavm-jso-1.0.0-SNAPSHOT.jar:/home/travis/build/[secure]/teavm/jso/impl/target/teavm-jso-impl-1.0.0-SNAPSHOT.jar:/home/travis/.m2/repository/org/mozilla/rhino/1.7.7/rhino-1.7.7.jar:/home/travis/.m2/repository/org/ow2/asm/asm-debug-all/5.0.4/asm-debug-all-5.0.4.jar:/home/travis/.m2/repository/com/google/code/gson/gson/2.2.4/gson-2.2.4.jar:/home/travis/.m2/repository/com/jcraft/jzlib/1.1.3/jzlib-1.1.3.jar:/home/travis/.m2/repository/joda-time/joda-time/2.7/joda-time-2.7.jar:/home/travis/build/[secure]/teavm/jso/apis/target/teavm-jso-apis-1.0.0-SNAPSHOT.jar:/home/travis/build/[secure]/teavm/samples/kotlin/target/classes
[INFO] Building JavaScript file
[INFO] Output file successfully built
[INFO] Debug information successfully written
[INFO] Source maps successfully written
[INFO] Source files successfully written
[INFO] 
[INFO] --- maven-resources-plugin:2.6:testResources (default-testResources) @ teavm-samples-kotlin ---
[INFO] Using 'UTF-8' encoding to copy filtered resources.
[INFO] skip non existing resourceDirectory /home/travis/build/[secure]/teavm/samples/kotlin/src/test/resources
[INFO] 
[INFO] --- maven-compiler-plugin:2.5.1:testCompile (default-testCompile) @ teavm-samples-kotlin ---
[INFO] No sources to compile
[INFO] 
[INFO] --- kotlin-maven-plugin:1.0.3:test-compile (test-compile) @ teavm-samples-kotlin ---
[INFO] Kotlin Compiler version 1.0.3
[WARNING] No sources found skipping Kotlin compile
[INFO] 
[INFO] --- maven-surefire-plugin:2.17:test (default-test) @ teavm-samples-kotlin ---
[INFO] Tests are skipped.
[INFO] 
[INFO] --- maven-war-plugin:2.4:war (default-war) @ teavm-samples-kotlin ---
[INFO] Packaging webapp
[INFO] Assembling webapp [teavm-samples-kotlin] in [/home/travis/build/[secure]/teavm/samples/kotlin/target/teavm-samples-kotlin-1.0.0-SNAPSHOT]
[INFO] Processing war project
[INFO] Copying webapp webResources [/home/travis/build/[secure]/teavm/samples/kotlin/target/generated/js] to [/home/travis/build/[secure]/teavm/samples/kotlin/target/teavm-samples-kotlin-1.0.0-SNAPSHOT]
[INFO] Copying webapp resources [/home/travis/build/[secure]/teavm/samples/kotlin/src/main/webapp]
[INFO] Webapp assembled in [127 msecs]
[INFO] Building war: /home/travis/build/[secure]/teavm/samples/kotlin/target/teavm-samples-kotlin-1.0.0-SNAPSHOT.war
[INFO] 
[INFO] --- maven-source-plugin:2.2.1:jar-no-fork (attach-sources) @ teavm-samples-kotlin ---
[INFO] Building jar: /home/travis/build/[secure]/teavm/samples/kotlin/target/teavm-samples-kotlin-1.0.0-SNAPSHOT-sources.jar
[INFO] 
[INFO] --- maven-javadoc-plugin:2.9.1:jar (build-javadoc) @ teavm-samples-kotlin ---
[INFO] Skipping javadoc generation
[INFO] 
[INFO] --- maven-install-plugin:2.4:install (default-install) @ teavm-samples-kotlin ---
[INFO] Installing /home/travis/build/[secure]/teavm/samples/kotlin/target/teavm-samples-kotlin-1.0.0-SNAPSHOT.war to /home/travis/.m2/repository/org/teavm/teavm-samples-kotlin/1.0.0-SNAPSHOT/teavm-samples-kotlin-1.0.0-SNAPSHOT.war
[INFO] Installing /home/travis/build/[secure]/teavm/samples/kotlin/pom.xml to /home/travis/.m2/repository/org/teavm/teavm-samples-kotlin/1.0.0-SNAPSHOT/teavm-samples-kotlin-1.0.0-SNAPSHOT.pom
[INFO] Installing /home/travis/build/[secure]/teavm/samples/kotlin/target/teavm-samples-kotlin-1.0.0-SNAPSHOT-sources.jar to /home/travis/.m2/repository/org/teavm/teavm-samples-kotlin/1.0.0-SNAPSHOT/teavm-samples-kotlin-1.0.0-SNAPSHOT-sources.jar
[INFO]                                                                         
[INFO] ------------------------------------------------------------------------
[INFO] Building TeaVM Scala example 1.0.0-SNAPSHOT
[INFO] ------------------------------------------------------------------------
[INFO] 
[INFO] --- maven-resources-plugin:2.6:resources (default-resources) @ teavm-samples-scala ---
[INFO] Using 'UTF-8' encoding to copy filtered resources.
[INFO] skip non existing resourceDirectory /home/travis/build/[secure]/teavm/samples/scala/src/main/resources
[INFO] 
[INFO] --- maven-compiler-plugin:2.5.1:compile (default-compile) @ teavm-samples-scala ---
[INFO] Nothing to compile - all classes are up to date
[INFO] 
[INFO] --- scala-maven-plugin:3.2.1:compile (default) @ teavm-samples-scala ---
[INFO] /home/travis/build/[secure]/teavm/samples/scala/src/main/scala:-1: info: compiling
[INFO] Compiling 4 source files to /home/travis/build/[secure]/teavm/samples/scala/target/classes at 1476957482272
[WARNING] warning: there were three feature warnings; re-run with -feature for details
[WARNING] one warning found
[INFO] prepare-compile in 0 s
[INFO] compile in 17 s
[INFO] 
[INFO] --- teavm-maven-plugin:1.0.0-SNAPSHOT:compile (web-client) @ teavm-samples-scala ---
[INFO] Preparing classpath for JavaScript generation
[INFO] Using the following classpath for JavaScript generation: /home/travis/build/[secure]/teavm/classlib/target/teavm-classlib-1.0.0-SNAPSHOT.jar:/home/travis/build/[secure]/teavm/platform/target/teavm-platform-1.0.0-SNAPSHOT.jar:/home/travis/build/[secure]/teavm/core/target/teavm-core-1.0.0-SNAPSHOT.jar:/home/travis/build/[secure]/teavm/interop/core/target/teavm-interop-1.0.0-SNAPSHOT.jar:/home/travis/.m2/repository/commons-io/commons-io/2.4/commons-io-2.4.jar:/home/travis/.m2/repository/com/carrotsearch/hppc/0.6.1/hppc-0.6.1.jar:/home/travis/.m2/repository/org/objenesis/objenesis/2.4/objenesis-2.4.jar:/home/travis/.m2/repository/org/jetbrains/kotlin/kotlin-stdlib/1.0.3/kotlin-stdlib-1.0.3.jar:/home/travis/.m2/repository/org/jetbrains/kotlin/kotlin-runtime/1.0.3/kotlin-runtime-1.0.3.jar:/home/travis/build/[secure]/teavm/jso/apis/target/teavm-jso-apis-1.0.0-SNAPSHOT.jar:/home/travis/build/[secure]/teavm/jso/impl/target/teavm-jso-impl-1.0.0-SNAPSHOT.jar:/home/travis/.m2/repository/org/mozilla/rhino/1.7.7/rhino-1.7.7.jar:/home/travis/.m2/repository/org/ow2/asm/asm-debug-all/5.0.4/asm-debug-all-5.0.4.jar:/home/travis/.m2/repository/com/google/code/gson/gson/2.2.4/gson-2.2.4.jar:/home/travis/.m2/repository/com/jcraft/jzlib/1.1.3/jzlib-1.1.3.jar:/home/travis/.m2/repository/joda-time/joda-time/2.7/joda-time-2.7.jar:/home/travis/build/[secure]/teavm/jso/core/target/teavm-jso-1.0.0-SNAPSHOT.jar:/home/travis/.m2/repository/org/scala-lang/scala-library/2.11.7/scala-library-2.11.7.jar:/home/travis/build/[secure]/teavm/samples/scala/target/classes
[INFO] Building JavaScript file
[INFO] Output file successfully built
[INFO] Debug information successfully written
[INFO] Source maps successfully written
[INFO] Source files successfully written
[INFO] 
[INFO] --- maven-resources-plugin:2.6:testResources (default-testResources) @ teavm-samples-scala ---
[INFO] Using 'UTF-8' encoding to copy filtered resources.
[INFO] skip non existing resourceDirectory /home/travis/build/[secure]/teavm/samples/scala/src/test/resources
[INFO] 
[INFO] --- maven-compiler-plugin:2.5.1:testCompile (default-testCompile) @ teavm-samples-scala ---
[INFO] No sources to compile
[INFO] 
[INFO] --- scala-maven-plugin:3.2.1:testCompile (default) @ teavm-samples-scala ---
[INFO] No sources to compile
[INFO] 
[INFO] --- maven-surefire-plugin:2.17:test (default-test) @ teavm-samples-scala ---
[INFO] Tests are skipped.
[INFO] 
[INFO] --- maven-war-plugin:2.4:war (default-war) @ teavm-samples-scala ---
[INFO] Packaging webapp
[INFO] Assembling webapp [teavm-samples-scala] in [/home/travis/build/[secure]/teavm/samples/scala/target/teavm-samples-scala-1.0.0-SNAPSHOT]
[INFO] Processing war project
[INFO] Copying webapp webResources [/home/travis/build/[secure]/teavm/samples/scala/target/generated/js] to [/home/travis/build/[secure]/teavm/samples/scala/target/teavm-samples-scala-1.0.0-SNAPSHOT]
[INFO] Copying webapp resources [/home/travis/build/[secure]/teavm/samples/scala/src/main/webapp]
[INFO] Webapp assembled in [193 msecs]
[INFO] Building war: /home/travis/build/[secure]/teavm/samples/scala/target/teavm-samples-scala-1.0.0-SNAPSHOT.war
[INFO] 
[INFO] --- maven-source-plugin:2.2.1:jar-no-fork (attach-sources) @ teavm-samples-scala ---
[INFO] Building jar: /home/travis/build/[secure]/teavm/samples/scala/target/teavm-samples-scala-1.0.0-SNAPSHOT-sources.jar
[INFO] 
[INFO] --- maven-javadoc-plugin:2.9.1:jar (build-javadoc) @ teavm-samples-scala ---
[INFO] Skipping javadoc generation
[INFO] 
[INFO] --- maven-install-plugin:2.4:install (default-install) @ teavm-samples-scala ---
[INFO] Installing /home/travis/build/[secure]/teavm/samples/scala/target/teavm-samples-scala-1.0.0-SNAPSHOT.war to /home/travis/.m2/repository/org/teavm/teavm-samples-scala/1.0.0-SNAPSHOT/teavm-samples-scala-1.0.0-SNAPSHOT.war
[INFO] Installing /home/travis/build/[secure]/teavm/samples/scala/pom.xml to /home/travis/.m2/repository/org/teavm/teavm-samples-scala/1.0.0-SNAPSHOT/teavm-samples-scala-1.0.0-SNAPSHOT.pom
[INFO] Installing /home/travis/build/[secure]/teavm/samples/scala/target/teavm-samples-scala-1.0.0-SNAPSHOT-sources.jar to /home/travis/.m2/repository/org/teavm/teavm-samples-scala/1.0.0-SNAPSHOT/teavm-samples-scala-1.0.0-SNAPSHOT-sources.jar
[INFO]                                                                         
[INFO] ------------------------------------------------------------------------
[INFO] Building TeaVM CLI 1.0.0-SNAPSHOT
[INFO] ------------------------------------------------------------------------
[INFO] 
[INFO] --- maven-checkstyle-plugin:2.16:check (validate) @ teavm-cli ---
[INFO] Starting audit...
Audit done.
[INFO] 
[INFO] --- maven-resources-plugin:2.6:resources (default-resources) @ teavm-cli ---
[INFO] Using 'UTF-8' encoding to copy filtered resources.
[INFO] skip non existing resourceDirectory /home/travis/build/[secure]/teavm/tools/cli/src/main/resources
[INFO] 
[INFO] --- maven-compiler-plugin:2.5.1:compile (default-compile) @ teavm-cli ---
[INFO] Compiling 2 source files to /home/travis/build/[secure]/teavm/tools/cli/target/classes
[INFO] 
[INFO] --- maven-resources-plugin:2.6:testResources (default-testResources) @ teavm-cli ---
[INFO] Using 'UTF-8' encoding to copy filtered resources.
[INFO] skip non existing resourceDirectory /home/travis/build/[secure]/teavm/tools/cli/src/test/resources
[INFO] 
[INFO] --- maven-compiler-plugin:2.5.1:testCompile (default-testCompile) @ teavm-cli ---
[INFO] No sources to compile
[INFO] 
[INFO] --- maven-surefire-plugin:2.17:test (default-test) @ teavm-cli ---
[INFO] Tests are skipped.
[INFO] 
[INFO] --- maven-jar-plugin:2.6:jar (default-jar) @ teavm-cli ---
[INFO] Building jar: /home/travis/build/[secure]/teavm/tools/cli/target/teavm-cli-1.0.0-SNAPSHOT.jar
[INFO] 
[INFO] --- maven-source-plugin:2.2.1:jar-no-fork (attach-sources) @ teavm-cli ---
[INFO] Building jar: /home/travis/build/[secure]/teavm/tools/cli/target/teavm-cli-1.0.0-SNAPSHOT-sources.jar
[INFO] 
[INFO] --- maven-javadoc-plugin:2.9.1:jar (build-javadoc) @ teavm-cli ---
[INFO] Skipping javadoc generation
[INFO] 
[INFO] --- maven-install-plugin:2.4:install (default-install) @ teavm-cli ---
[INFO] Installing /home/travis/build/[secure]/teavm/tools/cli/target/teavm-cli-1.0.0-SNAPSHOT.jar to /home/travis/.m2/repository/org/teavm/teavm-cli/1.0.0-SNAPSHOT/teavm-cli-1.0.0-SNAPSHOT.jar
[INFO] Installing /home/travis/build/[secure]/teavm/tools/cli/pom.xml to /home/travis/.m2/repository/org/teavm/teavm-cli/1.0.0-SNAPSHOT/teavm-cli-1.0.0-SNAPSHOT.pom
[INFO] Installing /home/travis/build/[secure]/teavm/tools/cli/target/teavm-cli-1.0.0-SNAPSHOT-sources.jar to /home/travis/.m2/repository/org/teavm/teavm-cli/1.0.0-SNAPSHOT/teavm-cli-1.0.0-SNAPSHOT-sources.jar
[INFO]                                                                         
[INFO] ------------------------------------------------------------------------
[INFO] Building TeaVM maven web application archetype 1.0.0-SNAPSHOT
[INFO] ------------------------------------------------------------------------
[INFO] 
[INFO] --- maven-resources-plugin:3.0.1:resources (default-resources) @ teavm-maven-webapp ---
[INFO] Using 'UTF-8' encoding to copy filtered resources.
[INFO] Copying 5 resources
[INFO] 
[INFO] --- maven-resources-plugin:3.0.1:testResources (default-testResources) @ teavm-maven-webapp ---
[INFO] Using 'UTF-8' encoding to copy filtered resources.
[INFO] skip non existing resourceDirectory /home/travis/build/[secure]/teavm/tools/maven/webapp/src/test/resources
[INFO] 
[INFO] --- maven-archetype-plugin:2.2:jar (default-jar) @ teavm-maven-webapp ---
[INFO] Building archetype jar: /home/travis/build/[secure]/teavm/tools/maven/webapp/target/teavm-maven-webapp-1.0.0-SNAPSHOT
[INFO] 
[INFO] --- maven-archetype-plugin:2.2:integration-test (default-integration-test) @ teavm-maven-webapp ---
[WARNING] No Archetype IT projects: root 'projects' directory not found.
[INFO] 
[INFO] --- maven-install-plugin:2.5.2:install (default-install) @ teavm-maven-webapp ---
[INFO] Installing /home/travis/build/[secure]/teavm/tools/maven/webapp/target/teavm-maven-webapp-1.0.0-SNAPSHOT.jar to /home/travis/.m2/repository/org/teavm/teavm-maven-webapp/1.0.0-SNAPSHOT/teavm-maven-webapp-1.0.0-SNAPSHOT.jar
[INFO] Installing /home/travis/build/[secure]/teavm/tools/maven/webapp/pom.xml to /home/travis/.m2/repository/org/teavm/teavm-maven-webapp/1.0.0-SNAPSHOT/teavm-maven-webapp-1.0.0-SNAPSHOT.pom
[INFO] 
[INFO] --- maven-archetype-plugin:2.2:update-local-catalog (default-update-local-catalog) @ teavm-maven-webapp ---
[INFO]                                                                         
[INFO] ------------------------------------------------------------------------
[INFO] Building TeaVM debugging backend for Google Chrome RDP 1.0.0-SNAPSHOT
[INFO] ------------------------------------------------------------------------
[INFO] 
[INFO] --- maven-checkstyle-plugin:2.16:check (validate) @ teavm-chrome-rdp ---
[INFO] Starting audit...
Audit done.
[INFO] 
[INFO] --- maven-resources-plugin:3.0.1:resources (default-resources) @ teavm-chrome-rdp ---
[INFO] Using 'UTF-8' encoding to copy filtered resources.
[INFO] skip non existing resourceDirectory /home/travis/build/[secure]/teavm/tools/chrome-rdp/src/main/resources
[INFO] 
[INFO] --- maven-compiler-plugin:2.5.1:compile (default-compile) @ teavm-chrome-rdp ---
[INFO] Compiling 32 source files to /home/travis/build/[secure]/teavm/tools/chrome-rdp/target/classes
[INFO] 
[INFO] --- maven-resources-plugin:3.0.1:testResources (default-testResources) @ teavm-chrome-rdp ---
[INFO] Using 'UTF-8' encoding to copy filtered resources.
[INFO] skip non existing resourceDirectory /home/travis/build/[secure]/teavm/tools/chrome-rdp/src/test/resources
[INFO] 
[INFO] --- maven-compiler-plugin:2.5.1:testCompile (default-testCompile) @ teavm-chrome-rdp ---
[INFO] No sources to compile
[INFO] 
[INFO] --- maven-surefire-plugin:2.17:test (default-test) @ teavm-chrome-rdp ---
[INFO] Tests are skipped.
[INFO] 
[INFO] --- maven-bundle-plugin:2.5.3:bundle (default-bundle) @ teavm-chrome-rdp ---
[INFO] 
[INFO] --- maven-source-plugin:2.2.1:jar-no-fork (attach-sources) @ teavm-chrome-rdp ---
[INFO] Building jar: /home/travis/build/[secure]/teavm/tools/chrome-rdp/target/teavm-chrome-rdp-1.0.0-SNAPSHOT-sources.jar
[INFO] 
[INFO] --- maven-javadoc-plugin:2.9.1:jar (build-javadoc) @ teavm-chrome-rdp ---
[INFO] Skipping javadoc generation
[INFO] 
[INFO] --- maven-install-plugin:2.5.2:install (default-install) @ teavm-chrome-rdp ---
[INFO] Installing /home/travis/build/[secure]/teavm/tools/chrome-rdp/target/teavm-chrome-rdp-1.0.0-SNAPSHOT.jar to /home/travis/.m2/repository/org/teavm/teavm-chrome-rdp/1.0.0-SNAPSHOT/teavm-chrome-rdp-1.0.0-SNAPSHOT.jar
[INFO] Installing /home/travis/build/[secure]/teavm/tools/chrome-rdp/pom.xml to /home/travis/.m2/repository/org/teavm/teavm-chrome-rdp/1.0.0-SNAPSHOT/teavm-chrome-rdp-1.0.0-SNAPSHOT.pom
[INFO] Installing /home/travis/build/[secure]/teavm/tools/chrome-rdp/target/teavm-chrome-rdp-1.0.0-SNAPSHOT-sources.jar to /home/travis/.m2/repository/org/teavm/teavm-chrome-rdp/1.0.0-SNAPSHOT/teavm-chrome-rdp-1.0.0-SNAPSHOT-sources.jar
[INFO] 
[INFO] --- maven-bundle-plugin:2.5.3:install (default-install) @ teavm-chrome-rdp ---
[INFO] Installing org/teavm/teavm-chrome-rdp/1.0.0-SNAPSHOT/teavm-chrome-rdp-1.0.0-SNAPSHOT.jar
[INFO] Writing OBR metadata
[INFO]                                                                         
[INFO] ------------------------------------------------------------------------
[INFO] Building teavm-junit 1.0.0-SNAPSHOT
[INFO] ------------------------------------------------------------------------
[INFO] 
[INFO] --- maven-checkstyle-plugin:2.16:check (validate) @ teavm-junit ---
[INFO] Starting audit...
Audit done.
[INFO] 
[INFO] --- maven-resources-plugin:2.6:resources (default-resources) @ teavm-junit ---
[INFO] Using 'UTF-8' encoding to copy filtered resources.
[INFO] Copying 4 resources
[INFO] 
[INFO] --- maven-compiler-plugin:2.5.1:compile (default-compile) @ teavm-junit ---
[INFO] Compiling 15 source files to /home/travis/build/[secure]/teavm/tools/junit/target/classes
[INFO] 
[INFO] --- maven-resources-plugin:2.6:testResources (default-testResources) @ teavm-junit ---
[INFO] Using 'UTF-8' encoding to copy filtered resources.
[INFO] skip non existing resourceDirectory /home/travis/build/[secure]/teavm/tools/junit/src/test/resources
[INFO] 
[INFO] --- maven-compiler-plugin:2.5.1:testCompile (default-testCompile) @ teavm-junit ---
[INFO] No sources to compile
[INFO] 
[INFO] --- maven-surefire-plugin:2.17:test (default-test) @ teavm-junit ---
[INFO] Tests are skipped.
[INFO] 
[INFO] --- maven-jar-plugin:2.6:jar (default-jar) @ teavm-junit ---
[INFO] Building jar: /home/travis/build/[secure]/teavm/tools/junit/target/teavm-junit-1.0.0-SNAPSHOT.jar
[INFO] 
[INFO] --- maven-source-plugin:2.2.1:jar-no-fork (attach-sources) @ teavm-junit ---
[INFO] Building jar: /home/travis/build/[secure]/teavm/tools/junit/target/teavm-junit-1.0.0-SNAPSHOT-sources.jar
[INFO] 
[INFO] --- maven-javadoc-plugin:2.9.1:jar (build-javadoc) @ teavm-junit ---
[INFO] Skipping javadoc generation
[INFO] 
[INFO] --- maven-install-plugin:2.4:install (default-install) @ teavm-junit ---
[INFO] Installing /home/travis/build/[secure]/teavm/tools/junit/target/teavm-junit-1.0.0-SNAPSHOT.jar to /home/travis/.m2/repository/org/teavm/teavm-junit/1.0.0-SNAPSHOT/teavm-junit-1.0.0-SNAPSHOT.jar
[INFO] Installing /home/travis/build/[secure]/teavm/tools/junit/pom.xml to /home/travis/.m2/repository/org/teavm/teavm-junit/1.0.0-SNAPSHOT/teavm-junit-1.0.0-SNAPSHOT.pom
[INFO] Installing /home/travis/build/[secure]/teavm/tools/junit/target/teavm-junit-1.0.0-SNAPSHOT-sources.jar to /home/travis/.m2/repository/org/teavm/teavm-junit/1.0.0-SNAPSHOT/teavm-junit-1.0.0-SNAPSHOT-sources.jar
[INFO]                                                                         
[INFO] ------------------------------------------------------------------------
[INFO] Building TeaVM metaprogramming API implementation 1.0.0-SNAPSHOT
[INFO] ------------------------------------------------------------------------
[INFO] 
[INFO] --- maven-checkstyle-plugin:2.16:check (validate) @ teavm-metaprogramming-impl ---
[INFO] Starting audit...
Audit done.
[INFO] 
[INFO] --- maven-resources-plugin:3.0.1:resources (default-resources) @ teavm-metaprogramming-impl ---
[INFO] Using 'UTF-8' encoding to copy filtered resources.
[INFO] Copying 1 resource
[INFO] 
[INFO] --- maven-compiler-plugin:2.5.1:compile (default-compile) @ teavm-metaprogramming-impl ---
[INFO] Compiling 28 source files to /home/travis/build/[secure]/teavm/metaprogramming/impl/target/classes
[INFO] 
[INFO] --- maven-resources-plugin:3.0.1:testResources (default-testResources) @ teavm-metaprogramming-impl ---
[INFO] Using 'UTF-8' encoding to copy filtered resources.
[INFO] skip non existing resourceDirectory /home/travis/build/[secure]/teavm/metaprogramming/impl/src/test/resources
[INFO] 
[INFO] --- maven-compiler-plugin:2.5.1:testCompile (default-testCompile) @ teavm-metaprogramming-impl ---
[INFO] No sources to compile
[INFO] 
[INFO] --- maven-surefire-plugin:2.17:test (default-test) @ teavm-metaprogramming-impl ---
[INFO] Tests are skipped.
[INFO] 
[INFO] --- maven-bundle-plugin:2.5.3:bundle (default-bundle) @ teavm-metaprogramming-impl ---
[INFO] 
[INFO] --- maven-jar-plugin:2.6:test-jar (default) @ teavm-metaprogramming-impl ---
[WARNING] JAR will be empty - no content was marked for inclusion!
[INFO] Building jar: /home/travis/build/[secure]/teavm/metaprogramming/impl/target/teavm-metaprogramming-impl-1.0.0-SNAPSHOT-tests.jar
[INFO] 
[INFO] --- maven-source-plugin:2.2.1:jar-no-fork (attach-sources) @ teavm-metaprogramming-impl ---
[INFO] Building jar: /home/travis/build/[secure]/teavm/metaprogramming/impl/target/teavm-metaprogramming-impl-1.0.0-SNAPSHOT-sources.jar
[INFO] 
[INFO] --- maven-javadoc-plugin:2.9.1:jar (build-javadoc) @ teavm-metaprogramming-impl ---
[INFO] Skipping javadoc generation
[INFO] 
[INFO] --- maven-install-plugin:2.5.2:install (default-install) @ teavm-metaprogramming-impl ---
[INFO] Installing /home/travis/build/[secure]/teavm/metaprogramming/impl/target/teavm-metaprogramming-impl-1.0.0-SNAPSHOT.jar to /home/travis/.m2/repository/org/teavm/teavm-metaprogramming-impl/1.0.0-SNAPSHOT/teavm-metaprogramming-impl-1.0.0-SNAPSHOT.jar
[INFO] Installing /home/travis/build/[secure]/teavm/metaprogramming/impl/pom.xml to /home/travis/.m2/repository/org/teavm/teavm-metaprogramming-impl/1.0.0-SNAPSHOT/teavm-metaprogramming-impl-1.0.0-SNAPSHOT.pom
[INFO] Installing /home/travis/build/[secure]/teavm/metaprogramming/impl/target/teavm-metaprogramming-impl-1.0.0-SNAPSHOT-tests.jar to /home/travis/.m2/repository/org/teavm/teavm-metaprogramming-impl/1.0.0-SNAPSHOT/teavm-metaprogramming-impl-1.0.0-SNAPSHOT-tests.jar
[INFO] Installing /home/travis/build/[secure]/teavm/metaprogramming/impl/target/teavm-metaprogramming-impl-1.0.0-SNAPSHOT-sources.jar to /home/travis/.m2/repository/org/teavm/teavm-metaprogramming-impl/1.0.0-SNAPSHOT/teavm-metaprogramming-impl-1.0.0-SNAPSHOT-sources.jar
[INFO] 
[INFO] --- maven-bundle-plugin:2.5.3:install (default-install) @ teavm-metaprogramming-impl ---
[INFO] Installing org/teavm/teavm-metaprogramming-impl/1.0.0-SNAPSHOT/teavm-metaprogramming-impl-1.0.0-SNAPSHOT.jar
[INFO] Writing OBR metadata
[INFO]                                                                         
[INFO] ------------------------------------------------------------------------
[INFO] Building TeaVM tests 1.0.0-SNAPSHOT
[INFO] ------------------------------------------------------------------------
[INFO] 
[INFO] --- maven-checkstyle-plugin:2.16:check (validate) @ teavm-tests ---
[INFO] Starting audit...
Audit done.
[INFO] 
[INFO] --- maven-resources-plugin:2.6:resources (default-resources) @ teavm-tests ---
[INFO] Using 'UTF-8' encoding to copy filtered resources.
[INFO] skip non existing resourceDirectory /home/travis/build/[secure]/teavm/tests/src/main/resources
[INFO] 
[INFO] --- maven-compiler-plugin:2.5.1:compile (default-compile) @ teavm-tests ---
[INFO] No sources to compile
[INFO] 
[INFO] --- maven-resources-plugin:2.6:testResources (default-testResources) @ teavm-tests ---
[INFO] Using 'UTF-8' encoding to copy filtered resources.
[INFO] Copying 10 resources
[INFO] 
[INFO] --- maven-compiler-plugin:2.5.1:testCompile (default-testCompile) @ teavm-tests ---
[INFO] Compiling 110 source files to /home/travis/build/[secure]/teavm/tests/target/test-classes
[INFO] 
[INFO] --- maven-surefire-plugin:2.16:test (default-test) @ teavm-tests ---
[INFO] Tests are skipped.
[INFO] 
[INFO] --- maven-jar-plugin:2.6:jar (default-jar) @ teavm-tests ---
[WARNING] JAR will be empty - no content was marked for inclusion!
[INFO] Building jar: /home/travis/build/[secure]/teavm/tests/target/teavm-tests-1.0.0-SNAPSHOT.jar
[INFO] 
[INFO] --- maven-source-plugin:2.2.1:jar-no-fork (attach-sources) @ teavm-tests ---
[INFO] No sources in project. Archive not created.
[INFO] 
[INFO] --- maven-javadoc-plugin:2.9.1:jar (build-javadoc) @ teavm-tests ---
[INFO] Skipping javadoc generation
[INFO] 
[INFO] --- maven-install-plugin:2.4:install (default-install) @ teavm-tests ---
[INFO] Installing /home/travis/build/[secure]/teavm/tests/target/teavm-tests-1.0.0-SNAPSHOT.jar to /home/travis/.m2/repository/org/teavm/teavm-tests/1.0.0-SNAPSHOT/teavm-tests-1.0.0-SNAPSHOT.jar
[INFO] Installing /home/travis/build/[secure]/teavm/tests/pom.xml to /home/travis/.m2/repository/org/teavm/teavm-tests/1.0.0-SNAPSHOT/teavm-tests-1.0.0-SNAPSHOT.pom
[INFO]                                                                         
[INFO] ------------------------------------------------------------------------
[INFO] Building TeaVM slf4j 1.0.0-SNAPSHOT
[INFO] ------------------------------------------------------------------------
[INFO] 
[INFO] --- maven-checkstyle-plugin:2.16:check (validate) @ teavm-extras-slf4j ---
[INFO] Starting audit...
Audit done.
[INFO] 
[INFO] --- maven-resources-plugin:2.6:resources (default-resources) @ teavm-extras-slf4j ---
[INFO] Using 'UTF-8' encoding to copy filtered resources.
[INFO] Copying 1 resource
[INFO] 
[INFO] --- maven-compiler-plugin:2.5.1:compile (default-compile) @ teavm-extras-slf4j ---
[INFO] Compiling 5 source files to /home/travis/build/[secure]/teavm/extras-slf4j/target/classes
[INFO] 
[INFO] --- maven-resources-plugin:2.6:testResources (default-testResources) @ teavm-extras-slf4j ---
[INFO] Using 'UTF-8' encoding to copy filtered resources.
[INFO] skip non existing resourceDirectory /home/travis/build/[secure]/teavm/extras-slf4j/src/test/resources
[INFO] 
[INFO] --- maven-compiler-plugin:2.5.1:testCompile (default-testCompile) @ teavm-extras-slf4j ---
[INFO] No sources to compile
[INFO] 
[INFO] --- maven-surefire-plugin:2.17:test (default-test) @ teavm-extras-slf4j ---
[INFO] Tests are skipped.
[INFO] 
[INFO] --- maven-jar-plugin:2.6:jar (default-jar) @ teavm-extras-slf4j ---
[INFO] Building jar: /home/travis/build/[secure]/teavm/extras-slf4j/target/teavm-extras-slf4j-1.0.0-SNAPSHOT.jar
[INFO] 
[INFO] --- maven-source-plugin:2.2.1:jar-no-fork (attach-sources) @ teavm-extras-slf4j ---
[INFO] Building jar: /home/travis/build/[secure]/teavm/extras-slf4j/target/teavm-extras-slf4j-1.0.0-SNAPSHOT-sources.jar
[INFO] 
[INFO] --- maven-javadoc-plugin:2.9.1:jar (build-javadoc) @ teavm-extras-slf4j ---
[INFO] Skipping javadoc generation
[INFO] 
[INFO] --- maven-install-plugin:2.4:install (default-install) @ teavm-extras-slf4j ---
[INFO] Installing /home/travis/build/[secure]/teavm/extras-slf4j/target/teavm-extras-slf4j-1.0.0-SNAPSHOT.jar to /home/travis/.m2/repository/org/teavm/teavm-extras-slf4j/1.0.0-SNAPSHOT/teavm-extras-slf4j-1.0.0-SNAPSHOT.jar
[INFO] Installing /home/travis/build/[secure]/teavm/extras-slf4j/pom.xml to /home/travis/.m2/repository/org/teavm/teavm-extras-slf4j/1.0.0-SNAPSHOT/teavm-extras-slf4j-1.0.0-SNAPSHOT.pom
[INFO] Installing /home/travis/build/[secure]/teavm/extras-slf4j/target/teavm-extras-slf4j-1.0.0-SNAPSHOT-sources.jar to /home/travis/.m2/repository/org/teavm/teavm-extras-slf4j/1.0.0-SNAPSHOT/teavm-extras-slf4j-1.0.0-SNAPSHOT-sources.jar
[INFO] ------------------------------------------------------------------------
[INFO] Reactor Summary:
[INFO] 
[INFO] TeaVM .............................................. SUCCESS [  0.631 s]
[INFO] TeaVM metaprogramming API .......................... SUCCESS [ 17.641 s]
[INFO] TeaVM interop API .................................. SUCCESS [  7.476 s]
[INFO] TeaVM core ......................................... SUCCESS [ 39.792 s]
[INFO] TeaVM JavaScript objects ........................... SUCCESS [  1.090 s]
[INFO] TeaVM JavaScript APIs .............................. SUCCESS [  6.422 s]
[INFO] TeaVM platform ..................................... SUCCESS [  3.178 s]
[INFO] TeaVM JavaScript objects - implementation .......... SUCCESS [  7.121 s]
[INFO] TeaVM Java class library ........................... SUCCESS [ 25.730 s]
[INFO] TeaVM html4j support ............................... SUCCESS [  3.965 s]
[INFO] TeaVM samples ...................................... SUCCESS [  0.020 s]
[INFO] TeaVM tooling core ................................. SUCCESS [  2.310 s]
[INFO] TeaVM maven ........................................ SUCCESS [  0.009 s]
[INFO] TeaVM maven plugin ................................. SUCCESS [  4.579 s]
[INFO] TeaVM Hello world web application .................. SUCCESS [ 10.236 s]
[INFO] TeaVM performance benchmark ........................ SUCCESS [02:14 min]
[INFO] TeaVM Web Storage web application .................. SUCCESS [  1.929 s]
[INFO] TeaVM HTML5 video web application .................. SUCCESS [  2.541 s]
[INFO] TeaVM CPS demo ..................................... SUCCESS [  4.436 s]
[INFO] TeaVM Kotlin web application ....................... SUCCESS [  5.701 s]
[INFO] TeaVM Scala example ................................ SUCCESS [ 27.604 s]
[INFO] TeaVM CLI .......................................... SUCCESS [  0.815 s]
[INFO] TeaVM maven web application archetype .............. SUCCESS [  0.749 s]
[INFO] TeaVM debugging backend for Google Chrome RDP ...... SUCCESS [  3.889 s]
[INFO] teavm-junit ........................................ SUCCESS [  2.291 s]
[INFO] TeaVM metaprogramming API implementation ........... SUCCESS [  3.204 s]
[INFO] TeaVM tests ........................................ SUCCESS [ 11.836 s]
[INFO] TeaVM slf4j ........................................ SUCCESS [  1.039 s]
[INFO] ------------------------------------------------------------------------
[INFO] BUILD SUCCESS
[INFO] ------------------------------------------------------------------------
[INFO] Total time: 05:32 min
[INFO] Finished at: 2016-10-20T09:58:53+00:00
[INFO] Final Memory: 98M/494M
[INFO] ------------------------------------------------------------------------

travis_time:end:00f72362:start=1476957198244379971,finish=1476957537724418840,duration=339480038869[0Ktravis_fold:end:install[0Ktravis_time:start:083aa6f8[0K$ mvn -e test \
 -Dteavm.junit.target=target/js-tests \
 -Dteavm.junit.js.runner=htmlunit \
 -Dteavm.junit.js.threads=1

Java HotSpot(TM) 64-Bit Server VM warning: ignoring option MaxPermSize=192m; support was removed in 8.0
[INFO] Error stacktraces are turned on.
[INFO] Scanning for projects...
[INFO] ------------------------------------------------------------------------
[INFO] Reactor Build Order:
[INFO] 
[INFO] TeaVM
[INFO] TeaVM metaprogramming API
[INFO] TeaVM interop API
[INFO] TeaVM core
[INFO] TeaVM JavaScript objects
[INFO] TeaVM JavaScript APIs
[INFO] TeaVM platform
[INFO] TeaVM JavaScript objects - implementation
[INFO] TeaVM Java class library
[INFO] TeaVM html4j support
[INFO] TeaVM samples
[INFO] TeaVM tooling core
[INFO] TeaVM maven
[INFO] TeaVM maven plugin
[INFO] TeaVM Hello world web application
[INFO] TeaVM performance benchmark
[INFO] TeaVM Web Storage web application
[INFO] TeaVM HTML5 video web application
[INFO] TeaVM CPS demo
[INFO] TeaVM Kotlin web application
[INFO] TeaVM Scala example
[INFO] TeaVM CLI
[INFO] TeaVM maven web application archetype
[INFO] TeaVM debugging backend for Google Chrome RDP
[INFO] teavm-junit
[INFO] TeaVM metaprogramming API implementation
[INFO] TeaVM tests
[INFO] TeaVM slf4j
[INFO]                                                                         
[INFO] ------------------------------------------------------------------------
[INFO] Building TeaVM 1.0.0-SNAPSHOT
[INFO] ------------------------------------------------------------------------
[INFO]                                                                         
[INFO] ------------------------------------------------------------------------
[INFO] Building TeaVM metaprogramming API 1.0.0-SNAPSHOT
[INFO] ------------------------------------------------------------------------
[INFO] 
[INFO] --- maven-checkstyle-plugin:2.16:check (validate) @ teavm-metaprogramming-api ---
[INFO] Starting audit...
Audit done.
[INFO] 
[INFO] --- maven-resources-plugin:3.0.1:resources (default-resources) @ teavm-metaprogramming-api ---
[INFO] Using 'UTF-8' encoding to copy filtered resources.
[INFO] skip non existing resourceDirectory /home/travis/build/[secure]/teavm/metaprogramming/api/src/main/resources
[INFO] 
[INFO] --- maven-compiler-plugin:2.5.1:compile (default-compile) @ teavm-metaprogramming-api ---
[INFO] Nothing to compile - all classes are up to date
[INFO] 
[INFO] --- maven-resources-plugin:3.0.1:testResources (default-testResources) @ teavm-metaprogramming-api ---
[INFO] Using 'UTF-8' encoding to copy filtered resources.
[INFO] skip non existing resourceDirectory /home/travis/build/[secure]/teavm/metaprogramming/api/src/test/resources
[INFO] 
[INFO] --- maven-compiler-plugin:2.5.1:testCompile (default-testCompile) @ teavm-metaprogramming-api ---
[INFO] No sources to compile
[INFO] 
[INFO] --- maven-surefire-plugin:2.17:test (default-test) @ teavm-metaprogramming-api ---
[INFO] No tests to run.
[INFO]                                                                         
[INFO] ------------------------------------------------------------------------
[INFO] Building TeaVM interop API 1.0.0-SNAPSHOT
[INFO] ------------------------------------------------------------------------
[INFO] 
[INFO] --- maven-checkstyle-plugin:2.16:check (validate) @ teavm-interop ---
[INFO] Starting audit...
Audit done.
[INFO] 
[INFO] --- maven-resources-plugin:2.6:resources (default-resources) @ teavm-interop ---
[INFO] Using 'UTF-8' encoding to copy filtered resources.
[INFO] skip non existing resourceDirectory /home/travis/build/[secure]/teavm/interop/core/src/main/resources
[INFO] 
[INFO] --- maven-compiler-plugin:2.5.1:compile (default-compile) @ teavm-interop ---
[INFO] Nothing to compile - all classes are up to date
[INFO] 
[INFO] --- maven-resources-plugin:2.6:testResources (default-testResources) @ teavm-interop ---
[INFO] Using 'UTF-8' encoding to copy filtered resources.
[INFO] skip non existing resourceDirectory /home/travis/build/[secure]/teavm/interop/core/src/test/resources
[INFO] 
[INFO] --- maven-compiler-plugin:2.5.1:testCompile (default-testCompile) @ teavm-interop ---
[INFO] No sources to compile
[INFO] 
[INFO] --- maven-surefire-plugin:2.17:test (default-test) @ teavm-interop ---
[INFO] No tests to run.
[INFO]                                                                         
[INFO] ------------------------------------------------------------------------
[INFO] Building TeaVM core 1.0.0-SNAPSHOT
[INFO] ------------------------------------------------------------------------
[INFO] 
[INFO] --- maven-checkstyle-plugin:2.16:check (validate) @ teavm-core ---
[INFO] Starting audit...
Audit done.
[INFO] 
[INFO] --- kotlin-maven-plugin:1.0.3:compile (compile) @ teavm-core ---
[INFO] Kotlin Compiler version 1.0.3
[WARNING] No sources found skipping Kotlin compile
[INFO] 
[INFO] --- maven-resources-plugin:3.0.1:resources (default-resources) @ teavm-core ---
[INFO] Using 'UTF-8' encoding to copy filtered resources.
[INFO] Copying 1 resource
[INFO] 
[INFO] --- maven-compiler-plugin:2.5.1:compile (default-compile) @ teavm-core ---
[INFO] Compiling 1 source file to /home/travis/build/[secure]/teavm/core/target/classes
[INFO] 
[INFO] --- maven-resources-plugin:3.0.1:testResources (default-testResources) @ teavm-core ---
[INFO] Using 'UTF-8' encoding to copy filtered resources.
[INFO] Copying 0 resource
[INFO] 
[INFO] --- maven-compiler-plugin:2.5.1:testCompile (default-testCompile) @ teavm-core ---
[INFO] Nothing to compile - all classes are up to date
[INFO] 
[INFO] --- maven-surefire-plugin:2.17:test (default-test) @ teavm-core ---
[INFO] Surefire report directory: /home/travis/build/[secure]/teavm/core/target/surefire-reports

-------------------------------------------------------
 T E S T S
-------------------------------------------------------
Running org.teavm.common.GraphTest
Tests run: 7, Failures: 0, Errors: 0, Skipped: 0, Time elapsed: 0.163 sec - in org.teavm.common.GraphTest
Running org.teavm.vm.PluginLoaderTest
Tests run: 3, Failures: 0, Errors: 0, Skipped: 0, Time elapsed: 0.082 sec - in org.teavm.vm.PluginLoaderTest
Running org.teavm.cache.ProgramIOTest
Tests run: 3, Failures: 0, Errors: 0, Skipped: 0, Time elapsed: 0.076 sec - in org.teavm.cache.ProgramIOTest

Results :

Tests run: 13, Failures: 0, Errors: 0, Skipped: 0

[INFO]                                                                         
[INFO] ------------------------------------------------------------------------
[INFO] Building TeaVM JavaScript objects 1.0.0-SNAPSHOT
[INFO] ------------------------------------------------------------------------
[INFO] 
[INFO] --- maven-checkstyle-plugin:2.16:check (validate) @ teavm-jso ---
[INFO] Starting audit...
Audit done.
[INFO] 
[INFO] --- maven-resources-plugin:2.6:resources (default-resources) @ teavm-jso ---
[INFO] Using 'UTF-8' encoding to copy filtered resources.
[INFO] skip non existing resourceDirectory /home/travis/build/[secure]/teavm/jso/core/src/main/resources
[INFO] 
[INFO] --- maven-compiler-plugin:2.5.1:compile (default-compile) @ teavm-jso ---
[INFO] Compiling 1 source file to /home/travis/build/[secure]/teavm/jso/core/target/classes
[INFO] 
[INFO] --- maven-resources-plugin:2.6:testResources (default-testResources) @ teavm-jso ---
[INFO] Using 'UTF-8' encoding to copy filtered resources.
[INFO] skip non existing resourceDirectory /home/travis/build/[secure]/teavm/jso/core/src/test/resources
[INFO] 
[INFO] --- maven-compiler-plugin:2.5.1:testCompile (default-testCompile) @ teavm-jso ---
[INFO] No sources to compile
[INFO] 
[INFO] --- maven-surefire-plugin:2.17:test (default-test) @ teavm-jso ---
[INFO] Tests are skipped.
[INFO]                                                                         
[INFO] ------------------------------------------------------------------------
[INFO] Building TeaVM JavaScript APIs 1.0.0-SNAPSHOT
[INFO] ------------------------------------------------------------------------
[INFO] 
[INFO] --- maven-checkstyle-plugin:2.16:check (validate) @ teavm-jso-apis ---
[INFO] Starting audit...
Audit done.
[INFO] 
[INFO] --- maven-resources-plugin:2.6:resources (default-resources) @ teavm-jso-apis ---
[INFO] Using 'UTF-8' encoding to copy filtered resources.
[INFO] skip non existing resourceDirectory /home/travis/build/[secure]/teavm/jso/apis/src/main/resources
[INFO] 
[INFO] --- maven-compiler-plugin:2.5.1:compile (default-compile) @ teavm-jso-apis ---
[INFO] Nothing to compile - all classes are up to date
[INFO] 
[INFO] --- maven-resources-plugin:2.6:testResources (default-testResources) @ teavm-jso-apis ---
[INFO] Using 'UTF-8' encoding to copy filtered resources.
[INFO] skip non existing resourceDirectory /home/travis/build/[secure]/teavm/jso/apis/src/test/resources
[INFO] 
[INFO] --- maven-compiler-plugin:2.5.1:testCompile (default-testCompile) @ teavm-jso-apis ---
[INFO] No sources to compile
[INFO] 
[INFO] --- maven-surefire-plugin:2.17:test (default-test) @ teavm-jso-apis ---
[INFO] No tests to run.
[INFO]                                                                         
[INFO] ------------------------------------------------------------------------
[INFO] Building TeaVM platform 1.0.0-SNAPSHOT
[INFO] ------------------------------------------------------------------------
[INFO] 
[INFO] --- maven-checkstyle-plugin:2.16:check (validate) @ teavm-platform ---
[INFO] Starting audit...
Audit done.
[INFO] 
[INFO] --- maven-resources-plugin:3.0.1:resources (default-resources) @ teavm-platform ---
[INFO] Using 'UTF-8' encoding to copy filtered resources.
[INFO] Copying 1 resource
[INFO] 
[INFO] --- maven-compiler-plugin:2.5.1:compile (default-compile) @ teavm-platform ---
[INFO] Nothing to compile - all classes are up to date
[INFO] 
[INFO] --- maven-resources-plugin:3.0.1:testResources (default-testResources) @ teavm-platform ---
[INFO] Using 'UTF-8' encoding to copy filtered resources.
[INFO] skip non existing resourceDirectory /home/travis/build/[secure]/teavm/platform/src/test/resources
[INFO] 
[INFO] --- maven-compiler-plugin:2.5.1:testCompile (default-testCompile) @ teavm-platform ---
[INFO] No sources to compile
[INFO] 
[INFO] --- maven-surefire-plugin:2.17:test (default-test) @ teavm-platform ---
[INFO] No tests to run.
[INFO]                                                                         
[INFO] ------------------------------------------------------------------------
[INFO] Building TeaVM JavaScript objects - implementation 1.0.0-SNAPSHOT
[INFO] ------------------------------------------------------------------------
[INFO] 
[INFO] --- maven-checkstyle-plugin:2.16:check (validate) @ teavm-jso-impl ---
[INFO] Starting audit...
Audit done.
[INFO] 
[INFO] --- maven-resources-plugin:2.6:resources (default-resources) @ teavm-jso-impl ---
[INFO] Using 'UTF-8' encoding to copy filtered resources.
[INFO] Copying 1 resource
[INFO] 
[INFO] --- maven-compiler-plugin:2.5.1:compile (default-compile) @ teavm-jso-impl ---
[INFO] Nothing to compile - all classes are up to date
[INFO] 
[INFO] --- maven-resources-plugin:2.6:testResources (default-testResources) @ teavm-jso-impl ---
[INFO] Using 'UTF-8' encoding to copy filtered resources.
[INFO] skip non existing resourceDirectory /home/travis/build/[secure]/teavm/jso/impl/src/test/resources
[INFO] 
[INFO] --- maven-compiler-plugin:2.5.1:testCompile (default-testCompile) @ teavm-jso-impl ---
[INFO] Nothing to compile - all classes are up to date
[INFO] 
[INFO] --- maven-surefire-plugin:2.17:test (default-test) @ teavm-jso-impl ---
[INFO] Surefire report directory: /home/travis/build/[secure]/teavm/jso/impl/target/surefire-reports

-------------------------------------------------------
 T E S T S
-------------------------------------------------------
Running org.teavm.jso.plugin.AstWriterTest
Tests run: 32, Failures: 0, Errors: 0, Skipped: 0, Time elapsed: 0.317 sec - in org.teavm.jso.plugin.AstWriterTest

Results :

Tests run: 32, Failures: 0, Errors: 0, Skipped: 0

[INFO]                                                                         
[INFO] ------------------------------------------------------------------------
[INFO] Building TeaVM Java class library 1.0.0-SNAPSHOT
[INFO] ------------------------------------------------------------------------
[INFO] 
[INFO] --- maven-resources-plugin:3.0.1:resources (default-resources) @ teavm-classlib ---
[INFO] Using 'UTF-8' encoding to copy filtered resources.
[INFO] Copying 19 resources
[INFO] 
[INFO] --- maven-compiler-plugin:2.5.1:compile (default-compile) @ teavm-classlib ---
[INFO] Nothing to compile - all classes are up to date
[INFO] 
[INFO] >>> exec-maven-plugin:1.2.1:java (generate-tz-cache) > validate @ teavm-classlib >>>
[INFO] 
[INFO] <<< exec-maven-plugin:1.2.1:java (generate-tz-cache) < validate @ teavm-classlib <<<
[INFO] 
[INFO] --- exec-maven-plugin:1.2.1:java (generate-tz-cache) @ teavm-classlib ---
[INFO] 
[INFO] --- maven-resources-plugin:3.0.1:testResources (default-testResources) @ teavm-classlib ---
[INFO] Using 'UTF-8' encoding to copy filtered resources.
[INFO] skip non existing resourceDirectory /home/travis/build/[secure]/teavm/classlib/src/test/resources
[INFO] 
[INFO] --- maven-compiler-plugin:2.5.1:testCompile (default-testCompile) @ teavm-classlib ---
[INFO] Nothing to compile - all classes are up to date
[INFO] 
[INFO] >>> exec-maven-plugin:1.2.1:java (generate-classlib-doc) > validate @ teavm-classlib >>>
[INFO] 
[INFO] <<< exec-maven-plugin:1.2.1:java (generate-classlib-doc) < validate @ teavm-classlib <<<
[INFO] 
[INFO] --- exec-maven-plugin:1.2.1:java (generate-classlib-doc) @ teavm-classlib ---
[INFO] 
[INFO] --- maven-surefire-plugin:2.17:test (default-test) @ teavm-classlib ---
[INFO] Surefire report directory: /home/travis/build/[secure]/teavm/classlib/target/surefire-reports

-------------------------------------------------------
 T E S T S
-------------------------------------------------------
Running org.teavm.classlib.impl.Base64Test
Tests run: 1, Failures: 0, Errors: 0, Skipped: 0, Time elapsed: 0.196 sec - in org.teavm.classlib.impl.Base64Test
Running org.teavm.classlib.impl.unicode.UnicodeSupportTest
Tests run: 1, Failures: 0, Errors: 0, Skipped: 0, Time elapsed: 0.544 sec - in org.teavm.classlib.impl.unicode.UnicodeSupportTest
Running org.teavm.classlib.impl.Base46Test
Tests run: 1, Failures: 0, Errors: 0, Skipped: 0, Time elapsed: 0.169 sec - in org.teavm.classlib.impl.Base46Test

Results :

Tests run: 3, Failures: 0, Errors: 0, Skipped: 0

[INFO]                                                                         
[INFO] ------------------------------------------------------------------------
[INFO] Building TeaVM html4j support 1.0.0-SNAPSHOT
[INFO] ------------------------------------------------------------------------
[INFO] 
[INFO] --- maven-checkstyle-plugin:2.16:check (validate) @ teavm-html4j ---
[INFO] Starting audit...
Audit done.
[INFO] 
[INFO] --- maven-resources-plugin:2.6:resources (default-resources) @ teavm-html4j ---
[INFO] Using 'UTF-8' encoding to copy filtered resources.
[INFO] Copying 2 resources
[INFO] 
[INFO] --- maven-compiler-plugin:2.5.1:compile (default-compile) @ teavm-html4j ---
[INFO] Nothing to compile - all classes are up to date
[INFO] 
[INFO] --- maven-resources-plugin:2.6:testResources (default-testResources) @ teavm-html4j ---
[INFO] Using 'UTF-8' encoding to copy filtered resources.
[INFO] Copying 2 resources
[INFO] 
[INFO] --- maven-compiler-plugin:2.5.1:testCompile (default-testCompile) @ teavm-html4j ---
[INFO] Nothing to compile - all classes are up to date
[INFO] 
[INFO] --- maven-surefire-plugin:2.16:test (default-test) @ teavm-html4j ---
[INFO] Tests are skipped.
[INFO]                                                                         
[INFO] ------------------------------------------------------------------------
[INFO] Building TeaVM samples 1.0.0-SNAPSHOT
[INFO] ------------------------------------------------------------------------
[INFO]                                                                         
[INFO] ------------------------------------------------------------------------
[INFO] Building TeaVM tooling core 1.0.0-SNAPSHOT
[INFO] ------------------------------------------------------------------------
[INFO] 
[INFO] --- maven-checkstyle-plugin:2.16:check (validate) @ teavm-tooling ---
[INFO] Starting audit...
Audit done.
[INFO] 
[INFO] --- maven-resources-plugin:3.0.1:resources (default-resources) @ teavm-tooling ---
[INFO] Using 'UTF-8' encoding to copy filtered resources.
[INFO] Copying 14 resources
[INFO] 
[INFO] --- maven-compiler-plugin:2.5.1:compile (default-compile) @ teavm-tooling ---
[INFO] Nothing to compile - all classes are up to date
[INFO] 
[INFO] --- maven-resources-plugin:3.0.1:testResources (default-testResources) @ teavm-tooling ---
[INFO] Using 'UTF-8' encoding to copy filtered resources.
[INFO] skip non existing resourceDirectory /home/travis/build/[secure]/teavm/tools/core/src/test/resources
[INFO] 
[INFO] --- maven-compiler-plugin:2.5.1:testCompile (default-testCompile) @ teavm-tooling ---
[INFO] No sources to compile
[INFO] 
[INFO] --- maven-surefire-plugin:2.17:test (default-test) @ teavm-tooling ---
[INFO] No tests to run.
[INFO]                                                                         
[INFO] ------------------------------------------------------------------------
[INFO] Building TeaVM maven 1.0.0-SNAPSHOT
[INFO] ------------------------------------------------------------------------
[INFO]                                                                         
[INFO] ------------------------------------------------------------------------
[INFO] Building TeaVM maven plugin 1.0.0-SNAPSHOT
[INFO] ------------------------------------------------------------------------
[INFO] 
[INFO] --- maven-checkstyle-plugin:2.16:check (validate) @ teavm-maven-plugin ---
[INFO] Starting audit...
Audit done.
[INFO] 
[INFO] --- maven-resources-plugin:2.6:resources (default-resources) @ teavm-maven-plugin ---
[INFO] Using 'UTF-8' encoding to copy filtered resources.
[INFO] skip non existing resourceDirectory /home/travis/build/[secure]/teavm/tools/maven/plugin/src/main/resources
[INFO] 
[INFO] --- maven-compiler-plugin:2.5.1:compile (default-compile) @ teavm-maven-plugin ---
[INFO] Nothing to compile - all classes are up to date
[INFO] 
[INFO] --- maven-plugin-plugin:3.3:descriptor (default-descriptor) @ teavm-maven-plugin ---
[INFO] Using 'UTF-8' encoding to read mojo metadata.
[INFO] Applying mojo extractor for language: java
[INFO] Mojo extractor for language: java found 0 mojo descriptors.
[INFO] Applying mojo extractor for language: bsh
[INFO] Mojo extractor for language: bsh found 0 mojo descriptors.
[INFO] Applying mojo extractor for language: java-annotations
[WARNING] Deprecated @component for project field in org.teavm.maven.TeaVMCompileMojo.: replace with @parameter name="${project}" @readonly
[INFO] Mojo extractor for language: java-annotations found 1 mojo descriptors.
[INFO] 
[INFO] --- maven-resources-plugin:2.6:testResources (default-testResources) @ teavm-maven-plugin ---
[INFO] Using 'UTF-8' encoding to copy filtered resources.
[INFO] Copying 1 resource
[INFO] 
[INFO] --- maven-compiler-plugin:2.5.1:testCompile (default-testCompile) @ teavm-maven-plugin ---
[INFO] Nothing to compile - all classes are up to date
[INFO] 
[INFO] --- maven-surefire-plugin:2.17:test (default-test) @ teavm-maven-plugin ---
[INFO]                                                                         
[INFO] ------------------------------------------------------------------------
[INFO] Building TeaVM Hello world web application 1.0.0-SNAPSHOT
[INFO] ------------------------------------------------------------------------
[INFO] 
[INFO] --- maven-checkstyle-plugin:2.16:check (validate) @ teavm-samples-hello ---
[INFO] Starting audit...
Audit done.
[INFO] 
[INFO] --- maven-resources-plugin:2.6:resources (default-resources) @ teavm-samples-hello ---
[INFO] Using 'UTF-8' encoding to copy filtered resources.
[INFO] skip non existing resourceDirectory /home/travis/build/[secure]/teavm/samples/hello/src/main/resources
[INFO] 
[INFO] --- maven-compiler-plugin:2.5.1:compile (default-compile) @ teavm-samples-hello ---
[INFO] Nothing to compile - all classes are up to date
[INFO] 
[INFO] --- teavm-maven-plugin:1.0.0-SNAPSHOT:compile (web-client) @ teavm-samples-hello ---
[INFO] Preparing classpath for JavaScript generation
[INFO] Using the following classpath for JavaScript generation: /home/travis/build/[secure]/teavm/classlib/target/classes:/home/travis/build/[secure]/teavm/platform/target/classes:/home/travis/build/[secure]/teavm/core/target/classes:/home/travis/build/[secure]/teavm/interop/core/target/classes:/home/travis/.m2/repository/commons-io/commons-io/2.4/commons-io-2.4.jar:/home/travis/.m2/repository/com/carrotsearch/hppc/0.6.1/hppc-0.6.1.jar:/home/travis/.m2/repository/org/objenesis/objenesis/2.4/objenesis-2.4.jar:/home/travis/.m2/repository/org/jetbrains/kotlin/kotlin-stdlib/1.0.3/kotlin-stdlib-1.0.3.jar:/home/travis/.m2/repository/org/jetbrains/kotlin/kotlin-runtime/1.0.3/kotlin-runtime-1.0.3.jar:/home/travis/build/[secure]/teavm/jso/apis/target/classes:/home/travis/build/[secure]/teavm/jso/impl/target/classes:/home/travis/.m2/repository/org/mozilla/rhino/1.7.7/rhino-1.7.7.jar:/home/travis/.m2/repository/org/ow2/asm/asm-debug-all/5.0.4/asm-debug-all-5.0.4.jar:/home/travis/.m2/repository/com/google/code/gson/gson/2.2.4/gson-2.2.4.jar:/home/travis/.m2/repository/com/jcraft/jzlib/1.1.3/jzlib-1.1.3.jar:/home/travis/.m2/repository/joda-time/joda-time/2.7/joda-time-2.7.jar:/home/travis/build/[secure]/teavm/jso/core/target/classes:/home/travis/.m2/repository/javax/servlet/javax.servlet-api/3.1.0/javax.servlet-api-3.1.0.jar:/home/travis/build/[secure]/teavm/samples/hello/target/classes
Downloading: https://oss.sonatype.org/content/repositories/releases/org/seleniumhq/selenium/selenium-java/2.47.2/selenium-java-2.47.2-sources.jar
Downloading: https://repository.apache.org/releases/org/seleniumhq/selenium/selenium-java/2.47.2/selenium-java-2.47.2-sources.jar
Downloading: https://repository.apache.org/snapshots/org/teavm/teavm-maven-plugin/1.0.0-SNAPSHOT/maven-metadata.xml
[INFO] Building JavaScript file
[INFO] Output file successfully built
[INFO] Debug information successfully written
[INFO] Source maps successfully written
[INFO] Missing source file: org/teavm/classlib/java/util/TAbstractMap.java
[INFO] Missing source file: org/teavm/classlib/java/lang/TCloneNotSupportedException.java
[INFO] Missing source file: org/teavm/classlib/java/lang/TThrowable.java
[INFO] Missing source file: org/teavm/classlib/java/nio/charset/TIllegalCharsetNameException.java
[INFO] Missing source file: org/teavm/classlib/java/lang/TSystem.java
[INFO] Missing source file: org/teavm/classlib/java/io/TFilterOutputStream.java
[INFO] Missing source file: org/teavm/classlib/java/lang/TConsoleOutputStreamStdout.java
[INFO] Missing source file: org/teavm/classlib/java/lang/TConsoleOutputStreamStderr.java
[INFO] Missing source file: org/teavm/classlib/java/io/TOutputStream.java
[INFO] Missing source file: org/teavm/jso/dom/events/MouseEventTarget.java
[INFO] Missing source file: org/teavm/jso/ajax/XMLHttpRequest.java
[INFO] Missing source file: org/teavm/classlib/java/util/TMapEntry.java
[INFO] Missing source file: org/teavm/classlib/java/lang/TIndexOutOfBoundsException.java
[INFO] Missing source file: org/teavm/classlib/java/lang/TAbstractStringBuilder.java
[INFO] Missing source file: org/teavm/classlib/java/lang/TNoSuchMethodError.java
[INFO] Missing source file: org/teavm/classlib/java/lang/TNoSuchFieldError.java
[INFO] Missing source file: org/teavm/classlib/java/lang/TStringBuilder.java
[INFO] Missing source file: org/teavm/classlib/java/lang/TLinkageError.java
[INFO] Missing source file: org/teavm/classlib/java/lang/TIllegalArgumentException.java
[INFO] Missing source file: org/teavm/classlib/java/lang/TThread.java
[INFO] Missing source file: org/teavm/classlib/java/io/TPrintStream.java
[INFO] Missing source file: org/teavm/jso/JSObject.java
[INFO] Missing source file: org/teavm/classlib/java/lang/TIncompatibleClassChangeError.java
[INFO] Missing source file: org/teavm/classlib/java/lang/TStringIndexOutOfBoundsException.java
[INFO] Missing source file: org/teavm/classlib/java/lang/TRuntimeException.java
[INFO] Missing source file: org/teavm/classlib/java/io/TInputStream.java
[INFO] Missing source file: org/teavm/classlib/java/util/THashMap.java
[INFO] Missing source file: org/teavm/classlib/java/lang/TError.java
[INFO] Missing source file: org/teavm/classlib/java/lang/TException.java
[INFO] Missing source file: org/teavm/classlib/java/lang/TConsoleInputStream.java
[INFO] Missing source file: org/teavm/classlib/java/lang/TObject.java
[INFO] Missing source file: org/teavm/classlib/java/nio/charset/impl/TUTF8Charset.java
[INFO] Missing source file: org/teavm/classlib/java/nio/charset/TCharset.java
[INFO] Missing source file: org/teavm/classlib/java/lang/TString.java
[INFO] Missing source file: org/teavm/classlib/java/lang/TClass.java
[INFO] Source files successfully written
[INFO] 
[INFO] --- maven-resources-plugin:2.6:testResources (default-testResources) @ teavm-samples-hello ---
[INFO] Using 'UTF-8' encoding to copy filtered resources.
[INFO] skip non existing resourceDirectory /home/travis/build/[secure]/teavm/samples/hello/src/test/resources
[INFO] 
[INFO] --- maven-compiler-plugin:2.5.1:testCompile (default-testCompile) @ teavm-samples-hello ---
[INFO] No sources to compile
[INFO] 
[INFO] --- maven-surefire-plugin:2.17:test (default-test) @ teavm-samples-hello ---
[INFO] No tests to run.
[INFO]                                                                         
[INFO] ------------------------------------------------------------------------
[INFO] Building TeaVM performance benchmark 1.0.0-SNAPSHOT
[INFO] ------------------------------------------------------------------------
[INFO] 
[INFO] --- maven-checkstyle-plugin:2.16:check (validate) @ teavm-samples-benchmark ---
[INFO] Starting audit...
Audit done.
[INFO] 
[INFO] --- maven-resources-plugin:2.6:resources (default-resources) @ teavm-samples-benchmark ---
[INFO] Using 'UTF-8' encoding to copy filtered resources.
[INFO] Copying 2 resources
[INFO] 
[INFO] --- maven-compiler-plugin:2.5.1:compile (default-compile) @ teavm-samples-benchmark ---
[INFO] Nothing to compile - all classes are up to date
[INFO] 
[INFO] --- teavm-maven-plugin:1.0.0-SNAPSHOT:compile (web-client) @ teavm-samples-benchmark ---
[INFO] Preparing classpath for JavaScript generation
[INFO] Using the following classpath for JavaScript generation: /home/travis/build/[secure]/teavm/classlib/target/classes:/home/travis/build/[secure]/teavm/platform/target/classes:/home/travis/build/[secure]/teavm/core/target/classes:/home/travis/.m2/repository/commons-io/commons-io/2.4/commons-io-2.4.jar:/home/travis/.m2/repository/com/carrotsearch/hppc/0.6.1/hppc-0.6.1.jar:/home/travis/.m2/repository/org/objenesis/objenesis/2.4/objenesis-2.4.jar:/home/travis/.m2/repository/org/jetbrains/kotlin/kotlin-stdlib/1.0.3/kotlin-stdlib-1.0.3.jar:/home/travis/.m2/repository/org/jetbrains/kotlin/kotlin-runtime/1.0.3/kotlin-runtime-1.0.3.jar:/home/travis/build/[secure]/teavm/jso/core/target/classes:/home/travis/build/[secure]/teavm/jso/impl/target/classes:/home/travis/.m2/repository/org/mozilla/rhino/1.7.7/rhino-1.7.7.jar:/home/travis/.m2/repository/org/ow2/asm/asm-debug-all/5.0.4/asm-debug-all-5.0.4.jar:/home/travis/.m2/repository/com/google/code/gson/gson/2.2.4/gson-2.2.4.jar:/home/travis/.m2/repository/com/jcraft/jzlib/1.1.3/jzlib-1.1.3.jar:/home/travis/.m2/repository/joda-time/joda-time/2.7/joda-time-2.7.jar:/home/travis/build/[secure]/teavm/jso/apis/target/classes:/home/travis/build/[secure]/teavm/interop/core/target/classes:/home/travis/.m2/repository/org/jbox2d/jbox2d-library/2.2.1.1/jbox2d-library-2.2.1.1.jar:/home/travis/.m2/repository/org/jbox2d/jbox2d-library/2.2.1.1/jbox2d-library-2.2.1.1-sources.jar:/home/travis/.m2/repository/org/apidesign/bck2brwsr/emul/0.17/emul-0.17-rt.jar:/home/travis/.m2/repository/com/google/gwt/gwt-user/2.7.0/gwt-user-2.7.0.jar:/home/travis/.m2/repository/javax/validation/validation-api/1.0.0.GA/validation-api-1.0.0.GA.jar:/home/travis/.m2/repository/javax/validation/validation-api/1.0.0.GA/validation-api-1.0.0.GA-sources.jar:/home/travis/.m2/repository/com/dukescript/canvas/html5-canvas/0.7.2/html5-canvas-0.7.2.jar:/home/travis/.m2/repository/com/dukescript/canvas/canvas-api/0.7.2/canvas-api-0.7.2.jar:/home/travis/.m2/repository/org/apidesign/bck2brwsr/ko-bck2brwsr/0.17/ko-bck2brwsr-0.17-bck2brwsr.jar:/home/travis/.m2/repository/org/netbeans/html/net.java.html.json/1.2.3/net.java.html.json-1.2.3.jar:/home/travis/.m2/repository/org/netbeans/html/ko4j/1.2.3/ko4j-1.2.3.jar:/home/travis/.m2/repository/org/netbeans/html/net.java.html.geo/1.2.3/net.java.html.geo-1.2.3.jar:/home/travis/.m2/repository/org/netbeans/html/net.java.html.sound/1.2.3/net.java.html.sound-1.2.3.jar:/home/travis/.m2/repository/org/netbeans/html/net.java.html.boot/1.2.3/net.java.html.boot-1.2.3.jar:/home/travis/.m2/repository/org/netbeans/html/net.java.html/1.2.3/net.java.html-1.2.3.jar:/home/travis/build/[secure]/teavm/samples/benchmark/target/classes
[INFO] Building JavaScript file
[INFO] Output file successfully built
[INFO] Debug information successfully written
[INFO] 
[INFO] --- teavm-maven-plugin:1.0.0-SNAPSHOT:compile (wasm-client) @ teavm-samples-benchmark ---
[INFO] Preparing classpath for JavaScript generation
[INFO] Using the following classpath for JavaScript generation: /home/travis/build/[secure]/teavm/classlib/target/classes:/home/travis/build/[secure]/teavm/platform/target/classes:/home/travis/build/[secure]/teavm/core/target/classes:/home/travis/.m2/repository/commons-io/commons-io/2.4/commons-io-2.4.jar:/home/travis/.m2/repository/com/carrotsearch/hppc/0.6.1/hppc-0.6.1.jar:/home/travis/.m2/repository/org/objenesis/objenesis/2.4/objenesis-2.4.jar:/home/travis/.m2/repository/org/jetbrains/kotlin/kotlin-stdlib/1.0.3/kotlin-stdlib-1.0.3.jar:/home/travis/.m2/repository/org/jetbrains/kotlin/kotlin-runtime/1.0.3/kotlin-runtime-1.0.3.jar:/home/travis/build/[secure]/teavm/jso/core/target/classes:/home/travis/build/[secure]/teavm/jso/impl/target/classes:/home/travis/.m2/repository/org/mozilla/rhino/1.7.7/rhino-1.7.7.jar:/home/travis/.m2/repository/org/ow2/asm/asm-debug-all/5.0.4/asm-debug-all-5.0.4.jar:/home/travis/.m2/repository/com/google/code/gson/gson/2.2.4/gson-2.2.4.jar:/home/travis/.m2/repository/com/jcraft/jzlib/1.1.3/jzlib-1.1.3.jar:/home/travis/.m2/repository/joda-time/joda-time/2.7/joda-time-2.7.jar:/home/travis/build/[secure]/teavm/jso/apis/target/classes:/home/travis/build/[secure]/teavm/interop/core/target/classes:/home/travis/.m2/repository/org/jbox2d/jbox2d-library/2.2.1.1/jbox2d-library-2.2.1.1.jar:/home/travis/.m2/repository/org/jbox2d/jbox2d-library/2.2.1.1/jbox2d-library-2.2.1.1-sources.jar:/home/travis/.m2/repository/org/apidesign/bck2brwsr/emul/0.17/emul-0.17-rt.jar:/home/travis/.m2/repository/com/google/gwt/gwt-user/2.7.0/gwt-user-2.7.0.jar:/home/travis/.m2/repository/javax/validation/validation-api/1.0.0.GA/validation-api-1.0.0.GA.jar:/home/travis/.m2/repository/javax/validation/validation-api/1.0.0.GA/validation-api-1.0.0.GA-sources.jar:/home/travis/.m2/repository/com/dukescript/canvas/html5-canvas/0.7.2/html5-canvas-0.7.2.jar:/home/travis/.m2/repository/com/dukescript/canvas/canvas-api/0.7.2/canvas-api-0.7.2.jar:/home/travis/.m2/repository/org/apidesign/bck2brwsr/ko-bck2brwsr/0.17/ko-bck2brwsr-0.17-bck2brwsr.jar:/home/travis/.m2/repository/org/netbeans/html/net.java.html.json/1.2.3/net.java.html.json-1.2.3.jar:/home/travis/.m2/repository/org/netbeans/html/ko4j/1.2.3/ko4j-1.2.3.jar:/home/travis/.m2/repository/org/netbeans/html/net.java.html.geo/1.2.3/net.java.html.geo-1.2.3.jar:/home/travis/.m2/repository/org/netbeans/html/net.java.html.sound/1.2.3/net.java.html.sound-1.2.3.jar:/home/travis/.m2/repository/org/netbeans/html/net.java.html.boot/1.2.3/net.java.html.boot-1.2.3.jar:/home/travis/.m2/repository/org/netbeans/html/net.java.html/1.2.3/net.java.html-1.2.3.jar:/home/travis/build/[secure]/teavm/samples/benchmark/target/classes
[INFO] Building JavaScript file
[INFO] Output file successfully built
[INFO] 
[INFO] --- html4j-maven-plugin:1.1:process-js-annotations (default) @ teavm-samples-benchmark ---
[INFO] 
[INFO] --- maven-resources-plugin:2.6:testResources (default-testResources) @ teavm-samples-benchmark ---
[INFO] Using 'UTF-8' encoding to copy filtered resources.
[INFO] skip non existing resourceDirectory /home/travis/build/[secure]/teavm/samples/benchmark/src/test/resources
[INFO] 
[INFO] --- maven-compiler-plugin:2.5.1:testCompile (default-testCompile) @ teavm-samples-benchmark ---
[INFO] No sources to compile
[INFO] 
[INFO] --- maven-surefire-plugin:2.17:test (default-test) @ teavm-samples-benchmark ---
[INFO] No tests to run.
[INFO]                                                                         
[INFO] ------------------------------------------------------------------------
[INFO] Building TeaVM Web Storage web application 1.0.0-SNAPSHOT
[INFO] ------------------------------------------------------------------------
[INFO] 
[INFO] --- maven-checkstyle-plugin:2.16:check (validate) @ teavm-samples-storage ---
[INFO] Starting audit...
Audit done.
[INFO] 
[INFO] --- maven-resources-plugin:2.6:resources (default-resources) @ teavm-samples-storage ---
[INFO] Using 'UTF-8' encoding to copy filtered resources.
[INFO] skip non existing resourceDirectory /home/travis/build/[secure]/teavm/samples/storage/src/main/resources
[INFO] 
[INFO] --- maven-compiler-plugin:2.5.1:compile (default-compile) @ teavm-samples-storage ---
[INFO] Nothing to compile - all classes are up to date
[INFO] 
[INFO] --- maven-resources-plugin:2.6:testResources (default-testResources) @ teavm-samples-storage ---
[INFO] Using 'UTF-8' encoding to copy filtered resources.
[INFO] skip non existing resourceDirectory /home/travis/build/[secure]/teavm/samples/storage/src/test/resources
[INFO] 
[INFO] --- maven-compiler-plugin:2.5.1:testCompile (default-testCompile) @ teavm-samples-storage ---
[INFO] No sources to compile
[INFO] 
[INFO] --- maven-surefire-plugin:2.17:test (default-test) @ teavm-samples-storage ---
[INFO] No tests to run.
[INFO]                                                                         
[INFO] ------------------------------------------------------------------------
[INFO] Building TeaVM HTML5 video web application 1.0.0-SNAPSHOT
[INFO] ------------------------------------------------------------------------
[INFO] 
[INFO] --- maven-checkstyle-plugin:2.16:check (validate) @ teavm-samples-video ---
[INFO] Starting audit...
Audit done.
[INFO] 
[INFO] --- maven-resources-plugin:2.6:resources (default-resources) @ teavm-samples-video ---
[INFO] Using 'UTF-8' encoding to copy filtered resources.
[INFO] skip non existing resourceDirectory /home/travis/build/[secure]/teavm/samples/video/src/main/resources
[INFO] 
[INFO] --- maven-compiler-plugin:2.5.1:compile (default-compile) @ teavm-samples-video ---
[INFO] Nothing to compile - all classes are up to date
[INFO] 
[INFO] --- teavm-maven-plugin:1.0.0-SNAPSHOT:compile (web-client) @ teavm-samples-video ---
[INFO] Preparing classpath for JavaScript generation
[INFO] Using the following classpath for JavaScript generation: /home/travis/build/[secure]/teavm/classlib/target/classes:/home/travis/build/[secure]/teavm/platform/target/classes:/home/travis/build/[secure]/teavm/core/target/classes:/home/travis/build/[secure]/teavm/interop/core/target/classes:/home/travis/.m2/repository/commons-io/commons-io/2.4/commons-io-2.4.jar:/home/travis/.m2/repository/com/carrotsearch/hppc/0.6.1/hppc-0.6.1.jar:/home/travis/.m2/repository/org/objenesis/objenesis/2.4/objenesis-2.4.jar:/home/travis/.m2/repository/org/jetbrains/kotlin/kotlin-stdlib/1.0.3/kotlin-stdlib-1.0.3.jar:/home/travis/.m2/repository/org/jetbrains/kotlin/kotlin-runtime/1.0.3/kotlin-runtime-1.0.3.jar:/home/travis/build/[secure]/teavm/jso/core/target/classes:/home/travis/build/[secure]/teavm/jso/impl/target/classes:/home/travis/.m2/repository/org/mozilla/rhino/1.7.7/rhino-1.7.7.jar:/home/travis/.m2/repository/org/ow2/asm/asm-debug-all/5.0.4/asm-debug-all-5.0.4.jar:/home/travis/.m2/repository/com/google/code/gson/gson/2.2.4/gson-2.2.4.jar:/home/travis/.m2/repository/com/jcraft/jzlib/1.1.3/jzlib-1.1.3.jar:/home/travis/.m2/repository/joda-time/joda-time/2.7/joda-time-2.7.jar:/home/travis/build/[secure]/teavm/jso/apis/target/classes:/home/travis/.m2/repository/javax/servlet/javax.servlet-api/3.1.0/javax.servlet-api-3.1.0.jar:/home/travis/build/[secure]/teavm/samples/video/target/classes
[INFO] Building JavaScript file
[INFO] Output file successfully built
[INFO] Debug information successfully written
[INFO] Source maps successfully written
[INFO] Missing source file: org/teavm/classlib/java/util/TAbstractMap.java
[INFO] Missing source file: org/teavm/classlib/java/lang/TCloneNotSupportedException.java
[INFO] Missing source file: org/teavm/classlib/java/lang/TThrowable.java
[INFO] Missing source file: org/teavm/classlib/java/nio/charset/TIllegalCharsetNameException.java
[INFO] Missing source file: org/teavm/classlib/java/lang/TSystem.java
[INFO] Missing source file: org/teavm/classlib/java/io/TFilterOutputStream.java
[INFO] Missing source file: org/teavm/classlib/java/lang/TConsoleOutputStreamStdout.java
[INFO] Missing source file: org/teavm/classlib/java/lang/TConsoleOutputStreamStderr.java
[INFO] Missing source file: org/teavm/jso/dom/events/MouseEventTarget.java
[INFO] Missing source file: org/teavm/classlib/java/io/TOutputStream.java
[INFO] Missing source file: org/teavm/jso/dom/html/HTMLElement.java
[INFO] Missing source file: org/teavm/classlib/java/util/TMapEntry.java
[INFO] Missing source file: org/teavm/jso/dom/html/HTMLMediaElement.java
[INFO] Missing source file: org/teavm/classlib/java/lang/TIndexOutOfBoundsException.java
[INFO] Missing source file: org/teavm/classlib/java/lang/TAbstractStringBuilder.java
[INFO] Missing source file: org/teavm/classlib/java/lang/TNoSuchMethodError.java
[INFO] Missing source file: org/teavm/classlib/java/lang/TStringBuilder.java
[INFO] Missing source file: org/teavm/classlib/java/lang/TNoSuchFieldError.java
[INFO] Missing source file: org/teavm/classlib/java/lang/TLinkageError.java
[INFO] Missing source file: org/teavm/classlib/java/lang/TIllegalArgumentException.java
[INFO] Missing source file: org/teavm/classlib/java/lang/TThread.java
[INFO] Missing source file: org/teavm/classlib/java/io/TPrintStream.java
[INFO] Missing source file: org/teavm/jso/JSObject.java
[INFO] Missing source file: org/teavm/classlib/java/lang/TIncompatibleClassChangeError.java
[INFO] Missing source file: org/teavm/classlib/java/lang/TStringIndexOutOfBoundsException.java
[INFO] Missing source file: org/teavm/classlib/java/lang/TRuntimeException.java
[INFO] Missing source file: org/teavm/classlib/java/io/TInputStream.java
[INFO] Missing source file: org/teavm/classlib/java/util/THashMap.java
[INFO] Missing source file: org/teavm/classlib/java/lang/TError.java
[INFO] Missing source file: org/teavm/classlib/java/lang/TException.java
[INFO] Missing source file: org/teavm/classlib/java/lang/TConsoleInputStream.java
[INFO] Missing source file: org/teavm/classlib/java/lang/TObject.java
[INFO] Missing source file: org/teavm/classlib/java/nio/charset/impl/TUTF8Charset.java
[INFO] Missing source file: org/teavm/classlib/java/nio/charset/TCharset.java
[INFO] Missing source file: org/teavm/classlib/java/lang/TString.java
[INFO] Missing source file: org/teavm/classlib/java/lang/TClass.java
[INFO] Source files successfully written
[INFO] 
[INFO] --- maven-resources-plugin:2.6:testResources (default-testResources) @ teavm-samples-video ---
[INFO] Using 'UTF-8' encoding to copy filtered resources.
[INFO] skip non existing resourceDirectory /home/travis/build/[secure]/teavm/samples/video/src/test/resources
[INFO] 
[INFO] --- maven-compiler-plugin:2.5.1:testCompile (default-testCompile) @ teavm-samples-video ---
[INFO] No sources to compile
[INFO] 
[INFO] --- maven-surefire-plugin:2.17:test (default-test) @ teavm-samples-video ---
[INFO] No tests to run.
[INFO]                                                                         
[INFO] ------------------------------------------------------------------------
[INFO] Building TeaVM CPS demo 1.0.0-SNAPSHOT
[INFO] ------------------------------------------------------------------------
[INFO] 
[INFO] --- maven-checkstyle-plugin:2.16:check (validate) @ teavm-samples-async ---
[INFO] Starting audit...
Audit done.
[INFO] 
[INFO] --- maven-resources-plugin:2.6:resources (default-resources) @ teavm-samples-async ---
[INFO] Using 'UTF-8' encoding to copy filtered resources.
[INFO] skip non existing resourceDirectory /home/travis/build/[secure]/teavm/samples/async/src/main/resources
[INFO] 
[INFO] --- maven-compiler-plugin:2.5.1:compile (default-compile) @ teavm-samples-async ---
[INFO] Nothing to compile - all classes are up to date
[INFO] 
[INFO] --- teavm-maven-plugin:1.0.0-SNAPSHOT:compile (web-client) @ teavm-samples-async ---
[INFO] Preparing classpath for JavaScript generation
[INFO] Using the following classpath for JavaScript generation: /home/travis/build/[secure]/teavm/classlib/target/classes:/home/travis/build/[secure]/teavm/platform/target/classes:/home/travis/build/[secure]/teavm/core/target/classes:/home/travis/build/[secure]/teavm/interop/core/target/classes:/home/travis/.m2/repository/commons-io/commons-io/2.4/commons-io-2.4.jar:/home/travis/.m2/repository/com/carrotsearch/hppc/0.6.1/hppc-0.6.1.jar:/home/travis/.m2/repository/org/objenesis/objenesis/2.4/objenesis-2.4.jar:/home/travis/.m2/repository/org/jetbrains/kotlin/kotlin-stdlib/1.0.3/kotlin-stdlib-1.0.3.jar:/home/travis/.m2/repository/org/jetbrains/kotlin/kotlin-runtime/1.0.3/kotlin-runtime-1.0.3.jar:/home/travis/build/[secure]/teavm/jso/core/target/classes:/home/travis/build/[secure]/teavm/jso/apis/target/classes:/home/travis/build/[secure]/teavm/jso/impl/target/classes:/home/travis/.m2/repository/org/mozilla/rhino/1.7.7/rhino-1.7.7.jar:/home/travis/.m2/repository/org/ow2/asm/asm-debug-all/5.0.4/asm-debug-all-5.0.4.jar:/home/travis/.m2/repository/com/google/code/gson/gson/2.2.4/gson-2.2.4.jar:/home/travis/.m2/repository/com/jcraft/jzlib/1.1.3/jzlib-1.1.3.jar:/home/travis/.m2/repository/joda-time/joda-time/2.7/joda-time-2.7.jar:/home/travis/build/[secure]/teavm/samples/async/target/classes
[INFO] Building JavaScript file
[INFO] Output file successfully built
[INFO] Debug information successfully written
[INFO] Source maps successfully written
[INFO] Missing source file: org/teavm/platform/plugin/AsyncCallbackWrapper.java
[INFO] Missing source file: org/teavm/classlib/java/lang/TCloneNotSupportedException.java
[INFO] Missing source file: org/teavm/classlib/java/lang/TThrowable.java
[INFO] Missing source file: org/teavm/classlib/java/util/TArrays.java
[INFO] Missing source file: org/teavm/classlib/java/lang/TConsoleOutputStreamStdout.java
[INFO] Missing source file: org/teavm/classlib/java/nio/TBuffer.java
[INFO] Missing source file: org/teavm/classlib/java/nio/TCharBufferImpl.java
[INFO] Missing source file: org/teavm/classlib/java/io/TOutputStream.java
[INFO] Missing source file: org/teavm/classlib/java/nio/charset/impl/TBufferedEncoder.java
[INFO] Missing source file: org/teavm/classlib/java/nio/TBufferOverflowException.java
[INFO] Missing source file: org/teavm/classlib/java/nio/TCharBufferOverArray.java
[INFO] Missing source file: org/teavm/classlib/java/nio/charset/TCharsetEncoder.java
[INFO] Missing source file: org/teavm/classlib/java/nio/TReadOnlyBufferException.java
[INFO] Missing source file: org/teavm/classlib/java/lang/TStringBuilder.java
[INFO] Missing source file: org/teavm/classlib/java/lang/TLinkageError.java
[INFO] Missing source file: org/teavm/classlib/java/nio/TCharBuffer.java
[INFO] Missing source file: org/teavm/platform/Platform.java
[INFO] Missing source file: org/teavm/classlib/java/lang/TThread.java
[INFO] Missing source file: org/teavm/classlib/java/lang/TCharacter.java
[INFO] Missing source file: org/teavm/classlib/java/lang/TUnsupportedOperationException.java
[INFO] Missing source file: org/teavm/classlib/java/util/THashMap.java
[INFO] Missing source file: org/teavm/classlib/java/lang/TIllegalStateException.java
[INFO] Missing source file: org/teavm/classlib/java/lang/TError.java
[INFO] Missing source file: org/teavm/classlib/java/nio/TByteOrder.java
[INFO] Missing source file: org/teavm/classlib/java/lang/TConsoleInputStream.java
[INFO] Missing source file: org/teavm/classlib/java/util/TAbstractMap.java
[INFO] Missing source file: org/teavm/classlib/java/lang/TInterruptedException.java
[INFO] Missing source file: org/teavm/classlib/java/nio/charset/TIllegalCharsetNameException.java
[INFO] Missing source file: org/teavm/classlib/java/nio/charset/TCodingErrorAction.java
[INFO] Missing source file: org/teavm/classlib/java/lang/TSystem.java
[INFO] Missing source file: org/teavm/classlib/java/io/TFilterOutputStream.java
[INFO] Missing source file: org/teavm/classlib/java/lang/TConsoleOutputStreamStderr.java
[INFO] Missing source file: org/teavm/classlib/java/nio/TBufferUnderflowException.java
[INFO] Missing source file: org/teavm/classlib/java/lang/TIllegalMonitorStateException.java
[INFO] Missing source file: org/teavm/classlib/java/util/TMapEntry.java
[INFO] Missing source file: org/teavm/classlib/java/lang/TIndexOutOfBoundsException.java
[INFO] Missing source file: org/teavm/classlib/java/lang/TAbstractStringBuilder.java
[INFO] Missing source file: org/teavm/platform/PlatformQueue.java
[INFO] Missing source file: org/teavm/classlib/java/lang/TNoSuchMethodError.java
[INFO] Missing source file: org/teavm/classlib/java/nio/charset/impl/TUTF8Encoder.java
[INFO] Missing source file: org/teavm/classlib/java/lang/TNoSuchFieldError.java
[INFO] Missing source file: org/teavm/classlib/java/nio/charset/TCoderResult.java
[INFO] Missing source file: org/teavm/classlib/java/nio/TByteBufferImpl.java
[INFO] Missing source file: org/teavm/classlib/java/lang/TIllegalArgumentException.java
[INFO] Missing source file: org/teavm/classlib/java/io/TPrintStream.java
[INFO] Missing source file: org/teavm/classlib/java/lang/TMath.java
[INFO] Missing source file: org/teavm/classlib/java/lang/TIncompatibleClassChangeError.java
[INFO] Missing source file: org/teavm/classlib/java/lang/TStringIndexOutOfBoundsException.java
[INFO] Missing source file: org/teavm/classlib/java/lang/TRuntimeException.java
[INFO] Missing source file: org/teavm/classlib/java/io/TInputStream.java
[INFO] Missing source file: org/teavm/classlib/java/lang/TException.java
[INFO] Missing source file: org/teavm/classlib/java/lang/TObject.java
[INFO] Missing source file: org/teavm/classlib/java/nio/charset/impl/TUTF8Charset.java
[INFO] Missing source file: org/teavm/classlib/java/nio/TByteBuffer.java
[INFO] Missing source file: org/teavm/classlib/java/nio/charset/TCoderMalfunctionError.java
[INFO] Missing source file: org/teavm/classlib/java/nio/charset/TCharset.java
[INFO] Missing source file: org/teavm/classlib/java/lang/TString.java
[INFO] Missing source file: org/teavm/classlib/java/lang/TClass.java
[INFO] Source files successfully written
[INFO] 
[INFO] --- maven-resources-plugin:2.6:testResources (default-testResources) @ teavm-samples-async ---
[INFO] Using 'UTF-8' encoding to copy filtered resources.
[INFO] skip non existing resourceDirectory /home/travis/build/[secure]/teavm/samples/async/src/test/resources
[INFO] 
[INFO] --- maven-compiler-plugin:2.5.1:testCompile (default-testCompile) @ teavm-samples-async ---
[INFO] No sources to compile
[INFO] 
[INFO] --- maven-surefire-plugin:2.17:test (default-test) @ teavm-samples-async ---
[INFO] No tests to run.
[INFO]                                                                         
[INFO] ------------------------------------------------------------------------
[INFO] Building TeaVM Kotlin web application 1.0.0-SNAPSHOT
[INFO] ------------------------------------------------------------------------
[INFO] 
[INFO] --- maven-resources-plugin:2.6:resources (default-resources) @ teavm-samples-kotlin ---
[INFO] Using 'UTF-8' encoding to copy filtered resources.
[INFO] skip non existing resourceDirectory /home/travis/build/[secure]/teavm/samples/kotlin/src/main/resources
[INFO] 
[INFO] --- maven-compiler-plugin:2.5.1:compile (default-compile) @ teavm-samples-kotlin ---
[INFO] Nothing to compile - all classes are up to date
[INFO] 
[INFO] --- kotlin-maven-plugin:1.0.3:compile (compile) @ teavm-samples-kotlin ---
[INFO] Kotlin Compiler version 1.0.3
[INFO] Compiling Kotlin sources from [/home/travis/build/[secure]/teavm/samples/kotlin/src/main/kotlin]
[INFO] Module name is teavm-samples-kotlin
[INFO] 
[INFO] --- teavm-maven-plugin:1.0.0-SNAPSHOT:compile (web-client) @ teavm-samples-kotlin ---
[INFO] Preparing classpath for JavaScript generation
[INFO] Using the following classpath for JavaScript generation: /home/travis/.m2/repository/org/jetbrains/kotlin/kotlin-stdlib/1.0.3/kotlin-stdlib-1.0.3.jar:/home/travis/.m2/repository/org/jetbrains/kotlin/kotlin-runtime/1.0.3/kotlin-runtime-1.0.3.jar:/home/travis/build/[secure]/teavm/classlib/target/classes:/home/travis/build/[secure]/teavm/platform/target/classes:/home/travis/build/[secure]/teavm/core/target/classes:/home/travis/build/[secure]/teavm/interop/core/target/classes:/home/travis/.m2/repository/commons-io/commons-io/2.4/commons-io-2.4.jar:/home/travis/.m2/repository/com/carrotsearch/hppc/0.6.1/hppc-0.6.1.jar:/home/travis/.m2/repository/org/objenesis/objenesis/2.4/objenesis-2.4.jar:/home/travis/build/[secure]/teavm/jso/core/target/classes:/home/travis/build/[secure]/teavm/jso/impl/target/classes:/home/travis/.m2/repository/org/mozilla/rhino/1.7.7/rhino-1.7.7.jar:/home/travis/.m2/repository/org/ow2/asm/asm-debug-all/5.0.4/asm-debug-all-5.0.4.jar:/home/travis/.m2/repository/com/google/code/gson/gson/2.2.4/gson-2.2.4.jar:/home/travis/.m2/repository/com/jcraft/jzlib/1.1.3/jzlib-1.1.3.jar:/home/travis/.m2/repository/joda-time/joda-time/2.7/joda-time-2.7.jar:/home/travis/build/[secure]/teavm/jso/apis/target/classes:/home/travis/build/[secure]/teavm/samples/kotlin/target/classes
[INFO] Building JavaScript file
[INFO] Output file successfully built
[INFO] Debug information successfully written
[INFO] Source maps successfully written
[INFO] Missing source file: org/teavm/classlib/java/util/TAbstractMap.java
[INFO] Missing source file: org/teavm/classlib/java/lang/TCloneNotSupportedException.java
[INFO] Missing source file: org/teavm/classlib/java/lang/TThrowable.java
[INFO] Missing source file: org/teavm/classlib/java/nio/charset/TIllegalCharsetNameException.java
[INFO] Missing source file: org/teavm/classlib/java/util/TArrays.java
[INFO] Missing source file: org/teavm/classlib/java/lang/TSystem.java
[INFO] Missing source file: org/teavm/classlib/java/io/TFilterOutputStream.java
[INFO] Missing source file: org/teavm/classlib/java/util/TAbstractList.java
[INFO] Missing source file: org/teavm/classlib/java/lang/reflect/TArray.java
[INFO] Missing source file: org/teavm/classlib/java/lang/TConsoleOutputStreamStdout.java
[INFO] Missing source file: org/teavm/classlib/java/lang/TConsoleOutputStreamStderr.java
[INFO] Missing source file: org/teavm/classlib/java/io/TOutputStream.java
[INFO] Missing source file: org/teavm/classlib/java/lang/TNullPointerException.java
[INFO] Missing source file: org/teavm/classlib/java/util/TMapEntry.java
[INFO] Missing source file: org/teavm/classlib/java/lang/TIndexOutOfBoundsException.java
[INFO] Missing source file: org/teavm/classlib/java/lang/TAbstractStringBuilder.java
[INFO] Missing source file: org/teavm/classlib/java/lang/TNoSuchMethodError.java
[INFO] Missing source file: org/teavm/classlib/java/lang/TStringBuilder.java
[INFO] Missing source file: org/teavm/classlib/java/lang/TNoSuchFieldError.java
[INFO] Missing source file: org/teavm/classlib/java/util/TConcurrentModificationException.java
[INFO] Missing source file: org/teavm/classlib/java/lang/TLinkageError.java
[INFO] Missing source file: org/teavm/classlib/java/lang/TIllegalArgumentException.java
[INFO] Missing source file: org/teavm/platform/Platform.java
[INFO] Missing source file: org/teavm/classlib/java/lang/TThread.java
[INFO] Missing source file: org/teavm/classlib/java/io/TPrintStream.java
[INFO] Missing source file: org/teavm/classlib/java/lang/TMath.java
[INFO] Missing source file: org/teavm/classlib/java/lang/TIncompatibleClassChangeError.java
[INFO] Missing source file: org/teavm/classlib/java/lang/TStringIndexOutOfBoundsException.java
[INFO] Missing source file: org/teavm/classlib/java/lang/TRuntimeException.java
[INFO] Missing source file: org/teavm/classlib/java/io/TInputStream.java
[INFO] Missing source file: org/teavm/classlib/java/util/THashMap.java
[INFO] Missing source file: org/teavm/classlib/java/util/TAbstractCollection.java
[INFO] Missing source file: org/teavm/classlib/java/lang/TError.java
[INFO] Missing source file: org/teavm/classlib/java/lang/TException.java
[INFO] Missing source file: org/teavm/classlib/java/util/TNoSuchElementException.java
[INFO] Missing source file: org/teavm/classlib/java/lang/TConsoleInputStream.java
[INFO] Missing source file: org/teavm/classlib/java/lang/TObject.java
[INFO] Missing source file: org/teavm/classlib/java/nio/charset/impl/TUTF8Charset.java
[INFO] Missing source file: org/teavm/classlib/java/lang/TNegativeArraySizeException.java
[INFO] Missing source file: org/teavm/classlib/java/nio/charset/TCharset.java
[INFO] Missing source file: org/teavm/classlib/java/lang/TString.java
[INFO] Missing source file: org/teavm/classlib/java/lang/TClass.java
[INFO] Source files successfully written
[INFO] 
[INFO] --- maven-resources-plugin:2.6:testResources (default-testResources) @ teavm-samples-kotlin ---
[INFO] Using 'UTF-8' encoding to copy filtered resources.
[INFO] skip non existing resourceDirectory /home/travis/build/[secure]/teavm/samples/kotlin/src/test/resources
[INFO] 
[INFO] --- maven-compiler-plugin:2.5.1:testCompile (default-testCompile) @ teavm-samples-kotlin ---
[INFO] No sources to compile
[INFO] 
[INFO] --- kotlin-maven-plugin:1.0.3:test-compile (test-compile) @ teavm-samples-kotlin ---
[INFO] Kotlin Compiler version 1.0.3
[WARNING] No sources found skipping Kotlin compile
[INFO] 
[INFO] --- maven-surefire-plugin:2.17:test (default-test) @ teavm-samples-kotlin ---
[INFO] No tests to run.
[INFO]                                                                         
[INFO] ------------------------------------------------------------------------
[INFO] Building TeaVM Scala example 1.0.0-SNAPSHOT
[INFO] ------------------------------------------------------------------------
[INFO] 
[INFO] --- maven-resources-plugin:2.6:resources (default-resources) @ teavm-samples-scala ---
[INFO] Using 'UTF-8' encoding to copy filtered resources.
[INFO] skip non existing resourceDirectory /home/travis/build/[secure]/teavm/samples/scala/src/main/resources
[INFO] 
[INFO] --- maven-compiler-plugin:2.5.1:compile (default-compile) @ teavm-samples-scala ---
[INFO] Nothing to compile - all classes are up to date
[INFO] 
[INFO] --- scala-maven-plugin:3.2.1:compile (default) @ teavm-samples-scala ---
[INFO] Nothing to compile - all classes are up to date
[INFO] 
[INFO] --- teavm-maven-plugin:1.0.0-SNAPSHOT:compile (web-client) @ teavm-samples-scala ---
[INFO] Preparing classpath for JavaScript generation
[INFO] Using the following classpath for JavaScript generation: /home/travis/build/[secure]/teavm/classlib/target/classes:/home/travis/build/[secure]/teavm/platform/target/classes:/home/travis/build/[secure]/teavm/core/target/classes:/home/travis/build/[secure]/teavm/interop/core/target/classes:/home/travis/.m2/repository/commons-io/commons-io/2.4/commons-io-2.4.jar:/home/travis/.m2/repository/com/carrotsearch/hppc/0.6.1/hppc-0.6.1.jar:/home/travis/.m2/repository/org/objenesis/objenesis/2.4/objenesis-2.4.jar:/home/travis/.m2/repository/org/jetbrains/kotlin/kotlin-stdlib/1.0.3/kotlin-stdlib-1.0.3.jar:/home/travis/.m2/repository/org/jetbrains/kotlin/kotlin-runtime/1.0.3/kotlin-runtime-1.0.3.jar:/home/travis/build/[secure]/teavm/jso/apis/target/classes:/home/travis/build/[secure]/teavm/jso/impl/target/classes:/home/travis/.m2/repository/org/mozilla/rhino/1.7.7/rhino-1.7.7.jar:/home/travis/.m2/repository/org/ow2/asm/asm-debug-all/5.0.4/asm-debug-all-5.0.4.jar:/home/travis/.m2/repository/com/google/code/gson/gson/2.2.4/gson-2.2.4.jar:/home/travis/.m2/repository/com/jcraft/jzlib/1.1.3/jzlib-1.1.3.jar:/home/travis/.m2/repository/joda-time/joda-time/2.7/joda-time-2.7.jar:/home/travis/build/[secure]/teavm/jso/core/target/classes:/home/travis/.m2/repository/org/scala-lang/scala-library/2.11.7/scala-library-2.11.7.jar:/home/travis/build/[secure]/teavm/samples/scala/target/classes
[INFO] Building JavaScript file
[INFO] Output file successfully built
[INFO] Debug information successfully written
[INFO] Source maps successfully written
[INFO] Missing source file: org/teavm/platform/plugin/AsyncCallbackWrapper.java
[INFO] Missing source file: org/teavm/classlib/java/lang/TThrowable.java
[INFO] Missing source file: org/teavm/classlib/java/util/TArrays.java
[INFO] Missing source file: org/teavm/classlib/java/math/TDivision.java
[INFO] Missing source file: org/teavm/classlib/java/lang/TConsoleOutputStreamStdout.java
[INFO] Missing source file: org/teavm/jso/dom/html/HTMLElement.java
[INFO] Missing source file: org/teavm/classlib/java/lang/TNullPointerException.java
[INFO] Missing source file: org/teavm/classlib/java/lang/TLong.java
[INFO] Missing source file: org/teavm/classlib/java/math/TMultiplication.java
[INFO] Missing source file: org/teavm/classlib/java/lang/TStringBuilder.java
[INFO] Missing source file: org/teavm/classlib/java/lang/TThread.java
[INFO] Missing source file: org/teavm/classlib/java/math/TMathContext.java
[INFO] Missing source file: org/teavm/classlib/java/util/THashMap.java
[INFO] Missing source file: org/teavm/classlib/java/lang/TIllegalStateException.java
[INFO] Missing source file: org/teavm/classlib/java/lang/TError.java
[INFO] Missing source file: org/teavm/classlib/java/lang/TArrayStoreException.java
[INFO] Missing source file: org/teavm/classlib/java/nio/charset/TIllegalCharsetNameException.java
[INFO] Missing source file: org/teavm/classlib/java/io/TFilterOutputStream.java
[INFO] Missing source file: org/teavm/classlib/java/lang/TEnum.java
[INFO] Missing source file: org/teavm/classlib/java/lang/TConsoleOutputStreamStderr.java
[INFO] Missing source file: org/teavm/classlib/java/lang/TBoolean.java
[INFO] Missing source file: org/teavm/classlib/java/lang/TIllegalMonitorStateException.java
[INFO] Missing source file: org/teavm/classlib/java/lang/TIndexOutOfBoundsException.java
[INFO] Missing source file: org/teavm/platform/PlatformQueue.java
[INFO] Missing source file: org/teavm/classlib/java/lang/TNoSuchMethodError.java
[INFO] Missing source file: org/teavm/classlib/java/lang/TIncompatibleClassChangeError.java
[INFO] Missing source file: org/teavm/classlib/java/lang/TRuntimeException.java
[INFO] Missing source file: org/teavm/classlib/java/math/TConversion.java
[INFO] Missing source file: org/teavm/classlib/java/math/TRoundingMode.java
[INFO] Missing source file: org/teavm/classlib/java/lang/TObject.java
[INFO] Missing source file: org/teavm/classlib/java/math/TBigInteger.java
[INFO] Missing source file: org/teavm/classlib/java/lang/TClass.java
[INFO] Missing source file: org/teavm/classlib/java/lang/TCloneNotSupportedException.java
[INFO] Missing source file: org/teavm/classlib/java/io/TOutputStream.java
[INFO] Missing source file: org/teavm/classlib/java/lang/TFloat.java
[INFO] Missing source file: org/teavm/classlib/java/lang/TLinkageError.java
[INFO] Missing source file: org/teavm/platform/Platform.java
[INFO] Missing source file: org/teavm/classlib/java/lang/TNumber.java
[INFO] Missing source file: org/teavm/classlib/java/lang/TCharacter.java
[INFO] Missing source file: org/teavm/classlib/java/lang/TUnsupportedOperationException.java
[INFO] Missing source file: org/teavm/classlib/java/lang/TConsoleInputStream.java
[INFO] Missing source file: org/teavm/classlib/java/util/TAbstractMap.java
[INFO] Missing source file: org/teavm/classlib/java/lang/TDouble.java
[INFO] Missing source file: org/teavm/classlib/java/lang/TSystem.java
[INFO] Missing source file: org/teavm/classlib/java/math/TBitLevel.java
[INFO] Missing source file: org/teavm/jso/dom/events/MouseEventTarget.java
[INFO] Missing source file: org/teavm/classlib/java/lang/TInteger.java
[INFO] Missing source file: org/teavm/classlib/java/math/TElementary.java
[INFO] Missing source file: org/teavm/jso/dom/html/HTMLDocument.java
[INFO] Missing source file: org/teavm/classlib/java/util/TMapEntry.java
[INFO] Missing source file: org/teavm/classlib/java/lang/TAbstractStringBuilder.java
[INFO] Missing source file: org/teavm/classlib/java/lang/TNoSuchFieldError.java
[INFO] Missing source file: org/teavm/classlib/java/lang/TIllegalArgumentException.java
[INFO] Missing source file: org/teavm/classlib/java/io/TPrintStream.java
[INFO] Missing source file: org/teavm/classlib/java/lang/TMath.java
[INFO] Missing source file: org/teavm/classlib/java/lang/TStringIndexOutOfBoundsException.java
[INFO] Missing source file: org/teavm/classlib/java/io/TInputStream.java
[INFO] Missing source file: org/teavm/classlib/java/lang/TException.java
[INFO] Missing source file: org/teavm/classlib/java/util/TNoSuchElementException.java
[INFO] Missing source file: org/teavm/classlib/java/lang/TArithmeticException.java
[INFO] Missing source file: org/teavm/classlib/java/nio/charset/impl/TUTF8Charset.java
[INFO] Missing source file: org/teavm/classlib/java/nio/charset/TCharset.java
[INFO] Missing source file: org/teavm/classlib/java/lang/TString.java
[INFO] Source files successfully written
[INFO] 
[INFO] --- maven-resources-plugin:2.6:testResources (default-testResources) @ teavm-samples-scala ---
[INFO] Using 'UTF-8' encoding to copy filtered resources.
[INFO] skip non existing resourceDirectory /home/travis/build/[secure]/teavm/samples/scala/src/test/resources
[INFO] 
[INFO] --- maven-compiler-plugin:2.5.1:testCompile (default-testCompile) @ teavm-samples-scala ---
[INFO] No sources to compile
[INFO] 
[INFO] --- scala-maven-plugin:3.2.1:testCompile (default) @ teavm-samples-scala ---
[INFO] No sources to compile
[INFO] 
[INFO] --- maven-surefire-plugin:2.17:test (default-test) @ teavm-samples-scala ---
[INFO] No tests to run.
[INFO]                                                                         
[INFO] ------------------------------------------------------------------------
[INFO] Building TeaVM CLI 1.0.0-SNAPSHOT
[INFO] ------------------------------------------------------------------------
[INFO] 
[INFO] --- maven-checkstyle-plugin:2.16:check (validate) @ teavm-cli ---
[INFO] Starting audit...
Audit done.
[INFO] 
[INFO] --- maven-resources-plugin:2.6:resources (default-resources) @ teavm-cli ---
[INFO] Using 'UTF-8' encoding to copy filtered resources.
[INFO] skip non existing resourceDirectory /home/travis/build/[secure]/teavm/tools/cli/src/main/resources
[INFO] 
[INFO] --- maven-compiler-plugin:2.5.1:compile (default-compile) @ teavm-cli ---
[INFO] Nothing to compile - all classes are up to date
[INFO] 
[INFO] --- maven-resources-plugin:2.6:testResources (default-testResources) @ teavm-cli ---
[INFO] Using 'UTF-8' encoding to copy filtered resources.
[INFO] skip non existing resourceDirectory /home/travis/build/[secure]/teavm/tools/cli/src/test/resources
[INFO] 
[INFO] --- maven-compiler-plugin:2.5.1:testCompile (default-testCompile) @ teavm-cli ---
[INFO] No sources to compile
[INFO] 
[INFO] --- maven-surefire-plugin:2.17:test (default-test) @ teavm-cli ---
[INFO] No tests to run.
[INFO]                                                                         
[INFO] ------------------------------------------------------------------------
[INFO] Building TeaVM maven web application archetype 1.0.0-SNAPSHOT
[INFO] ------------------------------------------------------------------------
[INFO] 
[INFO] --- maven-resources-plugin:3.0.1:resources (default-resources) @ teavm-maven-webapp ---
[INFO] Using 'UTF-8' encoding to copy filtered resources.
[INFO] Copying 5 resources
[INFO] 
[INFO] --- maven-resources-plugin:3.0.1:testResources (default-testResources) @ teavm-maven-webapp ---
[INFO] Using 'UTF-8' encoding to copy filtered resources.
[INFO] skip non existing resourceDirectory /home/travis/build/[secure]/teavm/tools/maven/webapp/src/test/resources
[INFO]                                                                         
[INFO] ------------------------------------------------------------------------
[INFO] Building TeaVM debugging backend for Google Chrome RDP 1.0.0-SNAPSHOT
[INFO] ------------------------------------------------------------------------
[INFO] 
[INFO] --- maven-checkstyle-plugin:2.16:check (validate) @ teavm-chrome-rdp ---
[INFO] Starting audit...
Audit done.
[INFO] 
[INFO] --- maven-resources-plugin:3.0.1:resources (default-resources) @ teavm-chrome-rdp ---
[INFO] Using 'UTF-8' encoding to copy filtered resources.
[INFO] skip non existing resourceDirectory /home/travis/build/[secure]/teavm/tools/chrome-rdp/src/main/resources
[INFO] 
[INFO] --- maven-compiler-plugin:2.5.1:compile (default-compile) @ teavm-chrome-rdp ---
[INFO] Nothing to compile - all classes are up to date
[INFO] 
[INFO] --- maven-resources-plugin:3.0.1:testResources (default-testResources) @ teavm-chrome-rdp ---
[INFO] Using 'UTF-8' encoding to copy filtered resources.
[INFO] skip non existing resourceDirectory /home/travis/build/[secure]/teavm/tools/chrome-rdp/src/test/resources
[INFO] 
[INFO] --- maven-compiler-plugin:2.5.1:testCompile (default-testCompile) @ teavm-chrome-rdp ---
[INFO] No sources to compile
[INFO] 
[INFO] --- maven-surefire-plugin:2.17:test (default-test) @ teavm-chrome-rdp ---
[INFO] No tests to run.
[INFO]                                                                         
[INFO] ------------------------------------------------------------------------
[INFO] Building teavm-junit 1.0.0-SNAPSHOT
[INFO] ------------------------------------------------------------------------
[INFO] 
[INFO] --- maven-checkstyle-plugin:2.16:check (validate) @ teavm-junit ---
[INFO] Starting audit...
Audit done.
[INFO] 
[INFO] --- maven-resources-plugin:2.6:resources (default-resources) @ teavm-junit ---
[INFO] Using 'UTF-8' encoding to copy filtered resources.
[INFO] Copying 4 resources
[INFO] 
[INFO] --- maven-compiler-plugin:2.5.1:compile (default-compile) @ teavm-junit ---
[INFO] Nothing to compile - all classes are up to date
[INFO] 
[INFO] --- maven-resources-plugin:2.6:testResources (default-testResources) @ teavm-junit ---
[INFO] Using 'UTF-8' encoding to copy filtered resources.
[INFO] skip non existing resourceDirectory /home/travis/build/[secure]/teavm/tools/junit/src/test/resources
[INFO] 
[INFO] --- maven-compiler-plugin:2.5.1:testCompile (default-testCompile) @ teavm-junit ---
[INFO] No sources to compile
[INFO] 
[INFO] --- maven-surefire-plugin:2.17:test (default-test) @ teavm-junit ---
[INFO] No tests to run.
[INFO]                                                                         
[INFO] ------------------------------------------------------------------------
[INFO] Building TeaVM metaprogramming API implementation 1.0.0-SNAPSHOT
[INFO] ------------------------------------------------------------------------
[INFO] 
[INFO] --- maven-checkstyle-plugin:2.16:check (validate) @ teavm-metaprogramming-impl ---
[INFO] Starting audit...
Audit done.
[INFO] 
[INFO] --- maven-resources-plugin:3.0.1:resources (default-resources) @ teavm-metaprogramming-impl ---
[INFO] Using 'UTF-8' encoding to copy filtered resources.
[INFO] Copying 1 resource
[INFO] 
[INFO] --- maven-compiler-plugin:2.5.1:compile (default-compile) @ teavm-metaprogramming-impl ---
[INFO] Nothing to compile - all classes are up to date
[INFO] 
[INFO] --- maven-resources-plugin:3.0.1:testResources (default-testResources) @ teavm-metaprogramming-impl ---
[INFO] Using 'UTF-8' encoding to copy filtered resources.
[INFO] skip non existing resourceDirectory /home/travis/build/[secure]/teavm/metaprogramming/impl/src/test/resources
[INFO] 
[INFO] --- maven-compiler-plugin:2.5.1:testCompile (default-testCompile) @ teavm-metaprogramming-impl ---
[INFO] No sources to compile
[INFO] 
[INFO] --- maven-surefire-plugin:2.17:test (default-test) @ teavm-metaprogramming-impl ---
[INFO] No tests to run.
[INFO]                                                                         
[INFO] ------------------------------------------------------------------------
[INFO] Building TeaVM tests 1.0.0-SNAPSHOT
[INFO] ------------------------------------------------------------------------
[INFO] 
[INFO] --- maven-checkstyle-plugin:2.16:check (validate) @ teavm-tests ---
[INFO] Starting audit...
Audit done.
[INFO] 
[INFO] --- maven-resources-plugin:2.6:resources (default-resources) @ teavm-tests ---
[INFO] Using 'UTF-8' encoding to copy filtered resources.
[INFO] skip non existing resourceDirectory /home/travis/build/[secure]/teavm/tests/src/main/resources
[INFO] 
[INFO] --- maven-compiler-plugin:2.5.1:compile (default-compile) @ teavm-tests ---
[INFO] No sources to compile
[INFO] 
[INFO] --- maven-resources-plugin:2.6:testResources (default-testResources) @ teavm-tests ---
[INFO] Using 'UTF-8' encoding to copy filtered resources.
[INFO] Copying 10 resources
[INFO] 
[INFO] --- maven-compiler-plugin:2.5.1:testCompile (default-testCompile) @ teavm-tests ---
[INFO] Nothing to compile - all classes are up to date
[INFO] 
[INFO] --- maven-surefire-plugin:2.16:test (default-test) @ teavm-tests ---
[INFO] Surefire report directory: /home/travis/build/[secure]/teavm/tests/target/surefire-reports

-------------------------------------------------------
 T E S T S
-------------------------------------------------------
Running org.teavm.metaprogramming.test.MetaprogrammingTest
Tests run: 19, Failures: 0, Errors: 0, Skipped: 0, Time elapsed: 24.173 sec - in org.teavm.metaprogramming.test.MetaprogrammingTest
Running org.teavm.metaprogramming.test.ProxyTest
Tests run: 4, Failures: 0, Errors: 0, Skipped: 0, Time elapsed: 2.036 sec - in org.teavm.metaprogramming.test.ProxyTest
Running org.teavm.classlib.java.lang.ClassLoaderTest
Tests run: 2, Failures: 0, Errors: 0, Skipped: 0, Time elapsed: 1.57 sec - in org.teavm.classlib.java.lang.ClassLoaderTest
Running org.teavm.classlib.java.lang.FloatTest
Tests run: 10, Failures: 0, Errors: 0, Skipped: 0, Time elapsed: 5.032 sec - in org.teavm.classlib.java.lang.FloatTest
Running org.teavm.classlib.java.lang.CharacterTest
Tests run: 3, Failures: 0, Errors: 0, Skipped: 0, Time elapsed: 3.558 sec - in org.teavm.classlib.java.lang.CharacterTest
Running org.teavm.classlib.java.lang.ClassTest
Tests run: 20, Failures: 0, Errors: 0, Skipped: 0, Time elapsed: 7.558 sec - in org.teavm.classlib.java.lang.ClassTest
Running org.teavm.classlib.java.lang.VMTest
Tests run: 13, Failures: 0, Errors: 0, Skipped: 0, Time elapsed: 2.041 sec - in org.teavm.classlib.java.lang.VMTest
Running org.teavm.classlib.java.lang.BooleanTest
Tests run: 2, Failures: 0, Errors: 0, Skipped: 0, Time elapsed: 0.219 sec - in org.teavm.classlib.java.lang.BooleanTest
Running org.teavm.classlib.java.lang.LambdaTest
Tests run: 4, Failures: 0, Errors: 0, Skipped: 0, Time elapsed: 0.821 sec - in org.teavm.classlib.java.lang.LambdaTest
Running org.teavm.classlib.java.lang.SystemTest
Tests run: 11, Failures: 0, Errors: 0, Skipped: 0, Time elapsed: 1.231 sec - in org.teavm.classlib.java.lang.SystemTest
Running org.teavm.classlib.java.lang.ObjectTest
Tests run: 9, Failures: 0, Errors: 0, Skipped: 0, Time elapsed: 1.363 sec - in org.teavm.classlib.java.lang.ObjectTest
Running org.teavm.classlib.java.lang.EnumTest
Tests run: 9, Failures: 0, Errors: 0, Skipped: 0, Time elapsed: 1.104 sec - in org.teavm.classlib.java.lang.EnumTest
Running org.teavm.classlib.java.lang.StringBuilderTest
Tests run: 47, Failures: 0, Errors: 0, Skipped: 0, Time elapsed: 5.906 sec - in org.teavm.classlib.java.lang.StringBuilderTest
Running org.teavm.classlib.java.lang.IntegerTest
Tests run: 12, Failures: 0, Errors: 0, Skipped: 0, Time elapsed: 1.51 sec - in org.teavm.classlib.java.lang.IntegerTest
Running org.teavm.classlib.java.lang.reflect.ArrayTest
Tests run: 3, Failures: 0, Errors: 0, Skipped: 0, Time elapsed: 0.202 sec - in org.teavm.classlib.java.lang.reflect.ArrayTest
Running org.teavm.classlib.java.lang.StringTest
Tests run: 39, Failures: 0, Errors: 0, Skipped: 0, Time elapsed: 5.408 sec - in org.teavm.classlib.java.lang.StringTest
Running org.teavm.classlib.java.lang.MathTest
Tests run: 8, Failures: 0, Errors: 0, Skipped: 0, Time elapsed: 0.906 sec - in org.teavm.classlib.java.lang.MathTest
Running org.teavm.classlib.java.lang.DoubleTest
Tests run: 10, Failures: 0, Errors: 0, Skipped: 0, Time elapsed: 0.855 sec - in org.teavm.classlib.java.lang.DoubleTest
Running org.teavm.classlib.java.lang.ThreadTest
Tests run: 5, Failures: 0, Errors: 0, Skipped: 0, Time elapsed: 0.619 sec - in org.teavm.classlib.java.lang.ThreadTest
Running org.teavm.classlib.java.util.regex.ReplaceTest
Tests run: 4, Failures: 0, Errors: 0, Skipped: 0, Time elapsed: 6.411 sec - in org.teavm.classlib.java.util.regex.ReplaceTest
Running org.teavm.classlib.java.util.regex.Pattern2Test
Tests run: 19, Failures: 0, Errors: 0, Skipped: 0, Time elapsed: 38.004 sec - in org.teavm.classlib.java.util.regex.Pattern2Test
Running org.teavm.classlib.java.util.regex.ModeTest
Tests run: 3, Failures: 0, Errors: 0, Skipped: 0, Time elapsed: 2.841 sec - in org.teavm.classlib.java.util.regex.ModeTest
Running org.teavm.classlib.java.util.regex.SplitTest
Tests run: 3, Failures: 0, Errors: 0, Skipped: 0, Time elapsed: 2.997 sec - in org.teavm.classlib.java.util.regex.SplitTest
Running org.teavm.classlib.java.util.regex.PatternSyntaxExceptionTest
Tests run: 3, Failures: 0, Errors: 0, Skipped: 0, Time elapsed: 1.593 sec - in org.teavm.classlib.java.util.regex.PatternSyntaxExceptionTest
Running org.teavm.classlib.java.util.regex.MatcherTest
Tests run: 38, Failures: 0, Errors: 0, Skipped: 0, Time elapsed: 45.952 sec - in org.teavm.classlib.java.util.regex.MatcherTest
Running org.teavm.classlib.java.util.regex.Matcher2Test
Tests run: 5, Failures: 0, Errors: 0, Skipped: 0, Time elapsed: 5.324 sec - in org.teavm.classlib.java.util.regex.Matcher2Test
Running org.teavm.classlib.java.util.regex.PatternErrorTest
Tests run: 2, Failures: 0, Errors: 0, Skipped: 0, Time elapsed: 0.781 sec - in org.teavm.classlib.java.util.regex.PatternErrorTest
Running org.teavm.classlib.java.util.regex.PatternTest
Tests run: 54, Failures: 0, Errors: 0, Skipped: 0, Time elapsed: 67.602 sec - in org.teavm.classlib.java.util.regex.PatternTest
Running org.teavm.classlib.java.util.StringTokenizerTest
Tests run: 14, Failures: 0, Errors: 0, Skipped: 0, Time elapsed: 1.39 sec - in org.teavm.classlib.java.util.StringTokenizerTest
Running org.teavm.classlib.java.util.LinkedHashMapTest
Tests run: 22, Failures: 0, Errors: 0, Skipped: 0, Time elapsed: 10.723 sec - in org.teavm.classlib.java.util.LinkedHashMapTest
Running org.teavm.classlib.java.util.zip.GZIPInputStreamTest
Tests run: 2, Failures: 0, Errors: 0, Skipped: 0, Time elapsed: 0.73 sec - in org.teavm.classlib.java.util.zip.GZIPInputStreamTest
Running org.teavm.classlib.java.util.LocaleTest
Tests run: 4, Failures: 0, Errors: 0, Skipped: 0, Time elapsed: 1.928 sec - in org.teavm.classlib.java.util.LocaleTest
Running org.teavm.classlib.java.util.ArrayListTest
Tests run: 9, Failures: 0, Errors: 0, Skipped: 0, Time elapsed: 1.296 sec - in org.teavm.classlib.java.util.ArrayListTest
Running org.teavm.classlib.java.util.TreeMapTest
Tests run: 29, Failures: 0, Errors: 0, Skipped: 0, Time elapsed: 55.514 sec - in org.teavm.classlib.java.util.TreeMapTest
Running org.teavm.classlib.java.util.ServiceLoaderTest
Tests run: 2, Failures: 0, Errors: 0, Skipped: 0, Time elapsed: 0.175 sec - in org.teavm.classlib.java.util.ServiceLoaderTest
Running org.teavm.classlib.java.util.CalendarTest
Tests run: 16, Failures: 0, Errors: 0, Skipped: 0, Time elapsed: 7.975 sec - in org.teavm.classlib.java.util.CalendarTest
Running org.teavm.classlib.java.util.ArrayDequeTest
Tests run: 8, Failures: 0, Errors: 0, Skipped: 0, Time elapsed: 0.821 sec - in org.teavm.classlib.java.util.ArrayDequeTest
Running org.teavm.classlib.java.util.BitSetTest
Tests run: 31, Failures: 0, Errors: 0, Skipped: 0, Time elapsed: 6.116 sec - in org.teavm.classlib.java.util.BitSetTest
Running org.teavm.classlib.java.util.VectorTest
Tests run: 49, Failures: 0, Errors: 0, Skipped: 0, Time elapsed: 9.02 sec - in org.teavm.classlib.java.util.VectorTest
Running org.teavm.classlib.java.util.HashtableTest
Tests run: 50, Failures: 0, Errors: 0, Skipped: 0, Time elapsed: 7.668 sec - in org.teavm.classlib.java.util.HashtableTest
Running org.teavm.classlib.java.util.ArraysTest
Tests run: 5, Failures: 0, Errors: 0, Skipped: 0, Time elapsed: 0.461 sec - in org.teavm.classlib.java.util.ArraysTest
Running org.teavm.classlib.java.util.DateTest
Tests run: 2, Failures: 0, Errors: 0, Skipped: 0, Time elapsed: 0.074 sec - in org.teavm.classlib.java.util.DateTest
Running org.teavm.classlib.java.util.CurrencyTest
Tests run: 6, Failures: 0, Errors: 0, Skipped: 0, Time elapsed: 1.601 sec - in org.teavm.classlib.java.util.CurrencyTest
Running org.teavm.classlib.java.util.TimeZoneTest
Tests run: 5, Failures: 0, Errors: 0, Skipped: 0, Time elapsed: 1.707 sec - in org.teavm.classlib.java.util.TimeZoneTest
Running org.teavm.classlib.java.util.PriorityQueueTest
Tests run: 3, Failures: 0, Errors: 0, Skipped: 0, Time elapsed: 0.193 sec - in org.teavm.classlib.java.util.PriorityQueueTest
Running org.teavm.classlib.java.util.LinkedListTest
Tests run: 20, Failures: 0, Errors: 0, Skipped: 0, Time elapsed: 2.197 sec - in org.teavm.classlib.java.util.LinkedListTest
Running org.teavm.classlib.java.util.CollectionsTest
Tests run: 11, Failures: 0, Errors: 0, Skipped: 0, Time elapsed: 1.648 sec - in org.teavm.classlib.java.util.CollectionsTest
Running org.teavm.classlib.java.math.BigDecimalArithmeticTest
Tests run: 91, Failures: 0, Errors: 0, Skipped: 0, Time elapsed: 29.251 sec - in org.teavm.classlib.java.math.BigDecimalArithmeticTest
Running org.teavm.classlib.java.math.BigDecimalConvertTest
Tests run: 46, Failures: 0, Errors: 0, Skipped: 0, Time elapsed: 9.166 sec - in org.teavm.classlib.java.math.BigDecimalConvertTest
Running org.teavm.classlib.java.math.BigDecimalCompareTest
Tests run: 36, Failures: 0, Errors: 0, Skipped: 0, Time elapsed: 8.548 sec - in org.teavm.classlib.java.math.BigDecimalCompareTest
Running org.teavm.classlib.java.math.BigIntegerToStringTest
Tests run: 12, Failures: 0, Errors: 0, Skipped: 0, Time elapsed: 2.691 sec - in org.teavm.classlib.java.math.BigIntegerToStringTest
Running org.teavm.classlib.java.math.BigIntegerConstructorsTest
Tests run: 47, Failures: 0, Errors: 0, Skipped: 0, Time elapsed: 7.387 sec - in org.teavm.classlib.java.math.BigIntegerConstructorsTest
Running org.teavm.classlib.java.math.BigIntegerAddTest
Tests run: 24, Failures: 0, Errors: 0, Skipped: 0, Time elapsed: 3.6 sec - in org.teavm.classlib.java.math.BigIntegerAddTest
Running org.teavm.classlib.java.math.BigIntegerOperateBitsTest
Tests run: 86, Failures: 0, Errors: 0, Skipped: 0, Time elapsed: 11.412 sec - in org.teavm.classlib.java.math.BigIntegerOperateBitsTest
Running org.teavm.classlib.java.math.BigIntegerHashCodeTest
Tests run: 4, Failures: 0, Errors: 0, Skipped: 0, Time elapsed: 0.562 sec - in org.teavm.classlib.java.math.BigIntegerHashCodeTest
Running org.teavm.classlib.java.math.BigIntegerModPowTest
Tests run: 17, Failures: 0, Errors: 0, Skipped: 0, Time elapsed: 3.254 sec - in org.teavm.classlib.java.math.BigIntegerModPowTest
Running org.teavm.classlib.java.math.BigIntegerXorTest
Tests run: 20, Failures: 0, Errors: 0, Skipped: 0, Time elapsed: 3.964 sec - in org.teavm.classlib.java.math.BigIntegerXorTest
Running org.teavm.classlib.java.math.BigDecimalScaleOperationsTest
Tests run: 25, Failures: 0, Errors: 0, Skipped: 0, Time elapsed: 5.558 sec - in org.teavm.classlib.java.math.BigDecimalScaleOperationsTest
Running org.teavm.classlib.java.math.BigDecimalConstructorsTest
Tests run: 49, Failures: 0, Errors: 0, Skipped: 0, Time elapsed: 13.129 sec - in org.teavm.classlib.java.math.BigDecimalConstructorsTest
Running org.teavm.classlib.java.math.BigIntegerMultiplyTest
Tests run: 19, Failures: 0, Errors: 0, Skipped: 0, Time elapsed: 2.944 sec - in org.teavm.classlib.java.math.BigIntegerMultiplyTest
Running org.teavm.classlib.java.math.BigIntegerCompareTest
Tests run: 34, Failures: 0, Errors: 0, Skipped: 0, Time elapsed: 3.097 sec - in org.teavm.classlib.java.math.BigIntegerCompareTest
Running org.teavm.classlib.java.math.BigIntegerConvertTest
Tests run: 55, Failures: 0, Errors: 0, Skipped: 0, Time elapsed: 6.094 sec - in org.teavm.classlib.java.math.BigIntegerConvertTest
Running org.teavm.classlib.java.math.BigIntegerDivideTest
Tests run: 33, Failures: 0, Errors: 0, Skipped: 0, Time elapsed: 4.908 sec - in org.teavm.classlib.java.math.BigIntegerDivideTest
Running org.teavm.classlib.java.math.BigIntegerNotTest
Tests run: 10, Failures: 0, Errors: 0, Skipped: 0, Time elapsed: 1.168 sec - in org.teavm.classlib.java.math.BigIntegerNotTest
Running org.teavm.classlib.java.math.BigIntegerAndTest
Tests run: 22, Failures: 0, Errors: 0, Skipped: 0, Time elapsed: 3.163 sec - in org.teavm.classlib.java.math.BigIntegerAndTest
Running org.teavm.classlib.java.math.BigIntegerOrTest
Tests run: 21, Failures: 0, Errors: 0, Skipped: 0, Time elapsed: 2.336 sec - in org.teavm.classlib.java.math.BigIntegerOrTest
Running org.teavm.classlib.java.math.BigIntegerSubtractTest
Tests run: 26, Failures: 0, Errors: 0, Skipped: 0, Time elapsed: 2.83 sec - in org.teavm.classlib.java.math.BigIntegerSubtractTest
Running org.teavm.classlib.java.io.BufferedInputStreamTest
Tests run: 14, Failures: 0, Errors: 0, Skipped: 0, Time elapsed: 1.571 sec - in org.teavm.classlib.java.io.BufferedInputStreamTest
Running org.teavm.classlib.java.io.BufferedReaderTest
Tests run: 6, Failures: 0, Errors: 0, Skipped: 0, Time elapsed: 0.484 sec - in org.teavm.classlib.java.io.BufferedReaderTest
Running org.teavm.classlib.java.io.PushbackInputStreamTest
Tests run: 14, Failures: 0, Errors: 0, Skipped: 0, Time elapsed: 1.495 sec - in org.teavm.classlib.java.io.PushbackInputStreamTest
Running org.teavm.classlib.java.io.InputStreamReaderTest
Tests run: 4, Failures: 0, Errors: 0, Skipped: 0, Time elapsed: 4.355 sec - in org.teavm.classlib.java.io.InputStreamReaderTest
Running org.teavm.classlib.java.io.OutputStreamWriterTest
Oct 20, 2016 10:09:19 AM com.gargoylesoftware.htmlunit.WebConsole info
INFO: java.io.UnsupportedEncodingException@7
Tests run: 17, Failures: 0, Errors: 0, Skipped: 0, Time elapsed: 3.572 sec - in org.teavm.classlib.java.io.OutputStreamWriterTest
Running org.teavm.classlib.java.io.ByteArrayInputStreamTest
Tests run: 2, Failures: 0, Errors: 0, Skipped: 0, Time elapsed: 0.066 sec - in org.teavm.classlib.java.io.ByteArrayInputStreamTest
Running org.teavm.classlib.java.nio.DoubleBufferTest
Tests run: 25, Failures: 0, Errors: 0, Skipped: 0, Time elapsed: 2.92 sec - in org.teavm.classlib.java.nio.DoubleBufferTest
Running org.teavm.classlib.java.nio.IntBufferTest
Tests run: 25, Failures: 0, Errors: 0, Skipped: 0, Time elapsed: 2.863 sec - in org.teavm.classlib.java.nio.IntBufferTest
Running org.teavm.classlib.java.nio.LongBufferTest
Tests run: 25, Failures: 0, Errors: 0, Skipped: 0, Time elapsed: 3.005 sec - in org.teavm.classlib.java.nio.LongBufferTest
Running org.teavm.classlib.java.nio.charset.UTF8Test
Tests run: 13, Failures: 0, Errors: 0, Skipped: 0, Time elapsed: 3.829 sec - in org.teavm.classlib.java.nio.charset.UTF8Test
Running org.teavm.classlib.java.nio.ByteBufferWrapperTest
Tests run: 9, Failures: 0, Errors: 0, Skipped: 0, Time elapsed: 1.625 sec - in org.teavm.classlib.java.nio.ByteBufferWrapperTest
Running org.teavm.classlib.java.nio.FloatBufferTest
Tests run: 25, Failures: 0, Errors: 0, Skipped: 0, Time elapsed: 2.822 sec - in org.teavm.classlib.java.nio.FloatBufferTest
Running org.teavm.classlib.java.nio.ByteBufferTest
Tests run: 35, Failures: 0, Errors: 0, Skipped: 0, Time elapsed: 4.132 sec - in org.teavm.classlib.java.nio.ByteBufferTest
Running org.teavm.classlib.java.nio.CharBufferTest
Tests run: 31, Failures: 0, Errors: 0, Skipped: 0, Time elapsed: 3.355 sec - in org.teavm.classlib.java.nio.CharBufferTest
Running org.teavm.classlib.java.nio.ShortBufferTest
Tests run: 25, Failures: 0, Errors: 0, Skipped: 0, Time elapsed: 3.424 sec - in org.teavm.classlib.java.nio.ShortBufferTest
Running org.teavm.classlib.java.text.NumberFormatTest
Tests run: 4, Failures: 0, Errors: 0, Skipped: 0, Time elapsed: 4.481 sec - in org.teavm.classlib.java.text.NumberFormatTest
Running org.teavm.classlib.java.text.DecimalFormatParseTest
Tests run: 10, Failures: 0, Errors: 0, Skipped: 0, Time elapsed: 5.873 sec - in org.teavm.classlib.java.text.DecimalFormatParseTest
Running org.teavm.classlib.java.text.DateFormatTest
Tests run: 5, Failures: 0, Errors: 0, Skipped: 0, Time elapsed: 2.704 sec - in org.teavm.classlib.java.text.DateFormatTest
Running org.teavm.classlib.java.text.SimpleDateFormatTest
Tests run: 16, Failures: 0, Errors: 0, Skipped: 0, Time elapsed: 10.641 sec - in org.teavm.classlib.java.text.SimpleDateFormatTest
Running org.teavm.classlib.java.text.DecimalFormatTest
Tests run: 23, Failures: 0, Errors: 0, Skipped: 0, Time elapsed: 11.263 sec - in org.teavm.classlib.java.text.DecimalFormatTest
Running org.teavm.platform.metadata.MetadataGeneratorTest
Tests run: 6, Failures: 0, Errors: 0, Skipped: 0, Time elapsed: 0.553 sec - in org.teavm.platform.metadata.MetadataGeneratorTest
Running org.teavm.jso.test.ImplementationTest
Oct 20, 2016 10:10:23 AM com.gargoylesoftware.htmlunit.WebConsole info
INFO: ({$id:0.0, $counter:1.0}) ({$id:0.0, $counter:1.0})
Tests run: 3, Failures: 0, Errors: 0, Skipped: 0, Time elapsed: 0.188 sec - in org.teavm.jso.test.ImplementationTest
Running org.teavm.jso.test.ConversionTest
Tests run: 12, Failures: 0, Errors: 0, Skipped: 0, Time elapsed: 2.305 sec - in org.teavm.jso.test.ConversionTest
Running org.teavm.jso.test.JavaInvocationTest
Tests run: 3, Failures: 0, Errors: 0, Skipped: 0, Time elapsed: 0.215 sec - in org.teavm.jso.test.JavaInvocationTest
Running org.teavm.jso.test.AnnotationsTest
Tests run: 5, Failures: 0, Errors: 0, Skipped: 0, Time elapsed: 0.568 sec - in org.teavm.jso.test.AnnotationsTest
Running org.teavm.jso.test.FunctorTest
Tests run: 3, Failures: 0, Errors: 0, Skipped: 0, Time elapsed: 0.16 sec - in org.teavm.jso.test.FunctorTest
Running org.teavm.dependency.ClassValueTest
Tests run: 2, Failures: 0, Errors: 0, Skipped: 0, Time elapsed: 1.247 sec - in org.teavm.dependency.ClassValueTest
Running org.teavm.tests.JSOTest
Tests run: 3, Failures: 0, Errors: 0, Skipped: 0, Time elapsed: 4.839 sec - in org.teavm.tests.JSOTest

Results :

Tests run: 1691, Failures: 0, Errors: 0, Skipped: 0

[INFO]                                                                         
[INFO] ------------------------------------------------------------------------
[INFO] Building TeaVM slf4j 1.0.0-SNAPSHOT
[INFO] ------------------------------------------------------------------------
[INFO] 
[INFO] --- maven-checkstyle-plugin:2.16:check (validate) @ teavm-extras-slf4j ---
[INFO] Starting audit...
Audit done.
[INFO] 
[INFO] --- maven-resources-plugin:2.6:resources (default-resources) @ teavm-extras-slf4j ---
[INFO] Using 'UTF-8' encoding to copy filtered resources.
[INFO] Copying 1 resource
[INFO] 
[INFO] --- maven-compiler-plugin:2.5.1:compile (default-compile) @ teavm-extras-slf4j ---
[INFO] Nothing to compile - all classes are up to date
[INFO] 
[INFO] --- maven-resources-plugin:2.6:testResources (default-testResources) @ teavm-extras-slf4j ---
[INFO] Using 'UTF-8' encoding to copy filtered resources.
[INFO] skip non existing resourceDirectory /home/travis/build/[secure]/teavm/extras-slf4j/src/test/resources
[INFO] 
[INFO] --- maven-compiler-plugin:2.5.1:testCompile (default-testCompile) @ teavm-extras-slf4j ---
[INFO] No sources to compile
[INFO] 
[INFO] --- maven-surefire-plugin:2.17:test (default-test) @ teavm-extras-slf4j ---
[INFO] No tests to run.
[INFO] ------------------------------------------------------------------------
[INFO] Reactor Summary:
[INFO] 
[INFO] TeaVM .............................................. SUCCESS [  0.004 s]
[INFO] TeaVM metaprogramming API .......................... SUCCESS [  6.851 s]
[INFO] TeaVM interop API .................................. SUCCESS [  3.850 s]
[INFO] TeaVM core ......................................... SUCCESS [  5.420 s]
[INFO] TeaVM JavaScript objects ........................... SUCCESS [  3.425 s]
[INFO] TeaVM JavaScript APIs .............................. SUCCESS [  0.561 s]
[INFO] TeaVM platform ..................................... SUCCESS [  0.575 s]
[INFO] TeaVM JavaScript objects - implementation .......... SUCCESS [  1.113 s]
[INFO] TeaVM Java class library ........................... SUCCESS [ 12.615 s]
[INFO] TeaVM html4j support ............................... SUCCESS [  1.432 s]
[INFO] TeaVM samples ...................................... SUCCESS [  0.001 s]
[INFO] TeaVM tooling core ................................. SUCCESS [  1.255 s]
[INFO] TeaVM maven ........................................ SUCCESS [  0.002 s]
[INFO] TeaVM maven plugin ................................. SUCCESS [  6.559 s]
[INFO] TeaVM Hello world web application .................. SUCCESS [  9.580 s]
[INFO] TeaVM performance benchmark ........................ SUCCESS [ 36.272 s]
[INFO] TeaVM Web Storage web application .................. SUCCESS [  1.430 s]
[INFO] TeaVM HTML5 video web application .................. SUCCESS [  4.569 s]
[INFO] TeaVM CPS demo ..................................... SUCCESS [  4.633 s]
[INFO] TeaVM Kotlin web application ....................... SUCCESS [  9.913 s]
[INFO] TeaVM Scala example ................................ SUCCESS [ 14.728 s]
[INFO] TeaVM CLI .......................................... SUCCESS [  0.860 s]
[INFO] TeaVM maven web application archetype .............. SUCCESS [  0.257 s]
[INFO] TeaVM debugging backend for Google Chrome RDP ...... SUCCESS [  1.934 s]
[INFO] teavm-junit ........................................ SUCCESS [  1.141 s]
[INFO] TeaVM metaprogramming API implementation ........... SUCCESS [  1.139 s]
[INFO] TeaVM tests ........................................ SUCCESS [09:20 min]
[INFO] TeaVM slf4j ........................................ SUCCESS [  0.595 s]
[INFO] ------------------------------------------------------------------------
[INFO] BUILD SUCCESS
[INFO] ------------------------------------------------------------------------
[INFO] Total time: 11:33 min
[INFO] Finished at: 2016-10-20T10:10:33+00:00
[INFO] Final Memory: 51M/496M
[INFO] ------------------------------------------------------------------------

travis_time:end:083aa6f8:start=1476957537728961294,finish=1476958235080353062,duration=697351391768[0K
[32;1mThe command "mvn -e test \
 -Dteavm.junit.target=target/js-tests \
 -Dteavm.junit.js.runner=htmlunit \
 -Dteavm.junit.js.threads=1
" exited with 0.[0m
travis_fold:start:cache.2[0Kstore build cache
travis_time:start:00da84e6[0K
travis_time:end:00da84e6:start=1476958235085146856,finish=1476958235088736260,duration=3589404[0Ktravis_time:start:05e4e954[0K[32;1mchange detected (content changed, file is created, or file is deleted):
/home/travis/.m2/repository/org/seleniumhq/selenium/selenium-java/2.47.2/selenium-java-2.47.2-sources.jar.lastUpdated
/home/travis/.m2/repository/org/teavm/teavm/1.0.0-SNAPSHOT/maven-metadata-local.xml
/home/travis/.m2/repository/org/teavm/teavm/1.0.0-SNAPSHOT/_remote.repositories
/home/travis/.m2/repository/org/teavm/teavm-chrome-rdp/1.0.0-SNAPSHOT/maven-metadata-local.xml
/home/travis/.m2/repository/org/teavm/teavm-chrome-rdp/1.0.0-SNAPSHOT/_remote.repositories
/home/travis/.m2/repository/org/teavm/teavm-chrome-rdp/1.0.0-SNAPSHOT/teavm-chrome-rdp-1.0.0-SNAPSHOT.jar
/home/travis/.m2/repository/org/teavm/teavm-chrome-rdp/1.0.0-SNAPSHOT/teavm-chrome-rdp-1.0.0-SNAPSHOT-sources.jar
/home/travis/.m2/repository/org/teavm/teavm-chrome-rdp/maven-metadata-local.xml
/home/travis/.m2/repository/org/teavm/teavm-classlib/1.0.0-SNAPSHOT/maven-metadata-local.xml
/home/travis/.m2/repository/org/teavm/teavm-classlib/1.0.0-SNAPSHOT/_remote.repositories
/home/travis/.m2/repository/org/teavm/teavm-classli
[0m
[32;1m...
[0m
[32;1mchanges detected, packing new archive[0m
.
.
[32;1muploading archive[0m

travis_time:end:05e4e954:start=1476958235092896336,finish=1476958255134374552,duration=20041478216[0Ktravis_fold:end:cache.2[0Ktravis_fold:start:after_script[0Ktravis_time:start:081f6bf0[0K$ rm -rf $HOME/.m2/repository/org/teavm

travis_time:end:081f6bf0:start=1476958255138611869,finish=1476958255152744116,duration=14132247[0Ktravis_fold:end:after_script[0K
Done. Your build exited with 0.
