Using worker: worker-linux-docker-769f4d9f.prod.travis-ci.org:travis-linux-6

travis_fold:start:system_info[0K[33;1mBuild system information[0m
Build language: java
[34m[1mBuild image provisioning date and time[0m
Thu Feb  5 15:09:33 UTC 2015
[34m[1mOperating System Details[0m
Distributor ID:	Ubuntu
Description:	Ubuntu 12.04.5 LTS
Release:	12.04
Codename:	precise
[34m[1mLinux Version[0m
3.13.0-29-generic
[34m[1mCookbooks Version[0m
a68419e https://github.com/travis-ci/travis-cookbooks/tree/a68419e
[34m[1mGCC version[0m
gcc (Ubuntu/Linaro 4.6.3-1ubuntu5) 4.6.3
Copyright (C) 2011 Free Software Foundation, Inc.
This is free software; see the source for copying conditions.  There is NO
warranty; not even for MERCHANTABILITY or FITNESS FOR A PARTICULAR PURPOSE.

[34m[1mLLVM version[0m
clang version 3.4 (tags/RELEASE_34/final)
Target: x86_64-unknown-linux-gnu
Thread model: posix
[34m[1mPre-installed Ruby versions[0m
ruby-1.9.3-p551
[34m[1mPre-installed Node.js versions[0m
v0.10.36
[34m[1mPre-installed Go versions[0m
1.4.1
[34m[1mRedis version[0m
redis-server 2.8.19
[34m[1mriak version[0m
2.0.2
[34m[1mMongoDB version[0m
MongoDB 2.4.12
[34m[1mCouchDB version[0m
couchdb 1.6.1
[34m[1mNeo4j version[0m
1.9.4
[34m[1mRabbitMQ Version[0m
3.4.3
[34m[1mElasticSearch version[0m
1.4.0
[34m[1mInstalled Sphinx versions[0m
2.0.10
2.1.9
2.2.6
[34m[1mDefault Sphinx version[0m
2.2.6
[34m[1mInstalled Firefox version[0m
firefox 31.0esr
[34m[1mPhantomJS version[0m
1.9.8
[34m[1mant -version[0m
Apache Ant(TM) version 1.8.2 compiled on December 3 2011
[34m[1mmvn -version[0m
Apache Maven 3.2.5 (12a6b3acb947671f09b81f49094c53f426d8cea1; 2014-12-14T17:29:23+00:00)
Maven home: /usr/local/maven
Java version: 1.7.0_76, vendor: Oracle Corporation
Java home: /usr/lib/jvm/java-7-oracle/jre
Default locale: en_US, platform encoding: ANSI_X3.4-1968
OS name: "linux", version: "3.13.0-29-generic", arch: "amd64", family: "unix"
travis_fold:end:system_info[0K
travis_fold:start:git.checkout[0Ktravis_time:start:043fa528[0K$ git clone --depth=50 --branch=master git://github.com/cbeust/testng.git cbeust/testng
Cloning into 'cbeust/testng'...
remote: Counting objects: 4488, done.[K
remote: Compressing objects:   0% (1/2972)   [Kremote: Compressing objects:   1% (30/2972)   [Kremote: Compressing objects:   2% (60/2972)   [Kremote: Compressing objects:   3% (90/2972)   [Kremote: Compressing objects:   4% (119/2972)   [Kremote: Compressing objects:   5% (149/2972)   [Kremote: Compressing objects:   6% (179/2972)   [Kremote: Compressing objects:   7% (209/2972)   [Kremote: Compressing objects:   8% (238/2972)   [Kremote: Compressing objects:   9% (268/2972)   [Kremote: Compressing objects:  10% (298/2972)   [Kremote: Compressing objects:  11% (327/2972)   [Kremote: Compressing objects:  12% (357/2972)   [Kremote: Compressing objects:  13% (387/2972)   [Kremote: Compressing objects:  14% (417/2972)   [Kremote: Compressing objects:  15% (446/2972)   [Kremote: Compressing objects:  16% (476/2972)   [Kremote: Compressing objects:  17% (506/2972)   [Kremote: Compressing objects:  18% (535/2972)   [Kremote: Compressing objects:  19% (565/2972)   [Kremote: Compressing objects:  20% (595/2972)   [Kremote: Compressing objects:  21% (625/2972)   [Kremote: Compressing objects:  22% (654/2972)   [Kremote: Compressing objects:  23% (684/2972)   [Kremote: Compressing objects:  24% (714/2972)   [Kremote: Compressing objects:  25% (743/2972)   [Kremote: Compressing objects:  26% (773/2972)   [Kremote: Compressing objects:  27% (803/2972)   [Kremote: Compressing objects:  28% (833/2972)   [Kremote: Compressing objects:  29% (862/2972)   [Kremote: Compressing objects:  30% (892/2972)   [Kremote: Compressing objects:  31% (922/2972)   [Kremote: Compressing objects:  32% (952/2972)   [Kremote: Compressing objects:  33% (981/2972)   [Kremote: Compressing objects:  34% (1011/2972)   [Kremote: Compressing objects:  35% (1041/2972)   [Kremote: Compressing objects:  36% (1070/2972)   [Kremote: Compressing objects:  37% (1100/2972)   [Kremote: Compressing objects:  38% (1130/2972)   [Kremote: Compressing objects:  39% (1160/2972)   [Kremote: Compressing objects:  40% (1189/2972)   [Kremote: Compressing objects:  41% (1219/2972)   [Kremote: Compressing objects:  42% (1249/2972)   [Kremote: Compressing objects:  43% (1278/2972)   [Kremote: Compressing objects:  44% (1308/2972)   [Kremote: Compressing objects:  45% (1338/2972)   [Kremote: Compressing objects:  46% (1368/2972)   [Kremote: Compressing objects:  47% (1397/2972)   [Kremote: Compressing objects:  48% (1427/2972)   [Kremote: Compressing objects:  49% (1457/2972)   [Kremote: Compressing objects:  50% (1486/2972)   [Kremote: Compressing objects:  51% (1516/2972)   [Kremote: Compressing objects:  52% (1546/2972)   [Kremote: Compressing objects:  53% (1576/2972)   [Kremote: Compressing objects:  54% (1605/2972)   [Kremote: Compressing objects:  55% (1635/2972)   [Kremote: Compressing objects:  56% (1665/2972)   [Kremote: Compressing objects:  57% (1695/2972)   [Kremote: Compressing objects:  58% (1724/2972)   [Kremote: Compressing objects:  59% (1754/2972)   [Kremote: Compressing objects:  60% (1784/2972)   [Kremote: Compressing objects:  61% (1813/2972)   [Kremote: Compressing objects:  62% (1843/2972)   [Kremote: Compressing objects:  63% (1873/2972)   [Kremote: Compressing objects:  64% (1903/2972)   [Kremote: Compressing objects:  65% (1932/2972)   [Kremote: Compressing objects:  66% (1962/2972)   [Kremote: Compressing objects:  67% (1992/2972)   [Kremote: Compressing objects:  68% (2021/2972)   [Kremote: Compressing objects:  69% (2051/2972)   [Kremote: Compressing objects:  70% (2081/2972)   [Kremote: Compressing objects:  71% (2111/2972)   [Kremote: Compressing objects:  72% (2140/2972)   [Kremote: Compressing objects:  73% (2170/2972)   [Kremote: Compressing objects:  74% (2200/2972)   [Kremote: Compressing objects:  75% (2229/2972)   [Kremote: Compressing objects:  76% (2259/2972)   [Kremote: Compressing objects:  77% (2289/2972)   [Kremote: Compressing objects:  78% (2319/2972)   [Kremote: Compressing objects:  79% (2348/2972)   [Kremote: Compressing objects:  80% (2378/2972)   [Kremote: Compressing objects:  81% (2408/2972)   [Kremote: Compressing objects:  82% (2438/2972)   [Kremote: Compressing objects:  83% (2467/2972)   [Kremote: Compressing objects:  84% (2497/2972)   [Kremote: Compressing objects:  85% (2527/2972)   [Kremote: Compressing objects:  86% (2556/2972)   [Kremote: Compressing objects:  87% (2586/2972)   [Kremote: Compressing objects:  88% (2616/2972)   [Kremote: Compressing objects:  89% (2646/2972)   [Kremote: Compressing objects:  90% (2675/2972)   [Kremote: Compressing objects:  91% (2705/2972)   [Kremote: Compressing objects:  92% (2735/2972)   [Kremote: Compressing objects:  93% (2764/2972)   [Kremote: Compressing objects:  94% (2794/2972)   [Kremote: Compressing objects:  95% (2824/2972)   [Kremote: Compressing objects:  96% (2854/2972)   [Kremote: Compressing objects:  97% (2883/2972)   [Kremote: Compressing objects:  98% (2913/2972)   [Kremote: Compressing objects:  99% (2943/2972)   [Kremote: Compressing objects: 100% (2972/2972)   [Kremote: Compressing objects: 100% (2972/2972), done.[K
Receiving objects:   0% (1/4488)   Receiving objects:   1% (45/4488)   Receiving objects:   2% (90/4488)   Receiving objects:   3% (135/4488)   Receiving objects:   4% (180/4488)   Receiving objects:   5% (225/4488)   Receiving objects:   6% (270/4488)   Receiving objects:   7% (315/4488)   Receiving objects:   8% (360/4488)   Receiving objects:   9% (404/4488)   Receiving objects:  10% (449/4488)   Receiving objects:  11% (494/4488)   Receiving objects:  12% (539/4488)   Receiving objects:  13% (584/4488)   Receiving objects:  14% (629/4488)   Receiving objects:  15% (674/4488)   Receiving objects:  16% (719/4488)   Receiving objects:  17% (763/4488)   Receiving objects:  18% (808/4488)   Receiving objects:  19% (853/4488)   Receiving objects:  20% (898/4488)   Receiving objects:  21% (943/4488)   Receiving objects:  22% (988/4488)   Receiving objects:  23% (1033/4488)   Receiving objects:  24% (1078/4488)   Receiving objects:  25% (1122/4488)   Receiving objects:  26% (1167/4488)   Receiving objects:  27% (1212/4488)   Receiving objects:  28% (1257/4488)   Receiving objects:  29% (1302/4488)   Receiving objects:  30% (1347/4488)   Receiving objects:  31% (1392/4488)   Receiving objects:  32% (1437/4488)   Receiving objects:  33% (1482/4488)   Receiving objects:  34% (1526/4488)   Receiving objects:  35% (1571/4488)   Receiving objects:  36% (1616/4488)   Receiving objects:  37% (1661/4488)   Receiving objects:  38% (1706/4488)   Receiving objects:  39% (1751/4488)   Receiving objects:  40% (1796/4488)   Receiving objects:  41% (1841/4488)   Receiving objects:  42% (1885/4488)   Receiving objects:  43% (1930/4488)   Receiving objects:  44% (1975/4488)   Receiving objects:  45% (2020/4488)   Receiving objects:  46% (2065/4488)   Receiving objects:  47% (2110/4488)   Receiving objects:  48% (2155/4488)   Receiving objects:  49% (2200/4488)   Receiving objects:  50% (2244/4488)   Receiving objects:  51% (2289/4488)   Receiving objects:  52% (2334/4488)   Receiving objects:  53% (2379/4488)   Receiving objects:  54% (2424/4488)   Receiving objects:  55% (2469/4488)   Receiving objects:  56% (2514/4488)   Receiving objects:  57% (2559/4488)   Receiving objects:  58% (2604/4488)   Receiving objects:  59% (2648/4488)   Receiving objects:  60% (2693/4488)   Receiving objects:  61% (2738/4488)   Receiving objects:  62% (2783/4488)   Receiving objects:  63% (2828/4488)   Receiving objects:  64% (2873/4488)   Receiving objects:  65% (2918/4488)   Receiving objects:  66% (2963/4488)   Receiving objects:  67% (3007/4488)   Receiving objects:  68% (3052/4488)   Receiving objects:  69% (3097/4488)   Receiving objects:  70% (3142/4488)   Receiving objects:  71% (3187/4488)   Receiving objects:  72% (3232/4488)   Receiving objects:  73% (3277/4488)   Receiving objects:  74% (3322/4488)   Receiving objects:  75% (3366/4488)   Receiving objects:  76% (3411/4488)   Receiving objects:  77% (3456/4488)   Receiving objects:  78% (3501/4488)   Receiving objects:  79% (3546/4488)   Receiving objects:  80% (3591/4488)   Receiving objects:  81% (3636/4488)   Receiving objects:  82% (3681/4488)   Receiving objects:  83% (3726/4488)   Receiving objects:  84% (3770/4488)   Receiving objects:  85% (3815/4488)   Receiving objects:  86% (3860/4488)   Receiving objects:  87% (3905/4488)   Receiving objects:  88% (3950/4488)   Receiving objects:  89% (3995/4488)   remote: Total 4488 (delta 1731), reused 3363 (delta 1263), pack-reused 0[K
Receiving objects:  90% (4040/4488)   Receiving objects:  91% (4085/4488)   Receiving objects:  92% (4129/4488)   Receiving objects:  93% (4174/4488)   Receiving objects:  94% (4219/4488)   Receiving objects:  95% (4264/4488)   Receiving objects:  96% (4309/4488)   Receiving objects:  97% (4354/4488)   Receiving objects:  98% (4399/4488)   Receiving objects:  99% (4444/4488)   Receiving objects: 100% (4488/4488)   Receiving objects: 100% (4488/4488), 14.80 MiB | 0 bytes/s, done.
Resolving deltas:   0% (0/1731)   Resolving deltas:  19% (332/1731)   Resolving deltas:  20% (348/1731)   Resolving deltas:  21% (364/1731)   Resolving deltas:  22% (383/1731)   Resolving deltas:  23% (402/1731)   Resolving deltas:  24% (425/1731)   Resolving deltas:  25% (434/1731)   Resolving deltas:  26% (451/1731)   Resolving deltas:  27% (469/1731)   Resolving deltas:  28% (495/1731)   Resolving deltas:  30% (531/1731)   Resolving deltas:  31% (538/1731)   Resolving deltas:  32% (555/1731)   Resolving deltas:  33% (573/1731)   Resolving deltas:  34% (596/1731)   Resolving deltas:  35% (607/1731)   Resolving deltas:  36% (625/1731)   Resolving deltas:  37% (641/1731)   Resolving deltas:  38% (658/1731)   Resolving deltas:  39% (677/1731)   Resolving deltas:  41% (726/1731)   Resolving deltas:  42% (730/1731)   Resolving deltas:  44% (773/1731)   Resolving deltas:  45% (782/1731)   Resolving deltas:  46% (797/1731)   Resolving deltas:  47% (815/1731)   Resolving deltas:  48% (831/1731)   Resolving deltas:  49% (850/1731)   Resolving deltas:  50% (866/1731)   Resolving deltas:  51% (885/1731)   Resolving deltas:  52% (901/1731)   Resolving deltas:  53% (923/1731)   Resolving deltas:  54% (935/1731)   Resolving deltas:  55% (955/1731)   Resolving deltas:  56% (973/1731)   Resolving deltas:  57% (988/1731)   Resolving deltas:  58% (1007/1731)   Resolving deltas:  59% (1022/1731)   Resolving deltas:  60% (1039/1731)   Resolving deltas:  61% (1056/1731)   Resolving deltas:  62% (1074/1731)   Resolving deltas:  63% (1093/1731)   Resolving deltas:  64% (1108/1731)   Resolving deltas:  67% (1176/1731)   Resolving deltas:  68% (1178/1731)   Resolving deltas:  71% (1238/1731)   Resolving deltas:  72% (1247/1731)   Resolving deltas:  73% (1264/1731)   Resolving deltas:  74% (1285/1731)   Resolving deltas:  75% (1299/1731)   Resolving deltas:  76% (1316/1731)   Resolving deltas:  77% (1333/1731)   Resolving deltas:  78% (1351/1731)   Resolving deltas:  79% (1371/1731)   Resolving deltas:  80% (1386/1731)   Resolving deltas:  81% (1403/1731)   Resolving deltas:  82% (1420/1731)   Resolving deltas:  83% (1437/1731)   Resolving deltas:  84% (1456/1731)   Resolving deltas:  85% (1475/1731)   Resolving deltas:  86% (1489/1731)   Resolving deltas:  87% (1507/1731)   Resolving deltas:  88% (1525/1731)   Resolving deltas:  90% (1574/1731)   Resolving deltas:  91% (1576/1731)   Resolving deltas:  92% (1596/1731)   Resolving deltas:  93% (1610/1731)   Resolving deltas:  94% (1642/1731)   Resolving deltas:  95% (1646/1731)   Resolving deltas:  96% (1669/1731)   Resolving deltas:  98% (1707/1731)   Resolving deltas:  99% (1714/1731)   Resolving deltas: 100% (1731/1731)   Resolving deltas: 100% (1731/1731), done.
Checking connectivity... done.
travis_time:end:043fa528:start=1433041442656453726,finish=1433041444506360022,duration=1849906296[0K$ cd cbeust/testng
$ git checkout -qf 9a5ee601255bf7ebcd45f39b8b2acef4ff6cae7c
travis_fold:end:git.checkout[0K
[33;1mThis job is running on container-based infrastructure, which does not allow use of 'sudo', setuid and setguid executables.[0m
[33;1mIf you require sudo, add 'sudo: required' to your .travis.yml[0m
[33;1mSee http://docs.travis-ci.com/user/workers/container-based-infrastructure/ for details.[0m
$ jdk_switcher use oraclejdk8
Switching to Oracle JDK8 (java-8-oracle), JAVA_HOME will be set to /usr/lib/jvm/java-8-oracle
$ export TERM=dumb
$ java -Xmx32m -version
java version "1.8.0_31"
Java(TM) SE Runtime Environment (build 1.8.0_31-b13)
Java HotSpot(TM) 64-Bit Server VM (build 25.31-b07, mixed mode)
$ javac -J-Xmx32m -version
javac 1.8.0_31
travis_fold:start:before_install[0Ktravis_time:start:1d0dd918[0K$ touch local.properties
travis_time:end:1d0dd918:start=1433041447059673604,finish=1433041447063439867,duration=3766263[0Ktravis_fold:end:before_install[0Ktravis_fold:start:install[0Ktravis_time:start:168d2a14[0K$ ./gradlew assemble
Downloading https://services.gradle.org/distributions/gradle-2.3-bin.zip
...........................................................................................................................................................................................................................................................................................................................................................................................................................................................................................................................................................................................................................................................................................................................................................................................................................................................................................................................................................................................................................................................................................................................................................................................................................................................................................................................................................................................................................................................................................................................................................................................................................................................................................................................................................................................................................................................................................................................................................................................................................................................................................................................................................................................................
Unzipping /home/travis/.gradle/wrapper/dists/gradle-2.3-bin/a48v6zq5mdp1uyn9rwlj56945/gradle-2.3-bin.zip to /home/travis/.gradle/wrapper/dists/gradle-2.3-bin/a48v6zq5mdp1uyn9rwlj56945
Set executable permissions for: /home/travis/.gradle/wrapper/dists/gradle-2.3-bin/a48v6zq5mdp1uyn9rwlj56945/gradle-2.3/bin/gradle
Download https://jcenter.bintray.com/org/jfrog/buildinfo/build-info-extractor-gradle/3.0.3/build-info-extractor-gradle-3.0.3.pom
Download https://jcenter.bintray.com/com/jfrog/bintray/gradle/gradle-bintray-plugin/1.1/gradle-bintray-plugin-1.1.pom
Download https://jcenter.bintray.com/org/codehaus/groovy/modules/http-builder/http-builder/0.7.2/http-builder-0.7.2.pom
Download https://repo1.maven.org/maven2/org/apache/httpcomponents/httpclient/4.2.1/httpclient-4.2.1.pom
Download https://repo1.maven.org/maven2/org/apache/httpcomponents/httpcomponents-client/4.2.1/httpcomponents-client-4.2.1.pom
Download https://repo1.maven.org/maven2/org/apache/httpcomponents/project/6/project-6.pom
Download https://repo1.maven.org/maven2/net/sf/json-lib/json-lib/2.3/json-lib-2.3.pom
Download https://repo1.maven.org/maven2/net/sourceforge/nekohtml/nekohtml/1.9.16/nekohtml-1.9.16.pom
Download https://repo1.maven.org/maven2/xml-resolver/xml-resolver/1.2/xml-resolver-1.2.pom
Download https://repo1.maven.org/maven2/org/apache/apache/3/apache-3.pom
Download https://repo1.maven.org/maven2/org/apache/httpcomponents/httpcore/4.2.1/httpcore-4.2.1.pom
Download https://repo1.maven.org/maven2/org/apache/httpcomponents/httpcomponents-core/4.2.1/httpcomponents-core-4.2.1.pom
Download https://repo1.maven.org/maven2/commons-logging/commons-logging/1.1.1/commons-logging-1.1.1.pom
Download https://repo1.maven.org/maven2/org/apache/commons/commons-parent/5/commons-parent-5.pom
Download https://repo1.maven.org/maven2/org/apache/apache/4/apache-4.pom
Download https://repo1.maven.org/maven2/commons-codec/commons-codec/1.6/commons-codec-1.6.pom
Download https://repo1.maven.org/maven2/org/apache/commons/commons-parent/22/commons-parent-22.pom
Download https://repo1.maven.org/maven2/org/apache/apache/9/apache-9.pom
Download https://repo1.maven.org/maven2/commons-beanutils/commons-beanutils/1.8.0/commons-beanutils-1.8.0.pom
Download https://repo1.maven.org/maven2/org/apache/commons/commons-parent/11/commons-parent-11.pom
Download https://repo1.maven.org/maven2/commons-collections/commons-collections/3.2.1/commons-collections-3.2.1.pom
Download https://repo1.maven.org/maven2/org/apache/commons/commons-parent/9/commons-parent-9.pom
Download https://repo1.maven.org/maven2/commons-lang/commons-lang/2.4/commons-lang-2.4.pom
Download https://repo1.maven.org/maven2/net/sf/ezmorph/ezmorph/1.0.6/ezmorph-1.0.6.pom
Download https://repo1.maven.org/maven2/xerces/xercesImpl/2.9.1/xercesImpl-2.9.1.pom
Download https://repo1.maven.org/maven2/xml-apis/xml-apis/1.3.04/xml-apis-1.3.04.pom
Download https://jcenter.bintray.com/org/jfrog/buildinfo/build-info-extractor-gradle/3.1.0/build-info-extractor-gradle-3.1.0.pom
Download https://repo1.maven.org/maven2/commons-io/commons-io/2.0.1/commons-io-2.0.1.pom
Download https://repo1.maven.org/maven2/org/apache/commons/commons-parent/15/commons-parent-15.pom
Download https://repo1.maven.org/maven2/org/apache/apache/7/apache-7.pom
Download https://repo1.maven.org/maven2/org/apache/ivy/ivy/2.2.0/ivy-2.2.0.pom
Download https://jcenter.bintray.com/org/jfrog/buildinfo/build-info-extractor/2.5.0/build-info-extractor-2.5.0.pom
Download https://jcenter.bintray.com/org/jfrog/buildinfo/build-info-client/2.5.0/build-info-client-2.5.0.pom
Download https://repo1.maven.org/maven2/com/google/guava/guava/15.0/guava-15.0.pom
Download https://repo1.maven.org/maven2/com/google/guava/guava-parent/15.0/guava-parent-15.0.pom
Download https://repo1.maven.org/maven2/org/sonatype/oss/oss-parent/7/oss-parent-7.pom
Download https://repo1.maven.org/maven2/com/thoughtworks/xstream/xstream/1.3.1/xstream-1.3.1.pom
Download https://repo1.maven.org/maven2/com/thoughtworks/xstream/xstream-parent/1.3.1/xstream-parent-1.3.1.pom
Download https://jcenter.bintray.com/org/jfrog/buildinfo/build-info-api/2.5.0/build-info-api-2.5.0.pom
Download https://repo1.maven.org/maven2/org/codehaus/jackson/jackson-mapper-asl/1.9.12/jackson-mapper-asl-1.9.12.pom
Download https://repo1.maven.org/maven2/xpp3/xpp3_min/1.1.4c/xpp3_min-1.1.4c.pom
Download https://repo1.maven.org/maven2/org/codehaus/jackson/jackson-core-asl/1.9.12/jackson-core-asl-1.9.12.pom
Download https://repo1.maven.org/maven2/commons-codec/commons-codec/1.8/commons-codec-1.8.pom
Download https://repo1.maven.org/maven2/org/apache/commons/commons-parent/28/commons-parent-28.pom
Download https://repo1.maven.org/maven2/org/apache/apache/13/apache-13.pom
Download https://repo1.maven.org/maven2/org/apache/httpcomponents/httpclient/4.2.5/httpclient-4.2.5.pom
Download https://repo1.maven.org/maven2/org/apache/httpcomponents/httpcomponents-client/4.2.5/httpcomponents-client-4.2.5.pom
Download https://repo1.maven.org/maven2/org/apache/httpcomponents/httpcore/4.2.4/httpcore-4.2.4.pom
Download https://repo1.maven.org/maven2/org/apache/httpcomponents/httpcomponents-core/4.2.4/httpcomponents-core-4.2.4.pom
Download https://jcenter.bintray.com/com/jfrog/bintray/gradle/gradle-bintray-plugin/1.1/gradle-bintray-plugin-1.1.jar
Download https://jcenter.bintray.com/org/codehaus/groovy/modules/http-builder/http-builder/0.7.2/http-builder-0.7.2.jar
Download https://repo1.maven.org/maven2/net/sf/json-lib/json-lib/2.3/json-lib-2.3-jdk15.jar
Download https://repo1.maven.org/maven2/net/sourceforge/nekohtml/nekohtml/1.9.16/nekohtml-1.9.16.jar
Download https://repo1.maven.org/maven2/xml-resolver/xml-resolver/1.2/xml-resolver-1.2.jar
Download https://repo1.maven.org/maven2/commons-logging/commons-logging/1.1.1/commons-logging-1.1.1.jar
Download https://repo1.maven.org/maven2/commons-beanutils/commons-beanutils/1.8.0/commons-beanutils-1.8.0.jar
Download https://repo1.maven.org/maven2/commons-collections/commons-collections/3.2.1/commons-collections-3.2.1.jar
Download https://repo1.maven.org/maven2/commons-lang/commons-lang/2.4/commons-lang-2.4.jar
Download https://repo1.maven.org/maven2/net/sf/ezmorph/ezmorph/1.0.6/ezmorph-1.0.6.jar
Download https://repo1.maven.org/maven2/xerces/xercesImpl/2.9.1/xercesImpl-2.9.1.jar
Download https://repo1.maven.org/maven2/xml-apis/xml-apis/1.3.04/xml-apis-1.3.04.jar
Download https://jcenter.bintray.com/org/jfrog/buildinfo/build-info-extractor-gradle/3.1.0/build-info-extractor-gradle-3.1.0.jar
Download https://repo1.maven.org/maven2/commons-io/commons-io/2.0.1/commons-io-2.0.1.jar
Download https://repo1.maven.org/maven2/org/apache/ivy/ivy/2.2.0/ivy-2.2.0.jar
Download https://jcenter.bintray.com/org/jfrog/buildinfo/build-info-extractor/2.5.0/build-info-extractor-2.5.0.jar
Download https://jcenter.bintray.com/org/jfrog/buildinfo/build-info-client/2.5.0/build-info-client-2.5.0.jar
Download https://repo1.maven.org/maven2/com/google/guava/guava/15.0/guava-15.0.jar
Download https://repo1.maven.org/maven2/com/thoughtworks/xstream/xstream/1.3.1/xstream-1.3.1.jar
Download https://jcenter.bintray.com/org/jfrog/buildinfo/build-info-api/2.5.0/build-info-api-2.5.0.jar
Download https://repo1.maven.org/maven2/org/codehaus/jackson/jackson-mapper-asl/1.9.12/jackson-mapper-asl-1.9.12.jar
Download https://repo1.maven.org/maven2/xpp3/xpp3_min/1.1.4c/xpp3_min-1.1.4c.jar
Download https://repo1.maven.org/maven2/org/codehaus/jackson/jackson-core-asl/1.9.12/jackson-core-asl-1.9.12.jar
Download https://repo1.maven.org/maven2/commons-codec/commons-codec/1.8/commons-codec-1.8.jar
Download https://repo1.maven.org/maven2/org/apache/httpcomponents/httpclient/4.2.5/httpclient-4.2.5.jar
Download https://repo1.maven.org/maven2/org/apache/httpcomponents/httpcore/4.2.4/httpcore-4.2.4.jar
Download https://jcenter.bintray.com/org/jfrog/buildinfo/build-info-extractor/2.3.2/build-info-extractor-2.3.2.pom
Download https://jcenter.bintray.com/javax/annotation/jsr250-api/1.0/jsr250-api-1.0.pom
Download https://jcenter.bintray.com/com/google/guava/guava/10.0.1/guava-10.0.1.pom
Download https://jcenter.bintray.com/com/google/guava/guava-parent/10.0.1/guava-parent-10.0.1.pom
Download https://jcenter.bintray.com/org/jfrog/buildinfo/build-info-client/2.3.2/build-info-client-2.3.2.pom
Download https://jcenter.bintray.com/com/google/code/findbugs/jsr305/1.3.9/jsr305-1.3.9.pom
Download https://jcenter.bintray.com/org/jfrog/buildinfo/build-info-api/2.3.2/build-info-api-2.3.2.pom
Download https://jcenter.bintray.com/org/jfrog/buildinfo/build-info-extractor-gradle/3.0.3/build-info-extractor-gradle-3.0.3.jar
Download https://jcenter.bintray.com/org/jfrog/buildinfo/build-info-extractor/2.3.2/build-info-extractor-2.3.2.jar
Download https://jcenter.bintray.com/javax/annotation/jsr250-api/1.0/jsr250-api-1.0.jar
Download https://jcenter.bintray.com/com/google/guava/guava/10.0.1/guava-10.0.1.jar
Download https://jcenter.bintray.com/org/jfrog/buildinfo/build-info-client/2.3.2/build-info-client-2.3.2.jar
Download https://jcenter.bintray.com/com/google/code/findbugs/jsr305/1.3.9/jsr305-1.3.9.jar
Download https://jcenter.bintray.com/org/jfrog/buildinfo/build-info-api/2.3.2/build-info-api-2.3.2.jar
Creating Version file: 6.9.5-SNAPSHOT in /home/travis/build/cbeust/testng/src/generated/java/org/testng/internal
[buildinfo] Not using buildInfo properties file for this build.
:myDir UP-TO-DATE
:createVersion
:compileGeneratedJava
:processGeneratedResources UP-TO-DATE
:generatedClasses
:compileJava
Download https://repo1.maven.org/maven2/org/apache/ant/ant/1.7.0/ant-1.7.0.pom
Download https://repo1.maven.org/maven2/org/apache/ant/ant-parent/1.7.0/ant-parent-1.7.0.pom
Download https://repo1.maven.org/maven2/junit/junit/4.10/junit-4.10.pom
Download https://repo1.maven.org/maven2/org/beanshell/bsh/2.0b4/bsh-2.0b4.pom
Download https://repo1.maven.org/maven2/org/beanshell/beanshell/2.0b4/beanshell-2.0b4.pom
Download https://repo1.maven.org/maven2/com/google/inject/guice/4.0/guice-4.0.pom
Download https://repo1.maven.org/maven2/com/google/inject/guice-parent/4.0/guice-parent-4.0.pom
Download https://repo1.maven.org/maven2/com/google/google/5/google-5.pom
Download https://repo1.maven.org/maven2/com/beust/jcommander/1.48/jcommander-1.48.pom
Download https://repo1.maven.org/maven2/org/sonatype/oss/oss-parent/3/oss-parent-3.pom
Download https://repo1.maven.org/maven2/org/yaml/snakeyaml/1.12/snakeyaml-1.12.pom
Download https://repo1.maven.org/maven2/org/apache/ant/ant-launcher/1.7.0/ant-launcher-1.7.0.pom
Download https://repo1.maven.org/maven2/org/hamcrest/hamcrest-core/1.1/hamcrest-core-1.1.pom
Download https://repo1.maven.org/maven2/org/hamcrest/hamcrest-parent/1.1/hamcrest-parent-1.1.pom
Download https://repo1.maven.org/maven2/javax/inject/javax.inject/1/javax.inject-1.pom
Download https://repo1.maven.org/maven2/aopalliance/aopalliance/1.0/aopalliance-1.0.pom
Download https://repo1.maven.org/maven2/com/google/guava/guava/16.0.1/guava-16.0.1.pom
Download https://repo1.maven.org/maven2/com/google/guava/guava-parent/16.0.1/guava-parent-16.0.1.pom
Download https://repo1.maven.org/maven2/org/apache/ant/ant/1.7.0/ant-1.7.0.jar
Download https://repo1.maven.org/maven2/junit/junit/4.10/junit-4.10.jar
Download https://repo1.maven.org/maven2/org/beanshell/bsh/2.0b4/bsh-2.0b4.jar
Download https://repo1.maven.org/maven2/com/google/inject/guice/4.0/guice-4.0-no_aop.jar
Download https://repo1.maven.org/maven2/com/beust/jcommander/1.48/jcommander-1.48.jar
Download https://repo1.maven.org/maven2/org/yaml/snakeyaml/1.12/snakeyaml-1.12.jar
Download https://repo1.maven.org/maven2/org/apache/ant/ant-launcher/1.7.0/ant-launcher-1.7.0.jar
Download https://repo1.maven.org/maven2/org/hamcrest/hamcrest-core/1.1/hamcrest-core-1.1.jar
Download https://repo1.maven.org/maven2/javax/inject/javax.inject/1/javax.inject-1.jar
Download https://repo1.maven.org/maven2/aopalliance/aopalliance/1.0/aopalliance-1.0.jar
Download https://repo1.maven.org/maven2/com/google/guava/guava/16.0.1/guava-16.0.1.jar
Note: Some input files use or override a deprecated API.
Note: Recompile with -Xlint:deprecation for details.
Note: Some input files use unchecked or unsafe operations.
Note: Recompile with -Xlint:unchecked for details.
:processResources
:classes
:jar
:javadoc/home/travis/build/cbeust/testng/src/main/java/org/testng/TestNG.java:35: error: cannot find symbol
import org.testng.internal.Version;
                          ^
  symbol:   class Version
  location: package org.testng.internal
/home/travis/build/cbeust/testng/src/main/java/org/testng/IReporter.java:19: warning: no @param for xmlSuites
  void generateReport(List<XmlSuite> xmlSuites, List<ISuite> suites, String outputDirectory);
       ^
/home/travis/build/cbeust/testng/src/main/java/org/testng/IReporter.java:19: warning: no @param for suites
  void generateReport(List<XmlSuite> xmlSuites, List<ISuite> suites, String outputDirectory);
       ^
/home/travis/build/cbeust/testng/src/main/java/org/testng/IReporter.java:19: warning: no @param for outputDirectory
  void generateReport(List<XmlSuite> xmlSuites, List<ISuite> suites, String outputDirectory);
       ^
/home/travis/build/cbeust/testng/src/main/java/org/testng/reporters/jq/TestPanel.java:8: error: unknown tag: test
 * Display the list of <test> tags.
                       ^
/home/travis/build/cbeust/testng/src/main/java/org/testng/annotations/AfterClass.java:52: warning: no @return
  public boolean alwaysRun() default false;
                 ^
/home/travis/build/cbeust/testng/src/main/java/org/testng/annotations/AfterClass.java:26: warning: no @return
  public String[] dependsOnGroups() default {};
                  ^
/home/travis/build/cbeust/testng/src/main/java/org/testng/annotations/AfterClass.java:39: warning: no @return
  public String[] dependsOnMethods() default {};
                  ^
/home/travis/build/cbeust/testng/src/main/java/org/testng/annotations/AfterClass.java:62: error: bad use of '>'
   * HTML report and also on standard output if verbose >= 2.
                                                        ^
/home/travis/build/cbeust/testng/src/main/java/org/testng/annotations/AfterClass.java:64: warning: no @return
  public String description() default "";
                ^
/home/travis/build/cbeust/testng/src/main/java/org/testng/annotations/AfterClass.java:12: warning: no @return
  public boolean enabled() default true;
                 ^
/home/travis/build/cbeust/testng/src/main/java/org/testng/annotations/AfterClass.java:17: warning: no @return
  public String[] groups() default {};
                  ^
/home/travis/build/cbeust/testng/src/main/java/org/testng/annotations/AfterClass.java:58: warning: no @return
  public boolean inheritGroups() default true;
                 ^
/home/travis/build/cbeust/testng/src/main/java/org/testng/annotations/AfterClass.java:71: warning: no @return
  public long timeOut() default 0;
              ^
/home/travis/build/cbeust/testng/src/main/java/org/testng/annotations/AfterGroups.java:62: warning: no @return
  public boolean alwaysRun() default false;
                 ^
/home/travis/build/cbeust/testng/src/main/java/org/testng/annotations/AfterGroups.java:36: warning: no @return
  public String[] dependsOnGroups() default {};
                  ^
/home/travis/build/cbeust/testng/src/main/java/org/testng/annotations/AfterGroups.java:49: warning: no @return
  public String[] dependsOnMethods() default {};
                  ^
/home/travis/build/cbeust/testng/src/main/java/org/testng/annotations/AfterGroups.java:72: error: bad use of '>'
   * HTML report and also on standard output if verbose >= 2.
                                                        ^
/home/travis/build/cbeust/testng/src/main/java/org/testng/annotations/AfterGroups.java:74: warning: no @return
  public String description() default "";
                ^
/home/travis/build/cbeust/testng/src/main/java/org/testng/annotations/AfterGroups.java:21: warning: no @return
  public boolean enabled() default true;
                 ^
/home/travis/build/cbeust/testng/src/main/java/org/testng/annotations/AfterGroups.java:27: warning: no @return
  public String[] groups() default {};
                  ^
/home/travis/build/cbeust/testng/src/main/java/org/testng/annotations/AfterGroups.java:68: warning: no @return
  public boolean inheritGroups() default true;
                 ^
/home/travis/build/cbeust/testng/src/main/java/org/testng/annotations/AfterGroups.java:81: warning: no @return
  public long timeOut() default 0;
              ^
/home/travis/build/cbeust/testng/src/main/java/org/testng/annotations/AfterGroups.java:16: warning: no @return
  public String[] value() default {};
                  ^
/home/travis/build/cbeust/testng/src/main/java/org/testng/annotations/AfterMethod.java:52: warning: no @return
  public boolean alwaysRun() default false;
                 ^
/home/travis/build/cbeust/testng/src/main/java/org/testng/annotations/AfterMethod.java:26: warning: no @return
  public String[] dependsOnGroups() default {};
                  ^
/home/travis/build/cbeust/testng/src/main/java/org/testng/annotations/AfterMethod.java:39: warning: no @return
  public String[] dependsOnMethods() default {};
                  ^
/home/travis/build/cbeust/testng/src/main/java/org/testng/annotations/AfterMethod.java:62: error: bad use of '>'
   * HTML report and also on standard output if verbose >= 2.
                                                        ^
/home/travis/build/cbeust/testng/src/main/java/org/testng/annotations/AfterMethod.java:64: warning: no @return
  public String description() default "";
                ^
/home/travis/build/cbeust/testng/src/main/java/org/testng/annotations/AfterMethod.java:12: warning: no @return
  public boolean enabled() default true;
                 ^
/home/travis/build/cbeust/testng/src/main/java/org/testng/annotations/AfterMethod.java:17: warning: no @return
  public String[] groups() default {};
                  ^
/home/travis/build/cbeust/testng/src/main/java/org/testng/annotations/AfterMethod.java:58: warning: no @return
  public boolean inheritGroups() default true;
                 ^
/home/travis/build/cbeust/testng/src/main/java/org/testng/annotations/AfterMethod.java:67: error: bad use of '>'
   * If true and the @Test method that was just run has an invocationCount > 1, this
                                                                           ^
/home/travis/build/cbeust/testng/src/main/java/org/testng/annotations/AfterMethod.java:70: warning: no @return
  public boolean lastTimeOnly() default false;
                 ^
/home/travis/build/cbeust/testng/src/main/java/org/testng/annotations/AfterMethod.java:77: warning: no @return
  public long timeOut() default 0;
              ^
/home/travis/build/cbeust/testng/src/main/java/org/testng/annotations/AfterSuite.java:52: warning: no @return
  public boolean alwaysRun() default false;
                 ^
/home/travis/build/cbeust/testng/src/main/java/org/testng/annotations/AfterSuite.java:26: warning: no @return
  public String[] dependsOnGroups() default {};
                  ^
/home/travis/build/cbeust/testng/src/main/java/org/testng/annotations/AfterSuite.java:39: warning: no @return
  public String[] dependsOnMethods() default {};
                  ^
/home/travis/build/cbeust/testng/src/main/java/org/testng/annotations/AfterSuite.java:62: error: bad use of '>'
   * HTML report and also on standard output if verbose >= 2.
                                                        ^
/home/travis/build/cbeust/testng/src/main/java/org/testng/annotations/AfterSuite.java:64: warning: no @return
  public String description() default "";
                ^
/home/travis/build/cbeust/testng/src/main/java/org/testng/annotations/AfterSuite.java:12: warning: no @return
  public boolean enabled() default true;
                 ^
/home/travis/build/cbeust/testng/src/main/java/org/testng/annotations/AfterSuite.java:17: warning: no @return
  public String[] groups() default {};
                  ^
/home/travis/build/cbeust/testng/src/main/java/org/testng/annotations/AfterSuite.java:58: warning: no @return
  public boolean inheritGroups() default true;
                 ^
/home/travis/build/cbeust/testng/src/main/java/org/testng/annotations/AfterSuite.java:71: warning: no @return
  public long timeOut() default 0;
              ^
/home/travis/build/cbeust/testng/src/main/java/org/testng/annotations/AfterTest.java:52: warning: no @return
  public boolean alwaysRun() default false;
                 ^
/home/travis/build/cbeust/testng/src/main/java/org/testng/annotations/AfterTest.java:26: warning: no @return
  public String[] dependsOnGroups() default {};
                  ^
/home/travis/build/cbeust/testng/src/main/java/org/testng/annotations/AfterTest.java:39: warning: no @return
  public String[] dependsOnMethods() default {};
                  ^
/home/travis/build/cbeust/testng/src/main/java/org/testng/annotations/AfterTest.java:62: error: bad use of '>'
   * HTML report and also on standard output if verbose >= 2.
                                                        ^
/home/travis/build/cbeust/testng/src/main/java/org/testng/annotations/AfterTest.java:64: warning: no @return
  public String description() default "";
                ^
/home/travis/build/cbeust/testng/src/main/java/org/testng/annotations/AfterTest.java:12: warning: no @return
  public boolean enabled() default true;
                 ^
/home/travis/build/cbeust/testng/src/main/java/org/testng/annotations/AfterTest.java:17: warning: no @return
  public String[] groups() default {};
                  ^
/home/travis/build/cbeust/testng/src/main/java/org/testng/annotations/AfterTest.java:58: warning: no @return
  public boolean inheritGroups() default true;
                 ^
/home/travis/build/cbeust/testng/src/main/java/org/testng/annotations/AfterTest.java:71: warning: no @return
  public long timeOut() default 0;
              ^
/home/travis/build/cbeust/testng/src/main/java/org/testng/annotations/BeforeClass.java:52: warning: no @return
  public boolean alwaysRun() default false;
                 ^
/home/travis/build/cbeust/testng/src/main/java/org/testng/annotations/BeforeClass.java:26: warning: no @return
  public String[] dependsOnGroups() default {};
                  ^
/home/travis/build/cbeust/testng/src/main/java/org/testng/annotations/BeforeClass.java:39: warning: no @return
  public String[] dependsOnMethods() default {};
                  ^
/home/travis/build/cbeust/testng/src/main/java/org/testng/annotations/BeforeClass.java:62: error: bad use of '>'
   * HTML report and also on standard output if verbose >= 2.
                                                        ^
/home/travis/build/cbeust/testng/src/main/java/org/testng/annotations/BeforeClass.java:64: warning: no @return
  public String description() default "";
                ^
/home/travis/build/cbeust/testng/src/main/java/org/testng/annotations/BeforeClass.java:12: warning: no @return
  public boolean enabled() default true;
                 ^
/home/travis/build/cbeust/testng/src/main/java/org/testng/annotations/BeforeClass.java:17: warning: no @return
  public String[] groups() default {};
                  ^
/home/travis/build/cbeust/testng/src/main/java/org/testng/annotations/BeforeClass.java:58: warning: no @return
  public boolean inheritGroups() default true;
                 ^
/home/travis/build/cbeust/testng/src/main/java/org/testng/annotations/BeforeClass.java:71: warning: no @return
  public long timeOut() default 0;
              ^
/home/travis/build/cbeust/testng/src/main/java/org/testng/annotations/BeforeGroups.java:61: warning: no @return
  public boolean alwaysRun() default false;
                 ^
/home/travis/build/cbeust/testng/src/main/java/org/testng/annotations/BeforeGroups.java:35: warning: no @return
  public String[] dependsOnGroups() default {};
                  ^
/home/travis/build/cbeust/testng/src/main/java/org/testng/annotations/BeforeGroups.java:48: warning: no @return
  public String[] dependsOnMethods() default {};
                  ^
/home/travis/build/cbeust/testng/src/main/java/org/testng/annotations/BeforeGroups.java:71: error: bad use of '>'
   * HTML report and also on standard output if verbose >= 2.
                                                        ^
/home/travis/build/cbeust/testng/src/main/java/org/testng/annotations/BeforeGroups.java:73: warning: no @return
  public String description() default "";
                ^
/home/travis/build/cbeust/testng/src/main/java/org/testng/annotations/BeforeGroups.java:20: warning: no @return
  public boolean enabled() default true;
                 ^
/home/travis/build/cbeust/testng/src/main/java/org/testng/annotations/BeforeGroups.java:26: warning: no @return
  public String[] groups() default {};
                  ^
/home/travis/build/cbeust/testng/src/main/java/org/testng/annotations/BeforeGroups.java:67: warning: no @return
  public boolean inheritGroups() default true;
                 ^
/home/travis/build/cbeust/testng/src/main/java/org/testng/annotations/BeforeGroups.java:80: warning: no @return
  public long timeOut() default 0;
              ^
/home/travis/build/cbeust/testng/src/main/java/org/testng/annotations/BeforeGroups.java:15: warning: no @return
  public String[] value() default {};
                  ^
/home/travis/build/cbeust/testng/src/main/java/org/testng/annotations/BeforeMethod.java:52: warning: no @return
  public boolean alwaysRun() default false;
                 ^
/home/travis/build/cbeust/testng/src/main/java/org/testng/annotations/BeforeMethod.java:26: warning: no @return
  public String[] dependsOnGroups() default {};
                  ^
/home/travis/build/cbeust/testng/src/main/java/org/testng/annotations/BeforeMethod.java:39: warning: no @return
  public String[] dependsOnMethods() default {};
                  ^
/home/travis/build/cbeust/testng/src/main/java/org/testng/annotations/BeforeMethod.java:64: warning: no @return
  public String description() default "";
                ^
/home/travis/build/cbeust/testng/src/main/java/org/testng/annotations/BeforeMethod.java:12: warning: no @return
  public boolean enabled() default true;
                 ^
/home/travis/build/cbeust/testng/src/main/java/org/testng/annotations/BeforeMethod.java:70: warning: no @return
  public boolean firstTimeOnly() default false;
                 ^
/home/travis/build/cbeust/testng/src/main/java/org/testng/annotations/BeforeMethod.java:17: warning: no @return
  public String[] groups() default {};
                  ^
/home/travis/build/cbeust/testng/src/main/java/org/testng/annotations/BeforeMethod.java:58: warning: no @return
  public boolean inheritGroups() default true;
                 ^
/home/travis/build/cbeust/testng/src/main/java/org/testng/annotations/BeforeMethod.java:77: warning: no @return
  public long timeOut() default 0;
              ^
/home/travis/build/cbeust/testng/src/main/java/org/testng/annotations/BeforeSuite.java:52: warning: no @return
  public boolean alwaysRun() default false;
                 ^
/home/travis/build/cbeust/testng/src/main/java/org/testng/annotations/BeforeSuite.java:26: warning: no @return
  public String[] dependsOnGroups() default {};
                  ^
/home/travis/build/cbeust/testng/src/main/java/org/testng/annotations/BeforeSuite.java:39: warning: no @return
  public String[] dependsOnMethods() default {};
                  ^
/home/travis/build/cbeust/testng/src/main/java/org/testng/annotations/BeforeSuite.java:64: warning: no @return
  public String description() default "";
                ^
/home/travis/build/cbeust/testng/src/main/java/org/testng/annotations/BeforeSuite.java:12: warning: no @return
  public boolean enabled() default true;
                 ^
/home/travis/build/cbeust/testng/src/main/java/org/testng/annotations/BeforeSuite.java:17: warning: no @return
  public String[] groups() default {};
                  ^
/home/travis/build/cbeust/testng/src/main/java/org/testng/annotations/BeforeSuite.java:58: warning: no @return
  public boolean inheritGroups() default true;
                 ^
/home/travis/build/cbeust/testng/src/main/java/org/testng/annotations/BeforeSuite.java:71: warning: no @return
  public long timeOut() default 0;
              ^
/home/travis/build/cbeust/testng/src/main/java/org/testng/annotations/BeforeTest.java:52: warning: no @return
  public boolean alwaysRun() default false;
                 ^
/home/travis/build/cbeust/testng/src/main/java/org/testng/annotations/BeforeTest.java:26: warning: no @return
  public String[] dependsOnGroups() default {};
                  ^
/home/travis/build/cbeust/testng/src/main/java/org/testng/annotations/BeforeTest.java:39: warning: no @return
  public String[] dependsOnMethods() default {};
                  ^
/home/travis/build/cbeust/testng/src/main/java/org/testng/annotations/BeforeTest.java:62: error: bad use of '>'
   * HTML report and also on standard output if verbose >= 2.
                                                        ^
/home/travis/build/cbeust/testng/src/main/java/org/testng/annotations/BeforeTest.java:64: warning: no @return
  public String description() default "";
                ^
/home/travis/build/cbeust/testng/src/main/java/org/testng/annotations/BeforeTest.java:12: warning: no @return
  public boolean enabled() default true;
                 ^
/home/travis/build/cbeust/testng/src/main/java/org/testng/annotations/BeforeTest.java:17: warning: no @return
  public String[] groups() default {};
                  ^
/home/travis/build/cbeust/testng/src/main/java/org/testng/annotations/BeforeTest.java:58: warning: no @return
  public boolean inheritGroups() default true;
                 ^
/home/travis/build/cbeust/testng/src/main/java/org/testng/annotations/BeforeTest.java:71: warning: no @return
  public long timeOut() default 0;
              ^
/home/travis/build/cbeust/testng/src/main/java/org/testng/annotations/Configuration.java:75: warning: no @return
  public String[] afterGroups() default {};
                  ^
/home/travis/build/cbeust/testng/src/main/java/org/testng/annotations/Configuration.java:51: warning: no @return
  public boolean afterSuite() default false;
                 ^
/home/travis/build/cbeust/testng/src/main/java/org/testng/annotations/Configuration.java:61: warning: no @return
  public boolean afterTest() default false;
                 ^
/home/travis/build/cbeust/testng/src/main/java/org/testng/annotations/Configuration.java:30: warning: no @return
  public boolean afterTestClass() default false;
                 ^
/home/travis/build/cbeust/testng/src/main/java/org/testng/annotations/Configuration.java:40: warning: no @return
  public boolean afterTestMethod() default false;
                 ^
/home/travis/build/cbeust/testng/src/main/java/org/testng/annotations/Configuration.java:129: warning: no @return
  public boolean alwaysRun() default false;
                 ^
/home/travis/build/cbeust/testng/src/main/java/org/testng/annotations/Configuration.java:68: warning: no @return
  public String[] beforeGroups() default {};
                  ^
/home/travis/build/cbeust/testng/src/main/java/org/testng/annotations/Configuration.java:45: warning: no @return
  public boolean beforeSuite() default false;
                 ^
/home/travis/build/cbeust/testng/src/main/java/org/testng/annotations/Configuration.java:56: warning: no @return
  public boolean beforeTest() default false;
                 ^
/home/travis/build/cbeust/testng/src/main/java/org/testng/annotations/Configuration.java:24: warning: no @return
  public boolean beforeTestClass() default false;
                 ^
/home/travis/build/cbeust/testng/src/main/java/org/testng/annotations/Configuration.java:35: warning: no @return
  public boolean beforeTestMethod() default false;
                 ^
/home/travis/build/cbeust/testng/src/main/java/org/testng/annotations/Configuration.java:103: warning: no @return
  public String[] dependsOnGroups() default {};
                  ^
/home/travis/build/cbeust/testng/src/main/java/org/testng/annotations/Guice.java:16: error: malformed HTML
 * @author Cedric Beust <cedric@beust.com>
                        ^
/home/travis/build/cbeust/testng/src/main/java/org/testng/annotations/Guice.java:16: error: bad use of '>'
 * @author Cedric Beust <cedric@beust.com>
                                         ^
/home/travis/build/cbeust/testng/src/main/java/org/testng/annotations/Test.java:114: error: bad use of '>'
   * HTML report and also on standard output if verbose >= 2.
                                                        ^
/home/travis/build/cbeust/testng/src/main/java/org/testng/annotations/Test.java:166: error: bad use of '>'
   * If true and invocationCount is specified with a value > 1,
                                                           ^
/home/travis/build/cbeust/testng/src/main/java/org/testng/remote/strprotocol/BaseMessageSender.java:50: error: invalid use of @return
   * @return <TT>true</TT> if the connection was successful, <TT>false</TT> otherwise
     ^
/home/travis/build/cbeust/testng/src/main/java/org/testng/remote/strprotocol/IMessageSender.java:14: error: exception not thrown: java.net.SocketException
   * @throws SocketException This exception will be thrown if a connection
             ^
/home/travis/build/cbeust/testng/src/main/java/org/testng/remote/strprotocol/GenericMessage.java:60: error: reference not found
   * @see net.noco.testng.runner.IStringMessage#getMessageAsString()
          ^
/home/travis/build/cbeust/testng/src/main/java/org/testng/remote/strprotocol/IMessage.java:9: error: malformed HTML
 * @author Cedric Beust <cedric@beust.com>
                        ^
/home/travis/build/cbeust/testng/src/main/java/org/testng/remote/strprotocol/IMessage.java:9: error: bad use of '>'
 * @author Cedric Beust <cedric@beust.com>
                                         ^
/home/travis/build/cbeust/testng/src/main/java/org/testng/remote/strprotocol/IRemoteSuiteListener.java:23: error: @param name not found
   * @param sm the suite message containing the description of the suite to be run.
            ^
/home/travis/build/cbeust/testng/src/main/java/org/testng/remote/strprotocol/MessageHub.java:28: error: invalid use of @return
   * @return <TT>true</TT> if the connection was successful, <TT>false</TT> otherwise
     ^
/home/travis/build/cbeust/testng/src/main/java/org/testng/remote/strprotocol/MessageHub.java:13: error: malformed HTML
 * @author Cedric Beust <cedric@beust.com>
                        ^
/home/travis/build/cbeust/testng/src/main/java/org/testng/remote/strprotocol/MessageHub.java:13: error: bad use of '>'
 * @author Cedric Beust <cedric@beust.com>
                                         ^
/home/travis/build/cbeust/testng/src/main/java/org/testng/remote/strprotocol/SuiteMessage.java:73: error: reference not found
   * @see net.noco.testng.runner.IStringMessage#getMessageAsString()
          ^
/home/travis/build/cbeust/testng/src/main/java/org/testng/remote/strprotocol/TestMessage.java:55: error: reference not found
   * @see net.noco.testng.runner.IStringMessage#getMessageAsString()
          ^
/home/travis/build/cbeust/testng/src/main/java/org/testng/remote/adapter/IMasterAdapter.java:20: error: @param name not found
	 * @param properties holds the properties loaded from the remote.properties file.
	          ^
/home/travis/build/cbeust/testng/src/main/java/org/testng/remote/adapter/DefaultMastertAdapter.java:21: error: unknown tag: date
 * @date 	April 20, 2007
   ^
/home/travis/build/cbeust/testng/src/main/java/org/testng/remote/adapter/DefaultWorkerAdapter.java:19: error: unknown tag: date
 * @date 	April 20, 2007
   ^
/home/travis/build/cbeust/testng/src/main/java/org/testng/remote/adapter/IMasterAdapter.java:13: error: unknown tag: date
 * @date April 9, 2007
   ^
/home/travis/build/cbeust/testng/src/main/java/org/testng/remote/adapter/IWorkerAdapter.java:14: error: unknown tag: date
 * @date April 9, 2007
   ^
/home/travis/build/cbeust/testng/src/main/java/org/testng/remote/adapter/RemoteResultListener.java:21: error: unknown tag: date
 * @date April 9, 2007
   ^
/home/travis/build/cbeust/testng/src/main/java/org/testng/ClassMethodMap.java:12: error: malformed HTML
 * This class maintains a map of <CODE><Class, List<ITestNGMethod>></CODE>.
                                       ^
/home/travis/build/cbeust/testng/src/main/java/org/testng/ClassMethodMap.java:12: error: unknown tag: ITestNGMethod
 * This class maintains a map of <CODE><Class, List<ITestNGMethod>></CODE>.
                                                   ^
/home/travis/build/cbeust/testng/src/main/java/org/testng/ClassMethodMap.java:12: error: bad use of '>'
 * This class maintains a map of <CODE><Class, List<ITestNGMethod>></CODE>.
                                                                  ^
/home/travis/build/cbeust/testng/src/main/java/org/testng/ConversionUtils.java:11: error: malformed HTML
 * @author Cedric Beust <cedric@beust.com>
                        ^
/home/travis/build/cbeust/testng/src/main/java/org/testng/ConversionUtils.java:11: error: bad use of '>'
 * @author Cedric Beust <cedric@beust.com>
                                         ^
/home/travis/build/cbeust/testng/src/main/java/org/testng/DependencyMap.java:16: error: malformed HTML
 * @author Cedric Beust <cedric@beust.com>
                        ^
/home/travis/build/cbeust/testng/src/main/java/org/testng/DependencyMap.java:16: error: bad use of '>'
 * @author Cedric Beust <cedric@beust.com>
                                         ^
/home/travis/build/cbeust/testng/src/main/java/org/testng/IExecutionListener.java:6: error: malformed HTML
 * @author Cedric Beust <cedric@beust.com>
                        ^
/home/travis/build/cbeust/testng/src/main/java/org/testng/IExecutionListener.java:6: error: bad use of '>'
 * @author Cedric Beust <cedric@beust.com>
                                         ^
/home/travis/build/cbeust/testng/src/main/java/org/testng/IExtraOutput.java:19: error: unknown tag: String
   * @return a List<String> representing the parameters passed
                   ^
/home/travis/build/cbeust/testng/src/main/java/org/testng/IModuleFactory.java:10: error: malformed HTML
 * @author Cedric Beust <cedric@beust.com>
                        ^
/home/travis/build/cbeust/testng/src/main/java/org/testng/IModuleFactory.java:10: error: bad use of '>'
 * @author Cedric Beust <cedric@beust.com>
                                         ^
/home/travis/build/cbeust/testng/src/main/java/org/testng/IObjectFactory2.java:10: error: malformed HTML
 * @author Cedric Beust <cedric@beust.com>
                        ^
/home/travis/build/cbeust/testng/src/main/java/org/testng/IObjectFactory2.java:10: error: bad use of '>'
 * @author Cedric Beust <cedric@beust.com>
                                         ^
/home/travis/build/cbeust/testng/src/main/java/org/testng/ITestNGMethod.java:237: error: unknown tag: include
   * the <include invocationNumbers="..."> tag.
         ^
/home/travis/build/cbeust/testng/src/main/java/org/testng/ITestObjectFactory.java:8: error: malformed HTML
 * @author Cedric Beust <cedric@beust.com>
                        ^
/home/travis/build/cbeust/testng/src/main/java/org/testng/ITestObjectFactory.java:8: error: bad use of '>'
 * @author Cedric Beust <cedric@beust.com>
                                         ^
/home/travis/build/cbeust/testng/src/main/java/org/testng/Reporter.java:66: error: malformed HTML
   * @param escapeHtml If true, use HTML entities for special HTML characters (<, >, &, ...).
                                                                               ^
/home/travis/build/cbeust/testng/src/main/java/org/testng/Reporter.java:66: error: bad use of '>'
   * @param escapeHtml If true, use HTML entities for special HTML characters (<, >, &, ...).
                                                                                  ^
/home/travis/build/cbeust/testng/src/main/java/org/testng/Reporter.java:66: error: bad HTML entity
   * @param escapeHtml If true, use HTML entities for special HTML characters (<, >, &, ...).
                                                                                     ^
/home/travis/build/cbeust/testng/src/main/java/org/testng/TestNG.java:486: error: self-closing element not allowed
   * <p/>
     ^
/home/travis/build/cbeust/testng/src/main/java/org/testng/TestNG.java:621: error: unknown tag: String
   * List<String> suites = Lists.newArrayList();
         ^
/home/travis/build/cbeust/testng/src/main/java/org/testng/TestNG.java:1306: error: exception not thrown: java.io.FileNotFoundException
   * @throws FileNotFoundException
             ^
/home/travis/build/cbeust/testng/src/main/java/org/testng/TestNG.java:79: error: self-closing element not allowed
 * <P/>
   ^
/home/travis/build/cbeust/testng/src/main/java/org/testng/TestNG.java:92: error: self-closing element not allowed
 * <P/>
   ^
/home/travis/build/cbeust/testng/src/main/java/org/testng/TimeBombSkipException.java:14: error: self-closing element not allowed
 * <p/>
   ^
/home/travis/build/cbeust/testng/src/main/java/org/testng/remote/RemoteTestNG.java:36: error: malformed HTML
 * @author Cedric Beust <cedric@beust.com>
                        ^
/home/travis/build/cbeust/testng/src/main/java/org/testng/remote/RemoteTestNG.java:36: error: bad use of '>'
 * @author Cedric Beust <cedric@beust.com>
                                         ^
/home/travis/build/cbeust/testng/src/main/java/org/testng/remote/SuiteDispatcher.java:91: error: @param name not found
	 * @param javadocAnnotationFinder
	          ^
/home/travis/build/cbeust/testng/src/main/java/org/testng/remote/SuiteDispatcher.java:92: error: @param name not found
	 * @param jdkAnnotationFinder
	          ^
/home/travis/build/cbeust/testng/src/main/java/org/testng/remote/SuiteDispatcher.java:28: error: unknown tag: date
 * @date 	April 20, 2007
   ^
/home/travis/build/cbeust/testng/src/main/java/org/testng/remote/SuiteDispatcher.java:55: error: exception not thrown: java.lang.Exception
	 * @throws Exception
	           ^
/home/travis/build/cbeust/testng/src/main/java/org/testng/remote/SuiteSlave.java:22: error: unknown tag: date
 * @date 	April 20, 2007
   ^
/home/travis/build/cbeust/testng/src/main/java/org/testng/remote/SuiteSlave.java:42: error: exception not thrown: java.lang.Exception
	 * @throws Exception
	           ^
/home/travis/build/cbeust/testng/src/main/java/org/testng/internal/junit/ArrayComparisonFailure.java:8: error: reference not found
 * @see Assert#assertArrayEquals(String, Object[], Object[])
        ^
/home/travis/build/cbeust/testng/src/main/java/org/testng/internal/junit/ArrayComparisonFailure.java:23: error: reference not found
     * @see Assert#assertArrayEquals(String, Object[], Object[])
            ^
/home/travis/build/cbeust/testng/src/main/java/org/testng/reporters/FileStringBuffer.java:24: error: malformed HTML
 * @author Cedric Beust <cedric@beust.com>
                        ^
/home/travis/build/cbeust/testng/src/main/java/org/testng/reporters/FileStringBuffer.java:24: error: bad use of '>'
 * @author Cedric Beust <cedric@beust.com>
                                         ^
/home/travis/build/cbeust/testng/src/main/java/org/testng/reporters/XMLConstants.java:8: error: reference not found
 * @see org.apache.tools.ant.taskdefs.optional.junit.XMLConstants
        ^
/home/travis/build/cbeust/testng/src/main/java/org/testng/reporters/XMLConstants.java:9: error: reference not found
 * @see org.apache.tools.ant.taskdefs.optional.junit.XMLJUnitResultFormatter
        ^
/home/travis/build/cbeust/testng/src/main/java/org/testng/reporters/XMLReporter.java:176: error: unknown tag: suite
   * Add started-at, finished-at and duration-ms attributes to the <suite> tag
                                                                   ^
/home/travis/build/cbeust/testng/src/main/java/org/testng/reporters/XMLStringBuffer.java:268: error: unknown tag: foo
   * Add an empty element tag (e.g. <foo/>)
                                    ^
/home/travis/build/cbeust/testng/src/main/java/org/testng/reporters/XMLStringBuffer.java:278: error: unknown tag: foo
   * Add an empty element tag (e.g. <foo/>)
                                    ^
/home/travis/build/cbeust/testng/src/main/java/org/testng/reporters/XMLStringBuffer.java:33: error: @param name not found
   * @param start A string of spaces indicating the indentation at which
            ^
/home/travis/build/cbeust/testng/src/main/java/org/testng/reporters/XMLStringBuffer.java:35: error: malformed HTML
   * an <?xml prologue with a default encoding
        ^
/home/travis/build/cbeust/testng/src/main/java/org/testng/reporters/XMLStringBuffer.java:43: error: malformed HTML
   * to start the generation. This constructor will not insert an <?xml
                                                                  ^
/home/travis/build/cbeust/testng/src/main/java/org/testng/internal/BaseTestMethod.java:437: error: unknown tag: Return
   * @Return the associated Java Method's hash code.
     ^
/home/travis/build/cbeust/testng/src/main/java/org/testng/internal/annotations/IBaseBeforeAfter.java:65: error: bad use of '>'
   * HTML report and also on standard output if verbose >= 2.
                                                        ^
/home/travis/build/cbeust/testng/src/main/java/org/testng/internal/annotations/IBaseBeforeAfter.java:9: error: unknown tag: date
 * @date Jun 22, 2006
   ^
/home/travis/build/cbeust/testng/src/main/java/org/testng/internal/annotations/IDataProvidable.java:6: error: malformed HTML
 * @author Cedric Beust <cedric@beust.com>
                        ^
/home/travis/build/cbeust/testng/src/main/java/org/testng/internal/annotations/IDataProvidable.java:6: error: bad use of '>'
 * @author Cedric Beust <cedric@beust.com>
                                         ^
/home/travis/build/cbeust/testng/src/main/java/org/testng/internal/thread/CountDownAdapter.java:15: error: malformed HTML
 * @author <a href="mailto:the_mindstorm@evolva.ro>the_mindstorm</a>
           ^
/home/travis/build/cbeust/testng/src/main/java/org/testng/internal/thread/CountDownAdapter.java:15: error: bad use of '>'
 * @author <a href="mailto:the_mindstorm@evolva.ro>the_mindstorm</a>
                                                  ^
/home/travis/build/cbeust/testng/src/main/java/org/testng/internal/thread/CountDownAdapter.java:15: error: unexpected end tag: </a>
 * @author <a href="mailto:the_mindstorm@evolva.ro>the_mindstorm</a>
                                                                ^
/home/travis/build/cbeust/testng/src/main/java/org/testng/internal/thread/ExecutorAdapter.java:13: error: malformed HTML
 * @author <a href="mailto:the_mindstorm@evolva.ro>Alexandru Popescu</a>
           ^
/home/travis/build/cbeust/testng/src/main/java/org/testng/internal/thread/ExecutorAdapter.java:13: error: bad use of '>'
 * @author <a href="mailto:the_mindstorm@evolva.ro>Alexandru Popescu</a>
                                                  ^
/home/travis/build/cbeust/testng/src/main/java/org/testng/internal/thread/ExecutorAdapter.java:13: error: unexpected end tag: </a>
 * @author <a href="mailto:the_mindstorm@evolva.ro>Alexandru Popescu</a>
                                                                    ^
/home/travis/build/cbeust/testng/src/main/java/org/testng/internal/thread/FutureResultAdapter.java:10: error: malformed HTML
 * @author <a href="mailto:the_mindstorm@evolva.ro>the_mindstorm</a>
           ^
/home/travis/build/cbeust/testng/src/main/java/org/testng/internal/thread/FutureResultAdapter.java:10: error: bad use of '>'
 * @author <a href="mailto:the_mindstorm@evolva.ro>the_mindstorm</a>
                                                  ^
/home/travis/build/cbeust/testng/src/main/java/org/testng/internal/thread/FutureResultAdapter.java:10: error: unexpected end tag: </a>
 * @author <a href="mailto:the_mindstorm@evolva.ro>the_mindstorm</a>
                                                                ^
/home/travis/build/cbeust/testng/src/main/java/org/testng/internal/thread/ThreadExecutionException.java:6: error: malformed HTML
 * @author <a href="mailto:the_mindstorm@evolva.ro>the_mindstorm</a>
           ^
/home/travis/build/cbeust/testng/src/main/java/org/testng/internal/thread/ThreadExecutionException.java:6: error: bad use of '>'
 * @author <a href="mailto:the_mindstorm@evolva.ro>the_mindstorm</a>
                                                  ^
/home/travis/build/cbeust/testng/src/main/java/org/testng/internal/thread/ThreadExecutionException.java:6: error: unexpected end tag: </a>
 * @author <a href="mailto:the_mindstorm@evolva.ro>the_mindstorm</a>
                                                                ^
/home/travis/build/cbeust/testng/src/main/java/org/testng/internal/thread/ThreadUtil.java:18: error: malformed HTML
 * @author <a href="mailto:the_mindstorm@evolva.ro>Alex Popescu</a>
           ^
/home/travis/build/cbeust/testng/src/main/java/org/testng/internal/thread/ThreadUtil.java:18: error: bad use of '>'
 * @author <a href="mailto:the_mindstorm@evolva.ro>Alex Popescu</a>
                                                  ^
/home/travis/build/cbeust/testng/src/main/java/org/testng/internal/thread/ThreadUtil.java:18: error: unexpected end tag: </a>
 * @author <a href="mailto:the_mindstorm@evolva.ro>Alex Popescu</a>
                                                               ^
/home/travis/build/cbeust/testng/src/main/java/org/testng/xml/IPostProcessor.java:8: error: malformed HTML
 * @author Cedric Beust <cedric@beust.com>
                        ^
/home/travis/build/cbeust/testng/src/main/java/org/testng/xml/IPostProcessor.java:8: error: bad use of '>'
 * @author Cedric Beust <cedric@beust.com>
                                         ^
/home/travis/build/cbeust/testng/src/main/java/org/testng/xml/Parser.java:126: error: malformed HTML
   * and possibly, other XmlSuite that are pointed to by <suite-files>
                                                         ^

100 errors
100 warnings
:javadocJar
:sourcesJar
:signArchives SKIPPED
:assemble

BUILD SUCCESSFUL

Total time: 1 mins 17.492 secs
travis_time:end:168d2a14:start=1433041447067578422,finish=1433041524958548143,duration=77890969721[0Ktravis_fold:end:install[0Ktravis_time:start:06d8f4f8[0K$ ./compile-with-gradle.sh
Creating Version file: 6.9.5-SNAPSHOT in /home/travis/build/cbeust/testng/src/generated/java/org/testng/internal
[buildinfo] Not using buildInfo properties file for this build.
:clean
:myDir UP-TO-DATE
:createVersion
:compileGeneratedJava
:processGeneratedResources UP-TO-DATE
:generatedClasses
:compileJavaNote: Some input files use or override a deprecated API.
Note: Recompile with -Xlint:deprecation for details.
Note: Some input files use unchecked or unsafe operations.
Note: Recompile with -Xlint:unchecked for details.


BUILD SUCCESSFUL

Total time: 32.276 secs
travis_time:end:06d8f4f8:start=1433041524962355473,finish=1433041558856164352,duration=33893808879[0K
[32;1mThe command "./compile-with-gradle.sh" exited with 0.[0m

Done. Your build exited with 0.
